M	bootstrap/classmap.php
M	bootstrap/compiled.php
M	content/apps/adsense/classes/Repositories/MerchantAdPositionRepository.php
M	content/apps/adsense/classes/Repositories/MerchantAdRepository.php
M	content/apps/adsense/classes/Repositories/MerchantCycleImageRepository.php
M	content/apps/adsense/classes/Repositories/MerchantShortcutMenuRepository.php
M	content/apps/adsense/classes/Repositories/ShortcutMenuRepository.php
M	content/apps/adsense/templates/admin/adsense_info.dwt.php
M	content/apps/article/modules/shop/help/detail_module.class.php
M	content/apps/article/modules/shop/info/detail_module.class.php
M	content/apps/article/templates/admin/article_info.dwt.php
M	content/apps/bonus/apis/bonus_bonus_info_api.class.php
M	content/apps/bonus/functions/admin_bonus.func.php
M	content/apps/bonus/languages/zh_CN/bonus.lang.php
M	content/apps/bonus/merchant.php
M	content/apps/bonus/templates/merchant/bonus_type.dwt.php
M	content/apps/cart/apis/cart_cart_list_api.class.php
M	content/apps/cart/apis/cart_flow_done_api.class.php
A	content/apps/cart/classes/DatabaseCart.php
A	content/apps/cart/classes/Royalcms/Component/Shoppingcart/CanBeBought.php
A	content/apps/cart/classes/Royalcms/Component/Shoppingcart/Cart.php
A	content/apps/cart/classes/Royalcms/Component/Shoppingcart/CartItem.php
A	content/apps/cart/classes/Royalcms/Component/Shoppingcart/CartItemOptions.php
A	content/apps/cart/classes/Royalcms/Component/Shoppingcart/Contracts/Buyable.php
A	content/apps/cart/classes/Royalcms/Component/Shoppingcart/Contracts/Cartable.php
A	content/apps/cart/classes/Royalcms/Component/Shoppingcart/Exceptions/CartAlreadyStoredException.php
A	content/apps/cart/classes/Royalcms/Component/Shoppingcart/Exceptions/InvalidRowIDException.php
A	content/apps/cart/classes/Royalcms/Component/Shoppingcart/Exceptions/UnknownModelException.php
A	content/apps/cart/classes/Royalcms/Component/Shoppingcart/Facades/Cart.php
A	content/apps/cart/classes/Royalcms/Component/Shoppingcart/ShoppingcartServiceProvider.php
M	content/apps/cart/classes/cart.class.php
A	content/apps/cart/classes/config/cart.php
M	content/apps/cart/functions/cart.func.php
M	content/apps/cart/functions/global.func.php
A	content/apps/cart/modules/admin/bonus/validate_module.class.php
A	content/apps/cart/modules/admin/flow/checkOrder_module.class.php
A	content/apps/cart/modules/admin/flow/done_module.class.php
M	content/apps/comment/admin_config.php
M	content/apps/comment/statics/images/order-time-base-admin.png
D	content/apps/comment/statics/images/order-time-base-red.png
M	content/apps/comment/templates/merchant/library/appeal_step.lbi.php
M	content/apps/commission/admin.php
A	content/apps/commission/classes/Constant.php
A	content/apps/commission/classes/Models/StoreBillDetailModel.php
M	content/apps/commission/merchant.php
M	content/apps/commission/model/store_bill_detail_model.class.php
M	content/apps/commission/templates/admin/bill_detail.dwt.php
M	content/apps/commission/templates/admin/order_list.dwt.php
M	content/apps/commission/templates/merchant/bill_detail.dwt.php
M	content/apps/commission/templates/merchant/bill_record.dwt.php
M	content/apps/connect/modules/connect/signin_module.class.php
M	content/apps/connect/templates/admin/connect_edit.dwt.php
A	content/apps/cron/admin_config.php
M	content/apps/cron/admin_plugin.php
M	content/apps/cron/apis/cron_admin_purview_api.class.php
M	content/apps/cron/apis/cron_plugin_install_api.class.php
M	content/apps/cron/apis/cron_plugin_uninstall_api.class.php
A	content/apps/cron/classes/CronAbstract.php
A	content/apps/cron/classes/CronExpression.php
D	content/apps/cron/classes/cron_method.class.php
A	content/apps/cron/classes/CronPlugin.php
A	content/apps/cron/classes/CronRun.php
D	content/apps/cron/classes/cron_helper.class.php
A	content/apps/cron/classes/Helper.php
A	content/apps/cron/classes/Royalcms/Component/Cron/Contracts/DatabaseLogger.php
A	content/apps/cron/classes/Royalcms/Component/Cron/Cron.php
A	content/apps/cron/classes/Royalcms/Component/Cron/CronServiceProvider.php
A	content/apps/cron/classes/Royalcms/Component/Cron/DatabaseLogger.php
A	content/apps/cron/classes/Royalcms/Component/Cron/Facades/Cron.php
A	content/apps/cron/classes/Royalcms/Component/Cron/KeygenCommand.php
A	content/apps/cron/classes/Royalcms/Component/Cron/ListCommand.php
A	content/apps/cron/classes/Royalcms/Component/Cron/Models/Job.php
A	content/apps/cron/classes/Royalcms/Component/Cron/Models/Manager.php
A	content/apps/cron/classes/Royalcms/Component/Cron/RunCommand.php
A	content/apps/cron/classes/config/config.php
D	content/apps/cron/classes/cron_nexttime.class.php
D	content/apps/cron/classes/cron_run.class.php
M	content/apps/cron/classes/hooks/admin_cron.class.php
D	content/apps/cron/functions/global.func.php
A	content/apps/cron/classes/hooks/console_cron.class.php
A	content/apps/cron/classes/hooks/route_cron.class.php
M	content/apps/cron/languages/en_US/cron.lang.php
M	content/apps/cron/languages/zh_CN/cron.lang.php
M	content/apps/cron/statics/css/cron.css
M	content/apps/cron/statics/js/cron.js
A	content/apps/cron/statics/js/cronGen.js
A	content/apps/cron/statics/js/cron_config.js
A	content/apps/cron/templates/admin/cron_config.dwt.php
M	content/apps/cron/templates/admin/cron_edit.dwt.php
M	content/apps/cron/templates/admin/cron_list.dwt.php
A	content/apps/express/modules/express/location_module.class.php
M	content/apps/favourable/statics/js/merchant_favourable_list.js
M	content/apps/finance/admin_account.php
M	content/apps/finance/admin_account_log.php
M	content/apps/finance/functions/admin_user.func.php
M	content/apps/finance/statics/js/admin_account.js
M	content/apps/franchisee/merchant.php
M	content/apps/goods/classes/goods_list.class.php
M	content/apps/goods/functions/admin_goods.func.php
M	content/apps/goods/functions/global.func.php
M	content/apps/goods/functions/merchant_goods.func.php
M	content/apps/goods/modules/admin/goods/detail_module.class.php
M	content/apps/goods/modules/seller/list_module.class.php
M	content/apps/merchant/apis/merchant_merchant_menu_api.class.php
M	content/apps/merchant/merchant.php
A	content/apps/merchant/statics/img/template/template_1.png
A	content/apps/merchant/statics/img/template/template_2.png
M	content/apps/merchant/statics/js/merchant_info.js
A	content/apps/merchant/statics/lib/photoswipe/css/default-skin/default-skin.css
A	content/apps/merchant/statics/lib/photoswipe/css/default-skin/default-skin.png
A	content/apps/merchant/statics/lib/photoswipe/css/default-skin/default-skin.svg
A	content/apps/merchant/statics/lib/photoswipe/css/default-skin/preloader.gif
A	content/apps/merchant/statics/lib/photoswipe/css/photoswipe.css
A	content/apps/merchant/statics/lib/photoswipe/js/photoswipe-ui-default.min.js
A	content/apps/merchant/statics/lib/photoswipe/js/photoswipe.js
A	content/apps/merchant/statics/lib/photoswipe/js/photoswipe.min.js
M	content/apps/merchant/statics/mh-css/ecjia-merchant.ui.css
M	content/apps/merchant/templates/merchant/library/common_header.lbi.php
A	content/apps/merchant/templates/merchant/merchant_template.dwt.php
A	content/apps/mobile/classes/Platform/EcjiaCashDesk.php
M	content/apps/mobile/classes/Platform/EcjiaCityo2o.php
M	content/apps/mobile/classes/Platform/EcjiaCityo2oH5.php
A	content/apps/mobile/classes/Platform/EcjiaExpress.php
M	content/apps/mobile/classes/Platform/EcjiaShop.php
A	content/apps/mobile/classes/Platform/EcjiaShopKeeper.php
A	content/apps/mobile/classes/Platform/EcjiaStreet.php
M	content/apps/mobile/classes/Platform/EcjiaWeapp.php
A	content/apps/mobile/statics/images/cashdesk.png
A	content/apps/mobile/statics/images/express.png
A	content/apps/mobile/statics/images/shopkeeper.png
A	content/apps/mobile/statics/images/street.png
M	content/apps/orders/admin_order_delivery.php
M	content/apps/orders/apis/orders_buy_order_paid_api.class.php
M	content/apps/orders/apis/orders_merchant_menu_api.class.php
M	content/apps/orders/apis/orders_order_delivery_ship_api.class.php
M	content/apps/orders/apis/orders_order_paid_api.class.php
M	content/apps/orders/apis/orders_user_account_paid_api.class.php
A	content/apps/orders/classes/order_stork.class.php
M	content/apps/orders/functions/admin_order.func.php
M	content/apps/orders/languages/zh_CN/order.lang.php
M	content/apps/orders/merchant.php
M	content/apps/orders/mh_delivery.php
A	content/apps/orders/mh_validate_order.php
D	content/apps/orders/model/adviser_log_viewmodel.class.php
A	content/apps/orders/model/cashier_record_viewmodel.class.php
M	content/apps/orders/modules/admin/orders/cancel_module.class.php
A	content/apps/orders/modules/admin/orders/check_module.class.php
M	content/apps/orders/modules/admin/orders/detail_module.class.php
M	content/apps/orders/modules/admin/orders/list_module.class.php
M	content/apps/orders/modules/admin/orders/operate/cancel_module.class.php
M	content/apps/orders/modules/admin/orders/operate/delivery_module.class.php
M	content/apps/orders/modules/admin/orders/operate/unused-setgrab_module.class.php
M	content/apps/orders/modules/admin/orders/payConfirm_module.class.php
M	content/apps/orders/modules/admin/orders/quickpay_module.class.php
M	content/apps/orders/modules/admin/orders/refundConfirm_module.class.php
M	content/apps/orders/modules/admin/stats/order_sales_module.class.php
M	content/apps/orders/modules/admin/stats/orders_module.class.php
A	content/apps/orders/modules/admin/stats/payment_module.class.php
M	content/apps/orders/modules/admin/stats/sales_module.class.php
M	content/apps/orders/modules/admin/stats/salesdetails_module.class.php
M	content/apps/orders/modules/order/affirmReceived_module.class.php
M	content/apps/orders/modules/order/detail_module.class.php
M	content/apps/orders/modules/order/pay_module.class.php
A	content/apps/orders/statics/css/merchant_validate_order.css
A	content/apps/orders/statics/js/merchant_validate_order.js
M	content/apps/orders/templates/merchant/order_info.dwt.php
A	content/apps/orders/templates/merchant/validate_order.dwt.php
M	content/apps/payment/apis/payment_available_payments_api.class.php
M	content/apps/payment/classes/PaymentAbstract.php
M	content/apps/payment/classes/PaymentPlugin.php
M	content/apps/payment/classes/payment_method.class.php
M	content/apps/payment/modules/order/pay_module.class.php
M	content/apps/payment/templates/admin/payment_edit.dwt.php
A	content/apps/quickpay/admin.php
D	content/apps/payment/classes/payment_factory.class.php
A	content/apps/quickpay/admin_config.php
A	content/apps/quickpay/admin_order.php
A	content/apps/quickpay/admin_sale_general.php
A	content/apps/quickpay/admin_sale_list.php
A	content/apps/quickpay/apis/quickpay_admin_menu_api.class.php
A	content/apps/quickpay/apis/quickpay_admin_purview_api.class.php
A	content/apps/quickpay/apis/quickpay_merchant_menu_api.class.php
A	content/apps/quickpay/apis/quickpay_merchant_purview_api.class.php
A	content/apps/quickpay/apis/quickpay_quickpay_activity_list_api.class.php
A	content/apps/quickpay/apis/quickpay_quickpay_order_info_api.class.php
A	content/apps/quickpay/apis/quickpay_quickpay_order_list_api.class.php
A	content/apps/quickpay/apis/quickpay_quickpay_order_paid_api.class.php
A	content/apps/quickpay/apis/quickpay_quickpay_user_account_paid_api.class.php
A	content/apps/quickpay/classes/Status.php
A	content/apps/quickpay/classes/Weekly.php
D	content/apps/cron/apis/cron_cron_run_api.class.php
A	content/apps/quickpay/classes/hooks/admin_quickpay.class.php
A	content/apps/quickpay/classes/quickpay_activity.class.php
A	content/apps/quickpay/configs/package.cfg.php
A	content/apps/quickpay/functions/global.func.php
D	content/apps/cron/model/crons_model.class.php
A	content/apps/quickpay/languages/zh_CN/order.lang.php
D	content/apps/cron/api.php
A	content/apps/quickpay/languages/zh_CN/package.lang.php
A	content/apps/quickpay/merchant.php
A	content/apps/quickpay/mh_order.php
A	content/apps/quickpay/mh_sale_general.php
A	content/apps/quickpay/mh_sale_list.php
A	content/apps/quickpay/modules/activity/list_module.class.php
A	content/apps/quickpay/modules/flow/checkOrder_module.class.php
A	content/apps/quickpay/modules/flow/done_module.class.php
A	content/apps/quickpay/modules/merchant/shop/payment_module.class.php
A	content/apps/quickpay/modules/order/detail_module.class.php
A	content/apps/quickpay/modules/order/list_module.class.php
A	content/apps/quickpay/modules/order/pay_module.class.php
A	content/apps/quickpay/statics/css/admin_order.css
A	content/apps/quickpay/statics/css/admin_quickpay.css
A	content/apps/quickpay/statics/css/mh_orders.css
A	content/apps/quickpay/statics/css/mh_quickpay.css
A	content/apps/quickpay/statics/css/mh_stats.css
D	content/apps/comment/statics/images/order-time-base.png
A	content/apps/quickpay/statics/images/order-time-base-admin.png
A	content/apps/quickpay/statics/images/order-time-base-red-admin.png
A	content/apps/quickpay/statics/js/acharts-min.js
A	content/apps/quickpay/statics/js/admin_order.js
A	content/apps/quickpay/statics/js/admin_sale_general.js
A	content/apps/quickpay/statics/js/admin_sale_general_chart.js
A	content/apps/quickpay/statics/js/admin_sale_list.js
A	content/apps/quickpay/statics/js/mh_order.js
A	content/apps/quickpay/statics/js/mh_quickpay.js
A	content/apps/quickpay/statics/js/mh_sale_general.js
A	content/apps/quickpay/statics/js/mh_sale_general_chart.js
A	content/apps/quickpay/statics/js/mh_sale_list.js
A	content/apps/quickpay/statics/js/quickpay.js
A	content/apps/quickpay/statics/js/quickpay_config.js
A	content/apps/quickpay/templates/admin/library/quickpay_order_step.lbi.php
A	content/apps/quickpay/templates/admin/quickpay_config.dwt.php
A	content/apps/quickpay/templates/admin/quickpay_detail.dwt.php
A	content/apps/quickpay/templates/admin/quickpay_edit.dwt.php
A	content/apps/quickpay/templates/admin/quickpay_list.dwt.php
A	content/apps/quickpay/templates/admin/quickpay_order_info.dwt.php
A	content/apps/quickpay/templates/admin/quickpay_order_list.dwt.php
A	content/apps/quickpay/templates/admin/quickpay_order_search.dwt.php
A	content/apps/quickpay/templates/admin/quickpay_sale_general.dwt.php
A	content/apps/quickpay/templates/admin/quickpay_sale_list.dwt.php
A	content/apps/quickpay/templates/merchant/library/quickpay_order_step.lbi.php
A	content/apps/quickpay/templates/merchant/quickpay_info.dwt.php
A	content/apps/quickpay/templates/merchant/quickpay_list.dwt.php
A	content/apps/quickpay/templates/merchant/quickpay_order_info.dwt.php
A	content/apps/quickpay/templates/merchant/quickpay_order_list.dwt.php
A	content/apps/quickpay/templates/merchant/quickpay_order_search.dwt.php
A	content/apps/quickpay/templates/merchant/quickpay_sale_general.dwt.php
A	content/apps/quickpay/templates/merchant/quickpay_sale_list.dwt.php
M	content/apps/setting/languages/zh_CN/shop_config.lang.php
M	content/apps/setting/modules/shop/config_module.class.php
M	content/apps/shipping/classes/shipping_method.class.php
M	content/apps/shopguide/classes/hooks/merchant_shopguide.class.php
M	content/apps/sms/admin_template.php
A	content/apps/sms/classes/Events/SmsGoodsStockWarning.php
M	content/apps/sms/templates/admin/sms_channel_edit.dwt.php
M	content/apps/sms/templates/admin/sms_send.dwt.php
M	content/apps/staff/apis/staff_merchant_menu_api.class.php
A	content/apps/staff/configs/staff_internal_group.cfg.php
M	content/apps/staff/functions/global.func.php
M	content/apps/staff/merchant.php
M	content/apps/staff/mh_group.php
M	content/apps/staff/mh_log.php
A	content/apps/staff/statics/css/staff.css
A	content/apps/staff/statics/images/staff_admin.png
A	content/apps/staff/statics/images/staff_cashdesk.png
A	content/apps/staff/statics/images/staff_edit.png
A	content/apps/staff/statics/images/staff_express.png
A	content/apps/staff/statics/images/staff_plus.png
A	content/apps/staff/templates/merchant/staff_customize.dwt.php
M	content/apps/staff/templates/merchant/staff_edit.dwt.php
D	content/apps/staff/templates/merchant/staff_group_list.dwt.php
M	content/apps/staff/templates/merchant/staff_info.dwt.php
M	content/apps/staff/templates/merchant/staff_list.dwt.php
M	content/apps/store/admin.php
M	content/apps/store/admin_config.php
M	content/apps/store/admin_preaudit.php
M	content/apps/store/functions/merchant_store.func.php
M	content/apps/store/languages/zh_CN/store.lang.php
M	content/apps/store/modules/merchant/config_module.class.php
M	content/apps/store/modules/merchant/goods/category_module.class.php
M	content/apps/store/modules/merchant/goods/list_module.class.php
M	content/apps/store/modules/merchant/home/data_module.class.php
M	content/apps/store/modules/seller/list_module.class.php
A	content/apps/store/statics/images/bill_progress.png
A	content/apps/store/statics/images/enter_progress.png
M	content/apps/store/statics/js/store.js
M	content/apps/store/templates/admin/store_config_info.dwt.php
M	content/apps/store/templates/admin/store_list.dwt.php
M	content/apps/store/templates/admin/store_preaudit_list.dwt.php
A	content/apps/store/templates/admin/store_progress.dwt.php
M	content/apps/touch/classes/ecjia_touch_api.class.php
M	content/apps/user/admin.php
M	content/apps/user/functions/admin_user.func.php
M	content/apps/user/languages/zh_CN/user_account.lang.php
M	content/apps/user/modules/admin/user/info_module.class.php
M	content/apps/user/modules/admin/user/search_module.class.php
M	content/apps/user/modules/admin/user/userinfo_module.class.php
M	content/apps/user/modules/v2/admin/user/signin_module.class.php
M	content/apps/user/modules/v2/admin/user/userinfo_module.class.php
M	content/apps/user/modules/validate/integral_module.class.php
M	content/apps/user/templates/admin/user_info.dwt.php
M	content/configs/api.php
M	content/configs/namespaces.php
A	content/configs/packages/royalcms/cron/config.php
M	content/configs/provider.php
M	content/configs/release.php
A	content/database/migrations/2017_09_27_161554_create_cron_job_table.php
A	content/database/migrations/2017_09_27_161609_create_cron_manager_table.php
A	content/database/migrations/2017_09_27_163439_create_cashier_record_table.php
A	content/database/migrations/2017_09_27_163453_create_cashier_device_table.php
A	content/database/migrations/2017_09_27_181816_create_quickpay_activity_table.php
A	content/database/migrations/2017_09_27_181829_create_quickpay_orders_table.php
A	content/database/migrations/2017_09_27_181854_create_quickpay_order_action_table.php
A	content/database/migrations/2017_09_27_191013_recreate_crons_table.php
M	content/database/patchs/v1.7.0/Version_10700.php
M	content/database/patchs/v1.8.0/Version_10800.php
A	content/database/patchs/v1.9.0/Version_10900.php
A	content/database/patchs/v1.9.0/ecjia-daojia-patch-v1.9.0.log
A	content/database/patchs/v1.9.0/ecjia-daojia-sql-v1.9.0.sql
A	content/database/patchs/v1.9.0/readme.txt
M	content/database/seeds/InitShopConfigTableSeeder.php
M	content/plugins/cron_auto_manage/cron_auto_manage.class.php
M	content/plugins/cron_bill_day/config.php
M	content/plugins/cron_bill_day/cron_bill_day.class.php
M	content/plugins/cron_bill_month/config.php
M	content/plugins/cron_bill_month/cron_bill_month.class.php
M	content/plugins/cron_ipdel/cron_ipdel.class.php
M	content/plugins/cron_order_receive/cron_order_receive.class.php
A	content/plugins/cron_testlog/config.php
A	content/plugins/cron_testlog/cron_testlog.class.php
A	content/plugins/cron_testlog/cron_testlog.php
D	content/apps/cron/classes/cron_abstract.class.php
A	content/plugins/cron_testlog/languages/zh_CN/plugin.lang.php
M	content/plugins/cron_unpayed/cron_unpayed.class.php
M	content/plugins/pay_alipay/languages/zh_CN/plugin.lang.php
M	content/plugins/pay_alipay/pay_alipay.class.php
M	content/plugins/pay_balance/pay_balance.class.php
A	content/plugins/sms_ecjia/EcjiaSmsAgent.php
A	content/plugins/sms_ecjia/config.php
A	content/plugins/sms_ecjia/languages/zh_CN/plugin.lang.php
A	content/plugins/sms_ecjia/sms_ecjia.class.php
A	content/plugins/sms_ecjia/sms_ecjia.php
M	content/system/classes/Api/ApiManager.php
M	content/system/classes/Api/ApiRequest.php
A	content/system/classes/Console/CronTestCommand.php
M	content/system/classes/Theme/ParseThemeStyle.php
M	content/system/classes/ecjia.class.php
M	content/system/configs/constant.cfg.php
M	content/system/start/command.php
M	content/system/start/global.php
M	content/system/start/routes.php
M	content/system/statics/styles/ecjia.css
M	content/themes/ecjia-pc/extras/classes/utility/merchant_function.class.php
M	content/themes/ecjia-pc/extras/controller/pc_controller.php
M	content/themes/ecjia-pc/library/page_header.lbi.php
A	favicon.ico
M	sites/m/content/themes/h5/css/ecjia_city.css
M	sites/m/content/themes/h5/ecjia-touch.dwt.php
M	sites/m/content/themes/h5/extras/classes/utility/touch_function.class.php
M	sites/m/content/themes/h5/extras/controller/cart_controller.php
M	sites/m/content/themes/h5/extras/controller/franchisee_controller.php
M	sites/m/content/themes/h5/extras/controller/goods_controller.php
M	sites/m/content/themes/h5/extras/controller/merchant_controller.php
M	sites/m/content/themes/h5/extras/controller/pay_controller.php
A	sites/m/content/themes/h5/extras/controller/quickpay_controller.php
M	sites/m/content/themes/h5/extras/controller/user_account_controller.php
M	sites/m/content/themes/h5/extras/controller/user_controller.php
M	sites/m/content/themes/h5/extras/controller/user_order_controller.php
M	sites/m/content/themes/h5/extras/controller/user_privilege_controller.php
M	sites/m/content/themes/h5/flow_integral.dwt.php
M	sites/m/content/themes/h5/flow_note.dwt.php
M	sites/m/content/themes/h5/functions.php
M	sites/m/content/themes/h5/goods_show.dwt.php
A	sites/m/content/themes/h5/images/icon/ckbox.png
A	sites/m/content/themes/h5/images/icon/icon-phone.png
A	sites/m/content/themes/h5/images/icon/icon-shopping-address.png
A	sites/m/content/themes/h5/images/icon/icon-shopping-express.png
A	sites/m/content/themes/h5/images/icon/icon-store-address.png
A	sites/m/content/themes/h5/images/icon/order-map.png
A	sites/m/content/themes/h5/images/user_center/quickpay.png
A	sites/m/content/themes/h5/images/user_center/wait_paid.png
M	sites/m/content/themes/h5/js/ecjia.touch.goods.js
M	sites/m/content/themes/h5/js/ecjia.touch.js
A	sites/m/content/themes/h5/js/ecjia.touch.quickpay.js
A	sites/m/content/themes/h5/lib/clipboard/js/clipboard.min.js
M	sites/m/content/themes/h5/library/merchant_detail.lbi.php
M	sites/m/content/themes/h5/library/merchant_head.lbi.php
M	sites/m/content/themes/h5/library/model_store.lbi.php
M	sites/m/content/themes/h5/library/page_header.lbi.php
M	sites/m/content/themes/h5/library/store_list.lbi.php
M	sites/m/content/themes/h5/library/suggest_store.lbi.php
M	sites/m/content/themes/h5/merchant.dwt.php
M	sites/m/content/themes/h5/pay.dwt.php
A	sites/m/content/themes/h5/quickpay_bonus.dwt.php
A	sites/m/content/themes/h5/quickpay_checkout.dwt.php
A	sites/m/content/themes/h5/quickpay_detail.dwt.php
A	sites/m/content/themes/h5/quickpay_explain.dwt.php
A	sites/m/content/themes/h5/quickpay_integral.dwt.php
A	sites/m/content/themes/h5/quickpay_list.dwt.php
A	sites/m/content/themes/h5/quickpay_notify.dwt.php
A	sites/m/content/themes/h5/quickpay_pay.dwt.php
M	sites/m/content/themes/h5/seller_list.dwt.php
M	sites/m/content/themes/h5/store_list.dwt.php
M	sites/m/content/themes/h5/user.dwt.php
M	sites/m/content/themes/h5/user_address_edit.dwt.php
A	sites/m/content/themes/h5/user_express_position.dwt.php
M	sites/m/content/themes/h5/user_login.dwt.php
M	sites/m/content/themes/h5/user_order_detail.dwt.php
M	sites/m/content/themes/h5/user_order_list.dwt.php
A	sites/m/content/themes/h5/user_order_status.dwt.php
M	sites/merchant/content/configs/merchant.php
M	vendor/mtdowling/cron-expression/.editorconfig
M	vendor/mtdowling/cron-expression/CHANGELOG.md
M	vendor/mtdowling/cron-expression/LICENSE
M	vendor/mtdowling/cron-expression/README.md
M	vendor/mtdowling/cron-expression/composer.json
M	vendor/mtdowling/cron-expression/src/Cron/AbstractField.php
M	vendor/mtdowling/cron-expression/src/Cron/CronExpression.php
M	vendor/mtdowling/cron-expression/src/Cron/DayOfMonthField.php
M	vendor/mtdowling/cron-expression/src/Cron/DayOfWeekField.php
M	vendor/mtdowling/cron-expression/src/Cron/FieldFactory.php
M	vendor/mtdowling/cron-expression/src/Cron/FieldInterface.php
M	vendor/mtdowling/cron-expression/src/Cron/HoursField.php
M	vendor/mtdowling/cron-expression/src/Cron/MinutesField.php
M	vendor/mtdowling/cron-expression/src/Cron/MonthField.php
M	vendor/mtdowling/cron-expression/tests/Cron/AbstractFieldTest.php
M	vendor/mtdowling/cron-expression/tests/Cron/CronExpressionTest.php
M	vendor/mtdowling/cron-expression/tests/Cron/DayOfMonthFieldTest.php
M	vendor/mtdowling/cron-expression/tests/Cron/DayOfWeekFieldTest.php
M	vendor/mtdowling/cron-expression/tests/Cron/FieldFactoryTest.php
M	vendor/mtdowling/cron-expression/tests/Cron/HoursFieldTest.php
M	vendor/mtdowling/cron-expression/tests/Cron/MinutesFieldTest.php
M	vendor/mtdowling/cron-expression/tests/Cron/MonthFieldTest.php
M	vendor/royalcms/framework/Royalcms/Component/Exception/ExceptionDisplayerInterface.php
M	vendor/royalcms/framework/Royalcms/Component/Exception/ExceptionServiceProvider.php
M	vendor/royalcms/framework/Royalcms/Component/Exception/PlainDisplayer.php
A	vendor/royalcms/framework/Royalcms/Component/Exception/PrettyPageHandler.php
M	vendor/royalcms/framework/Royalcms/Component/Exception/SymfonyDisplayer.php
M	vendor/royalcms/framework/Royalcms/Component/Exception/WhoopsDisplayer.php
M	vendor/royalcms/framework/Royalcms/Component/Foundation/Console/Optimize/config.php
M	vendor/royalcms/framework/Royalcms/Component/Foundation/Royalcmd.php
M	vendor/royalcms/framework/Royalcms/Component/Foundation/Royalcms.php
M	vendor/royalcms/framework/Royalcms/Component/Foundation/Start.php
M	vendor/royalcms/framework/Royalcms/Component/Foundation/Theme.php
M	vendor/royalcms/framework/Royalcms/Component/Page/Page.php
M	vendor/royalcms/wechat/Royalcms/Component/WeChat/WeChatAPI.php
M	vendor/royalcms/whoops/Royalcms/Component/Whoops/Exception/ErrorException.php
A	vendor/royalcms/whoops/Royalcms/Component/Whoops/Exception/Formatter.php
M	vendor/royalcms/whoops/Royalcms/Component/Whoops/Exception/Frame.php
M	vendor/royalcms/whoops/Royalcms/Component/Whoops/Exception/FrameCollection.php
M	vendor/royalcms/whoops/Royalcms/Component/Whoops/Exception/Inspector.php
M	vendor/royalcms/whoops/Royalcms/Component/Whoops/Handler/CallbackHandler.php
M	vendor/royalcms/whoops/Royalcms/Component/Whoops/Handler/Handler.php
M	vendor/royalcms/whoops/Royalcms/Component/Whoops/Handler/HandlerInterface.php
M	vendor/royalcms/whoops/Royalcms/Component/Whoops/Handler/JsonResponseHandler.php
A	vendor/royalcms/whoops/Royalcms/Component/Whoops/Handler/PlainTextHandler.php
M	vendor/royalcms/whoops/Royalcms/Component/Whoops/Handler/PrettyPageHandler.php
M	vendor/royalcms/whoops/Royalcms/Component/Whoops/Handler/XmlResponseHandler.php
A	vendor/royalcms/whoops/Royalcms/Component/Whoops/Resources/css/whoops.base.css
A	vendor/royalcms/whoops/Royalcms/Component/Whoops/Resources/js/clipboard.min.js
A	vendor/royalcms/whoops/Royalcms/Component/Whoops/Resources/js/whoops.base.js
A	vendor/royalcms/whoops/Royalcms/Component/Whoops/Resources/js/zepto.min.js
D	vendor/royalcms/whoops/Royalcms/Component/Whoops/Resources/pretty-page.css
D	vendor/royalcms/whoops/Royalcms/Component/Whoops/Resources/pretty-template.php
A	vendor/royalcms/whoops/Royalcms/Component/Whoops/Resources/views/env_details.html.php
A	vendor/royalcms/whoops/Royalcms/Component/Whoops/Resources/views/frame_code.html.php
A	vendor/royalcms/whoops/Royalcms/Component/Whoops/Resources/views/frame_list.html.php
A	vendor/royalcms/whoops/Royalcms/Component/Whoops/Resources/views/frames_container.html.php
A	vendor/royalcms/whoops/Royalcms/Component/Whoops/Resources/views/frames_description.html.php
A	vendor/royalcms/whoops/Royalcms/Component/Whoops/Resources/views/header.html.php
A	vendor/royalcms/whoops/Royalcms/Component/Whoops/Resources/views/header_outer.html.php
A	vendor/royalcms/whoops/Royalcms/Component/Whoops/Resources/views/layout.html.php
A	vendor/royalcms/whoops/Royalcms/Component/Whoops/Resources/views/panel_details.html.php
A	vendor/royalcms/whoops/Royalcms/Component/Whoops/Resources/views/panel_details_outer.html.php
A	vendor/royalcms/whoops/Royalcms/Component/Whoops/Resources/views/panel_left.html.php
A	vendor/royalcms/whoops/Royalcms/Component/Whoops/Resources/views/panel_left_outer.html.php
M	vendor/royalcms/whoops/Royalcms/Component/Whoops/Run.php
A	vendor/royalcms/whoops/Royalcms/Component/Whoops/RunInterface.php
A	vendor/royalcms/whoops/Royalcms/Component/Whoops/Util/HtmlDumperOutput.php
A	vendor/royalcms/whoops/Royalcms/Component/Whoops/Util/Misc.php
A	vendor/royalcms/whoops/Royalcms/Component/Whoops/Util/SystemFacade.php
A	vendor/royalcms/whoops/Royalcms/Component/Whoops/Util/TemplateHelper.php
