M	content/apps/article/apis/article_article_info_api.class.php
M	content/apps/article/apis/article_article_list_api.class.php
M	content/apps/article/functions/admin_article.func.php
M	content/apps/article/model/article_viewmodel.class.php
M	content/apps/article/modules/article/detail_module.class.php
M	content/apps/article/modules/shop/help/detail_module.class.php
M	content/apps/article/modules/shop/info/detail_module.class.php
M	content/apps/goods/modules/admin/goods/trash_module.class.php
M	content/apps/orders/classes/order_operate.class.php
M	content/configs/release.php
A	content/database/patchs/v1.5.2/Version_10502.php
A	content/database/patchs/v1.5.2/ecjia-daojia-patch-v1.5.2.log
A	content/database/patchs/v1.5.2/readme.txt
M	content/plugins/mp_checkin/mp_checkin.class.php
M	content/plugins/mp_dzp/mp_dzp.class.php
M	content/plugins/mp_ggk/mp_ggk.class.php
M	content/plugins/mp_jfcx/mp_jfcx.class.php
M	content/plugins/mp_orders/mp_orders.class.php
M	content/plugins/mp_userbind/bind_init.php
M	content/plugins/mp_userbind/bind_signup.php
M	content/plugins/mp_userbind/mp_userbind.class.php
M	content/plugins/mp_zjd/mp_zjd.class.php
M	sites/m/content/themes/h5/extras/controller/connect_controller.php
M	sites/m/content/themes/h5/extras/controller/user_privilege_controller.php
M	sites/m/content/themes/h5/js/ecjia.touch.user.js
