M	content/apps/bonus/modules/bonus/coupon_module.class.php
M	content/apps/cart/apis/cart_flow_done_api.class.php
M	content/apps/cart/modules/cart/checked_module.class.php
M	content/apps/cart/modules/cart/create_module.class.php
M	content/apps/cart/modules/cart/delete_module.class.php
M	content/apps/cart/modules/cart/list_module.class.php
M	content/apps/cart/modules/cart/update_module.class.php
M	content/apps/cart/modules/flow/checkOrder_module.class.php
M	content/apps/connect/apis/connect_update_user_avatar_api.class.php
M	content/apps/goods/classes/goods_list.class.php
M	content/apps/goods/modules/goods/list_module.class.php
M	content/apps/goods/modules/goods/suggestlist_module.class.php
M	content/apps/installer/data/data_zh_CN.sql
D	content/apps/installer/data/structure-170223.sql
M	content/apps/installer/data/structure.sql
M	content/apps/mobile/classes/mobile_installer.class.php
D	content/apps/mobile/index.php
D	content/apps/mobile/model/mobile_message_model.class.php
D	content/apps/mobile/model/qrcode_validate_model.class.php
M	content/apps/mobile/modules/home/data_module.class.php
D	content/apps/mobile/modules/qrcode/bind_module.class.php
D	content/apps/mobile/modules/qrcode/create_module.class.php
D	content/apps/mobile/modules/qrcode/signin_module.class.php
D	content/apps/mobile/modules/qrcode/signout_module.class.php
D	content/apps/mobile/modules/qrcode/validate_module.class.php
M	content/apps/orders/apis/orders_order_paid_api.class.php
M	content/apps/orders/apis/orders_user_account_paid_api.class.php
M	content/apps/orders/mh_delivery.php
M	content/apps/sms/apis/sms_sms_template_api.class.php
M	content/apps/store/admin_config.php
M	content/apps/store/admin_preaudit.php
M	content/apps/store/apis/store_neighbors_store_id_api.class.php
M	content/apps/store/apis/store_store_list_api.class.php
M	content/apps/store/classes/hooks/admin_store.class.php
M	content/apps/store/modules/admin/merchant/resignup_module.class.php
M	content/apps/store/modules/seller/list_module.class.php
M	content/apps/store/templates/admin/store_config_info.dwt.php
M	content/apps/touch/classes/ecjia_touch_api.class.php
M	content/configs/release.php
M	content/plugins/mp_goods/mp_goods.class.php
M	sites/m/content/themes/h5/css/ecjia.touch.models.css
M	sites/m/content/themes/h5/css/ecjia_city.css
M	sites/m/content/themes/h5/ecjia-touch.dwt.php
M	sites/m/content/themes/h5/extras/controller/cart_controller.php
M	sites/m/content/themes/h5/extras/controller/franchisee_controller.php
M	sites/m/content/themes/h5/extras/controller/location_controller.php
M	sites/m/content/themes/h5/extras/controller/touch_controller.php
M	sites/m/content/themes/h5/extras/controller/user_controller.php
M	sites/m/content/themes/h5/extras/controller/user_get_password_controller.php
M	sites/m/content/themes/h5/franchisee_get_location.dwt.php
M	sites/m/content/themes/h5/franchisee_process.dwt.php
M	sites/m/content/themes/h5/franchisee_second.dwt.php
M	sites/m/content/themes/h5/functions.php
A	sites/m/content/themes/h5/images/user_center/f_failed.png
M	sites/m/content/themes/h5/js/ecjia.touch.franchisee.js
M	sites/m/content/themes/h5/js/ecjia.touch.js
M	sites/m/content/themes/h5/library/index_header.lbi.php
M	sites/m/content/themes/h5/search_location.dwt.php
M	sites/m/content/themes/h5/select_location.dwt.php
