M	bootstrap/compiled.php
M	content/apps/article/configs/package.cfg.php
M	content/apps/article/merchant.php
M	content/apps/article/templates/merchant/article_list.dwt.php
M	content/apps/bonus/admin.php
M	content/apps/bonus/configs/package.cfg.php
M	content/apps/bonus/functions/admin_bonus.func.php
M	content/apps/bonus/merchant.php
M	content/apps/cart/apis/cart_cart_manage_api.class.php
M	content/apps/cart/configs/package.cfg.php
M	content/apps/cart/functions/cart.func.php
M	content/apps/cart/functions/cashdesk.func.php
M	content/apps/cart/modules/flow/checkOrder_module.class.php
M	content/apps/comment/admin.php
M	content/apps/comment/configs/package.cfg.php
M	content/apps/comment/mh_comment.php
M	content/apps/comment/statics/css/comment.css
M	content/apps/comment/statics/css/mh_comment.css
M	content/apps/comment/statics/js/comment_manage.js
M	content/apps/comment/statics/js/mh_comment.js
A	content/apps/comment/statics/lib/photoswipe/css/default-skin/default-skin.css
A	content/apps/comment/statics/lib/photoswipe/css/default-skin/default-skin.png
A	content/apps/comment/statics/lib/photoswipe/css/default-skin/default-skin.svg
A	content/apps/comment/statics/lib/photoswipe/css/default-skin/preloader.gif
A	content/apps/comment/statics/lib/photoswipe/css/photoswipe.css
A	content/apps/comment/statics/lib/photoswipe/js/photoswipe-ui-default.min.js
A	content/apps/comment/statics/lib/photoswipe/js/photoswipe.js
A	content/apps/comment/statics/lib/photoswipe/js/photoswipe.min.js
M	content/apps/comment/templates/admin/comment_info.dwt.php
A	content/apps/comment/templates/admin/library/comment_view_image.lbi.php
A	content/apps/comment/templates/merchant/library/comment_view_image.lbi.php
M	content/apps/comment/templates/merchant/mh_comment_detail.dwt.php
M	content/apps/commission/admin.php
M	content/apps/commission/apis/commission_add_bill_detail_api.class.php
A	content/apps/commission/apis/commission_add_bill_queue_api.class.php
M	content/apps/commission/apis/commission_admin_menu_api.class.php
M	content/apps/commission/apis/commission_admin_purview_api.class.php
M	content/apps/commission/apis/commission_merchant_menu_api.class.php
M	content/apps/commission/apis/commission_merchant_purview_api.class.php
M	content/apps/commission/apis/commission_store_menu_api.class.php
M	content/apps/commission/classes/Constant.php
A	content/apps/commission/classes/Helper.php
A	content/apps/commission/classes/store_account.class.php
M	content/apps/commission/configs/package.cfg.php
M	content/apps/commission/merchant.php
M	content/apps/commission/model/store_bill_day_model.class.php
M	content/apps/commission/model/store_bill_detail_model.class.php
A	content/apps/commission/model/store_bill_queue_model.class.php
A	content/apps/commission/statics/css/mh_fund.css
A	content/apps/commission/statics/images/order-time-base-admin.png
A	content/apps/commission/statics/images/order-time-base-red-admin.png
M	content/apps/commission/statics/js/bill.js
A	content/apps/commission/statics/js/mh_fund.js
A	content/apps/commission/statics/js/order_com.js
A	content/apps/commission/statics/js/withdraw.js
A	content/apps/commission/statics/withdraw.xls
M	content/apps/commission/templates/admin/bill_detail.dwt.php
M	content/apps/commission/templates/admin/bill_list.dwt.php
M	content/apps/commission/templates/admin/bill_list_day.dwt.php
D	content/apps/commission/templates/admin/bill_pay.dwt.php
A	content/apps/commission/templates/admin/order_commission.dwt.php
M	content/apps/commission/templates/admin/order_list.dwt.php
A	content/apps/commission/templates/admin/withdraw_detail.dwt.php
A	content/apps/commission/templates/admin/withdraw_list.dwt.php
D	content/apps/commission/templates/merchant/bill_count.dwt.php
M	content/apps/commission/templates/merchant/bill_detail.dwt.php
M	content/apps/commission/templates/merchant/bill_list.dwt.php
M	content/apps/commission/templates/merchant/bill_list_day.dwt.php
M	content/apps/commission/templates/merchant/bill_record.dwt.php
A	content/apps/commission/templates/merchant/fund_detail.dwt.php
A	content/apps/commission/templates/merchant/fund_list.dwt.php
A	content/apps/commission/templates/merchant/fund_record_list.dwt.php
A	content/apps/commission/templates/merchant/reply_fund.dwt.php
M	content/apps/favourable/configs/package.cfg.php
M	content/apps/favourable/functions/admin_favourable.func.php
M	content/apps/goods/apis/goods_merchant_menu_api.class.php
M	content/apps/goods/configs/package.cfg.php
M	content/apps/goods/functions/admin_category.func.php
M	content/apps/goods/functions/global.func.php
A	content/apps/maintain/classes/Commands/SyncOrderDataToBillDetail.php
M	content/apps/maintain/configs/package.cfg.php
M	content/apps/maintain/statics/css/maintain.css
M	content/apps/merchant/configs/package.cfg.php
M	content/apps/merchant/statics/css/merchant.css
M	content/apps/merchant/statics/mh-css/ecjia-merchant.ui.css
M	content/apps/merchant/templates/merchant/library/common_footer.lbi.php
M	content/apps/merchant/templates/merchant/merchant_shop_notice.dwt.php
M	content/apps/merchant/templates/merchant/merchant_template.dwt.php
M	content/apps/mobile/admin_config.php
A	content/apps/mobile/classes/UrlTempQrcode.php
M	content/apps/mobile/configs/package.cfg.php
M	content/apps/orders/admin.php
M	content/apps/orders/admin_order_delivery.php
M	content/apps/orders/admin_sale_general.php
M	content/apps/orders/classes/Repositories/OrdersRepository.php
M	content/apps/orders/classes/merchant_order_list.class.php
M	content/apps/orders/classes/order_operate.class.php
M	content/apps/orders/classes/order_query.class.php
M	content/apps/orders/configs/package.cfg.php
M	content/apps/orders/functions/admin_order.func.php
M	content/apps/orders/functions/global.func.php
M	content/apps/orders/merchant.php
M	content/apps/orders/mh_delivery.php
M	content/apps/orders/mh_sale_general.php
M	content/apps/orders/mh_validate_order.php
M	content/apps/orders/modules/admin/orders/express_module.class.php
M	content/apps/orders/modules/admin/orders/payConfirm_module.class.php
M	content/apps/orders/modules/order/affirmReceived_module.class.php
M	content/apps/orders/modules/order/express_module.class.php
M	content/apps/orders/templates/admin/delivery_info.dwt.php
M	content/apps/orders/templates/admin/order_delivery_info.dwt.php
M	content/apps/orders/templates/merchant/delivery_info.dwt.php
M	content/apps/orders/templates/merchant/order_delivery_info.dwt.php
M	content/apps/orders/templates/merchant/order_stats.dwt.php
M	content/apps/orders/templates/merchant/sale_general.dwt.php
M	content/apps/orders/templates/merchant/sale_list.dwt.php
M	content/apps/orders/templates/merchant/sale_order.dwt.php
M	content/apps/printer/apis/printer_store_menu_api.class.php
M	content/apps/printer/configs/package.cfg.php
M	content/apps/quickpay/admin.php
M	content/apps/quickpay/admin_order.php
M	content/apps/quickpay/classes/Helper.php
M	content/apps/quickpay/classes/quickpay_activity.class.php
M	content/apps/quickpay/configs/package.cfg.php
M	content/apps/quickpay/merchant.php
M	content/apps/quickpay/mh_order.php
M	content/apps/quickpay/templates/admin/quickpay_order_info.dwt.php
M	content/apps/refund/admin_payrecord.php
M	content/apps/refund/apis/refund_refund_order_list_api.class.php
A	content/apps/refund/classes/Helper.php
M	content/apps/refund/configs/package.cfg.php
M	content/apps/refund/merchant.php
M	content/apps/shipping/apis/shipping_store_menu_api.class.php
M	content/apps/shipping/configs/package.cfg.php
A	content/apps/shipping/configs/shipping_code.php
M	content/apps/shipping/languages/zh_CN/shipping.lang.php
M	content/apps/staff/apis/staff_store_menu_api.class.php
M	content/apps/staff/configs/package.cfg.php
M	content/apps/stats/configs/package.cfg.php
M	content/apps/stats/mh_keywords_stats.php
M	content/apps/stats/templates/merchant/keywords_stats.dwt.php
M	content/apps/store/admin_commission.php
M	content/apps/store/admin_config.php
M	content/apps/store/admin_preaudit.php
M	content/apps/store/apis/store_admin_purview_api.class.php
M	content/apps/store/apis/store_store_menu_api.class.php
M	content/apps/store/configs/package.cfg.php
M	content/apps/store/functions/admin_order.func.php
M	content/apps/store/functions/merchant_store.func.php
A	content/apps/store/statics/css/admin_fund.css
M	content/apps/store/templates/admin/store_commission_info.dwt.php
M	content/apps/store/templates/admin/store_config_info.dwt.php
A	content/apps/store/templates/admin/store_fund_list.dwt.php
M	content/apps/user/admin.php
M	content/apps/user/configs/package.cfg.php
M	content/apps/user/functions/admin_user.func.php
M	content/apps/user/modules/admin/validate/get_module.class.php
M	content/apps/user/modules/user/signin_module.class.php
M	content/apps/user/modules/user/signup_module.class.php
M	content/apps/user/templates/admin/user_address_list.dwt.php
M	content/apps/user/templates/admin/user_info.dwt.php
M	content/apps/wechat/admin_subscribe.php
M	content/apps/wechat/configs/package.cfg.php
M	content/apps/wechat/statics/js/admin_subscribe.js
M	content/configs/release.php
A	content/database/migrations/2018_04_02_143405_create_store_account_table.php
A	content/database/migrations/2018_04_02_143427_create_store_account_log_table.php
A	content/database/migrations/2018_04_02_143451_create_store_account_order_table.php
A	content/database/migrations/2018_04_02_165012_create_store_bill_queue_table.php
A	content/database/migrations/2018_04_02_180209_add_order_for_store_bill_detail_table.php
A	content/database/patchs/v1.15.0/Version_11500.php
A	content/database/patchs/v1.15.0/ecjia-daojia-patch-v1.15.0.log
A	content/database/patchs/v1.15.0/readme.txt
M	content/database/seeds/InitShopConfigTableSeeder.php
M	content/plugins/ship_yunda/languages/zh_CN/plugin.lang.php
M	content/system/classes/ecjia.class.php
M	content/system/classes/ecjia_base.class.php
A	sites/m/content/themes/h5/cache_set.dwt.php
M	sites/m/content/themes/h5/css/ecjia.touch.css
M	sites/m/content/themes/h5/css/ecjia_city.css
M	sites/m/content/themes/h5/discover_init.dwt.php
M	sites/m/content/themes/h5/ecjia-touch.dwt.php
M	sites/m/content/themes/h5/extras/classes/user/user_front.class.php
M	sites/m/content/themes/h5/extras/classes/utility/user_function.class.php
M	sites/m/content/themes/h5/extras/configs/route.php
M	sites/m/content/themes/h5/extras/controller/affiliate_controller.php
M	sites/m/content/themes/h5/extras/controller/article_controller.php
M	sites/m/content/themes/h5/extras/controller/cart_controller.php
M	sites/m/content/themes/h5/extras/controller/connect_controller.php
M	sites/m/content/themes/h5/extras/controller/franchisee_controller.php
M	sites/m/content/themes/h5/extras/controller/merchant_controller.php
M	sites/m/content/themes/h5/extras/controller/quickpay_controller.php
M	sites/m/content/themes/h5/extras/controller/touch_controller.php
M	sites/m/content/themes/h5/extras/controller/user_controller.php
M	sites/m/content/themes/h5/extras/controller/user_get_password_controller.php
M	sites/m/content/themes/h5/extras/controller/user_privilege_controller.php
M	sites/m/content/themes/h5/extras/controller/user_profile_controller.php
M	sites/m/content/themes/h5/franchisee_process.dwt.php
M	sites/m/content/themes/h5/franchisee_second.dwt.php
M	sites/m/content/themes/h5/functions.php
A	sites/m/content/themes/h5/images/icon/icon_shop.png
A	sites/m/content/themes/h5/images/user/phone_login.png
A	sites/m/content/themes/h5/images/user/safe.png
A	sites/m/content/themes/h5/images/user/user_login.png
A	sites/m/content/themes/h5/images/user/wechat.png
M	sites/m/content/themes/h5/js/ecjia.touch.franchisee.js
M	sites/m/content/themes/h5/js/ecjia.touch.js
M	sites/m/content/themes/h5/js/ecjia.touch.others.js
M	sites/m/content/themes/h5/js/ecjia.touch.user.js
M	sites/m/content/themes/h5/library/merchant_detail.lbi.php
A	sites/m/content/themes/h5/library/page_qrcode.lbi.php
M	sites/m/content/themes/h5/order_return_detail.dwt.php
M	sites/m/content/themes/h5/seller_list.dwt.php
M	sites/m/content/themes/h5/store_list.dwt.php
M	sites/m/content/themes/h5/user.dwt.php
M	sites/m/content/themes/h5/user_express_position.dwt.php
M	sites/m/content/themes/h5/user_login.dwt.php
M	sites/m/content/themes/h5/user_pass_login.dwt.php
M	sites/m/content/themes/h5/user_record_info.dwt.php
A	sites/m/content/themes/h5/user_wechat_login.dwt.php
M	vendor/royalcms/aliyun/Royalcms/Component/Aliyun/AliyunOSS.php
M	vendor/royalcms/framework/Royalcms/Component/Exception/PrettyPageHandler.php
M	vendor/royalcms/framework/Royalcms/Component/Foundation/Royalcms.php
M	vendor/royalcms/memcache/config/config.php
M	vendor/royalcms/storage/Royalcms/Component/Storage/Aliyunoss.php
