M	bootstrap/classmap.php
M	bootstrap/compiled.php
M	content/apps/adsense/admin.php
M	content/apps/adsense/admin_cycleimage.php
M	content/apps/adsense/admin_group.php
M	content/apps/adsense/admin_position.php
M	content/apps/adsense/admin_shortcut.php
M	content/apps/adsense/classes/CityManage.php
M	content/apps/adsense/classes/Client.php
M	content/apps/adsense/classes/Merchant/PositionManage.php
M	content/apps/adsense/classes/MerchantPositionManage.php
M	content/apps/adsense/classes/PositionManage.php
M	content/apps/adsense/classes/Repositories/AdPositionRepository.php
M	content/apps/adsense/classes/Repositories/MerchantAdPositionRepository.php
M	content/apps/adsense/mh_ad.php
M	content/apps/adsense/mh_cycleimage.php
M	content/apps/adsense/mh_group.php
M	content/apps/adsense/mh_position.php
M	content/apps/adsense/mh_shortcut.php
M	content/apps/affiliate/mobile.php
M	content/apps/affiliate/statics/front/js/affiliate.js
M	content/apps/affiliate/statics/js/affiliate.js
M	content/apps/affiliate/templates/front/affiliate.dwt.php
M	content/apps/api/classes/EM_Api.class.php
M	content/apps/api/classes/api_admin.class.php
M	content/apps/api/classes/api_front.class.php
M	content/apps/api/functions/functions.func.php
M	content/apps/api/functions/global.func.php
M	content/apps/article/admin_notice.php
M	content/apps/article/admin_shopinfo.php
M	content/apps/article/apis/article_admin_menu_api.class.php
M	content/apps/article/apis/article_admin_purview_api.class.php
M	content/apps/captcha/modules/captcha/admin/sms_module.class.php
M	content/apps/captcha/modules/captcha/sms_module.class.php
M	content/apps/cart/apis/cart_flow_done_api.class.php
M	content/apps/cart/classes/cart.class.php
M	content/apps/cart/modules/cart/update_module.class.php
M	content/apps/cart/modules/flow/checkOrder_module.class.php
M	content/apps/cart/modules/flow/done_module.class.php
M	content/apps/comment/apis/comment_admin_menu_api.class.php
M	content/apps/comment/apis/comment_admin_purview_api.class.php
M	content/apps/comment/modules/goods/comments_module.class.php
M	content/apps/comment/modules/store/comments_module.class.php
M	content/apps/commission/admin.php
M	content/apps/commission/apis/commission_admin_menu_api.class.php
M	content/apps/commission/apis/commission_admin_purview_api.class.php
M	content/apps/commission/apis/commission_merchant_menu_api.class.php
M	content/apps/commission/apis/commission_merchant_purview_api.class.php
M	content/apps/commission/classes/store_bill.class.php
M	content/apps/commission/merchant.php
M	content/apps/commission/model/store_bill_day_model.class.php
M	content/apps/commission/model/store_bill_detail_model.class.php
M	content/apps/commission/statics/js/bill_admin.js
A	content/apps/commission/statics/js/bill_update.js
M	content/apps/commission/templates/admin/bill_detail.dwt.php
M	content/apps/commission/templates/admin/bill_list.dwt.php
A	content/apps/commission/templates/admin/bill_list_day.dwt.php
A	content/apps/commission/templates/admin/bill_list_day_update.dwt.php
A	content/apps/commission/templates/admin/bill_list_month_update.dwt.php
M	content/apps/commission/templates/admin/bill_pay.dwt.php
M	content/apps/commission/templates/merchant/bill_detail.dwt.php
M	content/apps/commission/templates/merchant/bill_list.dwt.php
A	content/apps/commission/templates/merchant/bill_list_day.dwt.php
D	content/apps/connect/admin.php
A	content/apps/connect/admin_plugin.php
D	content/apps/push/apis/push_admin_purview_api.class.php
A	content/apps/connect/apis/connect_connect_user_bind_api.class.php
A	content/apps/connect/apis/connect_plugin_menu_api.class.php
M	content/apps/connect/callback.php
M	content/apps/connect/classes/hooks/admin_connect.class.php
M	content/apps/connect/index.php
M	content/apps/connect/languages/zh_CN/connect.lang.php
M	content/apps/connect/templates/admin/connect_list.dwt.php
M	content/apps/cron/admin.php
M	content/apps/cron/statics/js/cron.js
M	content/apps/cron/templates/admin/cron_edit.dwt.php
M	content/apps/express/modules/express/grab_module.class.php
M	content/apps/express/modules/express/pickup_module.class.php
A	content/apps/finance/admin_account.php
A	content/apps/finance/admin_account_log.php
A	content/apps/finance/admin_account_manage.php
D	content/apps/push/classes/notification/AndroidNotification.class.php
A	content/apps/finance/admin_invoice.php
D	content/apps/push/apis/push_service_menu_api.class.php
A	content/apps/finance/apis/finance_admin_menu_api.class.php
A	content/apps/finance/apis/finance_admin_purview_api.class.php
D	content/apps/push/languages/zh-cn/package.lang.php
A	content/apps/finance/configs/package.cfg.php
A	content/apps/finance/functions/admin_user.func.php
D	content/apps/push/languages/en_US/package.lang.php
A	content/apps/finance/functions/global.func.php
A	content/apps/finance/languages/zh_CN/package.lang.php
A	content/apps/finance/statics/js/account_log.js
A	content/apps/finance/statics/js/admin_account.js
A	content/apps/finance/statics/js/invoice.js
A	content/apps/finance/statics/js/user_surplus.js
A	content/apps/finance/templates/admin/account_log_edit.dwt.php
A	content/apps/finance/templates/admin/account_log_list.dwt.php
A	content/apps/finance/templates/admin/admin_account_check.dwt.php
A	content/apps/finance/templates/admin/admin_account_edit.dwt.php
A	content/apps/finance/templates/admin/admin_account_list.dwt.php
A	content/apps/finance/templates/admin/admin_account_manage.dwt.php
A	content/apps/finance/templates/admin/admin_invoice_info.dwt.php
A	content/apps/finance/templates/admin/admin_invoice_list.dwt.php
A	content/apps/finance/templates/admin/user_surplus_list.dwt.php
M	content/apps/franchisee/merchant.php
M	content/apps/franchisee/statics/js/franchisee.js
M	content/apps/franchisee/templates/merchant/franchisee.dwt.php
M	content/apps/franchisee/templates/merchant/franchisee_view.dwt.php
M	content/apps/goods/admin.php
M	content/apps/goods/admin_brand.php
M	content/apps/goods/admin_gallery.php
M	content/apps/goods/apis/goods_goods_brand_list_api.class.php
M	content/apps/goods/classes/goods.class.php
M	content/apps/goods/functions/admin_goods.func.php
M	content/apps/goods/functions/global.func.php
M	content/apps/goods/functions/merchant_goods.func.php
M	content/apps/goods/merchant.php
M	content/apps/goods/mh_category.php
M	content/apps/goods/mh_gallery.php
M	content/apps/goods/modules/admin/goods/add_module.class.php
M	content/apps/goods/modules/goods/detail_module.class.php
M	content/apps/installer/languages/zh_CN/installer.lang.php
D	content/apps/push/classes/notification/IOSNotification.class.php
A	content/apps/maintain/admin.php
D	content/apps/push/classes/notification/android/AndroidUnicast.class.php
A	content/apps/maintain/apis/maintain_admin_purview_api.class.php
D	content/apps/push/classes/notification/android/AndroidGroupcast.class.php
A	content/apps/maintain/apis/maintain_tool_menu_api.class.php
D	content/apps/push/classes/hooks/admin_push.class.php
A	content/apps/maintain/classes/AbstractCommand.php
A	content/apps/maintain/classes/Commands/SettingShopConfigSequence.php
A	content/apps/maintain/classes/Factory.php
A	content/apps/maintain/configs/package.cfg.php
D	content/apps/push/classes/notification/ios/IOSBroadcast.class.php
A	content/apps/maintain/languages/zh_CN/package.lang.php
A	content/apps/maintain/statics/css/maintain.css
A	content/apps/maintain/statics/images/email.png
A	content/apps/maintain/statics/images/setting_shop.png
A	content/apps/maintain/statics/images/sms.png
A	content/apps/maintain/statics/js/maintain.js
A	content/apps/maintain/templates/admin/maintain_list.dwt.php
A	content/apps/maintain/templates/admin/maintain_run.dwt.php
M	content/apps/merchant/classes/ecjia_merchant.class.php
M	content/apps/merchant/functions/merchant.func.php
M	content/apps/merchant/merchant.php
M	content/apps/merchant/mh_franchisee.php
M	content/apps/merchant/statics/js/merchant_info.js
M	content/apps/merchant/statics/mh-css/ecjia-merchant.ui.css
M	content/apps/merchant/templates/merchant/library/common_header.lbi.php
M	content/apps/merchant/templates/merchant/merchant_basic_info.dwt.php
M	content/apps/merchant/templates/merchant/merchant_edit.dwt.php
M	content/apps/merchant/templates/merchant/merchant_info.dwt.php
M	content/apps/merchant/templates/merchant/merchant_receipt_edit.dwt.php
M	content/apps/mobile/admin_config.php
A	content/apps/mobile/admin_mobile_config.php
M	content/apps/mobile/admin_mobile_manage.php
M	content/apps/mobile/admin_street.php
D	content/apps/push/apis/push_push_template_api.class.php
A	content/apps/mobile/apis/mobile_device_client_api.class.php
A	content/apps/mobile/classes/ApplicationClient.php
A	content/apps/mobile/classes/ApplicationFactory.php
D	content/apps/push/classes/push_event.class.php
A	content/apps/mobile/classes/ApplicationPlatform.php
D	content/apps/push/classes/notification/android/AndroidBroadcast.class.php
A	content/apps/mobile/classes/ClientManage.php
A	content/apps/mobile/classes/MobileAction.php
A	content/apps/mobile/classes/MobileOpenType.php
A	content/apps/mobile/classes/MobileOpenTypeParamerter.php
A	content/apps/mobile/classes/Models/MobileDeviceModel.php
A	content/apps/mobile/classes/Models/MobileManageModel.php
A	content/apps/mobile/classes/Models/MobileOptionModel.php
A	content/apps/mobile/classes/Platform/EcjiaCityo2o.php
A	content/apps/mobile/classes/Platform/EcjiaCityo2oH5.php
A	content/apps/mobile/classes/Platform/EcjiaShop.php
A	content/apps/mobile/classes/Platform/EcjiaWeapp.php
M	content/apps/mobile/classes/Qrcode/AbstractQrcode.php
M	content/apps/mobile/classes/Qrcode/GenerateGoods.php
M	content/apps/mobile/classes/Qrcode/GenerateMerchant.php
D	content/apps/mobile/classes/mobile_qrcode.class.php
A	content/apps/mobile/classes/Qrcode/GenerateStreet.php
A	content/apps/mobile/classes/User.php
M	content/apps/mobile/modules/checkin/record_module.class.php
A	content/apps/mobile/statics/css/mobile_manage.css
A	content/apps/mobile/statics/images/Android.png
A	content/apps/mobile/statics/images/H5.png
A	content/apps/mobile/statics/images/cityo2o.png
A	content/apps/mobile/statics/images/close.png
A	content/apps/mobile/statics/images/error.png
A	content/apps/mobile/statics/images/h5_client.png
A	content/apps/mobile/statics/images/iPhone.png
A	content/apps/mobile/statics/images/ok.png
A	content/apps/mobile/statics/images/open.png
A	content/apps/mobile/statics/images/store.png
A	content/apps/mobile/statics/images/wechant_client.png
A	content/apps/mobile/statics/images/wechat.png
A	content/apps/mobile/statics/js/clipboard.min.js
M	content/apps/mobile/statics/js/mobile_manage.js
A	content/apps/mobile/statics/js/mobile_street.js
A	content/apps/mobile/templates/admin/mobile_client_list.dwt.php
A	content/apps/mobile/templates/admin/mobile_config_pay.dwt.php
A	content/apps/mobile/templates/admin/mobile_config_push.dwt.php
M	content/apps/mobile/templates/admin/mobile_manage_info.dwt.php
M	content/apps/mobile/templates/admin/mobile_manage_list.dwt.php
M	content/apps/mobile/templates/admin/mobile_street.dwt.php
M	content/apps/notification/admin.php
M	content/apps/notification/mh_notification.php
M	content/apps/orders/admin.php
M	content/apps/orders/admin_order_delivery.php
A	content/apps/orders/apis/orders_buy_order_paid_api.class.php
M	content/apps/orders/apis/orders_order_delivery_ship_api.class.php
M	content/apps/orders/apis/orders_order_paid_api.class.php
A	content/apps/orders/apis/orders_order_sn_info_api.class.php
M	content/apps/orders/apis/orders_user_account_paid_api.class.php
M	content/apps/orders/classes/hooks/merchant_orders.class.php
M	content/apps/orders/classes/merchant_order_list.class.php
M	content/apps/orders/classes/merchant_order_query.class.php
M	content/apps/orders/functions/merchant_order.func.php
M	content/apps/orders/languages/zh_CN/order.lang.php
M	content/apps/orders/merchant.php
M	content/apps/orders/mh_delivery.php
M	content/apps/orders/mh_sale_general.php
M	content/apps/orders/modules/admin/orders/express_module.class.php
M	content/apps/orders/modules/admin/orders/operate/delivery_module.class.php
M	content/apps/orders/modules/admin/orders/payConfirm_module.class.php
M	content/apps/orders/modules/admin/orders/refundConfirm_module.class.php
M	content/apps/orders/modules/order/affirmReceived_module.class.php
M	content/apps/orders/modules/order/detail_module.class.php
M	content/apps/orders/modules/order/pay_module.class.php
M	content/apps/orders/statics/css/merchant_orders.css
M	content/apps/orders/statics/js/merchant_orders.js
M	content/apps/orders/statics/js/merchant_sale_general_chart.js
A	content/apps/orders/statics/music/new_order.mp3
M	content/apps/orders/templates/admin/order_info.dwt.php
M	content/apps/orders/templates/merchant/order_info.dwt.php
M	content/apps/orders/templates/merchant/order_list.dwt.php
M	content/apps/orders/templates/merchant/sale_general.dwt.php
M	content/apps/payment/admin.php
M	content/apps/payment/admin_payment_record.php
M	content/apps/payment/admin_plugin.php
A	content/apps/payment/apis/payment_available_payments_api.class.php
A	content/apps/payment/apis/payment_batch_payment_info_api.class.php
M	content/apps/payment/apis/payment_pay_info_api.class.php
M	content/apps/payment/apis/payment_pay_list_api.class.php
A	content/apps/payment/apis/payment_save_payment_record_api.class.php
M	content/apps/payment/apis/payment_tool_menu_api.class.php
D	content/apps/push/model/push_event_viewmodel.class.php
A	content/apps/payment/apis/payment_update_payment_record_api.class.php
A	content/apps/payment/classes/CompatibleTrait.php
A	content/apps/payment/classes/Models/PaymentRecordModel.php
A	content/apps/payment/classes/PayConstant.php
A	content/apps/payment/classes/PayManager.php
A	content/apps/payment/classes/PaymentAbstract.php
A	content/apps/payment/classes/PaymentOutput.php
A	content/apps/payment/classes/PaymentPlugin.php
A	content/apps/payment/classes/Repositories/PaymentRecordRepository.php
A	content/apps/payment/classes/hooks/admin_payment.class.php
M	content/apps/payment/classes/payment_method.class.php
M	content/apps/payment/functions/global.func.php
M	content/apps/payment/languages/zh_CN/payment.lang.php
A	content/apps/payment/modules/order/pay_module.class.php
M	content/apps/payment/modules/shop/payment_module.class.php
M	content/apps/payment/respond.php
M	content/apps/payment/statics/js/payment_admin.js
M	content/apps/payment/templates/admin/payment_edit.dwt.php
M	content/apps/payment/templates/admin/payment_record_list.dwt.php
M	content/apps/platform/admin.php
M	content/apps/platform/classes/platform_account.class.php
A	content/apps/platform/statics/js/generate_token.js
M	content/apps/platform/templates/admin/wechat_edit.dwt.php
M	content/apps/promotion/admin.php
M	content/apps/promotion/merchant.php
D	content/apps/push/admin.php
D	content/apps/push/admin_config.php
D	content/apps/push/admin_event.php
D	content/apps/push/admin_template.php
D	content/apps/push/apis/push_push_send_api.class.php
D	content/apps/push/classes/notification/UmengNotification.class.php
D	content/apps/push/classes/notification/android/AndroidCustomizedcast.class.php
D	content/apps/push/classes/notification/android/AndroidFilecast.class.php
D	content/apps/push/classes/notification/ios/IOSCustomizedcast.class.php
D	content/apps/push/classes/notification/ios/IOSFilecast.class.php
D	content/apps/push/classes/notification/ios/IOSGroupcast.class.php
D	content/apps/push/classes/notification/ios/IOSUnicast.class.php
D	content/apps/push/classes/push_installer.class.php
D	content/apps/push/classes/push_notification.class.php
D	content/apps/push/classes/push_send.class.php
D	content/apps/push/functions/global.func.php
D	content/apps/push/languages/en_US/push.lang.php
D	content/apps/push/languages/zh-cn/push.lang.php
D	content/apps/push/languages/zh_CN/push.lang.php
D	content/apps/push/model/push_message_model.class.php
D	content/apps/push/statics/css/push_event.css
D	content/apps/push/statics/js/push.js
D	content/apps/push/statics/js/push_config.js
D	content/apps/push/statics/js/push_event.js
D	content/apps/push/statics/js/push_template.js
D	content/apps/push/templates/admin/push_config.dwt.php
D	content/apps/push/templates/admin/push_event_info.dwt.php
D	content/apps/push/templates/admin/push_event_list.dwt.php
D	content/apps/push/templates/admin/push_send.dwt.php
D	content/apps/push/templates/admin/push_send_history.dwt.php
D	content/apps/push/templates/admin/push_template_info.dwt.php
D	content/apps/push/templates/admin/push_template_list.dwt.php
A	content/apps/setting/admin_region.php
M	content/apps/setting/apis/setting_admin_purview_api.class.php
M	content/apps/setting/apis/setting_setting_menu_api.class.php
A	content/apps/setting/classes/Country.php
M	content/apps/setting/classes/ecjia_admin_setting.class.php
D	content/apps/push/languages/zh_CN/package.lang.php
A	content/apps/setting/languages/zh_CN/setting.lang.php
M	content/apps/setting/languages/zh_CN/shop_config.lang.php
M	content/apps/setting/modules/shop/config_module.class.php
M	content/apps/setting/shop_config.php
A	content/apps/setting/statics/js/admin_region_manage.js
A	content/apps/setting/statics/js/setting.js
A	content/apps/setting/templates/admin/region_list.dwt.php
D	content/apps/push/model/mail_templates_model.class.php
A	content/apps/shipping/apis/shipping_shipping_area_info_api.class.php
M	content/apps/shipping/merchant.php
M	content/apps/shopguide/admin.php
A	content/apps/shopguide/apis/shopguide_setting_menu_api.class.php
M	content/apps/shopguide/functions/merchant_shopguide.func.php
M	content/apps/shopguide/merchant.php
A	content/apps/shopguide/statics/css/shopguide.css
A	content/apps/shopguide/statics/images/add-admin.png
A	content/apps/shopguide/statics/images/add-favourable.png
A	content/apps/shopguide/statics/images/add-user.png
A	content/apps/shopguide/statics/images/alipay.png
A	content/apps/shopguide/statics/images/balance.png
A	content/apps/shopguide/statics/images/cash.png
A	content/apps/shopguide/statics/images/check.png
A	content/apps/shopguide/statics/images/complete.png
A	content/apps/shopguide/statics/images/goods-category.png
A	content/apps/shopguide/statics/images/goods-list.png
A	content/apps/shopguide/statics/images/goods-type.png
A	content/apps/shopguide/statics/images/mail-setting.png
A	content/apps/shopguide/statics/images/mh-check.png
A	content/apps/shopguide/statics/images/mh-complete.png
A	content/apps/shopguide/statics/images/shop-logo.png
A	content/apps/shopguide/statics/images/store-setting.png
A	content/apps/shopguide/statics/images/store.png
A	content/apps/shopguide/statics/images/switch.gif
A	content/apps/shopguide/statics/images/union.png
A	content/apps/shopguide/statics/images/wxpay.png
M	content/apps/shopguide/statics/js/shopguide.js
A	content/apps/shopguide/statics/mh-css/shopguide.css
M	content/apps/shopguide/statics/mh-js/shopguide.js
M	content/apps/shopguide/templates/admin/shop_guide.dwt.php
M	content/apps/shopguide/templates/merchant/shop_guide.dwt.php
M	content/apps/sms/admin.php
M	content/apps/sms/admin_events.php
M	content/apps/sms/admin_plugin.php
M	content/apps/sms/admin_template.php
M	content/apps/sms/apis/sms_send_event_sms_api.class.php
M	content/apps/sms/classes/EventFactory.php
M	content/apps/sms/classes/SmsManager.php
M	content/apps/sms/classes/SmsPlugin.php
M	content/apps/sms/languages/zh_CN/sms.lang.php
M	content/apps/sms/statics/js/sms_template.js
M	content/apps/sms/templates/admin/sms_send_history.dwt.php
M	content/apps/sms/templates/admin/sms_template_test.dwt.php
M	content/apps/staff/get_password.php
M	content/apps/staff/merchant.php
M	content/apps/staff/mh_log.php
M	content/apps/staff/mh_profile.php
M	content/apps/staff/statics/js/profile.js
M	content/apps/staff/statics/js/staff.js
M	content/apps/staff/statics/js/staff_logs.js
M	content/apps/staff/templates/merchant/get_pwd.dwt.php
M	content/apps/staff/templates/merchant/login.dwt.php
M	content/apps/store/admin.php
M	content/apps/store/admin_config.php
M	content/apps/store/admin_preaudit.php
M	content/apps/store/apis/store_admin_purview_api.class.php
M	content/apps/store/functions/merchant_store.func.php
M	content/apps/store/modules/admin/account/info_module.class.php
M	content/apps/store/modules/admin/merchant/info_module.class.php
A	content/apps/store/modules/admin/merchant/refreshQrcode_module.class.php
M	content/apps/store/modules/admin/merchant/resignup_module.class.php
M	content/apps/store/modules/admin/merchant/signup_module.class.php
M	content/apps/store/modules/admin/merchant/validate_module.class.php
M	content/apps/store/modules/merchant/config_module.class.php
M	content/apps/store/modules/merchant/home/category_module.class.php
M	content/apps/store/modules/merchant/home/data_module.class.php
M	content/apps/store/modules/merchant/nearby_module.class.php
M	content/apps/store/statics/js/admin_config.js
M	content/apps/store/statics/js/store.js
M	content/apps/store/templates/admin/store_add.dwt.php
M	content/apps/store/templates/admin/store_config_info.dwt.php
M	content/apps/store/templates/admin/store_edit.dwt.php
M	content/apps/store/templates/admin/store_preaudit_check.dwt.php
M	content/apps/store/templates/admin/store_preaudit_edit.dwt.php
M	content/apps/store/templates/admin/store_preview.dwt.php
D	content/system/admin_layout.php
A	content/apps/theme/admin_layout.php
D	content/system/admin_layout_backup.php
A	content/apps/theme/admin_layout_backup.php
D	content/system/admin_library.php
A	content/apps/theme/admin_library.php
D	content/system/admin_template.php
A	content/apps/theme/admin_template.php
A	content/apps/theme/apis/theme_admin_purview_api.class.php
D	content/system/apis/system_skin_menu_api.class.php
A	content/apps/theme/apis/theme_skin_menu_api.class.php
D	content/apps/push/configs/package.cfg.php
A	content/apps/theme/configs/package.cfg.php
D	content/apps/push/model/push_event_model.class.php
A	content/apps/theme/languages/zh_CN/package.lang.php
D	content/system/navigator.php
A	content/apps/theme/navigator.php
A	content/apps/theme/statics/css/layout.css
D	content/system/statics/ecjia/ecjia-template_setup.js
A	content/apps/theme/statics/js/layout.js
D	content/system/statics/ecjia/ecjia-admin_nav.js
A	content/apps/theme/statics/js/navigator.js
D	content/system/statics/ecjia/ecjia-admin_template.js
A	content/apps/theme/statics/js/template.js
D	content/system/templates/navigator.dwt.php
A	content/apps/theme/templates/admin/navigator.dwt.php
D	content/system/templates/navigator_addlist.dwt.php
A	content/apps/theme/templates/admin/navigator_addlist.dwt.php
D	content/system/templates/template_backup.dwt.php
A	content/apps/theme/templates/admin/template_backup.dwt.php
D	content/system/templates/template_layout.dwt.php
A	content/apps/theme/templates/admin/template_layout.dwt.php
D	content/system/templates/template_library.dwt.php
A	content/apps/theme/templates/admin/template_library.dwt.php
D	content/system/templates/template_list.dwt.php
A	content/apps/theme/templates/admin/template_list.dwt.php
M	content/apps/touch/admin_shop_config.php
M	content/apps/touch/classes/touch.class.php
M	content/apps/touch/classes/touch_installer.class.php
M	content/apps/upgrade/index.php
M	content/apps/user/admin.php
M	content/apps/user/apis/user_address_manage_api.class.php
M	content/apps/user/apis/user_admin_menu_api.class.php
M	content/apps/user/functions/admin_user.func.php
M	content/apps/user/get_password.php
M	content/apps/user/modules/admin/user/account/validate_module.class.php
M	content/apps/user/modules/admin/user/search_module.class.php
M	content/apps/user/modules/admin/validate/get_module.class.php
M	content/apps/user/modules/user/account/pay_module.class.php
M	content/apps/user/modules/user/account/raply_module.class.php
M	content/apps/user/modules/user/forget_password_module.class.php
M	content/apps/user/modules/user/signup_module.class.php
M	content/apps/user/modules/user/userbind_module.class.php
M	content/apps/user/modules/v2/admin/user/forget_request_module.class.php
M	content/apps/user/modules/validate/get_module.class.php
M	content/apps/user/templates/admin/user_list.dwt.php
M	content/apps/wechat/admin_material.php
M	content/apps/wechat/admin_subscribe.php
M	content/apps/wechat/templates/admin/wechat_material.dwt.php
M	content/configs/api.php
M	content/configs/app.php
M	content/configs/database.php
A	content/configs/facade.php
M	content/configs/namespaces.php
M	content/configs/packages/royalcms/sentry/config.php
M	content/configs/provider.php
M	content/configs/release.php
A	content/database/migrations/2017_08_03_115205_create_finance_invoice_table.php
A	content/database/migrations/2017_08_03_115232_create_mobile_options_table.php
A	content/database/migrations/2017_08_03_115254_create_region_cn_table.php
A	content/database/migrations/2017_08_03_132510_add_user_type_to_connect_user_table.php
A	content/database/migrations/2017_08_03_132605_add_expired_time_to_store_franchisee_table.php
A	content/database/migrations/2017_08_03_132748_add_order_trade_no_to_payment_record_table.php
A	content/database/migrations/2017_08_03_184001_alter_msgid_to_sms_sendlist_table.php
A	content/database/migrations/2017_08_03_184333_recreate_push_message_table.php
A	content/database/migrations/2017_08_03_190511_drop_push_event_table.php
A	content/database/migrations/2017_08_10_140237_alter_cover_image_to_article_table.php
A	content/database/patchs/v1.7.0/Version_10700.php
A	content/database/patchs/v1.7.0/ecjia-daojia-patch-v1.7.0.log
A	content/database/patchs/v1.7.0/ecjia-daojia-sql-v1.7.0.sql
A	content/database/patchs/v1.7.0/readme.txt
M	content/database/seeds/DemoStoreFranchiseeTableSeeder.php
M	content/database/seeds/InitAdTableSeeder.php
M	content/database/seeds/InitDatabaseSeeder.php
D	content/database/seeds/InitPushEventTableSeeder.php
M	content/database/seeds/InitShopConfigTableSeeder.php
M	content/plugins/cron_bill_day/config.php
M	content/plugins/cron_bill_month/cron_bill_month.class.php
M	content/plugins/cron_unpayed/config.php
M	content/plugins/cron_unpayed/cron_unpayed.class.php
M	content/plugins/cron_unpayed/languages/zh_CN/plugin.lang.php
M	content/plugins/pay_alipay/config.php
D	content/plugins/pay_alipay/languages/zh-cn/plugin.lang.php
A	content/plugins/pay_alipay/languages/zh_CN/plugin.lang.php
M	content/plugins/pay_alipay/pay_alipay.class.php
M	content/plugins/pay_alipay/pay_alipay.php
D	content/plugins/pay_balance/languages/zh-cn/plugin.lang.php
A	content/plugins/pay_balance/languages/zh_CN/plugin.lang.php
M	content/plugins/pay_balance/pay_balance.class.php
M	content/plugins/pay_balance/pay_balance.php
D	content/plugins/pay_bank/languages/zh-cn/plugin.lang.php
A	content/plugins/pay_bank/languages/zh_CN/plugin.lang.php
M	content/plugins/pay_bank/pay_bank.class.php
M	content/plugins/pay_bank/pay_bank.php
D	content/plugins/pay_cod/languages/zh-cn/plugin.lang.php
A	content/plugins/pay_cod/languages/zh_CN/plugin.lang.php
M	content/plugins/pay_cod/pay_cod.class.php
M	content/plugins/pay_cod/pay_cod.php
M	content/plugins/ship_o2o_express/languages/zh-cn/plugin.lang.php
M	content/plugins/ship_o2o_express/ship_o2o_express.php
M	content/system/classes/Plugin/PluginManager.php
M	content/system/classes/Plugin/PluginModel.php
M	content/system/classes/admin/ecjia_admin_menu.class.php
M	content/system/classes/ecjia.class.php
M	content/system/classes/ecjia_cloud.class.php
M	content/system/classes/ecjia_loader.class.php
M	content/system/templates/about_team.dwt.php
M	content/themes/ecjia-intro/css/style.css
D	content/themes/ecjia-intro/images/wechart.png
A	content/themes/ecjia-intro/images/wechat.png
D	content/themes/ecjia-intro/images/wechart_hover.png
A	content/themes/ecjia-intro/images/wechat_hover.png
M	content/themes/ecjia-intro/index.dwt.php
M	content/themes/ecjia-pc/css/style.css
M	content/themes/ecjia-pc/extras/classes/utility/merchant_function.class.php
M	content/themes/ecjia-pc/extras/classes/utility/pc_function.class.php
M	content/themes/ecjia-pc/extras/controller/goods_controller.php
M	content/themes/ecjia-pc/extras/controller/merchant_controller.php
M	content/themes/ecjia-pc/js/ecjia.pc.js
M	content/themes/ecjia-pc/library/choose_city.lbi.php
M	content/themes/ecjia-pc/library/nav.lbi.php
M	content/themes/ecjia-pc/library/no_content.lbi.php
M	content/themes/ecjia-pc/library/page_footer.lbi.php
A	sites/api/notify/pay_wxpay_app.php
A	sites/api/notify/pay_wxpay_shop.php
A	sites/api/notify/pay_wxpay_weapp.php
M	sites/app/content/themes/ecjia-app/css/style.css
D	sites/app/content/themes/ecjia-app/images/wechart.png
A	sites/app/content/themes/ecjia-app/images/wechat.png
D	sites/app/content/themes/ecjia-app/images/wechart_hover.png
A	sites/app/content/themes/ecjia-app/images/wechat_hover.png
M	sites/app/content/themes/ecjia-app/index.dwt.php
M	sites/m/content/themes/h5/choose_address_list.dwt.php
M	sites/m/content/themes/h5/css/ecjia_city.css
M	sites/m/content/themes/h5/extras/classes/utility/touch_function.class.php
D	sites/m/content/themes/h5/extras/classes/wechat/wechart.class.php
A	sites/m/content/themes/h5/extras/classes/wechat/wechat.class.php
M	sites/m/content/themes/h5/extras/controller/cart_controller.php
M	sites/m/content/themes/h5/extras/controller/location_controller.php
M	sites/m/content/themes/h5/extras/controller/pay_controller.php
M	sites/m/content/themes/h5/extras/controller/touch_controller.php
M	sites/m/content/themes/h5/extras/controller/user_account_controller.php
M	sites/m/content/themes/h5/extras/controller/user_address_controller.php
M	sites/m/content/themes/h5/extras/controller/user_controller.php
M	sites/m/content/themes/h5/extras/controller/user_profile_controller.php
M	sites/m/content/themes/h5/flow_checkout.dwt.php
M	sites/m/content/themes/h5/flow_integral.dwt.php
M	sites/m/content/themes/h5/flow_invoice.dwt.php
M	sites/m/content/themes/h5/functions.php
M	sites/m/content/themes/h5/goods_new.dwt.php
M	sites/m/content/themes/h5/goods_promotion.dwt.php
M	sites/m/content/themes/h5/goods_show.dwt.php
M	sites/m/content/themes/h5/gulpfile.js
A	sites/m/content/themes/h5/images/info.png
A	sites/m/content/themes/h5/images/select.png
A	sites/m/content/themes/h5/images/wallet/null280.png
M	sites/m/content/themes/h5/js/ecjia.touch.flow.js
M	sites/m/content/themes/h5/js/ecjia.touch.goods.js
D	sites/m/content/themes/h5/js/ecjia.touch.history.js
M	sites/m/content/themes/h5/js/ecjia.touch.js
M	sites/m/content/themes/h5/js/ecjia.touch.others.js
M	sites/m/content/themes/h5/library/article_comment.lbi.php
M	sites/m/content/themes/h5/library/article_list.lbi.php
M	sites/m/content/themes/h5/library/goods_comment.lbi.php
M	sites/m/content/themes/h5/library/merchant_goods.lbi.php
M	sites/m/content/themes/h5/merchant.dwt.php
M	sites/m/content/themes/h5/merchant_comment.dwt.php
M	sites/m/content/themes/h5/select_location_city.dwt.php
M	sites/m/content/themes/h5/store_list.dwt.php
M	sites/m/content/themes/h5/user_address_list.dwt.php
M	sites/m/content/themes/h5/user_goods_comment.dwt.php
D	sites/m/content/themes/h5/user_history.dwt.php
D	sites/m/content/themes/h5/user_merchant.dwt.php
M	sites/m/content/themes/h5/user_modify_username.dwt.php
M	sites/m/content/themes/h5/user_order_detail.dwt.php
M	sites/m/content/themes/h5/user_record.dwt.php
M	vendor/composer/autoload_classmap.php
M	vendor/composer/autoload_namespaces.php
M	vendor/composer/autoload_psr4.php
A	vendor/hashids/hashids/CHANGELOG.md
A	vendor/hashids/hashids/LICENSE
A	vendor/hashids/hashids/composer.json
A	vendor/hashids/hashids/lib/Hashids/HashGenerator.php
A	vendor/hashids/hashids/lib/Hashids/Hashids.php
A	vendor/omnipay/alipay/.gitignore
A	vendor/omnipay/alipay/.travis.yml
A	vendor/omnipay/alipay/README.md
A	vendor/omnipay/alipay/composer.json
A	vendor/omnipay/alipay/src/AbstractAopGateway.php
A	vendor/omnipay/alipay/src/AbstractLegacyGateway.php
A	vendor/omnipay/alipay/src/AopAppGateway.php
A	vendor/omnipay/alipay/src/AopF2FGateway.php
A	vendor/omnipay/alipay/src/AopPageGateway.php
A	vendor/omnipay/alipay/src/AopWapGateway.php
A	vendor/omnipay/alipay/src/Common/Signer.php
A	vendor/omnipay/alipay/src/Common/helpers.php
A	vendor/omnipay/alipay/src/LegacyAppGateway.php
A	vendor/omnipay/alipay/src/LegacyExpressGateway.php
A	vendor/omnipay/alipay/src/LegacyWapGateway.php
A	vendor/omnipay/alipay/src/Requests/AbstractAopRequest.php
A	vendor/omnipay/alipay/src/Requests/AbstractLegacyRequest.php
A	vendor/omnipay/alipay/src/Requests/AopCompletePurchaseRequest.php
A	vendor/omnipay/alipay/src/Requests/AopNotifyRequest.php
A	vendor/omnipay/alipay/src/Requests/AopTradeAppPayRequest.php
A	vendor/omnipay/alipay/src/Requests/AopTradeCancelRequest.php
A	vendor/omnipay/alipay/src/Requests/AopTradeCloseRequest.php
A	vendor/omnipay/alipay/src/Requests/AopTradeOrderSettleRequest.php
A	vendor/omnipay/alipay/src/Requests/AopTradePagePayRequest.php
A	vendor/omnipay/alipay/src/Requests/AopTradePayRequest.php
A	vendor/omnipay/alipay/src/Requests/AopTradePreCreateRequest.php
A	vendor/omnipay/alipay/src/Requests/AopTradeQueryRequest.php
A	vendor/omnipay/alipay/src/Requests/AopTradeRefundQueryRequest.php
A	vendor/omnipay/alipay/src/Requests/AopTradeRefundRequest.php
A	vendor/omnipay/alipay/src/Requests/AopTradeWapPayRequest.php
A	vendor/omnipay/alipay/src/Requests/AopVerifyAppPayReturnRequest.php
A	vendor/omnipay/alipay/src/Requests/DataServiceBillDownloadUrlQueryRequest.php
A	vendor/omnipay/alipay/src/Requests/LegacyAppPurchaseRequest.php
A	vendor/omnipay/alipay/src/Requests/LegacyCompletePurchaseRequest.php
A	vendor/omnipay/alipay/src/Requests/LegacyCompleteRefundRequest.php
A	vendor/omnipay/alipay/src/Requests/LegacyExpressPurchaseRequest.php
A	vendor/omnipay/alipay/src/Requests/LegacyNotifyRequest.php
A	vendor/omnipay/alipay/src/Requests/LegacyQueryRequest.php
A	vendor/omnipay/alipay/src/Requests/LegacyRefundRequest.php
A	vendor/omnipay/alipay/src/Requests/LegacyVerifyAppPayReturnRequest.php
A	vendor/omnipay/alipay/src/Requests/LegacyVerifyNotifyIdRequest.php
A	vendor/omnipay/alipay/src/Requests/LegacyWapPurchaseRequest.php
A	vendor/omnipay/alipay/src/Responses/AbstractAopResponse.php
A	vendor/omnipay/alipay/src/Responses/AbstractLegacyResponse.php
A	vendor/omnipay/alipay/src/Responses/AbstractResponse.php
A	vendor/omnipay/alipay/src/Responses/AopCompletePurchaseResponse.php
A	vendor/omnipay/alipay/src/Responses/AopNotifyResponse.php
A	vendor/omnipay/alipay/src/Responses/AopTradeAppPayResponse.php
A	vendor/omnipay/alipay/src/Responses/AopTradeCancelResponse.php
A	vendor/omnipay/alipay/src/Responses/AopTradeCloseResponse.php
A	vendor/omnipay/alipay/src/Responses/AopTradeOrderSettleResponse.php
A	vendor/omnipay/alipay/src/Responses/AopTradePagePayResponse.php
A	vendor/omnipay/alipay/src/Responses/AopTradePayResponse.php
A	vendor/omnipay/alipay/src/Responses/AopTradePreCreateResponse.php
A	vendor/omnipay/alipay/src/Responses/AopTradeQueryResponse.php
A	vendor/omnipay/alipay/src/Responses/AopTradeRefundQueryResponse.php
A	vendor/omnipay/alipay/src/Responses/AopTradeRefundResponse.php
A	vendor/omnipay/alipay/src/Responses/AopTradeWapPayResponse.php
A	vendor/omnipay/alipay/src/Responses/DataServiceBillDownloadUrlQueryResponse.php
A	vendor/omnipay/alipay/src/Responses/LegacyAppPurchaseResponse.php
A	vendor/omnipay/alipay/src/Responses/LegacyCompletePurchaseResponse.php
A	vendor/omnipay/alipay/src/Responses/LegacyCompleteRefundResponse.php
A	vendor/omnipay/alipay/src/Responses/LegacyExpressPurchaseResponse.php
A	vendor/omnipay/alipay/src/Responses/LegacyNotifyResponse.php
A	vendor/omnipay/alipay/src/Responses/LegacyQueryResponse.php
A	vendor/omnipay/alipay/src/Responses/LegacyRefundResponse.php
A	vendor/omnipay/alipay/src/Responses/LegacyWapPurchaseResponse.php
A	vendor/omnipay/alipay/src/Responses/VerifyNotifyIdResponse.php
A	vendor/omnipay/common/.gitignore
A	vendor/omnipay/common/.travis.yml
A	vendor/omnipay/common/composer.json
A	vendor/omnipay/common/src/Omnipay/Common/AbstractGateway.php
A	vendor/omnipay/common/src/Omnipay/Common/CreditCard.php
A	vendor/omnipay/common/src/Omnipay/Common/Currency.php
A	vendor/omnipay/common/src/Omnipay/Common/Exception/BadMethodCallException.php
A	vendor/omnipay/common/src/Omnipay/Common/Exception/InvalidCreditCardException.php
A	vendor/omnipay/common/src/Omnipay/Common/Exception/InvalidRequestException.php
A	vendor/omnipay/common/src/Omnipay/Common/Exception/InvalidResponseException.php
A	vendor/omnipay/common/src/Omnipay/Common/Exception/OmnipayException.php
A	vendor/omnipay/common/src/Omnipay/Common/Exception/RuntimeException.php
A	vendor/omnipay/common/src/Omnipay/Common/GatewayFactory.php
A	vendor/omnipay/common/src/Omnipay/Common/GatewayInterface.php
A	vendor/omnipay/common/src/Omnipay/Common/Helper.php
A	vendor/omnipay/common/src/Omnipay/Common/Issuer.php
A	vendor/omnipay/common/src/Omnipay/Common/Item.php
A	vendor/omnipay/common/src/Omnipay/Common/ItemBag.php
A	vendor/omnipay/common/src/Omnipay/Common/ItemInterface.php
A	vendor/omnipay/common/src/Omnipay/Common/Message/AbstractRequest.php
A	vendor/omnipay/common/src/Omnipay/Common/Message/AbstractResponse.php
A	vendor/omnipay/common/src/Omnipay/Common/Message/FetchIssuersResponseInterface.php
A	vendor/omnipay/common/src/Omnipay/Common/Message/FetchPaymentMethodsResponseInterface.php
A	vendor/omnipay/common/src/Omnipay/Common/Message/MessageInterface.php
A	vendor/omnipay/common/src/Omnipay/Common/Message/NotificationInterface.php
A	vendor/omnipay/common/src/Omnipay/Common/Message/RedirectResponseInterface.php
A	vendor/omnipay/common/src/Omnipay/Common/Message/RequestInterface.php
A	vendor/omnipay/common/src/Omnipay/Common/Message/ResponseInterface.php
A	vendor/omnipay/common/src/Omnipay/Common/PaymentMethod.php
A	vendor/omnipay/common/src/Omnipay/Omnipay.php
A	vendor/omnipay/global-alipay/.gitignore
A	vendor/omnipay/global-alipay/.travis.yml
A	vendor/omnipay/global-alipay/README.md
A	vendor/omnipay/global-alipay/SANDBOX.md
A	vendor/omnipay/global-alipay/composer.json
A	vendor/omnipay/global-alipay/src/AppGateway.php
A	vendor/omnipay/global-alipay/src/Helper.php
A	vendor/omnipay/global-alipay/src/Message/AppPurchaseRequest.php
A	vendor/omnipay/global-alipay/src/Message/AppPurchaseResponse.php
A	vendor/omnipay/global-alipay/src/Message/CompletePurchaseRequest.php
A	vendor/omnipay/global-alipay/src/Message/CompletePurchaseResponse.php
A	vendor/omnipay/global-alipay/src/Message/WapPurchaseRequest.php
A	vendor/omnipay/global-alipay/src/Message/WapPurchaseResponse.php
A	vendor/omnipay/global-alipay/src/Message/WebPurchaseRequest.php
A	vendor/omnipay/global-alipay/src/Message/WebPurchaseResponse.php
A	vendor/omnipay/global-alipay/src/WapGateway.php
A	vendor/omnipay/global-alipay/src/WebGateway.php
A	vendor/omnipay/unionpay/.gitignore
A	vendor/omnipay/unionpay/.travis.yml
A	vendor/omnipay/unionpay/README.md
A	vendor/omnipay/unionpay/composer.json
A	vendor/omnipay/unionpay/src/AbstractLegacyGateway.php
A	vendor/omnipay/unionpay/src/ExpressGateway.php
A	vendor/omnipay/unionpay/src/Helper.php
A	vendor/omnipay/unionpay/src/LegacyMobileGateway.php
A	vendor/omnipay/unionpay/src/LegacyQuickPayGateway.php
A	vendor/omnipay/unionpay/src/Message/AbstractExpressRequest.php
A	vendor/omnipay/unionpay/src/Message/AbstractLegacyMobileRequest.php
A	vendor/omnipay/unionpay/src/Message/AbstractLegacyQuickPayRequest.php
A	vendor/omnipay/unionpay/src/Message/AbstractLegacyRequest.php
A	vendor/omnipay/unionpay/src/Message/BaseAbstractRequest.php
A	vendor/omnipay/unionpay/src/Message/ExpressCompletePurchaseRequest.php
A	vendor/omnipay/unionpay/src/Message/ExpressCompletePurchaseResponse.php
A	vendor/omnipay/unionpay/src/Message/ExpressConsumeUndoRequest.php
A	vendor/omnipay/unionpay/src/Message/ExpressFileTransferRequest.php
A	vendor/omnipay/unionpay/src/Message/ExpressPurchaseRequest.php
A	vendor/omnipay/unionpay/src/Message/ExpressPurchaseResponse.php
A	vendor/omnipay/unionpay/src/Message/ExpressQueryRequest.php
A	vendor/omnipay/unionpay/src/Message/ExpressRefundRequest.php
A	vendor/omnipay/unionpay/src/Message/ExpressResponse.php
A	vendor/omnipay/unionpay/src/Message/LegacyCompletePurchaseRequest.php
A	vendor/omnipay/unionpay/src/Message/LegacyCompletePurchaseResponse.php
A	vendor/omnipay/unionpay/src/Message/LegacyMobilePurchaseRequest.php
A	vendor/omnipay/unionpay/src/Message/LegacyMobilePurchaseResponse.php
A	vendor/omnipay/unionpay/src/Message/LegacyQuickPayPurchaseRequest.php
A	vendor/omnipay/unionpay/src/Message/LegacyQuickPayPurchaseResponse.php
A	vendor/omnipay/wechatpay/README.md
A	vendor/omnipay/wechatpay/composer.json
A	vendor/omnipay/wechatpay/src/AppGateway.php
A	vendor/omnipay/wechatpay/src/BaseAbstractGateway.php
A	vendor/omnipay/wechatpay/src/Gateway.php
A	vendor/omnipay/wechatpay/src/Helper.php
A	vendor/omnipay/wechatpay/src/JsGateway.php
A	vendor/omnipay/wechatpay/src/Message/BaseAbstractRequest.php
A	vendor/omnipay/wechatpay/src/Message/BaseAbstractResponse.php
A	vendor/omnipay/wechatpay/src/Message/CloseOrderRequest.php
A	vendor/omnipay/wechatpay/src/Message/CloseOrderResponse.php
A	vendor/omnipay/wechatpay/src/Message/CompletePurchaseRequest.php
A	vendor/omnipay/wechatpay/src/Message/CompletePurchaseResponse.php
A	vendor/omnipay/wechatpay/src/Message/CreateMicroOrderRequest.php
A	vendor/omnipay/wechatpay/src/Message/CreateMicroOrderResponse.php
A	vendor/omnipay/wechatpay/src/Message/CreateOrderRequest.php
A	vendor/omnipay/wechatpay/src/Message/CreateOrderResponse.php
A	vendor/omnipay/wechatpay/src/Message/DownloadBillRequest.php
A	vendor/omnipay/wechatpay/src/Message/DownloadBillResponse.php
A	vendor/omnipay/wechatpay/src/Message/QueryOpenIdByAuthCodeRequest.php
A	vendor/omnipay/wechatpay/src/Message/QueryOpenIdByAuthCodeResponse.php
A	vendor/omnipay/wechatpay/src/Message/QueryOrderRequest.php
A	vendor/omnipay/wechatpay/src/Message/QueryOrderResponse.php
A	vendor/omnipay/wechatpay/src/Message/QueryRefundRequest.php
A	vendor/omnipay/wechatpay/src/Message/QueryRefundResponse.php
A	vendor/omnipay/wechatpay/src/Message/RefundOrderRequest.php
A	vendor/omnipay/wechatpay/src/Message/RefundOrderResponse.php
A	vendor/omnipay/wechatpay/src/Message/ShortenUrlRequest.php
A	vendor/omnipay/wechatpay/src/Message/ShortenUrlResponse.php
A	vendor/omnipay/wechatpay/src/NativeGateway.php
A	vendor/omnipay/wechatpay/src/PosGateway.php
M	vendor/royalcms/framework/Royalcms/Component/Config/Resources/system.php
M	vendor/royalcms/framework/Royalcms/Component/Database/Connection.php
M	vendor/royalcms/framework/Royalcms/Component/Database/Connectors/ConnectorInterface.php
M	vendor/royalcms/framework/Royalcms/Component/Database/Connectors/MySqlConnector.php
M	vendor/royalcms/framework/Royalcms/Component/Database/Connectors/PostgresConnector.php
M	vendor/royalcms/framework/Royalcms/Component/Database/Connectors/SQLiteConnector.php
M	vendor/royalcms/framework/Royalcms/Component/Database/Connectors/SqlServerConnector.php
M	vendor/royalcms/framework/Royalcms/Component/DateTime/Time.php
M	vendor/royalcms/framework/Royalcms/Component/Foundation/Royalcms.php
M	vendor/royalcms/framework/bootstrap/compatible.php
M	vendor/royalcms/framework/bootstrap/helpers.php
A	vendor/royalcms/hashids/README.md
A	vendor/royalcms/hashids/Royalcms/Component/Hashids/Facades/Hashids.php
A	vendor/royalcms/hashids/Royalcms/Component/Hashids/HashidsServiceProvider.php
A	vendor/royalcms/hashids/composer.json
A	vendor/royalcms/hashids/config/hashids.php
A	vendor/royalcms/omnipay/README.md
A	vendor/royalcms/omnipay/Royalcms/Component/Omnipay/Facades/Omnipay.php
A	vendor/royalcms/omnipay/Royalcms/Component/Omnipay/OmnipayManager.php
A	vendor/royalcms/omnipay/Royalcms/Component/Omnipay/OmnipayServiceProvider.php
A	vendor/royalcms/omnipay/composer.json
A	vendor/royalcms/omnipay/config/config.php
A	vendor/royalcms/pinyin/README.md
A	vendor/royalcms/pinyin/Royalcms/Component/Pinyin/Facades/Pinyin.php
A	vendor/royalcms/pinyin/Royalcms/Component/Pinyin/Lib/Pinyin.php
A	vendor/royalcms/pinyin/Royalcms/Component/Pinyin/Pinyin.php
A	vendor/royalcms/pinyin/Royalcms/Component/Pinyin/PinyinServiceProvider.php
A	vendor/royalcms/pinyin/composer.json
M	vendor/royalcms/storage/Royalcms/Component/Storage/Direct.php
D	vendor/royalcms/storage/Royalcms/Component/Storage/FilesystemServiceProvider.php
A	vendor/royalcms/storage/Royalcms/Component/Storage/StorageServiceProvider.php
A	vendor/royalcms/weapp/Royalcms/Component/WeApp/Core/AbstractMiniProgram.php
A	vendor/royalcms/weapp/Royalcms/Component/WeApp/Core/AccessToken.php
A	vendor/royalcms/weapp/Royalcms/Component/WeApp/Encryption/Encryptor.php
A	vendor/royalcms/weapp/Royalcms/Component/WeApp/Material/Temporary.php
A	vendor/royalcms/weapp/Royalcms/Component/WeApp/Notice/Notice.php
A	vendor/royalcms/weapp/Royalcms/Component/WeApp/QRCode/QRCode.php
A	vendor/royalcms/weapp/Royalcms/Component/WeApp/Server/Guard.php
A	vendor/royalcms/weapp/Royalcms/Component/WeApp/Sns/Sns.php
A	vendor/royalcms/weapp/Royalcms/Component/WeApp/Staff/Staff.php
A	vendor/royalcms/weapp/Royalcms/Component/WeApp/Stats/Stats.php
A	vendor/royalcms/weapp/Royalcms/Component/WeApp/WeApp.php
A	vendor/royalcms/weapp/Royalcms/Component/WeApp/WeAppServiceProvider.php
M	vendor/royalcms/wechat-user/Royalcms/Component/WeChat/User/MiniAppUser.php
M	vendor/royalcms/wechat-user/Royalcms/Component/WeChat/User/MiniAppUserServiceProvider.php
M	vendor/royalcms/wechat/Royalcms/Component/WeChat/WeChatServiceProvider.php
D	vendor/royalcms/wechat/Royalcms/Component/WeChat/Config/config.php
A	vendor/royalcms/wechat/config/config.php
