M	bootstrap/classmap.php
M	content/apps/adsense/admin.php
M	content/apps/adsense/admin_cycleimage.php
M	content/apps/adsense/admin_group.php
M	content/apps/adsense/admin_position.php
M	content/apps/adsense/admin_shortcut.php
A	content/apps/adsense/apis/adsense_adsense_group_merchant_api.class.php
A	content/apps/adsense/apis/adsense_cycleimage_merchant_api.class.php
A	content/apps/adsense/apis/adsense_merchant_menu_api.class.php
A	content/apps/adsense/apis/adsense_merchant_purview_api.class.php
A	content/apps/adsense/apis/adsense_shortcut_merchant_api.class.php
A	content/apps/adsense/classes/Merchant/PositionManage.php
A	content/apps/adsense/classes/MerchantPositionManage.php
A	content/apps/adsense/classes/Models/MerchantAdGroupModel.php
A	content/apps/adsense/classes/Models/MerchantAdModel.php
A	content/apps/adsense/classes/Models/MerchantAdPositionModel.php
M	content/apps/adsense/classes/PositionManage.php
M	content/apps/adsense/classes/Repositories/AdRepository.php
A	content/apps/adsense/classes/Repositories/MerchantAdGroupRepository.php
A	content/apps/adsense/classes/Repositories/MerchantAdPositionRepository.php
A	content/apps/adsense/classes/Repositories/MerchantAdRepository.php
A	content/apps/adsense/classes/Repositories/MerchantCycleImageRepository.php
A	content/apps/adsense/classes/Repositories/MerchantShortcutMenuRepository.php
A	content/apps/adsense/configs/merchant_ad.cfg.php
A	content/apps/adsense/configs/merchant_adgroup.cfg.php
A	content/apps/adsense/configs/merchant_cycleimage.cfg.php
A	content/apps/adsense/configs/merchant_shortcut.cfg.php
A	content/apps/adsense/mh_ad.php
A	content/apps/adsense/mh_cycleimage.php
A	content/apps/adsense/mh_group.php
A	content/apps/adsense/mh_position.php
A	content/apps/adsense/mh_shortcut.php
M	content/apps/adsense/statics/js/cycleimage.js
M	content/apps/adsense/statics/js/group.js
A	content/apps/adsense/statics/js/mh_ad_position.js
A	content/apps/adsense/statics/js/mh_adsense.js
A	content/apps/adsense/statics/js/mh_cycleimage.js
A	content/apps/adsense/statics/js/mh_group.js
A	content/apps/adsense/statics/js/mh_shortcut.js
A	content/apps/adsense/statics/styles/merchant.css
M	content/apps/adsense/templates/admin/adsense_group_constitute.dwt.php
M	content/apps/adsense/templates/admin/adsense_group_list.dwt.php
M	content/apps/adsense/templates/admin/adsense_position_info.dwt.php
A	content/apps/adsense/templates/merchant/mh_adsense_group_constitute.dwt.php
A	content/apps/adsense/templates/merchant/mh_adsense_group_info.dwt.php
A	content/apps/adsense/templates/merchant/mh_adsense_group_list.dwt.php
A	content/apps/adsense/templates/merchant/mh_adsense_group_position_list.dwt.php
A	content/apps/adsense/templates/merchant/mh_adsense_info.dwt.php
A	content/apps/adsense/templates/merchant/mh_adsense_list.dwt.php
A	content/apps/adsense/templates/merchant/mh_adsense_position_info.dwt.php
A	content/apps/adsense/templates/merchant/mh_adsense_position_list.dwt.php
A	content/apps/adsense/templates/merchant/mh_cycleimage_group_info.dwt.php
A	content/apps/adsense/templates/merchant/mh_cycleimage_info.dwt.php
A	content/apps/adsense/templates/merchant/mh_cycleimage_list.dwt.php
A	content/apps/adsense/templates/merchant/mh_shortcut_group_info.dwt.php
A	content/apps/adsense/templates/merchant/mh_shortcut_info.dwt.php
A	content/apps/adsense/templates/merchant/mh_shortcut_list.dwt.php
M	content/apps/article/admin.php
M	content/apps/article/admin_article_auto.php
M	content/apps/article/admin_articlecat.php
D	content/apps/store/admin_notice.php
A	content/apps/article/admin_notice.php
M	content/apps/article/admin_shophelp.php
M	content/apps/article/admin_shopinfo.php
M	content/apps/article/apis/article_admin_menu_api.class.php
M	content/apps/article/apis/article_admin_purview_api.class.php
M	content/apps/article/apis/article_article_info_api.class.php
M	content/apps/article/apis/article_article_list_api.class.php
A	content/apps/article/apis/article_merchant_menu_api.class.php
A	content/apps/article/apis/article_merchant_purview_api.class.php
M	content/apps/article/classes/article_cat.class.php
A	content/apps/article/classes/article_list.class.php
A	content/apps/article/configs/article_type.cfg.php
M	content/apps/article/configs/cattype.cfg.php
M	content/apps/article/functions/admin_article.func.php
M	content/apps/article/functions/global.func.php
A	content/apps/article/functions/merchant_article.func.php
M	content/apps/article/languages/zh_CN/article.lang.php
A	content/apps/article/merchant.php
M	content/apps/article/model/article_viewmodel.class.php
M	content/apps/article/model/goods_article_viewmodel.class.php
A	content/apps/article/modules/article/category_module.class.php
A	content/apps/article/modules/article/comment/comments_module.class.php
A	content/apps/article/modules/article/comment/create_module.class.php
M	content/apps/article/modules/article/detail_module.class.php
A	content/apps/article/modules/article/home/cycleimage_module.class.php
A	content/apps/article/modules/article/like/like_manage_module.class.php
A	content/apps/article/modules/article/list_module.class.php
A	content/apps/article/modules/article/suggestlist_module.class.php
M	content/apps/article/modules/shop/help/detail_module.class.php
M	content/apps/article/modules/shop/info/detail_module.class.php
M	content/apps/article/modules/shop/info_module.class.php
M	content/apps/article/statics/js/article_list.js
A	content/apps/article/statics/js/comment_list.js
A	content/apps/article/statics/js/merchant_article_list.js
D	content/apps/store/statics/js/store_notice.js
A	content/apps/article/statics/js/store_notice.js
A	content/apps/article/templates/admin/article_comment_list.dwt.php
M	content/apps/article/templates/admin/article_info.dwt.php
M	content/apps/article/templates/admin/article_list.dwt.php
D	content/apps/store/templates/admin/store_notice_info.dwt.php
A	content/apps/article/templates/admin/article_notice_info.dwt.php
D	content/apps/store/templates/admin/store_notice_list.dwt.php
A	content/apps/article/templates/admin/article_notice_list.dwt.php
A	content/apps/article/templates/admin/comments.dwt.php
M	content/apps/article/templates/admin/link_goods.dwt.php
M	content/apps/article/templates/admin/preview.dwt.php
M	content/apps/article/templates/admin/shophelp_cat_list.dwt.php
A	content/apps/article/templates/merchant/article_comment_list.dwt.php
A	content/apps/article/templates/merchant/article_info.dwt.php
A	content/apps/article/templates/merchant/article_list.dwt.php
A	content/apps/article/templates/merchant/link_goods.dwt.php
A	content/apps/article/templates/merchant/preview.dwt.php
M	content/apps/bonus/admin.php
M	content/apps/bonus/apis/bonus_bonus_type_list_api.class.php
M	content/apps/captcha/modules/captcha/admin/sms_module.class.php
M	content/apps/captcha/modules/captcha/sms_module.class.php
M	content/apps/cart/apis/cart_flow_done_api.class.php
M	content/apps/cart/classes/cart.class.php
M	content/apps/cart/modules/flow/checkOrder_module.class.php
M	content/apps/cart/modules/flow/done_module.class.php
M	content/apps/commission/apis/commission_merchant_menu_api.class.php
M	content/apps/cron/classes/cron_method.class.php
M	content/apps/favourable/classes/hooks/merchant_favourable.class.php
M	content/apps/franchisee/merchant.php
M	content/apps/goods/admin.php
M	content/apps/goods/apis/goods_seller_goods_category_api.class.php
M	content/apps/goods/classes/seller_goods_cat.class.php
M	content/apps/goods/functions/global.func.php
M	content/apps/goods/functions/merchant_goods.func.php
M	content/apps/goods/merchant.php
M	content/apps/goods/mh_category.php
M	content/apps/goods/model/new_goods_article_viewmodel.class.php
M	content/apps/goods/modules/goods/detail_module.class.php
A	content/apps/goods/statics/assets/bootstrap-fileupload/bootstrap-fileupload.css
A	content/apps/goods/statics/assets/bootstrap-fileupload/bootstrap-fileupload.js
M	content/apps/goods/statics/js/merchant_goods_category.js
M	content/apps/goods/statics/js/merchant_goods_list.js
M	content/apps/goods/templates/admin/goods_list.dwt.php
M	content/apps/goods/templates/merchant/category_info.dwt.php
M	content/apps/goods/templates/merchant/goods_list.dwt.php
M	content/apps/goods/templates/merchant/link_article.dwt.php
M	content/apps/merchant/classes/ecjia_merchant.class.php
M	content/apps/merchant/merchant.php
A	content/apps/merchant/statics/img/plus.png
M	content/apps/merchant/templates/merchant/library/common_header.lbi.php
M	content/apps/mobile/admin_config.php
M	content/apps/mobile/admin_street.php
M	content/apps/mobile/languages/zh_CN/mobile.lang.php
M	content/apps/mobile/statics/css/mobile_street.css
A	content/apps/mobile/statics/images/peisong.png
A	content/apps/mobile/statics/images/zhanggui.png
M	content/apps/mobile/templates/admin/mobile_street.dwt.php
M	content/apps/notification/admin.php
M	content/apps/notification/apis/notification_admin_purview_api.class.php
M	content/apps/notification/apis/notification_tool_menu_api.class.php
M	content/apps/notification/functions/global.func.php
A	content/apps/notification/languages/zh_CN/notification.lang.php
M	content/apps/notification/statics/js/notification.js
M	content/apps/orders/admin_order_delivery.php
M	content/apps/orders/apis/orders_merchant_menu_api.class.php
M	content/apps/orders/apis/orders_order_delivery_ship_api.class.php
M	content/apps/orders/apis/orders_order_list_api.class.php
M	content/apps/orders/apis/orders_order_paid_api.class.php
M	content/apps/orders/apis/orders_user_account_paid_api.class.php
M	content/apps/orders/functions/global.func.php
M	content/apps/orders/mh_delivery.php
M	content/apps/orders/modules/admin/orders/operate/delivery_module.class.php
M	content/apps/orders/modules/order/list_module.class.php
A	content/apps/payment/admin_plugin.php
A	content/apps/payment/apis/payment_plugin_menu_api.class.php
M	content/apps/payment/statics/js/payment_admin.js
A	content/apps/payment/templates/admin/payment_channel.dwt.php
M	content/apps/promotion/merchant.php
A	content/apps/shipping/admin_area_plugin.php
A	content/apps/shipping/admin_plugin.php
A	content/apps/shipping/apis/shipping_plugin_menu_api.class.php
A	content/apps/shipping/templates/admin/shipping_area_channel.dwt.php
A	content/apps/shipping/templates/admin/shipping_channel.dwt.php
M	content/apps/shopguide/functions/merchant_shopguide.func.php
M	content/apps/shopguide/merchant.php
M	content/apps/sms/admin.php
M	content/apps/sms/admin_config.php
A	content/apps/sms/admin_events.php
A	content/apps/sms/admin_plugin.php
M	content/apps/sms/admin_template.php
M	content/apps/sms/apis/sms_admin_purview_api.class.php
A	content/apps/sms/apis/sms_plugin_install_api.class.php
A	content/apps/sms/apis/sms_plugin_menu_api.class.php
A	content/apps/sms/apis/sms_plugin_uninstall_api.class.php
A	content/apps/sms/apis/sms_send_event_sms_api.class.php
M	content/apps/sms/apis/sms_service_menu_api.class.php
A	content/apps/sms/classes/EventAbstract.php
A	content/apps/sms/classes/EventFactory.php
A	content/apps/sms/classes/Events/SmsGetValidate.php
A	content/apps/sms/classes/Events/SmsJionMerchant.php
A	content/apps/sms/classes/Events/SmsOrderPayed.php
A	content/apps/sms/classes/Events/SmsOrderPickup.php
A	content/apps/sms/classes/Events/SmsOrderPlaced.php
A	content/apps/sms/classes/Events/SmsOrderShipped.php
A	content/apps/sms/classes/Events/SmsRegisterValidate.php
A	content/apps/sms/classes/Events/SmsSelfMerchant.php
A	content/apps/sms/classes/Models/SmsEventModel.php
A	content/apps/sms/classes/Models/SmsSendlistModel.php
A	content/apps/sms/classes/Models/SmsTemplateModel.php
A	content/apps/sms/classes/SmsAbstract.php
A	content/apps/sms/classes/SmsManager.php
A	content/apps/sms/classes/SmsPlugin.php
A	content/apps/sms/classes/SmsTemplate.php
A	content/apps/sms/classes/sms_method.class.php
M	content/apps/sms/classes/sms_send.class.php
A	content/apps/sms/configs/template_code.cfg.php
M	content/apps/sms/functions/global.func.php
M	content/apps/sms/languages/zh_CN/sms.lang.php
M	content/apps/sms/model/sms_sendlist_model.class.php
A	content/apps/sms/statics/js/sms_channel.js
A	content/apps/sms/statics/js/sms_events.js
M	content/apps/sms/statics/js/sms_template.js
A	content/apps/sms/templates/admin/sms_channel.dwt.php
A	content/apps/sms/templates/admin/sms_channel_edit.dwt.php
M	content/apps/sms/templates/admin/sms_config.dwt.php
A	content/apps/sms/templates/admin/sms_events_list.dwt.php
M	content/apps/sms/templates/admin/sms_send_history.dwt.php
M	content/apps/sms/templates/admin/sms_template_info.dwt.php
M	content/apps/sms/templates/admin/sms_template_list.dwt.php
A	content/apps/sms/templates/admin/sms_template_test.dwt.php
M	content/apps/staff/apis/staff_merchant_menu_api.class.php
M	content/apps/staff/classes/hooks/merchant_staff.class.php
M	content/apps/staff/get_password.php
M	content/apps/staff/merchant.php
M	content/apps/staff/mh_log.php
M	content/apps/staff/mh_profile.php
M	content/apps/stats/apis/stats_merchant_menu_api.class.php
M	content/apps/store/admin.php
M	content/apps/store/admin_commission.php
M	content/apps/store/admin_preaudit.php
M	content/apps/store/apis/store_admin_menu_api.class.php
M	content/apps/store/apis/store_store_list_api.class.php
M	content/apps/store/classes/hooks/admin_store.class.php
D	content/apps/store/functions/admin_ecmoban.func.php
M	content/apps/store/languages/zh_CN/store.lang.php
M	content/apps/store/modules/admin/merchant/validate_module.class.php
M	content/apps/store/modules/home/data_module.class.php
A	content/apps/store/modules/merchant/config_module.class.php
M	content/apps/store/modules/merchant/goods/category_module.class.php
A	content/apps/store/modules/merchant/home/category_module.class.php
M	content/apps/store/modules/merchant/home/data_module.class.php
A	content/apps/store/modules/merchant/nearby_module.class.php
M	content/apps/store/statics/js/store.js
M	content/apps/touch/classes/ecjia_touch_api.class.php
M	content/apps/touch/classes/hooks/admin_touch.class.php
M	content/apps/touch/classes/hooks/merchant_touch.class.php
M	content/apps/user/functions/admin_user.func.php
M	content/apps/user/get_password.php
M	content/apps/user/model/article_viewmodel.class.php
M	content/apps/user/modules/address/add_module.class.php
M	content/apps/user/modules/address/update_module.class.php
M	content/apps/user/modules/admin/user/account/validate_module.class.php
M	content/apps/user/modules/admin/user/info_module.class.php
M	content/apps/user/modules/admin/validate/get_module.class.php
M	content/apps/user/modules/user/forget_password_module.class.php
M	content/apps/user/modules/user/info_module.class.php
M	content/apps/user/modules/user/userbind_module.class.php
M	content/apps/user/modules/v2/admin/user/forget_request_module.class.php
M	content/apps/user/modules/validate/get_module.class.php
M	content/apps/wechat/admin_customer.php
M	content/apps/wechat/admin_qrcode.php
M	content/apps/wechat/admin_record.php
M	content/apps/wechat/admin_request.php
M	content/apps/wechat/admin_response.php
M	content/apps/wechat/admin_share.php
M	content/apps/wechat/admin_subscribe.php
M	content/apps/wechat/admin_template.php
M	content/apps/wechat/classes/ErrorCodes.php
M	content/apps/wechat/classes/WechatUUID.php
M	content/configs/api.php
M	content/configs/namespaces.php
M	content/configs/provider.php
M	content/configs/release.php
M	content/database/migrations/2017_05_05_101947_add_city_code_to_ad_position_table.php
A	content/database/migrations/2017_06_14_112611_create_merchants_ad_table.php
A	content/database/migrations/2017_06_14_113657_create_merchants_ad_position_table.php
A	content/database/migrations/2017_06_14_114511_create_notification_channels_table.php
A	content/database/migrations/2017_06_14_115023_create_notification_templates_table.php
A	content/database/migrations/2017_06_14_132723_create_notification_events_table.php
A	content/database/migrations/2017_06_14_133830_create_discuss_comments_table.php
A	content/database/migrations/2017_06_14_134453_create_discuss_likes_table.php
A	content/database/migrations/2017_06_14_140837_add_cat_image_to_merchants_category_table.php
A	content/database/migrations/2017_06_14_141241_alter_article_table.php
A	content/database/migrations/2017_06_14_143031_alter_sms_sendlist_table.php
A	content/database/migrations/2017_06_16_100024_alter_article_cat_table.php
A	content/database/patchs/v1.6.0/Version_10600.php
A	content/database/patchs/v1.6.0/ecjia-daojia-patch-v1.6.0.log
A	content/database/patchs/v1.6.0/readme.txt
D	content/database/seeds/InitArticleCatTableSeeder.php
A	content/database/seeds/DemoArticleCatTableSeeder.php
A	content/database/seeds/DemoArticleTableSeeder.php
M	content/database/seeds/DemoDatabaseSeeder.php
A	content/database/seeds/DemoGoodsArticleTableSeeder.php
D	content/database/seeds/InitTermMetaTableSeeder.php
A	content/database/seeds/DemoTermMetaTableSeeder.php
M	content/database/seeds/InitAdPositionTableSeeder.php
M	content/database/seeds/InitAdTableSeeder.php
D	content/database/seeds/InitArticleTableSeeder.php
M	content/database/seeds/InitDatabaseSeeder.php
M	content/database/seeds/InitMailTemplatesTableSeeder.php
M	content/database/seeds/InitShopConfigTableSeeder.php
M	content/plugins/cron_auto_manage/cron_auto_manage.class.php
A	content/plugins/sms_ihuyi/IHuYiAgent.php
A	content/plugins/sms_ihuyi/config.php
A	content/plugins/sms_ihuyi/languages/zh_CN/plugin.lang.php
A	content/plugins/sms_ihuyi/sms_ihuyi.class.php
A	content/plugins/sms_ihuyi/sms_ihuyi.php
M	content/system/admin_application.php
M	content/system/admin_logs.php
M	content/system/admin_plugin.php
M	content/system/admin_role.php
M	content/system/apis/system_system_menu_api.class.php
A	content/system/classes/Admins/Plugin/ConfigMenu.php
M	content/system/classes/Config/CompatibleTrait.php
M	content/system/classes/Config/Config.php
M	content/system/classes/Config/Exceptions/ConfigGroupRepeatException.php
M	content/system/classes/Plugin/PluginManager.php
M	content/system/classes/Plugin/PluginModel.php
M	content/system/classes/Theme/ThemeManager.php
M	content/system/classes/ecjia.class.php
M	content/system/classes/ecjia_form.class.php
M	content/system/classes/ecjia_front.class.php
M	content/system/classes/ecjia_sms.class.php
M	content/system/classes/ecjia_view.class.php
M	content/system/classes/hooks/admin_system.class.php
M	content/system/configs/constant.cfg.php
M	content/system/get_password.php
M	content/system/index.php
M	content/system/languages/zh_CN/admin_logs.lang.php
M	content/system/languages/zh_CN/plugin.lang.php
M	content/system/navigator.php
M	content/system/privilege.php
M	content/system/shop_config.php
M	content/system/smarty/block.t.php
M	content/system/start/command.php
M	content/system/start/local.php
M	content/system/start/routes.php
A	content/system/statics/images/platform_logo.png
M	content/system/statics/js/jquery-cookie.min.js
M	content/system/statics/js/jquery-counter.min.js
M	content/system/statics/js/jquery-debouncedresize.min.js
M	content/system/statics/js/jquery-inputmask.min.js
M	content/system/statics/js/jquery-mediaTable.min.js
M	content/system/statics/js/jquery-migrate.min.js
M	content/system/statics/js/jquery-mockjax.js
M	content/system/statics/js/jquery-peity.min.js
M	content/system/statics/js/jquery-pjax.js
M	content/system/statics/js/jquery-pjax.min.js
M	content/system/statics/js/jquery.min.js
M	content/system/statics/js/jquery.pjax.js
M	content/system/statics/js/json2.js
M	content/system/statics/lib/Chart/Chart.js
M	content/system/statics/lib/Chart/Chart.min.js
M	content/system/statics/lib/acejs/ace.js
M	content/system/statics/lib/acejs/ext-beautify.js
M	content/system/statics/lib/acejs/ext-chromevox.js
M	content/system/statics/lib/acejs/ext-elastic_tabstops_lite.js
M	content/system/statics/lib/acejs/ext-emmet.js
M	content/system/statics/lib/acejs/ext-error_marker.js
M	content/system/statics/lib/acejs/ext-keybinding_menu.js
M	content/system/statics/lib/acejs/ext-language_tools.js
M	content/system/statics/lib/acejs/ext-linking.js
M	content/system/statics/lib/acejs/ext-modelist.js
M	content/system/statics/lib/acejs/ext-old_ie.js
M	content/system/statics/lib/acejs/ext-searchbox.js
M	content/system/statics/lib/acejs/ext-settings_menu.js
M	content/system/statics/lib/acejs/ext-spellcheck.js
M	content/system/statics/lib/acejs/ext-split.js
M	content/system/statics/lib/acejs/ext-static_highlight.js
M	content/system/statics/lib/acejs/ext-statusbar.js
M	content/system/statics/lib/acejs/ext-textarea.js
M	content/system/statics/lib/acejs/ext-themelist.js
M	content/system/statics/lib/acejs/ext-whitespace.js
M	content/system/statics/lib/acejs/keybinding-emacs.js
M	content/system/statics/lib/acejs/keybinding-vim.js
M	content/system/statics/lib/acejs/mode-abap.js
M	content/system/statics/lib/acejs/mode-abc.js
M	content/system/statics/lib/acejs/mode-actionscript.js
M	content/system/statics/lib/acejs/mode-ada.js
M	content/system/statics/lib/acejs/mode-apache_conf.js
M	content/system/statics/lib/acejs/mode-applescript.js
M	content/system/statics/lib/acejs/mode-asciidoc.js
M	content/system/statics/lib/acejs/mode-assembly_x86.js
M	content/system/statics/lib/acejs/mode-autohotkey.js
M	content/system/statics/lib/acejs/mode-batchfile.js
M	content/system/statics/lib/acejs/mode-c9search.js
M	content/system/statics/lib/acejs/mode-c_cpp.js
M	content/system/statics/lib/acejs/mode-cirru.js
M	content/system/statics/lib/acejs/mode-clojure.js
M	content/system/statics/lib/acejs/mode-cobol.js
M	content/system/statics/lib/acejs/mode-coffee.js
M	content/system/statics/lib/acejs/mode-coldfusion.js
M	content/system/statics/lib/acejs/mode-csharp.js
M	content/system/statics/lib/acejs/mode-css.js
M	content/system/statics/lib/acejs/mode-curly.js
M	content/system/statics/lib/acejs/mode-d.js
M	content/system/statics/lib/acejs/mode-dart.js
M	content/system/statics/lib/acejs/mode-diff.js
M	content/system/statics/lib/acejs/mode-django.js
M	content/system/statics/lib/acejs/mode-dockerfile.js
M	content/system/statics/lib/acejs/mode-dot.js
M	content/system/statics/lib/acejs/mode-eiffel.js
M	content/system/statics/lib/acejs/mode-ejs.js
M	content/system/statics/lib/acejs/mode-elixir.js
M	content/system/statics/lib/acejs/mode-elm.js
M	content/system/statics/lib/acejs/mode-erlang.js
M	content/system/statics/lib/acejs/mode-forth.js
M	content/system/statics/lib/acejs/mode-fortran.js
M	content/system/statics/lib/acejs/mode-ftl.js
M	content/system/statics/lib/acejs/mode-gcode.js
M	content/system/statics/lib/acejs/mode-gherkin.js
M	content/system/statics/lib/acejs/mode-gitignore.js
M	content/system/statics/lib/acejs/mode-glsl.js
M	content/system/statics/lib/acejs/mode-gobstones.js
M	content/system/statics/lib/acejs/mode-golang.js
M	content/system/statics/lib/acejs/mode-groovy.js
M	content/system/statics/lib/acejs/mode-haml.js
M	content/system/statics/lib/acejs/mode-handlebars.js
M	content/system/statics/lib/acejs/mode-haskell.js
M	content/system/statics/lib/acejs/mode-haxe.js
M	content/system/statics/lib/acejs/mode-html.js
M	content/system/statics/lib/acejs/mode-html_elixir.js
M	content/system/statics/lib/acejs/mode-html_ruby.js
M	content/system/statics/lib/acejs/mode-ini.js
M	content/system/statics/lib/acejs/mode-io.js
M	content/system/statics/lib/acejs/mode-jack.js
M	content/system/statics/lib/acejs/mode-jade.js
M	content/system/statics/lib/acejs/mode-java.js
M	content/system/statics/lib/acejs/mode-javascript.js
M	content/system/statics/lib/acejs/mode-json.js
M	content/system/statics/lib/acejs/mode-jsoniq.js
M	content/system/statics/lib/acejs/mode-jsp.js
M	content/system/statics/lib/acejs/mode-jsx.js
M	content/system/statics/lib/acejs/mode-julia.js
M	content/system/statics/lib/acejs/mode-latex.js
M	content/system/statics/lib/acejs/mode-lean.js
M	content/system/statics/lib/acejs/mode-less.js
M	content/system/statics/lib/acejs/mode-liquid.js
M	content/system/statics/lib/acejs/mode-lisp.js
M	content/system/statics/lib/acejs/mode-live_script.js
M	content/system/statics/lib/acejs/mode-livescript.js
M	content/system/statics/lib/acejs/mode-logiql.js
M	content/system/statics/lib/acejs/mode-lsl.js
M	content/system/statics/lib/acejs/mode-lua.js
M	content/system/statics/lib/acejs/mode-luapage.js
M	content/system/statics/lib/acejs/mode-lucene.js
M	content/system/statics/lib/acejs/mode-makefile.js
M	content/system/statics/lib/acejs/mode-markdown.js
M	content/system/statics/lib/acejs/mode-mask.js
M	content/system/statics/lib/acejs/mode-matlab.js
M	content/system/statics/lib/acejs/mode-maze.js
M	content/system/statics/lib/acejs/mode-mel.js
M	content/system/statics/lib/acejs/mode-mips_assembler.js
M	content/system/statics/lib/acejs/mode-mipsassembler.js
M	content/system/statics/lib/acejs/mode-mushcode.js
M	content/system/statics/lib/acejs/mode-mysql.js
M	content/system/statics/lib/acejs/mode-nix.js
M	content/system/statics/lib/acejs/mode-nsis.js
M	content/system/statics/lib/acejs/mode-objectivec.js
M	content/system/statics/lib/acejs/mode-ocaml.js
M	content/system/statics/lib/acejs/mode-pascal.js
M	content/system/statics/lib/acejs/mode-perl.js
M	content/system/statics/lib/acejs/mode-pgsql.js
M	content/system/statics/lib/acejs/mode-php.js
M	content/system/statics/lib/acejs/mode-plain_text.js
M	content/system/statics/lib/acejs/mode-powershell.js
M	content/system/statics/lib/acejs/mode-praat.js
M	content/system/statics/lib/acejs/mode-prolog.js
M	content/system/statics/lib/acejs/mode-properties.js
M	content/system/statics/lib/acejs/mode-protobuf.js
M	content/system/statics/lib/acejs/mode-python.js
M	content/system/statics/lib/acejs/mode-r.js
M	content/system/statics/lib/acejs/mode-razor.js
M	content/system/statics/lib/acejs/mode-rdoc.js
M	content/system/statics/lib/acejs/mode-rhtml.js
M	content/system/statics/lib/acejs/mode-rst.js
M	content/system/statics/lib/acejs/mode-ruby.js
M	content/system/statics/lib/acejs/mode-rust.js
M	content/system/statics/lib/acejs/mode-sass.js
M	content/system/statics/lib/acejs/mode-scad.js
M	content/system/statics/lib/acejs/mode-scala.js
M	content/system/statics/lib/acejs/mode-scheme.js
M	content/system/statics/lib/acejs/mode-scss.js
M	content/system/statics/lib/acejs/mode-sh.js
M	content/system/statics/lib/acejs/mode-sjs.js
M	content/system/statics/lib/acejs/mode-smarty.js
M	content/system/statics/lib/acejs/mode-snippets.js
M	content/system/statics/lib/acejs/mode-soy_template.js
M	content/system/statics/lib/acejs/mode-space.js
M	content/system/statics/lib/acejs/mode-sql.js
M	content/system/statics/lib/acejs/mode-sqlserver.js
M	content/system/statics/lib/acejs/mode-stylus.js
M	content/system/statics/lib/acejs/mode-svg.js
M	content/system/statics/lib/acejs/mode-swift.js
M	content/system/statics/lib/acejs/mode-swig.js
M	content/system/statics/lib/acejs/mode-tcl.js
M	content/system/statics/lib/acejs/mode-tex.js
M	content/system/statics/lib/acejs/mode-text.js
M	content/system/statics/lib/acejs/mode-textile.js
M	content/system/statics/lib/acejs/mode-toml.js
M	content/system/statics/lib/acejs/mode-twig.js
M	content/system/statics/lib/acejs/mode-typescript.js
M	content/system/statics/lib/acejs/mode-vala.js
M	content/system/statics/lib/acejs/mode-vbscript.js
M	content/system/statics/lib/acejs/mode-velocity.js
M	content/system/statics/lib/acejs/mode-verilog.js
M	content/system/statics/lib/acejs/mode-vhdl.js
M	content/system/statics/lib/acejs/mode-wollok.js
M	content/system/statics/lib/acejs/mode-xml.js
M	content/system/statics/lib/acejs/mode-xquery.js
M	content/system/statics/lib/acejs/mode-yaml.js
M	content/system/statics/lib/acejs/snippets/abap.js
M	content/system/statics/lib/acejs/snippets/abc.js
M	content/system/statics/lib/acejs/snippets/actionscript.js
M	content/system/statics/lib/acejs/snippets/ada.js
M	content/system/statics/lib/acejs/snippets/apache_conf.js
M	content/system/statics/lib/acejs/snippets/applescript.js
M	content/system/statics/lib/acejs/snippets/asciidoc.js
M	content/system/statics/lib/acejs/snippets/assembly_x86.js
M	content/system/statics/lib/acejs/snippets/autohotkey.js
M	content/system/statics/lib/acejs/snippets/batchfile.js
M	content/system/statics/lib/acejs/snippets/c9search.js
M	content/system/statics/lib/acejs/snippets/c_cpp.js
M	content/system/statics/lib/acejs/snippets/cirru.js
M	content/system/statics/lib/acejs/snippets/clojure.js
M	content/system/statics/lib/acejs/snippets/cobol.js
M	content/system/statics/lib/acejs/snippets/coffee.js
M	content/system/statics/lib/acejs/snippets/coldfusion.js
M	content/system/statics/lib/acejs/snippets/csharp.js
M	content/system/statics/lib/acejs/snippets/css.js
M	content/system/statics/lib/acejs/snippets/curly.js
M	content/system/statics/lib/acejs/snippets/d.js
M	content/system/statics/lib/acejs/snippets/dart.js
M	content/system/statics/lib/acejs/snippets/diff.js
M	content/system/statics/lib/acejs/snippets/django.js
M	content/system/statics/lib/acejs/snippets/dockerfile.js
M	content/system/statics/lib/acejs/snippets/dot.js
M	content/system/statics/lib/acejs/snippets/eiffel.js
M	content/system/statics/lib/acejs/snippets/ejs.js
M	content/system/statics/lib/acejs/snippets/elixir.js
M	content/system/statics/lib/acejs/snippets/elm.js
M	content/system/statics/lib/acejs/snippets/erlang.js
M	content/system/statics/lib/acejs/snippets/forth.js
M	content/system/statics/lib/acejs/snippets/fortran.js
M	content/system/statics/lib/acejs/snippets/ftl.js
M	content/system/statics/lib/acejs/snippets/gcode.js
M	content/system/statics/lib/acejs/snippets/gherkin.js
M	content/system/statics/lib/acejs/snippets/gitignore.js
M	content/system/statics/lib/acejs/snippets/glsl.js
M	content/system/statics/lib/acejs/snippets/gobstones.js
M	content/system/statics/lib/acejs/snippets/golang.js
M	content/system/statics/lib/acejs/snippets/groovy.js
M	content/system/statics/lib/acejs/snippets/haml.js
M	content/system/statics/lib/acejs/snippets/handlebars.js
M	content/system/statics/lib/acejs/snippets/haskell.js
M	content/system/statics/lib/acejs/snippets/haxe.js
M	content/system/statics/lib/acejs/snippets/html.js
M	content/system/statics/lib/acejs/snippets/html_elixir.js
M	content/system/statics/lib/acejs/snippets/html_ruby.js
M	content/system/statics/lib/acejs/snippets/ini.js
M	content/system/statics/lib/acejs/snippets/io.js
M	content/system/statics/lib/acejs/snippets/jack.js
M	content/system/statics/lib/acejs/snippets/jade.js
M	content/system/statics/lib/acejs/snippets/java.js
M	content/system/statics/lib/acejs/snippets/javascript.js
M	content/system/statics/lib/acejs/snippets/json.js
M	content/system/statics/lib/acejs/snippets/jsoniq.js
M	content/system/statics/lib/acejs/snippets/jsp.js
M	content/system/statics/lib/acejs/snippets/jsx.js
M	content/system/statics/lib/acejs/snippets/julia.js
M	content/system/statics/lib/acejs/snippets/latex.js
M	content/system/statics/lib/acejs/snippets/lean.js
M	content/system/statics/lib/acejs/snippets/less.js
M	content/system/statics/lib/acejs/snippets/liquid.js
M	content/system/statics/lib/acejs/snippets/lisp.js
M	content/system/statics/lib/acejs/snippets/live_script.js
M	content/system/statics/lib/acejs/snippets/livescript.js
M	content/system/statics/lib/acejs/snippets/logiql.js
M	content/system/statics/lib/acejs/snippets/lsl.js
M	content/system/statics/lib/acejs/snippets/lua.js
M	content/system/statics/lib/acejs/snippets/luapage.js
M	content/system/statics/lib/acejs/snippets/lucene.js
M	content/system/statics/lib/acejs/snippets/makefile.js
M	content/system/statics/lib/acejs/snippets/markdown.js
M	content/system/statics/lib/acejs/snippets/mask.js
M	content/system/statics/lib/acejs/snippets/matlab.js
M	content/system/statics/lib/acejs/snippets/maze.js
M	content/system/statics/lib/acejs/snippets/mel.js
M	content/system/statics/lib/acejs/snippets/mips_assembler.js
M	content/system/statics/lib/acejs/snippets/mipsassembler.js
M	content/system/statics/lib/acejs/snippets/mushcode.js
M	content/system/statics/lib/acejs/snippets/mysql.js
M	content/system/statics/lib/acejs/snippets/nix.js
M	content/system/statics/lib/acejs/snippets/nsis.js
M	content/system/statics/lib/acejs/snippets/objectivec.js
M	content/system/statics/lib/acejs/snippets/ocaml.js
M	content/system/statics/lib/acejs/snippets/pascal.js
M	content/system/statics/lib/acejs/snippets/perl.js
M	content/system/statics/lib/acejs/snippets/pgsql.js
M	content/system/statics/lib/acejs/snippets/php.js
M	content/system/statics/lib/acejs/snippets/plain_text.js
M	content/system/statics/lib/acejs/snippets/powershell.js
M	content/system/statics/lib/acejs/snippets/praat.js
M	content/system/statics/lib/acejs/snippets/prolog.js
M	content/system/statics/lib/acejs/snippets/properties.js
M	content/system/statics/lib/acejs/snippets/protobuf.js
M	content/system/statics/lib/acejs/snippets/python.js
M	content/system/statics/lib/acejs/snippets/r.js
M	content/system/statics/lib/acejs/snippets/razor.js
M	content/system/statics/lib/acejs/snippets/rdoc.js
M	content/system/statics/lib/acejs/snippets/rhtml.js
M	content/system/statics/lib/acejs/snippets/rst.js
M	content/system/statics/lib/acejs/snippets/ruby.js
M	content/system/statics/lib/acejs/snippets/rust.js
M	content/system/statics/lib/acejs/snippets/sass.js
M	content/system/statics/lib/acejs/snippets/scad.js
M	content/system/statics/lib/acejs/snippets/scala.js
M	content/system/statics/lib/acejs/snippets/scheme.js
M	content/system/statics/lib/acejs/snippets/scss.js
M	content/system/statics/lib/acejs/snippets/sh.js
M	content/system/statics/lib/acejs/snippets/sjs.js
M	content/system/statics/lib/acejs/snippets/smarty.js
M	content/system/statics/lib/acejs/snippets/snippets.js
M	content/system/statics/lib/acejs/snippets/soy_template.js
M	content/system/statics/lib/acejs/snippets/space.js
M	content/system/statics/lib/acejs/snippets/sql.js
M	content/system/statics/lib/acejs/snippets/sqlserver.js
M	content/system/statics/lib/acejs/snippets/stylus.js
M	content/system/statics/lib/acejs/snippets/svg.js
M	content/system/statics/lib/acejs/snippets/swift.js
M	content/system/statics/lib/acejs/snippets/swig.js
M	content/system/statics/lib/acejs/snippets/tcl.js
M	content/system/statics/lib/acejs/snippets/tex.js
M	content/system/statics/lib/acejs/snippets/text.js
M	content/system/statics/lib/acejs/snippets/textile.js
M	content/system/statics/lib/acejs/snippets/toml.js
M	content/system/statics/lib/acejs/snippets/twig.js
M	content/system/statics/lib/acejs/snippets/typescript.js
M	content/system/statics/lib/acejs/snippets/vala.js
M	content/system/statics/lib/acejs/snippets/vbscript.js
M	content/system/statics/lib/acejs/snippets/velocity.js
M	content/system/statics/lib/acejs/snippets/verilog.js
M	content/system/statics/lib/acejs/snippets/vhdl.js
M	content/system/statics/lib/acejs/snippets/wollok.js
M	content/system/statics/lib/acejs/snippets/xml.js
M	content/system/statics/lib/acejs/snippets/xquery.js
M	content/system/statics/lib/acejs/snippets/yaml.js
M	content/system/statics/lib/acejs/theme-ambiance.js
M	content/system/statics/lib/acejs/theme-chaos.js
M	content/system/statics/lib/acejs/theme-chrome.js
M	content/system/statics/lib/acejs/theme-clouds.js
M	content/system/statics/lib/acejs/theme-clouds_midnight.js
M	content/system/statics/lib/acejs/theme-cobalt.js
M	content/system/statics/lib/acejs/theme-crimson_editor.js
M	content/system/statics/lib/acejs/theme-dawn.js
M	content/system/statics/lib/acejs/theme-dreamweaver.js
M	content/system/statics/lib/acejs/theme-eclipse.js
M	content/system/statics/lib/acejs/theme-github.js
M	content/system/statics/lib/acejs/theme-idle_fingers.js
M	content/system/statics/lib/acejs/theme-iplastic.js
M	content/system/statics/lib/acejs/theme-katzenmilch.js
M	content/system/statics/lib/acejs/theme-kr_theme.js
M	content/system/statics/lib/acejs/theme-kuroir.js
M	content/system/statics/lib/acejs/theme-merbivore.js
M	content/system/statics/lib/acejs/theme-merbivore_soft.js
M	content/system/statics/lib/acejs/theme-mono_industrial.js
M	content/system/statics/lib/acejs/theme-monokai.js
M	content/system/statics/lib/acejs/theme-pastel_on_dark.js
M	content/system/statics/lib/acejs/theme-solarized_dark.js
M	content/system/statics/lib/acejs/theme-solarized_light.js
M	content/system/statics/lib/acejs/theme-sqlserver.js
M	content/system/statics/lib/acejs/theme-terminal.js
M	content/system/statics/lib/acejs/theme-textmate.js
M	content/system/statics/lib/acejs/theme-tomorrow.js
M	content/system/statics/lib/acejs/theme-tomorrow_night.js
M	content/system/statics/lib/acejs/theme-tomorrow_night_blue.js
M	content/system/statics/lib/acejs/theme-tomorrow_night_bright.js
M	content/system/statics/lib/acejs/theme-tomorrow_night_eighties.js
M	content/system/statics/lib/acejs/theme-twilight.js
M	content/system/statics/lib/acejs/theme-vibrant_ink.js
M	content/system/statics/lib/acejs/theme-xcode.js
M	content/system/statics/lib/acejs/worker-coffee.js
M	content/system/statics/lib/acejs/worker-css.js
M	content/system/statics/lib/acejs/worker-html.js
M	content/system/statics/lib/acejs/worker-javascript.js
M	content/system/statics/lib/acejs/worker-json.js
M	content/system/statics/lib/acejs/worker-lua.js
M	content/system/statics/lib/acejs/worker-php.js
M	content/system/statics/lib/acejs/worker-xml.js
M	content/system/statics/lib/acejs/worker-xquery.js
M	content/system/statics/lib/chosen/chosen_v1.3/chosen.css
M	content/system/statics/lib/chosen/chosen_v1.3/chosen.jquery.js
M	content/system/statics/lib/chosen/chosen_v1.3/chosen.jquery.min.js
M	content/system/statics/lib/chosen/chosen_v1.3/chosen.min.css
M	content/system/statics/lib/chosen/chosen_v1.3/chosen.proto.js
M	content/system/statics/lib/chosen/chosen_v1.3/chosen.proto.min.js
M	content/system/statics/lib/datatables/jquery.dataTables.bootstrap.min.js
M	content/system/statics/lib/datatables/jquery.dataTables.sorting.js
M	content/system/statics/lib/dropper-upload/Gruntfile.js
M	content/system/statics/lib/dropper-upload/bower.json
M	content/system/statics/lib/dropper-upload/dropper.jquery.json
M	content/system/statics/lib/dropper-upload/jquery.fs.dropper.css
M	content/system/statics/lib/dropper-upload/jquery.fs.dropper.js
M	content/system/statics/lib/dropper-upload/jquery.fs.dropper.min.css
M	content/system/statics/lib/dropper-upload/jquery.fs.dropper.min.js
M	content/system/statics/lib/dropper-upload/package.json
M	content/system/statics/lib/flot/jquery.flot.curvedLines.min.js
M	content/system/statics/lib/flot/jquery.flot.multihighlight.min.js
M	content/system/statics/lib/flot/jquery.flot.orderBars.min.js
M	content/system/statics/lib/flot/jquery.flot.pyramid.js
M	content/system/statics/lib/google-code-prettify/prettify.css
M	content/system/statics/lib/ie/ie.css
M	content/system/statics/lib/ios-fix/ios-orientationchange-fix.min.js
M	content/system/statics/lib/jquery-form/jquery.form.1.0.js
M	content/system/statics/lib/selectnav/selectnav.js
M	content/system/statics/lib/sticky/sticky.css
M	content/system/statics/lib/sticky/sticky.min.js
M	content/system/statics/lib/tag_handler/jquery.taghandler.min.js
M	content/system/templates/ecjia.dwt.php
M	content/system/templates/get_pwd.dwt.php
M	content/system/templates/index.dwt.php
M	content/system/templates/library/shop_config_form.lbi.php
A	content/system/templates/plugin_config.dwt.php
M	content/themes/ecjia-intro/functions.php
M	content/themes/ecjia-pc/extras/classes/utility/merchant_function.class.php
M	content/themes/ecjia-pc/extras/classes/utility/pc_function.class.php
M	content/themes/ecjia-pc/extras/controller/merchant_controller.php
M	content/themes/ecjia-pc/library/merchant_header.lbi.php
M	content/themes/ecjia-pc/merchant_detail.dwt.php
A	content/uploads/data/article/1497477308456933275.png
A	content/uploads/data/article/1497478012537089411.png
A	content/uploads/data/article/1497478802349064314.png
A	content/uploads/data/cycleimage/1496342092378279633.png
A	content/uploads/data/cycleimage/1496342134992478693.png
A	content/uploads/data/cycleimage/1496342191006151668.png
A	content/uploads/data/cycleimage/1496342278158792453.png
A	content/uploads/data/cycleimage/1496342328783842332.png
M	sites/app/content/themes/ecjia-app/functions.php
A	sites/m/content/themes/h5/application.dwt.php
M	sites/m/content/themes/h5/cart_list.dwt.php
M	sites/m/content/themes/h5/css/ecjia_city.css
A	sites/m/content/themes/h5/discover_article.dwt.php
A	sites/m/content/themes/h5/discover_init.dwt.php
M	sites/m/content/themes/h5/extras/controller/article_controller.php
M	sites/m/content/themes/h5/extras/controller/cart_controller.php
M	sites/m/content/themes/h5/extras/controller/connect_controller.php
M	sites/m/content/themes/h5/extras/controller/goods_controller.php
M	sites/m/content/themes/h5/extras/controller/merchant_controller.php
A	sites/m/content/themes/h5/extras/controller/mobile_controller.php
M	sites/m/content/themes/h5/extras/controller/pay_controller.php
M	sites/m/content/themes/h5/extras/controller/touch_controller.php
M	sites/m/content/themes/h5/extras/controller/user_account_controller.php
M	sites/m/content/themes/h5/extras/controller/user_address_controller.php
M	sites/m/content/themes/h5/extras/controller/user_bonus_controller.php
M	sites/m/content/themes/h5/extras/controller/user_controller.php
M	sites/m/content/themes/h5/extras/controller/user_order_controller.php
M	sites/m/content/themes/h5/franchisee_first.dwt.php
M	sites/m/content/themes/h5/franchisee_get_location.dwt.php
M	sites/m/content/themes/h5/franchisee_process.dwt.php
M	sites/m/content/themes/h5/franchisee_search.dwt.php
M	sites/m/content/themes/h5/franchisee_second.dwt.php
M	sites/m/content/themes/h5/functions.php
M	sites/m/content/themes/h5/goods_show.dwt.php
D	sites/m/content/themes/h5/images/address_list/icon_swich.png
A	sites/m/content/themes/h5/images/address_list/icon_search.png
M	sites/m/content/themes/h5/images/bar/bar.png
A	sites/m/content/themes/h5/images/discover/200_1.png
A	sites/m/content/themes/h5/images/discover/200_10.png
A	sites/m/content/themes/h5/images/discover/200_2.png
A	sites/m/content/themes/h5/images/discover/200_3.png
A	sites/m/content/themes/h5/images/discover/200_4.png
A	sites/m/content/themes/h5/images/discover/200_5.png
A	sites/m/content/themes/h5/images/discover/200_6.png
A	sites/m/content/themes/h5/images/discover/200_7.png
A	sites/m/content/themes/h5/images/discover/200_8.png
A	sites/m/content/themes/h5/images/discover/200_9.png
A	sites/m/content/themes/h5/images/discover/50_1.png
A	sites/m/content/themes/h5/images/discover/50_2.png
A	sites/m/content/themes/h5/images/discover/50_3.png
A	sites/m/content/themes/h5/images/discover/50_4.png
A	sites/m/content/themes/h5/images/discover/50_5.png
A	sites/m/content/themes/h5/images/discover/50_6.png
A	sites/m/content/themes/h5/images/discover/75_1.png
A	sites/m/content/themes/h5/images/discover/75_2.png
A	sites/m/content/themes/h5/images/discover/75_3.png
A	sites/m/content/themes/h5/images/discover/75_4.png
A	sites/m/content/themes/h5/images/discover/75_5.png
A	sites/m/content/themes/h5/images/discover/75_6.png
A	sites/m/content/themes/h5/images/icon/icon-clock.png
A	sites/m/content/themes/h5/images/icon/icon-eye.png
A	sites/m/content/themes/h5/images/store_logo.png
A	sites/m/content/themes/h5/images/user_center/o_75_2.png
A	sites/m/content/themes/h5/images/user_center/o_75_3.png
A	sites/m/content/themes/h5/images/user_center/o_75_4.png
A	sites/m/content/themes/h5/images/user_center/o_75_5.png
M	sites/m/content/themes/h5/js/ecjia.touch.goods.js
M	sites/m/content/themes/h5/js/ecjia.touch.js
M	sites/m/content/themes/h5/js/ecjia.touch.others.js
M	sites/m/content/themes/h5/js/ecjia.touch.raty.js
M	sites/m/content/themes/h5/js/ecjia.touch.spread.js
M	sites/m/content/themes/h5/js/ecjia.touch.user.js
A	sites/m/content/themes/h5/library/article_comment.lbi.php
A	sites/m/content/themes/h5/library/article_list.lbi.php
M	sites/m/content/themes/h5/library/merchant_goods.lbi.php
M	sites/m/content/themes/h5/library/model_bar.lbi.php
M	sites/m/content/themes/h5/library/store_list.lbi.php
M	sites/m/content/themes/h5/library/suggest_store.lbi.php
M	sites/m/content/themes/h5/merchant.dwt.php
M	sites/m/content/themes/h5/spread.dwt.php
M	sites/m/content/themes/h5/store_list.dwt.php
M	sites/m/content/themes/h5/style.css
M	sites/m/content/themes/h5/user.dwt.php
M	sites/m/content/themes/h5/user_get_integral.dwt.php
M	sites/m/content/themes/h5/user_order_list.dwt.php
M	sites/m/content/themes/h5/user_reward_detail.dwt.php
M	sites/merchant/content/configs/merchant.php
M	vendor/composer/autoload_namespaces.php
M	vendor/ezyang/htmlpurifier/library/HTMLPurifier.auto.php
M	vendor/ezyang/htmlpurifier/library/HTMLPurifier.autoload.php
M	vendor/ezyang/htmlpurifier/library/HTMLPurifier.composer.php
M	vendor/ezyang/htmlpurifier/library/HTMLPurifier.func.php
M	vendor/ezyang/htmlpurifier/library/HTMLPurifier.includes.php
M	vendor/ezyang/htmlpurifier/library/HTMLPurifier.kses.php
M	vendor/ezyang/htmlpurifier/library/HTMLPurifier.path.php
M	vendor/ezyang/htmlpurifier/library/HTMLPurifier.php
M	vendor/ezyang/htmlpurifier/library/HTMLPurifier.safe-includes.php
M	vendor/ezyang/htmlpurifier/library/HTMLPurifier/Arborize.php
M	vendor/ezyang/htmlpurifier/library/HTMLPurifier/AttrCollections.php
M	vendor/ezyang/htmlpurifier/library/HTMLPurifier/AttrDef.php
M	vendor/ezyang/htmlpurifier/library/HTMLPurifier/AttrDef/CSS.php
M	vendor/ezyang/htmlpurifier/library/HTMLPurifier/AttrDef/CSS/AlphaValue.php
M	vendor/ezyang/htmlpurifier/library/HTMLPurifier/AttrDef/CSS/Background.php
M	vendor/ezyang/htmlpurifier/library/HTMLPurifier/AttrDef/CSS/BackgroundPosition.php
M	vendor/ezyang/htmlpurifier/library/HTMLPurifier/AttrDef/CSS/Border.php
M	vendor/ezyang/htmlpurifier/library/HTMLPurifier/AttrDef/CSS/Color.php
M	vendor/ezyang/htmlpurifier/library/HTMLPurifier/AttrDef/CSS/Composite.php
M	vendor/ezyang/htmlpurifier/library/HTMLPurifier/AttrDef/CSS/DenyElementDecorator.php
M	vendor/ezyang/htmlpurifier/library/HTMLPurifier/AttrDef/CSS/Filter.php
M	vendor/ezyang/htmlpurifier/library/HTMLPurifier/AttrDef/CSS/Font.php
M	vendor/ezyang/htmlpurifier/library/HTMLPurifier/AttrDef/CSS/FontFamily.php
M	vendor/ezyang/htmlpurifier/library/HTMLPurifier/AttrDef/CSS/Ident.php
M	vendor/ezyang/htmlpurifier/library/HTMLPurifier/AttrDef/CSS/ImportantDecorator.php
M	vendor/ezyang/htmlpurifier/library/HTMLPurifier/AttrDef/CSS/Length.php
M	vendor/ezyang/htmlpurifier/library/HTMLPurifier/AttrDef/CSS/ListStyle.php
M	vendor/ezyang/htmlpurifier/library/HTMLPurifier/AttrDef/CSS/Multiple.php
M	vendor/ezyang/htmlpurifier/library/HTMLPurifier/AttrDef/CSS/Number.php
M	vendor/ezyang/htmlpurifier/library/HTMLPurifier/AttrDef/CSS/Percentage.php
M	vendor/ezyang/htmlpurifier/library/HTMLPurifier/AttrDef/CSS/TextDecoration.php
M	vendor/ezyang/htmlpurifier/library/HTMLPurifier/AttrDef/CSS/URI.php
M	vendor/ezyang/htmlpurifier/library/HTMLPurifier/AttrDef/Clone.php
M	vendor/ezyang/htmlpurifier/library/HTMLPurifier/AttrDef/Enum.php
M	vendor/ezyang/htmlpurifier/library/HTMLPurifier/AttrDef/HTML/Bool.php
M	vendor/ezyang/htmlpurifier/library/HTMLPurifier/AttrDef/HTML/Class.php
M	vendor/ezyang/htmlpurifier/library/HTMLPurifier/AttrDef/HTML/Color.php
M	vendor/ezyang/htmlpurifier/library/HTMLPurifier/AttrDef/HTML/FrameTarget.php
M	vendor/ezyang/htmlpurifier/library/HTMLPurifier/AttrDef/HTML/ID.php
M	vendor/ezyang/htmlpurifier/library/HTMLPurifier/AttrDef/HTML/Length.php
M	vendor/ezyang/htmlpurifier/library/HTMLPurifier/AttrDef/HTML/LinkTypes.php
M	vendor/ezyang/htmlpurifier/library/HTMLPurifier/AttrDef/HTML/MultiLength.php
M	vendor/ezyang/htmlpurifier/library/HTMLPurifier/AttrDef/HTML/Nmtokens.php
M	vendor/ezyang/htmlpurifier/library/HTMLPurifier/AttrDef/HTML/Pixels.php
M	vendor/ezyang/htmlpurifier/library/HTMLPurifier/AttrDef/Integer.php
M	vendor/ezyang/htmlpurifier/library/HTMLPurifier/AttrDef/Lang.php
M	vendor/ezyang/htmlpurifier/library/HTMLPurifier/AttrDef/Switch.php
M	vendor/ezyang/htmlpurifier/library/HTMLPurifier/AttrDef/Text.php
M	vendor/ezyang/htmlpurifier/library/HTMLPurifier/AttrDef/URI.php
M	vendor/ezyang/htmlpurifier/library/HTMLPurifier/AttrDef/URI/Email.php
M	vendor/ezyang/htmlpurifier/library/HTMLPurifier/AttrDef/URI/Email/SimpleCheck.php
M	vendor/ezyang/htmlpurifier/library/HTMLPurifier/AttrDef/URI/Host.php
M	vendor/ezyang/htmlpurifier/library/HTMLPurifier/AttrDef/URI/IPv4.php
M	vendor/ezyang/htmlpurifier/library/HTMLPurifier/AttrDef/URI/IPv6.php
M	vendor/ezyang/htmlpurifier/library/HTMLPurifier/AttrTransform.php
M	vendor/ezyang/htmlpurifier/library/HTMLPurifier/AttrTransform/Background.php
M	vendor/ezyang/htmlpurifier/library/HTMLPurifier/AttrTransform/BdoDir.php
M	vendor/ezyang/htmlpurifier/library/HTMLPurifier/AttrTransform/BgColor.php
M	vendor/ezyang/htmlpurifier/library/HTMLPurifier/AttrTransform/BoolToCSS.php
M	vendor/ezyang/htmlpurifier/library/HTMLPurifier/AttrTransform/Border.php
M	vendor/ezyang/htmlpurifier/library/HTMLPurifier/AttrTransform/EnumToCSS.php
M	vendor/ezyang/htmlpurifier/library/HTMLPurifier/AttrTransform/ImgRequired.php
M	vendor/ezyang/htmlpurifier/library/HTMLPurifier/AttrTransform/ImgSpace.php
M	vendor/ezyang/htmlpurifier/library/HTMLPurifier/AttrTransform/Input.php
M	vendor/ezyang/htmlpurifier/library/HTMLPurifier/AttrTransform/Lang.php
M	vendor/ezyang/htmlpurifier/library/HTMLPurifier/AttrTransform/Length.php
M	vendor/ezyang/htmlpurifier/library/HTMLPurifier/AttrTransform/Name.php
M	vendor/ezyang/htmlpurifier/library/HTMLPurifier/AttrTransform/NameSync.php
M	vendor/ezyang/htmlpurifier/library/HTMLPurifier/AttrTransform/Nofollow.php
M	vendor/ezyang/htmlpurifier/library/HTMLPurifier/AttrTransform/SafeEmbed.php
M	vendor/ezyang/htmlpurifier/library/HTMLPurifier/AttrTransform/SafeObject.php
M	vendor/ezyang/htmlpurifier/library/HTMLPurifier/AttrTransform/SafeParam.php
M	vendor/ezyang/htmlpurifier/library/HTMLPurifier/AttrTransform/ScriptRequired.php
M	vendor/ezyang/htmlpurifier/library/HTMLPurifier/AttrTransform/TargetBlank.php
M	vendor/ezyang/htmlpurifier/library/HTMLPurifier/AttrTransform/TargetNoopener.php
M	vendor/ezyang/htmlpurifier/library/HTMLPurifier/AttrTransform/TargetNoreferrer.php
M	vendor/ezyang/htmlpurifier/library/HTMLPurifier/AttrTransform/Textarea.php
M	vendor/ezyang/htmlpurifier/library/HTMLPurifier/AttrTypes.php
M	vendor/ezyang/htmlpurifier/library/HTMLPurifier/AttrValidator.php
M	vendor/ezyang/htmlpurifier/library/HTMLPurifier/Bootstrap.php
M	vendor/ezyang/htmlpurifier/library/HTMLPurifier/CSSDefinition.php
M	vendor/ezyang/htmlpurifier/library/HTMLPurifier/ChildDef.php
M	vendor/ezyang/htmlpurifier/library/HTMLPurifier/ChildDef/Chameleon.php
M	vendor/ezyang/htmlpurifier/library/HTMLPurifier/ChildDef/Custom.php
M	vendor/ezyang/htmlpurifier/library/HTMLPurifier/ChildDef/Empty.php
M	vendor/ezyang/htmlpurifier/library/HTMLPurifier/ChildDef/List.php
M	vendor/ezyang/htmlpurifier/library/HTMLPurifier/ChildDef/Optional.php
M	vendor/ezyang/htmlpurifier/library/HTMLPurifier/ChildDef/Required.php
M	vendor/ezyang/htmlpurifier/library/HTMLPurifier/ChildDef/StrictBlockquote.php
M	vendor/ezyang/htmlpurifier/library/HTMLPurifier/ChildDef/Table.php
M	vendor/ezyang/htmlpurifier/library/HTMLPurifier/Config.php
M	vendor/ezyang/htmlpurifier/library/HTMLPurifier/ConfigSchema.php
M	vendor/ezyang/htmlpurifier/library/HTMLPurifier/ConfigSchema/Builder/ConfigSchema.php
M	vendor/ezyang/htmlpurifier/library/HTMLPurifier/ConfigSchema/Builder/Xml.php
M	vendor/ezyang/htmlpurifier/library/HTMLPurifier/ConfigSchema/Exception.php
M	vendor/ezyang/htmlpurifier/library/HTMLPurifier/ConfigSchema/Interchange.php
M	vendor/ezyang/htmlpurifier/library/HTMLPurifier/ConfigSchema/Interchange/Directive.php
M	vendor/ezyang/htmlpurifier/library/HTMLPurifier/ConfigSchema/Interchange/Id.php
M	vendor/ezyang/htmlpurifier/library/HTMLPurifier/ConfigSchema/InterchangeBuilder.php
M	vendor/ezyang/htmlpurifier/library/HTMLPurifier/ConfigSchema/Validator.php
M	vendor/ezyang/htmlpurifier/library/HTMLPurifier/ConfigSchema/ValidatorAtom.php
M	vendor/ezyang/htmlpurifier/library/HTMLPurifier/ConfigSchema/schema/Attr.AllowedClasses.txt
M	vendor/ezyang/htmlpurifier/library/HTMLPurifier/ConfigSchema/schema/Attr.AllowedFrameTargets.txt
M	vendor/ezyang/htmlpurifier/library/HTMLPurifier/ConfigSchema/schema/Attr.AllowedRel.txt
M	vendor/ezyang/htmlpurifier/library/HTMLPurifier/ConfigSchema/schema/Attr.AllowedRev.txt
M	vendor/ezyang/htmlpurifier/library/HTMLPurifier/ConfigSchema/schema/Attr.ClassUseCDATA.txt
M	vendor/ezyang/htmlpurifier/library/HTMLPurifier/ConfigSchema/schema/Attr.DefaultImageAlt.txt
M	vendor/ezyang/htmlpurifier/library/HTMLPurifier/ConfigSchema/schema/Attr.DefaultInvalidImage.txt
M	vendor/ezyang/htmlpurifier/library/HTMLPurifier/ConfigSchema/schema/Attr.DefaultInvalidImageAlt.txt
M	vendor/ezyang/htmlpurifier/library/HTMLPurifier/ConfigSchema/schema/Attr.DefaultTextDir.txt
M	vendor/ezyang/htmlpurifier/library/HTMLPurifier/ConfigSchema/schema/Attr.EnableID.txt
M	vendor/ezyang/htmlpurifier/library/HTMLPurifier/ConfigSchema/schema/Attr.ForbiddenClasses.txt
M	vendor/ezyang/htmlpurifier/library/HTMLPurifier/ConfigSchema/schema/Attr.ID.HTML5.txt
M	vendor/ezyang/htmlpurifier/library/HTMLPurifier/ConfigSchema/schema/Attr.IDBlacklist.txt
M	vendor/ezyang/htmlpurifier/library/HTMLPurifier/ConfigSchema/schema/Attr.IDBlacklistRegexp.txt
M	vendor/ezyang/htmlpurifier/library/HTMLPurifier/ConfigSchema/schema/Attr.IDPrefix.txt
M	vendor/ezyang/htmlpurifier/library/HTMLPurifier/ConfigSchema/schema/Attr.IDPrefixLocal.txt
M	vendor/ezyang/htmlpurifier/library/HTMLPurifier/ConfigSchema/schema/AutoFormat.AutoParagraph.txt
M	vendor/ezyang/htmlpurifier/library/HTMLPurifier/ConfigSchema/schema/AutoFormat.Custom.txt
M	vendor/ezyang/htmlpurifier/library/HTMLPurifier/ConfigSchema/schema/AutoFormat.DisplayLinkURI.txt
M	vendor/ezyang/htmlpurifier/library/HTMLPurifier/ConfigSchema/schema/AutoFormat.Linkify.txt
M	vendor/ezyang/htmlpurifier/library/HTMLPurifier/ConfigSchema/schema/AutoFormat.PurifierLinkify.DocURL.txt
M	vendor/ezyang/htmlpurifier/library/HTMLPurifier/ConfigSchema/schema/AutoFormat.PurifierLinkify.txt
M	vendor/ezyang/htmlpurifier/library/HTMLPurifier/ConfigSchema/schema/AutoFormat.RemoveEmpty.Predicate.txt
M	vendor/ezyang/htmlpurifier/library/HTMLPurifier/ConfigSchema/schema/AutoFormat.RemoveEmpty.RemoveNbsp.Exceptions.txt
M	vendor/ezyang/htmlpurifier/library/HTMLPurifier/ConfigSchema/schema/AutoFormat.RemoveEmpty.RemoveNbsp.txt
M	vendor/ezyang/htmlpurifier/library/HTMLPurifier/ConfigSchema/schema/AutoFormat.RemoveEmpty.txt
M	vendor/ezyang/htmlpurifier/library/HTMLPurifier/ConfigSchema/schema/AutoFormat.RemoveSpansWithoutAttributes.txt
M	vendor/ezyang/htmlpurifier/library/HTMLPurifier/ConfigSchema/schema/CSS.AllowDuplicates.txt
M	vendor/ezyang/htmlpurifier/library/HTMLPurifier/ConfigSchema/schema/CSS.AllowImportant.txt
M	vendor/ezyang/htmlpurifier/library/HTMLPurifier/ConfigSchema/schema/CSS.AllowTricky.txt
M	vendor/ezyang/htmlpurifier/library/HTMLPurifier/ConfigSchema/schema/CSS.AllowedFonts.txt
M	vendor/ezyang/htmlpurifier/library/HTMLPurifier/ConfigSchema/schema/CSS.AllowedProperties.txt
M	vendor/ezyang/htmlpurifier/library/HTMLPurifier/ConfigSchema/schema/CSS.DefinitionRev.txt
M	vendor/ezyang/htmlpurifier/library/HTMLPurifier/ConfigSchema/schema/CSS.ForbiddenProperties.txt
M	vendor/ezyang/htmlpurifier/library/HTMLPurifier/ConfigSchema/schema/CSS.MaxImgLength.txt
M	vendor/ezyang/htmlpurifier/library/HTMLPurifier/ConfigSchema/schema/CSS.Proprietary.txt
M	vendor/ezyang/htmlpurifier/library/HTMLPurifier/ConfigSchema/schema/CSS.Trusted.txt
M	vendor/ezyang/htmlpurifier/library/HTMLPurifier/ConfigSchema/schema/Cache.DefinitionImpl.txt
M	vendor/ezyang/htmlpurifier/library/HTMLPurifier/ConfigSchema/schema/Cache.SerializerPath.txt
M	vendor/ezyang/htmlpurifier/library/HTMLPurifier/ConfigSchema/schema/Cache.SerializerPermissions.txt
M	vendor/ezyang/htmlpurifier/library/HTMLPurifier/ConfigSchema/schema/Core.AggressivelyFixLt.txt
M	vendor/ezyang/htmlpurifier/library/HTMLPurifier/ConfigSchema/schema/Core.AggressivelyRemoveScript.txt
M	vendor/ezyang/htmlpurifier/library/HTMLPurifier/ConfigSchema/schema/Core.AllowHostnameUnderscore.txt
M	vendor/ezyang/htmlpurifier/library/HTMLPurifier/ConfigSchema/schema/Core.CollectErrors.txt
M	vendor/ezyang/htmlpurifier/library/HTMLPurifier/ConfigSchema/schema/Core.ColorKeywords.txt
M	vendor/ezyang/htmlpurifier/library/HTMLPurifier/ConfigSchema/schema/Core.ConvertDocumentToFragment.txt
M	vendor/ezyang/htmlpurifier/library/HTMLPurifier/ConfigSchema/schema/Core.DirectLexLineNumberSyncInterval.txt
M	vendor/ezyang/htmlpurifier/library/HTMLPurifier/ConfigSchema/schema/Core.DisableExcludes.txt
M	vendor/ezyang/htmlpurifier/library/HTMLPurifier/ConfigSchema/schema/Core.EnableIDNA.txt
M	vendor/ezyang/htmlpurifier/library/HTMLPurifier/ConfigSchema/schema/Core.Encoding.txt
M	vendor/ezyang/htmlpurifier/library/HTMLPurifier/ConfigSchema/schema/Core.EscapeInvalidChildren.txt
M	vendor/ezyang/htmlpurifier/library/HTMLPurifier/ConfigSchema/schema/Core.EscapeInvalidTags.txt
M	vendor/ezyang/htmlpurifier/library/HTMLPurifier/ConfigSchema/schema/Core.EscapeNonASCIICharacters.txt
M	vendor/ezyang/htmlpurifier/library/HTMLPurifier/ConfigSchema/schema/Core.HiddenElements.txt
M	vendor/ezyang/htmlpurifier/library/HTMLPurifier/ConfigSchema/schema/Core.Language.txt
M	vendor/ezyang/htmlpurifier/library/HTMLPurifier/ConfigSchema/schema/Core.LegacyEntityDecoder.txt
M	vendor/ezyang/htmlpurifier/library/HTMLPurifier/ConfigSchema/schema/Core.LexerImpl.txt
M	vendor/ezyang/htmlpurifier/library/HTMLPurifier/ConfigSchema/schema/Core.MaintainLineNumbers.txt
M	vendor/ezyang/htmlpurifier/library/HTMLPurifier/ConfigSchema/schema/Core.NormalizeNewlines.txt
M	vendor/ezyang/htmlpurifier/library/HTMLPurifier/ConfigSchema/schema/Core.RemoveInvalidImg.txt
M	vendor/ezyang/htmlpurifier/library/HTMLPurifier/ConfigSchema/schema/Core.RemoveProcessingInstructions.txt
M	vendor/ezyang/htmlpurifier/library/HTMLPurifier/ConfigSchema/schema/Core.RemoveScriptContents.txt
M	vendor/ezyang/htmlpurifier/library/HTMLPurifier/ConfigSchema/schema/Filter.Custom.txt
M	vendor/ezyang/htmlpurifier/library/HTMLPurifier/ConfigSchema/schema/Filter.ExtractStyleBlocks.Escaping.txt
M	vendor/ezyang/htmlpurifier/library/HTMLPurifier/ConfigSchema/schema/Filter.ExtractStyleBlocks.Scope.txt
M	vendor/ezyang/htmlpurifier/library/HTMLPurifier/ConfigSchema/schema/Filter.ExtractStyleBlocks.TidyImpl.txt
M	vendor/ezyang/htmlpurifier/library/HTMLPurifier/ConfigSchema/schema/Filter.ExtractStyleBlocks.txt
M	vendor/ezyang/htmlpurifier/library/HTMLPurifier/ConfigSchema/schema/Filter.YouTube.txt
M	vendor/ezyang/htmlpurifier/library/HTMLPurifier/ConfigSchema/schema/HTML.Allowed.txt
M	vendor/ezyang/htmlpurifier/library/HTMLPurifier/ConfigSchema/schema/HTML.AllowedAttributes.txt
M	vendor/ezyang/htmlpurifier/library/HTMLPurifier/ConfigSchema/schema/HTML.AllowedComments.txt
M	vendor/ezyang/htmlpurifier/library/HTMLPurifier/ConfigSchema/schema/HTML.AllowedCommentsRegexp.txt
M	vendor/ezyang/htmlpurifier/library/HTMLPurifier/ConfigSchema/schema/HTML.AllowedElements.txt
M	vendor/ezyang/htmlpurifier/library/HTMLPurifier/ConfigSchema/schema/HTML.AllowedModules.txt
M	vendor/ezyang/htmlpurifier/library/HTMLPurifier/ConfigSchema/schema/HTML.Attr.Name.UseCDATA.txt
M	vendor/ezyang/htmlpurifier/library/HTMLPurifier/ConfigSchema/schema/HTML.BlockWrapper.txt
M	vendor/ezyang/htmlpurifier/library/HTMLPurifier/ConfigSchema/schema/HTML.CoreModules.txt
M	vendor/ezyang/htmlpurifier/library/HTMLPurifier/ConfigSchema/schema/HTML.CustomDoctype.txt
M	vendor/ezyang/htmlpurifier/library/HTMLPurifier/ConfigSchema/schema/HTML.DefinitionID.txt
M	vendor/ezyang/htmlpurifier/library/HTMLPurifier/ConfigSchema/schema/HTML.DefinitionRev.txt
M	vendor/ezyang/htmlpurifier/library/HTMLPurifier/ConfigSchema/schema/HTML.Doctype.txt
M	vendor/ezyang/htmlpurifier/library/HTMLPurifier/ConfigSchema/schema/HTML.FlashAllowFullScreen.txt
M	vendor/ezyang/htmlpurifier/library/HTMLPurifier/ConfigSchema/schema/HTML.ForbiddenAttributes.txt
M	vendor/ezyang/htmlpurifier/library/HTMLPurifier/ConfigSchema/schema/HTML.ForbiddenElements.txt
M	vendor/ezyang/htmlpurifier/library/HTMLPurifier/ConfigSchema/schema/HTML.MaxImgLength.txt
M	vendor/ezyang/htmlpurifier/library/HTMLPurifier/ConfigSchema/schema/HTML.Nofollow.txt
M	vendor/ezyang/htmlpurifier/library/HTMLPurifier/ConfigSchema/schema/HTML.Parent.txt
M	vendor/ezyang/htmlpurifier/library/HTMLPurifier/ConfigSchema/schema/HTML.Proprietary.txt
M	vendor/ezyang/htmlpurifier/library/HTMLPurifier/ConfigSchema/schema/HTML.SafeEmbed.txt
M	vendor/ezyang/htmlpurifier/library/HTMLPurifier/ConfigSchema/schema/HTML.SafeIframe.txt
M	vendor/ezyang/htmlpurifier/library/HTMLPurifier/ConfigSchema/schema/HTML.SafeObject.txt
M	vendor/ezyang/htmlpurifier/library/HTMLPurifier/ConfigSchema/schema/HTML.SafeScripting.txt
M	vendor/ezyang/htmlpurifier/library/HTMLPurifier/ConfigSchema/schema/HTML.Strict.txt
M	vendor/ezyang/htmlpurifier/library/HTMLPurifier/ConfigSchema/schema/HTML.TargetBlank.txt
M	vendor/ezyang/htmlpurifier/library/HTMLPurifier/ConfigSchema/schema/HTML.TargetNoopener.txt
M	vendor/ezyang/htmlpurifier/library/HTMLPurifier/ConfigSchema/schema/HTML.TargetNoreferrer.txt
M	vendor/ezyang/htmlpurifier/library/HTMLPurifier/ConfigSchema/schema/HTML.TidyAdd.txt
M	vendor/ezyang/htmlpurifier/library/HTMLPurifier/ConfigSchema/schema/HTML.TidyLevel.txt
M	vendor/ezyang/htmlpurifier/library/HTMLPurifier/ConfigSchema/schema/HTML.TidyRemove.txt
M	vendor/ezyang/htmlpurifier/library/HTMLPurifier/ConfigSchema/schema/HTML.Trusted.txt
M	vendor/ezyang/htmlpurifier/library/HTMLPurifier/ConfigSchema/schema/HTML.XHTML.txt
M	vendor/ezyang/htmlpurifier/library/HTMLPurifier/ConfigSchema/schema/Output.CommentScriptContents.txt
M	vendor/ezyang/htmlpurifier/library/HTMLPurifier/ConfigSchema/schema/Output.FixInnerHTML.txt
M	vendor/ezyang/htmlpurifier/library/HTMLPurifier/ConfigSchema/schema/Output.FlashCompat.txt
M	vendor/ezyang/htmlpurifier/library/HTMLPurifier/ConfigSchema/schema/Output.Newline.txt
M	vendor/ezyang/htmlpurifier/library/HTMLPurifier/ConfigSchema/schema/Output.SortAttr.txt
M	vendor/ezyang/htmlpurifier/library/HTMLPurifier/ConfigSchema/schema/Output.TidyFormat.txt
M	vendor/ezyang/htmlpurifier/library/HTMLPurifier/ConfigSchema/schema/Test.ForceNoIconv.txt
M	vendor/ezyang/htmlpurifier/library/HTMLPurifier/ConfigSchema/schema/URI.AllowedSchemes.txt
M	vendor/ezyang/htmlpurifier/library/HTMLPurifier/ConfigSchema/schema/URI.Base.txt
M	vendor/ezyang/htmlpurifier/library/HTMLPurifier/ConfigSchema/schema/URI.DefaultScheme.txt
M	vendor/ezyang/htmlpurifier/library/HTMLPurifier/ConfigSchema/schema/URI.DefinitionID.txt
M	vendor/ezyang/htmlpurifier/library/HTMLPurifier/ConfigSchema/schema/URI.DefinitionRev.txt
M	vendor/ezyang/htmlpurifier/library/HTMLPurifier/ConfigSchema/schema/URI.Disable.txt
M	vendor/ezyang/htmlpurifier/library/HTMLPurifier/ConfigSchema/schema/URI.DisableExternal.txt
M	vendor/ezyang/htmlpurifier/library/HTMLPurifier/ConfigSchema/schema/URI.DisableExternalResources.txt
M	vendor/ezyang/htmlpurifier/library/HTMLPurifier/ConfigSchema/schema/URI.DisableResources.txt
M	vendor/ezyang/htmlpurifier/library/HTMLPurifier/ConfigSchema/schema/URI.Host.txt
M	vendor/ezyang/htmlpurifier/library/HTMLPurifier/ConfigSchema/schema/URI.HostBlacklist.txt
M	vendor/ezyang/htmlpurifier/library/HTMLPurifier/ConfigSchema/schema/URI.MakeAbsolute.txt
M	vendor/ezyang/htmlpurifier/library/HTMLPurifier/ConfigSchema/schema/URI.Munge.txt
M	vendor/ezyang/htmlpurifier/library/HTMLPurifier/ConfigSchema/schema/URI.MungeResources.txt
M	vendor/ezyang/htmlpurifier/library/HTMLPurifier/ConfigSchema/schema/URI.MungeSecretKey.txt
M	vendor/ezyang/htmlpurifier/library/HTMLPurifier/ConfigSchema/schema/URI.OverrideAllowedSchemes.txt
M	vendor/ezyang/htmlpurifier/library/HTMLPurifier/ConfigSchema/schema/URI.SafeIframeRegexp.txt
M	vendor/ezyang/htmlpurifier/library/HTMLPurifier/ConfigSchema/schema/info.ini
M	vendor/ezyang/htmlpurifier/library/HTMLPurifier/ContentSets.php
M	vendor/ezyang/htmlpurifier/library/HTMLPurifier/Context.php
M	vendor/ezyang/htmlpurifier/library/HTMLPurifier/Definition.php
M	vendor/ezyang/htmlpurifier/library/HTMLPurifier/DefinitionCache.php
M	vendor/ezyang/htmlpurifier/library/HTMLPurifier/DefinitionCache/Decorator.php
M	vendor/ezyang/htmlpurifier/library/HTMLPurifier/DefinitionCache/Decorator/Cleanup.php
M	vendor/ezyang/htmlpurifier/library/HTMLPurifier/DefinitionCache/Decorator/Memory.php
M	vendor/ezyang/htmlpurifier/library/HTMLPurifier/DefinitionCache/Decorator/Template.php.in
M	vendor/ezyang/htmlpurifier/library/HTMLPurifier/DefinitionCache/Null.php
M	vendor/ezyang/htmlpurifier/library/HTMLPurifier/DefinitionCache/Serializer.php
M	vendor/ezyang/htmlpurifier/library/HTMLPurifier/DefinitionCache/Serializer/README
M	vendor/ezyang/htmlpurifier/library/HTMLPurifier/DefinitionCacheFactory.php
M	vendor/ezyang/htmlpurifier/library/HTMLPurifier/Doctype.php
M	vendor/ezyang/htmlpurifier/library/HTMLPurifier/DoctypeRegistry.php
M	vendor/ezyang/htmlpurifier/library/HTMLPurifier/ElementDef.php
M	vendor/ezyang/htmlpurifier/library/HTMLPurifier/Encoder.php
M	vendor/ezyang/htmlpurifier/library/HTMLPurifier/EntityLookup.php
M	vendor/ezyang/htmlpurifier/library/HTMLPurifier/EntityParser.php
M	vendor/ezyang/htmlpurifier/library/HTMLPurifier/ErrorCollector.php
M	vendor/ezyang/htmlpurifier/library/HTMLPurifier/ErrorStruct.php
M	vendor/ezyang/htmlpurifier/library/HTMLPurifier/Exception.php
M	vendor/ezyang/htmlpurifier/library/HTMLPurifier/Filter.php
M	vendor/ezyang/htmlpurifier/library/HTMLPurifier/Filter/ExtractStyleBlocks.php
M	vendor/ezyang/htmlpurifier/library/HTMLPurifier/Filter/YouTube.php
M	vendor/ezyang/htmlpurifier/library/HTMLPurifier/Generator.php
M	vendor/ezyang/htmlpurifier/library/HTMLPurifier/HTMLDefinition.php
M	vendor/ezyang/htmlpurifier/library/HTMLPurifier/HTMLModule.php
M	vendor/ezyang/htmlpurifier/library/HTMLPurifier/HTMLModule/Bdo.php
M	vendor/ezyang/htmlpurifier/library/HTMLPurifier/HTMLModule/CommonAttributes.php
M	vendor/ezyang/htmlpurifier/library/HTMLPurifier/HTMLModule/Edit.php
M	vendor/ezyang/htmlpurifier/library/HTMLPurifier/HTMLModule/Forms.php
M	vendor/ezyang/htmlpurifier/library/HTMLPurifier/HTMLModule/Hypertext.php
M	vendor/ezyang/htmlpurifier/library/HTMLPurifier/HTMLModule/Iframe.php
M	vendor/ezyang/htmlpurifier/library/HTMLPurifier/HTMLModule/Image.php
M	vendor/ezyang/htmlpurifier/library/HTMLPurifier/HTMLModule/Legacy.php
M	vendor/ezyang/htmlpurifier/library/HTMLPurifier/HTMLModule/List.php
M	vendor/ezyang/htmlpurifier/library/HTMLPurifier/HTMLModule/Name.php
M	vendor/ezyang/htmlpurifier/library/HTMLPurifier/HTMLModule/Nofollow.php
M	vendor/ezyang/htmlpurifier/library/HTMLPurifier/HTMLModule/NonXMLCommonAttributes.php
M	vendor/ezyang/htmlpurifier/library/HTMLPurifier/HTMLModule/Object.php
M	vendor/ezyang/htmlpurifier/library/HTMLPurifier/HTMLModule/Presentation.php
M	vendor/ezyang/htmlpurifier/library/HTMLPurifier/HTMLModule/Proprietary.php
M	vendor/ezyang/htmlpurifier/library/HTMLPurifier/HTMLModule/Ruby.php
M	vendor/ezyang/htmlpurifier/library/HTMLPurifier/HTMLModule/SafeEmbed.php
M	vendor/ezyang/htmlpurifier/library/HTMLPurifier/HTMLModule/SafeObject.php
M	vendor/ezyang/htmlpurifier/library/HTMLPurifier/HTMLModule/SafeScripting.php
M	vendor/ezyang/htmlpurifier/library/HTMLPurifier/HTMLModule/Scripting.php
M	vendor/ezyang/htmlpurifier/library/HTMLPurifier/HTMLModule/StyleAttribute.php
M	vendor/ezyang/htmlpurifier/library/HTMLPurifier/HTMLModule/Tables.php
M	vendor/ezyang/htmlpurifier/library/HTMLPurifier/HTMLModule/Target.php
M	vendor/ezyang/htmlpurifier/library/HTMLPurifier/HTMLModule/TargetBlank.php
M	vendor/ezyang/htmlpurifier/library/HTMLPurifier/HTMLModule/TargetNoopener.php
M	vendor/ezyang/htmlpurifier/library/HTMLPurifier/HTMLModule/TargetNoreferrer.php
M	vendor/ezyang/htmlpurifier/library/HTMLPurifier/HTMLModule/Text.php
M	vendor/ezyang/htmlpurifier/library/HTMLPurifier/HTMLModule/Tidy.php
M	vendor/ezyang/htmlpurifier/library/HTMLPurifier/HTMLModule/Tidy/Name.php
M	vendor/ezyang/htmlpurifier/library/HTMLPurifier/HTMLModule/Tidy/Proprietary.php
M	vendor/ezyang/htmlpurifier/library/HTMLPurifier/HTMLModule/Tidy/Strict.php
M	vendor/ezyang/htmlpurifier/library/HTMLPurifier/HTMLModule/Tidy/Transitional.php
M	vendor/ezyang/htmlpurifier/library/HTMLPurifier/HTMLModule/Tidy/XHTML.php
M	vendor/ezyang/htmlpurifier/library/HTMLPurifier/HTMLModule/Tidy/XHTMLAndHTML4.php
M	vendor/ezyang/htmlpurifier/library/HTMLPurifier/HTMLModule/XMLCommonAttributes.php
M	vendor/ezyang/htmlpurifier/library/HTMLPurifier/HTMLModuleManager.php
M	vendor/ezyang/htmlpurifier/library/HTMLPurifier/IDAccumulator.php
M	vendor/ezyang/htmlpurifier/library/HTMLPurifier/Injector.php
M	vendor/ezyang/htmlpurifier/library/HTMLPurifier/Injector/AutoParagraph.php
M	vendor/ezyang/htmlpurifier/library/HTMLPurifier/Injector/DisplayLinkURI.php
M	vendor/ezyang/htmlpurifier/library/HTMLPurifier/Injector/Linkify.php
M	vendor/ezyang/htmlpurifier/library/HTMLPurifier/Injector/PurifierLinkify.php
M	vendor/ezyang/htmlpurifier/library/HTMLPurifier/Injector/RemoveEmpty.php
M	vendor/ezyang/htmlpurifier/library/HTMLPurifier/Injector/RemoveSpansWithoutAttributes.php
M	vendor/ezyang/htmlpurifier/library/HTMLPurifier/Injector/SafeObject.php
M	vendor/ezyang/htmlpurifier/library/HTMLPurifier/Language.php
M	vendor/ezyang/htmlpurifier/library/HTMLPurifier/Language/classes/en-x-test.php
M	vendor/ezyang/htmlpurifier/library/HTMLPurifier/Language/messages/en-x-test.php
M	vendor/ezyang/htmlpurifier/library/HTMLPurifier/Language/messages/en-x-testmini.php
M	vendor/ezyang/htmlpurifier/library/HTMLPurifier/Language/messages/en.php
M	vendor/ezyang/htmlpurifier/library/HTMLPurifier/LanguageFactory.php
M	vendor/ezyang/htmlpurifier/library/HTMLPurifier/Length.php
M	vendor/ezyang/htmlpurifier/library/HTMLPurifier/Lexer.php
M	vendor/ezyang/htmlpurifier/library/HTMLPurifier/Lexer/DOMLex.php
M	vendor/ezyang/htmlpurifier/library/HTMLPurifier/Lexer/DirectLex.php
M	vendor/ezyang/htmlpurifier/library/HTMLPurifier/Lexer/PH5P.php
M	vendor/ezyang/htmlpurifier/library/HTMLPurifier/Node.php
M	vendor/ezyang/htmlpurifier/library/HTMLPurifier/Node/Comment.php
M	vendor/ezyang/htmlpurifier/library/HTMLPurifier/Node/Element.php
M	vendor/ezyang/htmlpurifier/library/HTMLPurifier/Node/Text.php
M	vendor/ezyang/htmlpurifier/library/HTMLPurifier/PercentEncoder.php
M	vendor/ezyang/htmlpurifier/library/HTMLPurifier/Printer.php
M	vendor/ezyang/htmlpurifier/library/HTMLPurifier/Printer/CSSDefinition.php
M	vendor/ezyang/htmlpurifier/library/HTMLPurifier/Printer/ConfigForm.css
M	vendor/ezyang/htmlpurifier/library/HTMLPurifier/Printer/ConfigForm.js
M	vendor/ezyang/htmlpurifier/library/HTMLPurifier/Printer/ConfigForm.php
M	vendor/ezyang/htmlpurifier/library/HTMLPurifier/Printer/HTMLDefinition.php
M	vendor/ezyang/htmlpurifier/library/HTMLPurifier/PropertyList.php
M	vendor/ezyang/htmlpurifier/library/HTMLPurifier/PropertyListIterator.php
M	vendor/ezyang/htmlpurifier/library/HTMLPurifier/Queue.php
M	vendor/ezyang/htmlpurifier/library/HTMLPurifier/Strategy.php
M	vendor/ezyang/htmlpurifier/library/HTMLPurifier/Strategy/Composite.php
M	vendor/ezyang/htmlpurifier/library/HTMLPurifier/Strategy/Core.php
M	vendor/ezyang/htmlpurifier/library/HTMLPurifier/Strategy/FixNesting.php
M	vendor/ezyang/htmlpurifier/library/HTMLPurifier/Strategy/MakeWellFormed.php
M	vendor/ezyang/htmlpurifier/library/HTMLPurifier/Strategy/RemoveForeignElements.php
M	vendor/ezyang/htmlpurifier/library/HTMLPurifier/Strategy/ValidateAttributes.php
M	vendor/ezyang/htmlpurifier/library/HTMLPurifier/StringHash.php
M	vendor/ezyang/htmlpurifier/library/HTMLPurifier/StringHashParser.php
M	vendor/ezyang/htmlpurifier/library/HTMLPurifier/TagTransform.php
M	vendor/ezyang/htmlpurifier/library/HTMLPurifier/TagTransform/Font.php
M	vendor/ezyang/htmlpurifier/library/HTMLPurifier/TagTransform/Simple.php
M	vendor/ezyang/htmlpurifier/library/HTMLPurifier/Token.php
M	vendor/ezyang/htmlpurifier/library/HTMLPurifier/Token/Comment.php
M	vendor/ezyang/htmlpurifier/library/HTMLPurifier/Token/Empty.php
M	vendor/ezyang/htmlpurifier/library/HTMLPurifier/Token/End.php
M	vendor/ezyang/htmlpurifier/library/HTMLPurifier/Token/Start.php
M	vendor/ezyang/htmlpurifier/library/HTMLPurifier/Token/Tag.php
M	vendor/ezyang/htmlpurifier/library/HTMLPurifier/Token/Text.php
M	vendor/ezyang/htmlpurifier/library/HTMLPurifier/TokenFactory.php
M	vendor/ezyang/htmlpurifier/library/HTMLPurifier/URI.php
M	vendor/ezyang/htmlpurifier/library/HTMLPurifier/URIDefinition.php
M	vendor/ezyang/htmlpurifier/library/HTMLPurifier/URIFilter.php
M	vendor/ezyang/htmlpurifier/library/HTMLPurifier/URIFilter/DisableExternal.php
M	vendor/ezyang/htmlpurifier/library/HTMLPurifier/URIFilter/DisableExternalResources.php
M	vendor/ezyang/htmlpurifier/library/HTMLPurifier/URIFilter/DisableResources.php
M	vendor/ezyang/htmlpurifier/library/HTMLPurifier/URIFilter/HostBlacklist.php
M	vendor/ezyang/htmlpurifier/library/HTMLPurifier/URIFilter/MakeAbsolute.php
M	vendor/ezyang/htmlpurifier/library/HTMLPurifier/URIFilter/Munge.php
M	vendor/ezyang/htmlpurifier/library/HTMLPurifier/URIFilter/SafeIframe.php
M	vendor/ezyang/htmlpurifier/library/HTMLPurifier/URIParser.php
M	vendor/ezyang/htmlpurifier/library/HTMLPurifier/URIScheme.php
M	vendor/ezyang/htmlpurifier/library/HTMLPurifier/URIScheme/data.php
M	vendor/ezyang/htmlpurifier/library/HTMLPurifier/URIScheme/file.php
M	vendor/ezyang/htmlpurifier/library/HTMLPurifier/URIScheme/ftp.php
M	vendor/ezyang/htmlpurifier/library/HTMLPurifier/URIScheme/http.php
M	vendor/ezyang/htmlpurifier/library/HTMLPurifier/URIScheme/https.php
M	vendor/ezyang/htmlpurifier/library/HTMLPurifier/URIScheme/mailto.php
M	vendor/ezyang/htmlpurifier/library/HTMLPurifier/URIScheme/news.php
M	vendor/ezyang/htmlpurifier/library/HTMLPurifier/URIScheme/nntp.php
M	vendor/ezyang/htmlpurifier/library/HTMLPurifier/URIScheme/tel.php
M	vendor/ezyang/htmlpurifier/library/HTMLPurifier/URISchemeRegistry.php
M	vendor/ezyang/htmlpurifier/library/HTMLPurifier/UnitConverter.php
M	vendor/ezyang/htmlpurifier/library/HTMLPurifier/VarParser.php
M	vendor/ezyang/htmlpurifier/library/HTMLPurifier/VarParser/Flexible.php
M	vendor/ezyang/htmlpurifier/library/HTMLPurifier/VarParser/Native.php
M	vendor/ezyang/htmlpurifier/library/HTMLPurifier/VarParserException.php
M	vendor/ezyang/htmlpurifier/library/HTMLPurifier/Zipper.php
A	vendor/paragonie/random_compat/README.md
A	vendor/paragonie/random_compat/composer.json
A	vendor/paragonie/random_compat/lib/byte_safe_strings.php
A	vendor/paragonie/random_compat/lib/cast_to_int.php
A	vendor/paragonie/random_compat/lib/error_polyfill.php
A	vendor/paragonie/random_compat/lib/random.php
A	vendor/paragonie/random_compat/lib/random_bytes_com_dotnet.php
A	vendor/paragonie/random_compat/lib/random_bytes_dev_urandom.php
A	vendor/paragonie/random_compat/lib/random_bytes_libsodium.php
A	vendor/paragonie/random_compat/lib/random_bytes_libsodium_legacy.php
A	vendor/paragonie/random_compat/lib/random_bytes_mcrypt.php
A	vendor/paragonie/random_compat/lib/random_bytes_openssl.php
A	vendor/paragonie/random_compat/lib/random_int.php
A	vendor/royalcms/alidayu/Royalcms/Component/Alidayu/AlidayuServiceProvider.php
A	vendor/royalcms/alidayu/Royalcms/Component/Alidayu/App.php
A	vendor/royalcms/alidayu/Royalcms/Component/Alidayu/Client.php
A	vendor/royalcms/alidayu/Royalcms/Component/Alidayu/Commands/AlibabaAliqinFcFlowCharge.php
A	vendor/royalcms/alidayu/Royalcms/Component/Alidayu/Commands/AlibabaAliqinFcFlowChargeProvince.php
A	vendor/royalcms/alidayu/Royalcms/Component/Alidayu/Commands/AlibabaAliqinFcFlowGrade.php
A	vendor/royalcms/alidayu/Royalcms/Component/Alidayu/Commands/AlibabaAliqinFcFlowQuery.php
A	vendor/royalcms/alidayu/Royalcms/Component/Alidayu/Commands/AlibabaAliqinFcSmsNumQuery.php
A	vendor/royalcms/alidayu/Royalcms/Component/Alidayu/Commands/AlibabaAliqinFcSmsNumSend.php
A	vendor/royalcms/alidayu/Royalcms/Component/Alidayu/Commands/AlibabaAliqinFcTtsNumSinglecall.php
A	vendor/royalcms/alidayu/Royalcms/Component/Alidayu/Commands/AlibabaAliqinFcVoiceNumDoublecall.php
A	vendor/royalcms/alidayu/Royalcms/Component/Alidayu/Commands/AlibabaAliqinFcVoiceNumSinglecall.php
A	vendor/royalcms/alidayu/Royalcms/Component/Alidayu/Contracts/RequestCommand.php
A	vendor/royalcms/alidayu/Royalcms/Component/Alidayu/Factory.php
A	vendor/royalcms/alidayu/Royalcms/Component/Alidayu/Request.php
A	vendor/royalcms/alidayu/Royalcms/Component/Alidayu/Support.php
A	vendor/royalcms/alidayu/config/config.php
D	vendor/royalcms/framework/Royalcms/Component/HttpRequest/Cookie.php
D	vendor/royalcms/framework/Royalcms/Component/HttpRequest/Curl.php
D	vendor/royalcms/framework/Royalcms/Component/HttpRequest/Encoding.php
D	vendor/royalcms/framework/Royalcms/Component/HttpRequest/Http.php
D	vendor/royalcms/framework/Royalcms/Component/HttpRequest/Proxy.php
D	vendor/royalcms/framework/Royalcms/Component/HttpRequest/Status.php
D	vendor/royalcms/framework/Royalcms/Component/HttpRequest/Streams.php
A	vendor/royalcms/framework/Royalcms/Component/Service/Api.php
A	vendor/royalcms/framework/Royalcms/Component/Service/ArrayInput.php
A	vendor/royalcms/framework/Royalcms/Component/Service/Contracts/InputInterface.php
A	vendor/royalcms/framework/Royalcms/Component/Service/Discove.php
A	vendor/royalcms/framework/Royalcms/Component/Service/Dispatcher.php
A	vendor/royalcms/framework/Royalcms/Component/Service/Input.php
M	vendor/royalcms/framework/Royalcms/Component/Support/Facades/Error.php
M	vendor/royalcms/framework/Royalcms/Component/Support/Traits/Macroable.php
M	vendor/royalcms/framework/bootstrap/compatible.php
M	vendor/royalcms/framework/bootstrap/helpers.php
A	vendor/royalcms/http-request/Royalcms/Component/HttpRequest/Cookie.php
A	vendor/royalcms/http-request/Royalcms/Component/HttpRequest/Encoding.php
A	vendor/royalcms/http-request/Royalcms/Component/HttpRequest/HeaderUtility.php
A	vendor/royalcms/http-request/Royalcms/Component/HttpRequest/Http.php
D	vendor/royalcms/framework/Royalcms/Component/HttpRequest/HttpRequest.php
A	vendor/royalcms/http-request/Royalcms/Component/HttpRequest/HttpRequest.php
A	vendor/royalcms/http-request/Royalcms/Component/HttpRequest/Proxy.php
A	vendor/royalcms/http-request/Royalcms/Component/HttpRequest/Requests/Hooks.php
A	vendor/royalcms/http-request/Royalcms/Component/HttpRequest/Requests/Response.php
A	vendor/royalcms/http-request/Royalcms/Component/HttpRequest/Response.php
A	vendor/royalcms/http-request/Royalcms/Component/HttpRequest/Transport/Curl.php
A	vendor/royalcms/http-request/Royalcms/Component/HttpRequest/Transport/Streams.php
A	vendor/royalcms/http-request/Royalcms/Component/HttpRequest/Xmlrpc/Client.php
D	vendor/royalcms/framework/Royalcms/Component/HttpRequest/certificates/ca-bundle.crt
A	vendor/royalcms/http-request/Royalcms/Component/HttpRequest/certificates/ca-bundle.crt
M	vendor/royalcms/log-viewer/Royalcms/Component/LogViewer/Facades/LogViewer.php
M	vendor/royalcms/purifier/Royalcms/Component/Purifier/Facades/Purifier.php
M	vendor/royalcms/purifier/Royalcms/Component/Purifier/Purifier.php
M	vendor/royalcms/purifier/Royalcms/Component/Purifier/PurifierServiceProvider.php
M	vendor/royalcms/purifier/Royalcms/Component/Purifier/helpers.php
M	vendor/royalcms/purifier/config/purifier.php
A	vendor/royalcms/requests/Royalcms/Component/Requests/Auth/Basic.php
A	vendor/royalcms/requests/Royalcms/Component/Requests/Contracts/Auth.php
A	vendor/royalcms/requests/Royalcms/Component/Requests/Contracts/Hooker.php
A	vendor/royalcms/requests/Royalcms/Component/Requests/Contracts/Proxy.php
A	vendor/royalcms/requests/Royalcms/Component/Requests/Contracts/Transport.php
A	vendor/royalcms/requests/Royalcms/Component/Requests/Cookie.php
A	vendor/royalcms/requests/Royalcms/Component/Requests/Cookie/Jar.php
A	vendor/royalcms/requests/Royalcms/Component/Requests/Exception.php
A	vendor/royalcms/requests/Royalcms/Component/Requests/Exception/HTTP.php
A	vendor/royalcms/requests/Royalcms/Component/Requests/Exception/HTTP/C304.php
A	vendor/royalcms/requests/Royalcms/Component/Requests/Exception/HTTP/C305.php
A	vendor/royalcms/requests/Royalcms/Component/Requests/Exception/HTTP/C306.php
A	vendor/royalcms/requests/Royalcms/Component/Requests/Exception/HTTP/C400.php
A	vendor/royalcms/requests/Royalcms/Component/Requests/Exception/HTTP/C401.php
A	vendor/royalcms/requests/Royalcms/Component/Requests/Exception/HTTP/C402.php
A	vendor/royalcms/requests/Royalcms/Component/Requests/Exception/HTTP/C403.php
A	vendor/royalcms/requests/Royalcms/Component/Requests/Exception/HTTP/C404.php
A	vendor/royalcms/requests/Royalcms/Component/Requests/Exception/HTTP/C405.php
A	vendor/royalcms/requests/Royalcms/Component/Requests/Exception/HTTP/C406.php
A	vendor/royalcms/requests/Royalcms/Component/Requests/Exception/HTTP/C407.php
A	vendor/royalcms/requests/Royalcms/Component/Requests/Exception/HTTP/C408.php
A	vendor/royalcms/requests/Royalcms/Component/Requests/Exception/HTTP/C409.php
A	vendor/royalcms/requests/Royalcms/Component/Requests/Exception/HTTP/C410.php
A	vendor/royalcms/requests/Royalcms/Component/Requests/Exception/HTTP/C411.php
A	vendor/royalcms/requests/Royalcms/Component/Requests/Exception/HTTP/C412.php
A	vendor/royalcms/requests/Royalcms/Component/Requests/Exception/HTTP/C413.php
A	vendor/royalcms/requests/Royalcms/Component/Requests/Exception/HTTP/C414.php
A	vendor/royalcms/requests/Royalcms/Component/Requests/Exception/HTTP/C415.php
A	vendor/royalcms/requests/Royalcms/Component/Requests/Exception/HTTP/C416.php
A	vendor/royalcms/requests/Royalcms/Component/Requests/Exception/HTTP/C417.php
A	vendor/royalcms/requests/Royalcms/Component/Requests/Exception/HTTP/C418.php
A	vendor/royalcms/requests/Royalcms/Component/Requests/Exception/HTTP/C428.php
A	vendor/royalcms/requests/Royalcms/Component/Requests/Exception/HTTP/C429.php
A	vendor/royalcms/requests/Royalcms/Component/Requests/Exception/HTTP/C431.php
A	vendor/royalcms/requests/Royalcms/Component/Requests/Exception/HTTP/C500.php
A	vendor/royalcms/requests/Royalcms/Component/Requests/Exception/HTTP/C501.php
A	vendor/royalcms/requests/Royalcms/Component/Requests/Exception/HTTP/C502.php
A	vendor/royalcms/requests/Royalcms/Component/Requests/Exception/HTTP/C503.php
A	vendor/royalcms/requests/Royalcms/Component/Requests/Exception/HTTP/C504.php
A	vendor/royalcms/requests/Royalcms/Component/Requests/Exception/HTTP/C505.php
A	vendor/royalcms/requests/Royalcms/Component/Requests/Exception/HTTP/C511.php
A	vendor/royalcms/requests/Royalcms/Component/Requests/Exception/HTTP/Unknown.php
A	vendor/royalcms/requests/Royalcms/Component/Requests/Exception/Transport.php
A	vendor/royalcms/requests/Royalcms/Component/Requests/Exception/Transport/cURL.php
A	vendor/royalcms/requests/Royalcms/Component/Requests/Hooks.php
A	vendor/royalcms/requests/Royalcms/Component/Requests/IDNAEncoder.php
A	vendor/royalcms/requests/Royalcms/Component/Requests/IPv6.php
A	vendor/royalcms/requests/Royalcms/Component/Requests/IRI.php
A	vendor/royalcms/requests/Royalcms/Component/Requests/Proxy/HTTP.php
A	vendor/royalcms/requests/Royalcms/Component/Requests/Requests.php
A	vendor/royalcms/requests/Royalcms/Component/Requests/Response.php
A	vendor/royalcms/requests/Royalcms/Component/Requests/Response/Headers.php
A	vendor/royalcms/requests/Royalcms/Component/Requests/SSL.php
A	vendor/royalcms/requests/Royalcms/Component/Requests/Session.php
A	vendor/royalcms/requests/Royalcms/Component/Requests/Transport/cURL.php
A	vendor/royalcms/requests/Royalcms/Component/Requests/Transport/fsockopen.php
A	vendor/royalcms/requests/Royalcms/Component/Requests/Utility/CURLFile.php
A	vendor/royalcms/requests/Royalcms/Component/Requests/Utility/CaseInsensitiveDictionary.php
A	vendor/royalcms/requests/Royalcms/Component/Requests/Utility/FilteredIterator.php
A	vendor/royalcms/sms/Royalcms/Component/Sms/Agents/IHuYiAgent.php
A	vendor/royalcms/sms/Royalcms/Component/Sms/Contracts/SmsAgent.php
A	vendor/royalcms/sms/Royalcms/Component/Sms/Facades/Sms.php
A	vendor/royalcms/sms/Royalcms/Component/Sms/Factory.php
A	vendor/royalcms/sms/Royalcms/Component/Sms/Manager.php
A	vendor/royalcms/sms/Royalcms/Component/Sms/Sms.php
A	vendor/royalcms/sms/Royalcms/Component/Sms/SmsServiceProvider.php
A	vendor/royalcms/sms/config/sms.php
