M	bootstrap/classmap.php
M	bootstrap/compiled.php
M	content/apps/affiliate/admin_separate.php
M	content/apps/affiliate/apis/affiliate_invite_bind_api.class.php
M	content/apps/affiliate/apis/affiliate_invite_reward_api.class.php
M	content/apps/affiliate/apis/affiliate_user_invite_code_api.class.php
A	content/apps/affiliate/classes/AffiliateConfig.php
D	content/apps/affiliate/model/affiliate_order_info_viewmodel.class.php
A	content/apps/affiliate/classes/GenerateInviteCode.php
D	content/apps/affiliate/classes/QRcode.class.php
A	content/apps/affiliate/classes/UserInviteCode.php
M	content/apps/affiliate/configs/package.cfg.php
M	content/apps/affiliate/mobile.php
D	content/apps/affiliate/model/invite_reward_model.class.php
D	content/apps/affiliate/model/invitee_record_model.class.php
M	content/apps/affiliate/modules/invite/user_module.class.php
M	content/apps/affiliate/modules/invite/validate_module.class.php
A	content/apps/affiliate/modules/user/invite_module.class.php
M	content/apps/article/admin_articlecat.php
M	content/apps/article/configs/package.cfg.php
D	content/apps/article/model/article_cat_viewmodel.class.php
D	content/apps/article/model/auto_manage_model.class.php
M	content/apps/article/modules/shop/help_module.class.php
M	content/apps/captcha/classes/hooks/merchant_captcha.class.php
M	content/apps/captcha/configs/package.cfg.php
M	content/apps/captcha/languages/zh_CN/captcha_manage.lang.php
A	content/apps/captcha/modules/captcha/admin/checkcode_module.class.php
M	content/apps/captcha/modules/captcha/admin/sms_module.class.php
M	content/apps/captcha/modules/captcha/sms_module.class.php
M	content/apps/cart/apis/cart_flow_done_api.class.php
M	content/apps/cart/configs/package.cfg.php
M	content/apps/cart/functions/cart.func.php
M	content/apps/comment/templates/merchant/mh_appeal_list.dwt.php
M	content/apps/comment/templates/merchant/mh_comment_list.dwt.php
M	content/apps/commission/admin.php
M	content/apps/commission/configs/package.cfg.php
M	content/apps/commission/model/store_bill_detail_model.class.php
M	content/apps/commission/model/store_bill_model.class.php
A	content/apps/commission/statics/bill.xls
M	content/apps/commission/statics/js/bill_admin.js
M	content/apps/commission/templates/admin/bill_detail.dwt.php
M	content/apps/commission/templates/admin/bill_list.dwt.php
M	content/apps/commission/templates/admin/order_list.dwt.php
M	content/apps/commission/templates/merchant/bill_detail.dwt.php
M	content/apps/connect/callback.php
M	content/apps/connect/classes/ConnectUser.php
M	content/apps/connect/configs/package.cfg.php
M	content/apps/connect/modules/connect/bind_module.class.php
M	content/apps/franchisee/configs/package.cfg.php
M	content/apps/franchisee/merchant.php
M	content/apps/franchisee/statics/js/franchisee.js
M	content/apps/franchisee/templates/merchant/franchisee.dwt.php
M	content/apps/franchisee/templates/merchant/franchisee_view.dwt.php
A	content/apps/friendlink/apis/friendlink_friendlink_list_api.class.php
M	content/apps/friendlink/classes/friendlink_installer.class.php
M	content/apps/friendlink/configs/package.cfg.php
M	content/apps/goods/admin.php
M	content/apps/goods/configs/package.cfg.php
M	content/apps/goods/merchant.php
M	content/apps/goods/modules/seller/list_module.class.php
M	content/apps/installer/configs/package.cfg.php
M	content/apps/installer/index.php
M	content/apps/merchant/apis/merchant_merchant_menu_api.class.php
M	content/apps/merchant/classes/ecjia_merchant_screen.class.php
M	content/apps/merchant/configs/package.cfg.php
M	content/apps/merchant/modules/admin/account/validate_module.class.php
M	content/apps/merchant/modules/admin/merchant/validate_module.class.php
M	content/apps/merchant/modules/merchant/home/data_module.class.php
M	content/apps/merchant/modules/seller/list_module.class.php
A	content/apps/mobile/classes/Qrcode/GenerateCollectMoney.php
M	content/apps/mobile/configs/package.cfg.php
M	content/apps/mobile/redirect.php
M	content/apps/orders/admin.php
M	content/apps/orders/admin_order_back.php
M	content/apps/orders/apis/orders_admin_menu_api.class.php
M	content/apps/orders/apis/orders_buy_order_paid_api.class.php
M	content/apps/orders/apis/orders_merchant_menu_api.class.php
M	content/apps/orders/apis/orders_order_info_api.class.php
M	content/apps/orders/apis/orders_order_paid_api.class.php
M	content/apps/orders/apis/orders_user_account_paid_api.class.php
M	content/apps/orders/classes/CustomizeOrderList.php
A	content/apps/orders/classes/Order.php
A	content/apps/orders/classes/Order/Consignee.php
A	content/apps/orders/classes/Order/Goods.php
A	content/apps/orders/classes/Order/OrderItem.php
A	content/apps/orders/classes/OrderAction.php
M	content/apps/orders/classes/OrderStatus.php
M	content/apps/orders/classes/OrderStatusLog.class.php
A	content/apps/orders/classes/OrderStatusLog.php
M	content/apps/orders/classes/Repositories/OrdersRepository.php
M	content/apps/orders/configs/package.cfg.php
M	content/apps/orders/functions/admin_order.func.php
M	content/apps/orders/functions/merchant_order.func.php
M	content/apps/orders/languages/zh_CN/order.lang.php
M	content/apps/orders/merchant.php
M	content/apps/orders/mh_back.php
M	content/apps/orders/modules/order/detail_module.class.php
M	content/apps/orders/statics/css/merchant_orders.css
M	content/apps/orders/statics/js/merchant_orders.js
M	content/apps/orders/templates/admin/back_list.dwt.php
M	content/apps/orders/templates/admin/order_info.dwt.php
M	content/apps/orders/templates/admin/order_list.dwt.php
M	content/apps/orders/templates/merchant/mh_order_list.dwt.php
M	content/apps/orders/templates/merchant/order_info.dwt.php
M	content/apps/quickpay/apis/quickpay_admin_purview_api.class.php
M	content/apps/quickpay/apis/quickpay_quickpay_order_list_api.class.php
M	content/apps/quickpay/apis/quickpay_quickpay_order_paid_api.class.php
M	content/apps/quickpay/apis/quickpay_quickpay_user_account_paid_api.class.php
A	content/apps/quickpay/classes/CollectMoneyPdf.php
D	content/apps/affiliate/model/affiliate_order_info_model.class.php
A	content/apps/quickpay/classes/Helper.php
D	content/apps/affiliate/model/affiliate_shop_config_model.class.php
A	content/apps/quickpay/classes/hooks/merchant_quickpay.class.php
M	content/apps/quickpay/classes/quickpay_activity.class.php
M	content/apps/quickpay/configs/package.cfg.php
A	content/apps/quickpay/functions/quickpay.func.php
A	content/apps/quickpay/mh_qrcode.php
A	content/apps/quickpay/statics/css/merchant_qrcode.css
A	content/apps/quickpay/statics/js/merchant_qrcode.js
M	content/apps/quickpay/templates/merchant/quickpay_list.dwt.php
A	content/apps/quickpay/templates/merchant/quickpay_qrcode.dwt.php
A	content/apps/refund/admin.php
A	content/apps/refund/admin_payrecord.php
A	content/apps/refund/apis/refund_admin_purview_api.class.php
D	content/apps/affiliate/model/affiliate_bonus_type_model.class.php
A	content/apps/refund/apis/refund_merchant_purview_api.class.php
A	content/apps/refund/apis/refund_refund_order_list_api.class.php
A	content/apps/refund/classes/OrderInfo.class.php
A	content/apps/refund/classes/RefundOrderInfo.class.php
A	content/apps/refund/classes/RefundReasonList.class.php
A	content/apps/refund/classes/RefundStatus.php
A	content/apps/refund/classes/RefundStatusLog.class.php
A	content/apps/refund/classes/hooks/admin_refund.class.php
A	content/apps/refund/classes/hooks/merchant_refund.class.php
A	content/apps/refund/classes/order_refund.class.php
D	content/apps/affiliate/model/affiliate_user_bonus_model.class.php
A	content/apps/refund/configs/package.cfg.php
A	content/apps/refund/configs/refund_reasons.php
D	content/apps/article/model/article_model.class.php
A	content/apps/refund/languages/zh_CN/package.lang.php
A	content/apps/refund/merchant.php
A	content/apps/refund/modules/refund/apply_module.class.php
A	content/apps/refund/modules/refund/cancel_module.class.php
A	content/apps/refund/modules/refund/detail_module.class.php
A	content/apps/refund/modules/refund/list_module.class.php
A	content/apps/refund/modules/refund/payrecord_module.class.php
D	content/apps/affiliate/model/affiliate_log_model.class.php
A	content/apps/refund/modules/refund/reasons_module.class.php
A	content/apps/refund/modules/refund/returnway/express_module.class.php
D	content/apps/article/model/article_cat_article_viewmodel.class.php
A	content/apps/refund/modules/refund/returnway/home_module.class.php
A	content/apps/refund/modules/refund/returnway/shop_module.class.php
A	content/apps/refund/statics/css/admin_payrecord.css
A	content/apps/refund/statics/css/admin_refund.css
A	content/apps/refund/statics/css/mh_refund.css
A	content/apps/refund/statics/images/order-time-base-admin.png
A	content/apps/refund/statics/images/order-time-base-red-admin.png
A	content/apps/refund/statics/images/original_pic.png
A	content/apps/refund/statics/images/selected.png
A	content/apps/refund/statics/images/surplus_pic.png
A	content/apps/refund/statics/js/admin_payrecord.js
A	content/apps/refund/statics/js/admin_refund.js
A	content/apps/refund/statics/js/mh_refund.js
A	content/apps/refund/templates/admin/library/payrecord_step.lbi.php
A	content/apps/refund/templates/admin/library/refund_step.lbi.php
A	content/apps/refund/templates/admin/library/return_step.lbi.php
A	content/apps/refund/templates/admin/payrecord_detail.dwt.php
A	content/apps/refund/templates/admin/payrecord_list.dwt.php
A	content/apps/refund/templates/admin/refund_detail.dwt.php
A	content/apps/refund/templates/admin/refund_list.dwt.php
A	content/apps/refund/templates/admin/return_detail.dwt.php
A	content/apps/refund/templates/merchant/library/refund_step.lbi.php
A	content/apps/refund/templates/merchant/library/return_step.lbi.php
A	content/apps/refund/templates/merchant/refund_detail.dwt.php
A	content/apps/refund/templates/merchant/refund_list.dwt.php
A	content/apps/refund/templates/merchant/return_detail.dwt.php
M	content/apps/shipping/templates/admin/shipping_config.dwt.php
M	content/apps/sms/admin_template.php
D	sites/m/notify/pay_wxpay_wap.php
A	content/apps/sms/classes/Events/SmsRefundBalanceArrived.php
M	content/apps/sms/classes/Events/SmsUserAccountChange.php
M	content/apps/sms/configs/package.cfg.php
M	content/apps/staff/admin_store_staff.php
M	content/apps/staff/configs/package.cfg.php
M	content/apps/staff/modules/v2/admin/user/forget_request_module.class.php
M	content/apps/staff/modules/v2/admin/user/signin_module.class.php
M	content/apps/staff/modules/v2/admin/user/userinfo_module.class.php
M	content/apps/store/admin.php
M	content/apps/store/apis/store_store_list_api.class.php
M	content/apps/store/configs/package.cfg.php
M	content/apps/touch/classes/ecjia_touch_api.class.php
M	content/apps/touch/classes/ecjia_touch_manager.class.php
M	content/apps/touch/classes/ecjia_touch_user.class.php
M	content/apps/touch/configs/package.cfg.php
M	content/apps/user/configs/package.cfg.php
M	content/apps/user/functions/admin_user.func.php
M	content/apps/user/model/user_session_model.class.php
M	content/apps/user/modules/admin/validate/get_module.class.php
M	content/apps/user/modules/user/account/record_module.class.php
M	content/apps/user/modules/user/forget_password_module.class.php
M	content/apps/user/modules/user/password_module.class.php
M	content/apps/user/modules/user/reset_password_module.class.php
M	content/apps/user/modules/user/signin_module.class.php
M	content/apps/user/modules/user/userbind_module.class.php
M	content/apps/user/modules/validate/get_module.class.php
M	content/apps/wechat/templates/admin/wechat_material.dwt.php
M	content/configs/api.php
M	content/configs/app.php
M	content/configs/namespaces.php
M	content/configs/provider.php
M	content/configs/release.php
M	content/configs/system.php
A	content/database/migrations/2018_03_07_102936_create_refund_order_table.php
A	content/database/migrations/2018_03_07_103000_create_refund_order_action_table.php
A	content/database/migrations/2018_03_07_103020_create_refund_payrecord_table.php
A	content/database/migrations/2018_03_07_104139_create_refund_status_log_table.php
A	content/database/migrations/2018_03_07_133438_create_refund_goods_table.php
A	content/database/patchs/v1.14.0/Version_11400.php
A	content/database/patchs/v1.14.0/ecjia-daojia-patch-v1.14.0.log
A	content/database/patchs/v1.14.0/readme.txt
M	content/plugins/sns_qq/sns_qq.class.php
M	content/system/classes/ecjia.class.php
M	content/system/classes/ecjia_admin.class.php
M	content/system/classes/ecjia_base.class.php
M	content/system/classes/ecjia_screen.class.php
M	content/system/classes/struct/admin_notice.class.php
M	content/system/configs/constant.php
D	content/apps/affiliate/model/affiliate_users_model.class.php
A	content/system/smarty/modifier.emojistrip.php
M	content/system/statics/styles/ecjia.function.css
M	content/themes/ecjia-pc/extras/classes/utility/pc_function.class.php
A	sites/m/content/themes/h5/affiliate_invite_register.dwt.php
M	sites/m/content/themes/h5/choose_address_list.dwt.php
M	sites/m/content/themes/h5/css/ecjia.touch.css
M	sites/m/content/themes/h5/css/ecjia_city.css
M	sites/m/content/themes/h5/ecjia-touch.dwt.php
A	sites/m/content/themes/h5/extras/classes/ecjia_extra.class.php
A	sites/m/content/themes/h5/extras/classes/ecjia_location.class.php
M	sites/m/content/themes/h5/extras/classes/user/user_front.class.php
M	sites/m/content/themes/h5/extras/classes/utility/cart_function.class.php
M	sites/m/content/themes/h5/extras/classes/utility/touch_function.class.php
D	content/apps/article/model/article_viewmodel.class.php
A	sites/m/content/themes/h5/extras/configs/classmap.php
A	sites/m/content/themes/h5/extras/configs/route.php
A	sites/m/content/themes/h5/extras/controller/affiliate_controller.php
M	sites/m/content/themes/h5/extras/controller/cart_controller.php
M	sites/m/content/themes/h5/extras/controller/connect_controller.php
M	sites/m/content/themes/h5/extras/controller/franchisee_controller.php
M	sites/m/content/themes/h5/extras/controller/goods_controller.php
M	sites/m/content/themes/h5/extras/controller/location_controller.php
M	sites/m/content/themes/h5/extras/controller/merchant_controller.php
M	sites/m/content/themes/h5/extras/controller/quickpay_controller.php
M	sites/m/content/themes/h5/extras/controller/touch_controller.php
M	sites/m/content/themes/h5/extras/controller/user_address_controller.php
M	sites/m/content/themes/h5/extras/controller/user_controller.php
M	sites/m/content/themes/h5/extras/controller/user_get_password_controller.php
M	sites/m/content/themes/h5/extras/controller/user_order_controller.php
M	sites/m/content/themes/h5/extras/controller/user_privilege_controller.php
M	sites/m/content/themes/h5/extras/controller/user_profile_controller.php
M	sites/m/content/themes/h5/flow_checkout.dwt.php
A	sites/m/content/themes/h5/franchisee_enter_code.dwt.php
M	sites/m/content/themes/h5/franchisee_first.dwt.php
A	sites/m/content/themes/h5/franchisee_process_enter_code.dwt.php
M	sites/m/content/themes/h5/franchisee_search.dwt.php
M	sites/m/content/themes/h5/functions.php
A	sites/m/content/themes/h5/images/icon/icon-refund.png
A	sites/m/content/themes/h5/images/icon/icon-return.png
A	sites/m/content/themes/h5/images/icon/passeord-dot.png
A	sites/m/content/themes/h5/images/invite.png
A	sites/m/content/themes/h5/images/user/code.png
A	sites/m/content/themes/h5/images/user/password.png
A	sites/m/content/themes/h5/images/user/user.png
A	sites/m/content/themes/h5/images/user_center/get_integral.png
A	sites/m/content/themes/h5/images/user_center/my_reward.png
A	sites/m/content/themes/h5/images/user_center/o_75_6.png
A	sites/m/content/themes/h5/images/user_center/return_order.png
A	sites/m/content/themes/h5/images/user_center/reward_detail.png
D	sites/m/content/themes/h5/js/ecjia.touch.b2b2c.js
M	sites/m/content/themes/h5/js/ecjia.touch.franchisee.js
M	sites/m/content/themes/h5/js/ecjia.touch.goods.js
M	sites/m/content/themes/h5/js/ecjia.touch.js
D	sites/m/content/themes/h5/js/ecjia.touch.merchant.js
M	sites/m/content/themes/h5/js/ecjia.touch.others.js
M	sites/m/content/themes/h5/js/ecjia.touch.quickpay.js
M	sites/m/content/themes/h5/js/ecjia.touch.user.js
M	sites/m/content/themes/h5/library/goods_attr_modal.lbi.php
M	sites/m/content/themes/h5/library/merchant_detail.lbi.php
M	sites/m/content/themes/h5/library/merchant_head.lbi.php
M	sites/m/content/themes/h5/library/model_store.lbi.php
M	sites/m/content/themes/h5/library/page_header.lbi.php
A	sites/m/content/themes/h5/library/shipping_fee_modal.lbi.php
M	sites/m/content/themes/h5/library/store_list.lbi.php
M	sites/m/content/themes/h5/library/suggest_store.lbi.php
A	sites/m/content/themes/h5/order_return_detail.dwt.php
A	sites/m/content/themes/h5/order_return_list.dwt.php
A	sites/m/content/themes/h5/order_return_money.dwt.php
A	sites/m/content/themes/h5/order_return_reply.dwt.php
A	sites/m/content/themes/h5/order_return_status.dwt.php
A	sites/m/content/themes/h5/order_return_way.dwt.php
A	sites/m/content/themes/h5/order_return_way_list.dwt.php
M	sites/m/content/themes/h5/pay.dwt.php
M	sites/m/content/themes/h5/quickpay_checkout.dwt.php
A	sites/m/content/themes/h5/quickpay_collectmoney.dwt.php
M	sites/m/content/themes/h5/store_list.dwt.php
M	sites/m/content/themes/h5/user.dwt.php
M	sites/m/content/themes/h5/user_account_balance.dwt.php
A	sites/m/content/themes/h5/user_bind_mobile.dwt.php
A	sites/m/content/themes/h5/user_captcha_validate.dwt.php
A	sites/m/content/themes/h5/user_enter_code.dwt.php
M	sites/m/content/themes/h5/user_express_position.dwt.php
A	sites/m/content/themes/h5/user_get_password.dwt.php
M	sites/m/content/themes/h5/user_login.dwt.php
A	sites/m/content/themes/h5/user_modify_password.dwt.php
M	sites/m/content/themes/h5/user_order_detail.dwt.php
M	sites/m/content/themes/h5/user_order_list.dwt.php
A	sites/m/content/themes/h5/user_order_return_list.dwt.php
M	sites/m/content/themes/h5/user_order_storebuy_detail.dwt.php
A	sites/m/content/themes/h5/user_pass_login.dwt.php
M	sites/m/content/themes/h5/user_record_info.dwt.php
M	sites/m/content/themes/h5/user_set_password.dwt.php
M	sites/merchant/content/configs/merchant.php
M	vendor/composer/autoload_classmap.php
M	vendor/composer/autoload_namespaces.php
M	vendor/royalcms/framework/Royalcms/Component/Foundation/Royalcms.php
D	vendor/royalcms/framework/Royalcms/Component/Password/Password.php
M	vendor/royalcms/framework/Royalcms/Component/Support/Format.php
A	vendor/royalcms/map/Royalcms/Component/Map/Contracts/Map.php
A	vendor/royalcms/map/Royalcms/Component/Map/Exceptions/MapException.php
A	vendor/royalcms/map/Royalcms/Component/Map/Facade/Map.php
A	vendor/royalcms/map/Royalcms/Component/Map/MapManager.php
A	vendor/royalcms/map/Royalcms/Component/Map/MapService.php
A	vendor/royalcms/map/Royalcms/Component/Map/MapServicesProvider.php
A	vendor/royalcms/map/Royalcms/Component/Map/Maps/AmapMap.php
A	vendor/royalcms/map/Royalcms/Component/Map/Maps/BaiduMap.php
A	vendor/royalcms/map/Royalcms/Component/Map/Maps/QQMap.php
A	vendor/royalcms/map/config/config.php
A	vendor/royalcms/tcpdf/Royalcms/Component/Tcpdf/Facades/Tcpdf.php
A	vendor/royalcms/tcpdf/Royalcms/Component/Tcpdf/Tcpdf.php
A	vendor/royalcms/tcpdf/Royalcms/Component/Tcpdf/TcpdfHelper.php
A	vendor/royalcms/tcpdf/Royalcms/Component/Tcpdf/TcpdfServiceProvider.php
A	vendor/royalcms/tcpdf/config/config.php
A	vendor/tecnickcom/tcpdf/CHANGELOG.TXT
A	vendor/tecnickcom/tcpdf/LICENSE.TXT
A	vendor/tecnickcom/tcpdf/README.md
A	vendor/tecnickcom/tcpdf/composer.json
A	vendor/tecnickcom/tcpdf/config/tcpdf_config.php
A	vendor/tecnickcom/tcpdf/examples/barcodes/example_1d_html.php
A	vendor/tecnickcom/tcpdf/examples/barcodes/example_1d_png.php
A	vendor/tecnickcom/tcpdf/examples/barcodes/example_1d_svg.php
A	vendor/tecnickcom/tcpdf/examples/barcodes/example_1d_svgi.php
A	vendor/tecnickcom/tcpdf/examples/barcodes/example_2d_datamatrix_html.php
A	vendor/tecnickcom/tcpdf/examples/barcodes/example_2d_datamatrix_png.php
A	vendor/tecnickcom/tcpdf/examples/barcodes/example_2d_datamatrix_svg.php
A	vendor/tecnickcom/tcpdf/examples/barcodes/example_2d_datamatrix_svgi.php
A	vendor/tecnickcom/tcpdf/examples/barcodes/example_2d_pdf417_html.php
A	vendor/tecnickcom/tcpdf/examples/barcodes/example_2d_pdf417_png.php
A	vendor/tecnickcom/tcpdf/examples/barcodes/example_2d_pdf417_svg.php
A	vendor/tecnickcom/tcpdf/examples/barcodes/example_2d_pdf417_svgi.php
A	vendor/tecnickcom/tcpdf/examples/barcodes/example_2d_qrcode_html.php
A	vendor/tecnickcom/tcpdf/examples/barcodes/example_2d_qrcode_png.php
A	vendor/tecnickcom/tcpdf/examples/barcodes/example_2d_qrcode_svg.php
A	vendor/tecnickcom/tcpdf/examples/barcodes/example_2d_qrcode_svgi.php
A	vendor/tecnickcom/tcpdf/examples/barcodes/tcpdf_barcodes_1d_include.php
A	vendor/tecnickcom/tcpdf/examples/barcodes/tcpdf_barcodes_2d_include.php
A	vendor/tecnickcom/tcpdf/examples/config/tcpdf_config_alt.php
A	vendor/tecnickcom/tcpdf/examples/data/cert/tcpdf.crt
A	vendor/tecnickcom/tcpdf/examples/data/cert/tcpdf.fdf
A	vendor/tecnickcom/tcpdf/examples/data/cert/tcpdf.p12
A	vendor/tecnickcom/tcpdf/examples/data/chapter_demo_1.txt
A	vendor/tecnickcom/tcpdf/examples/data/chapter_demo_2.txt
A	vendor/tecnickcom/tcpdf/examples/data/table_data_demo.txt
A	vendor/tecnickcom/tcpdf/examples/data/utf8test.txt
A	vendor/tecnickcom/tcpdf/examples/example_001.php
A	vendor/tecnickcom/tcpdf/examples/example_002.php
A	vendor/tecnickcom/tcpdf/examples/example_003.php
A	vendor/tecnickcom/tcpdf/examples/example_004.php
A	vendor/tecnickcom/tcpdf/examples/example_005.php
A	vendor/tecnickcom/tcpdf/examples/example_006.php
A	vendor/tecnickcom/tcpdf/examples/example_007.php
A	vendor/tecnickcom/tcpdf/examples/example_008.php
A	vendor/tecnickcom/tcpdf/examples/example_009.php
A	vendor/tecnickcom/tcpdf/examples/example_010.php
A	vendor/tecnickcom/tcpdf/examples/example_011.php
A	vendor/tecnickcom/tcpdf/examples/example_012.pdf
A	vendor/tecnickcom/tcpdf/examples/example_012.php
A	vendor/tecnickcom/tcpdf/examples/example_013.php
A	vendor/tecnickcom/tcpdf/examples/example_014.php
A	vendor/tecnickcom/tcpdf/examples/example_015.php
A	vendor/tecnickcom/tcpdf/examples/example_016.php
A	vendor/tecnickcom/tcpdf/examples/example_017.php
A	vendor/tecnickcom/tcpdf/examples/example_018.php
A	vendor/tecnickcom/tcpdf/examples/example_019.php
A	vendor/tecnickcom/tcpdf/examples/example_020.php
A	vendor/tecnickcom/tcpdf/examples/example_021.php
A	vendor/tecnickcom/tcpdf/examples/example_022.php
A	vendor/tecnickcom/tcpdf/examples/example_023.php
A	vendor/tecnickcom/tcpdf/examples/example_024.php
A	vendor/tecnickcom/tcpdf/examples/example_025.php
A	vendor/tecnickcom/tcpdf/examples/example_026.php
A	vendor/tecnickcom/tcpdf/examples/example_027.php
A	vendor/tecnickcom/tcpdf/examples/example_028.php
A	vendor/tecnickcom/tcpdf/examples/example_029.php
A	vendor/tecnickcom/tcpdf/examples/example_030.php
A	vendor/tecnickcom/tcpdf/examples/example_031.php
A	vendor/tecnickcom/tcpdf/examples/example_032.php
A	vendor/tecnickcom/tcpdf/examples/example_033.php
A	vendor/tecnickcom/tcpdf/examples/example_034.php
A	vendor/tecnickcom/tcpdf/examples/example_035.php
A	vendor/tecnickcom/tcpdf/examples/example_036.php
A	vendor/tecnickcom/tcpdf/examples/example_037.php
A	vendor/tecnickcom/tcpdf/examples/example_038.php
A	vendor/tecnickcom/tcpdf/examples/example_039.php
A	vendor/tecnickcom/tcpdf/examples/example_040.php
A	vendor/tecnickcom/tcpdf/examples/example_041.php
A	vendor/tecnickcom/tcpdf/examples/example_042.php
A	vendor/tecnickcom/tcpdf/examples/example_043.php
A	vendor/tecnickcom/tcpdf/examples/example_044.php
A	vendor/tecnickcom/tcpdf/examples/example_045.php
A	vendor/tecnickcom/tcpdf/examples/example_046.php
A	vendor/tecnickcom/tcpdf/examples/example_047.php
A	vendor/tecnickcom/tcpdf/examples/example_048.php
A	vendor/tecnickcom/tcpdf/examples/example_049.php
A	vendor/tecnickcom/tcpdf/examples/example_050.php
A	vendor/tecnickcom/tcpdf/examples/example_051.php
A	vendor/tecnickcom/tcpdf/examples/example_052.php
A	vendor/tecnickcom/tcpdf/examples/example_053.php
A	vendor/tecnickcom/tcpdf/examples/example_054.php
A	vendor/tecnickcom/tcpdf/examples/example_055.php
A	vendor/tecnickcom/tcpdf/examples/example_056.php
A	vendor/tecnickcom/tcpdf/examples/example_057.php
A	vendor/tecnickcom/tcpdf/examples/example_058.php
A	vendor/tecnickcom/tcpdf/examples/example_059.php
A	vendor/tecnickcom/tcpdf/examples/example_060.php
A	vendor/tecnickcom/tcpdf/examples/example_061.php
A	vendor/tecnickcom/tcpdf/examples/example_062.php
A	vendor/tecnickcom/tcpdf/examples/example_063.php
A	vendor/tecnickcom/tcpdf/examples/example_064.php
A	vendor/tecnickcom/tcpdf/examples/example_065.php
A	vendor/tecnickcom/tcpdf/examples/images/_blank.png
A	vendor/tecnickcom/tcpdf/examples/images/alpha.png
A	vendor/tecnickcom/tcpdf/examples/images/image_demo.jpg
A	vendor/tecnickcom/tcpdf/examples/images/image_with_alpha.png
A	vendor/tecnickcom/tcpdf/examples/images/img.png
A	vendor/tecnickcom/tcpdf/examples/images/logo_example.gif
A	vendor/tecnickcom/tcpdf/examples/images/logo_example.jpg
A	vendor/tecnickcom/tcpdf/examples/images/logo_example.png
A	vendor/tecnickcom/tcpdf/examples/images/tcpdf_box.ai
A	vendor/tecnickcom/tcpdf/examples/images/tcpdf_box.svg
A	vendor/tecnickcom/tcpdf/examples/images/tcpdf_cell.png
A	vendor/tecnickcom/tcpdf/examples/images/tcpdf_logo.jpg
A	vendor/tecnickcom/tcpdf/examples/images/tcpdf_signature.png
A	vendor/tecnickcom/tcpdf/examples/images/testsvg.svg
A	vendor/tecnickcom/tcpdf/examples/images/tux.svg
A	vendor/tecnickcom/tcpdf/examples/index.php
A	vendor/tecnickcom/tcpdf/examples/lang/afr.php
A	vendor/tecnickcom/tcpdf/examples/lang/ara.php
A	vendor/tecnickcom/tcpdf/examples/lang/aze.php
A	vendor/tecnickcom/tcpdf/examples/lang/bel.php
A	vendor/tecnickcom/tcpdf/examples/lang/bra.php
A	vendor/tecnickcom/tcpdf/examples/lang/bul.php
A	vendor/tecnickcom/tcpdf/examples/lang/cat.php
A	vendor/tecnickcom/tcpdf/examples/lang/ces.php
A	vendor/tecnickcom/tcpdf/examples/lang/chi.php
A	vendor/tecnickcom/tcpdf/examples/lang/cym.php
A	vendor/tecnickcom/tcpdf/examples/lang/dan.php
A	vendor/tecnickcom/tcpdf/examples/lang/eng.php
A	vendor/tecnickcom/tcpdf/examples/lang/est.php
A	vendor/tecnickcom/tcpdf/examples/lang/eus.php
A	vendor/tecnickcom/tcpdf/examples/lang/far.php
A	vendor/tecnickcom/tcpdf/examples/lang/fra.php
A	vendor/tecnickcom/tcpdf/examples/lang/ger.php
A	vendor/tecnickcom/tcpdf/examples/lang/gle.php
A	vendor/tecnickcom/tcpdf/examples/lang/glg.php
A	vendor/tecnickcom/tcpdf/examples/lang/hat.php
A	vendor/tecnickcom/tcpdf/examples/lang/heb.php
A	vendor/tecnickcom/tcpdf/examples/lang/hrv.php
A	vendor/tecnickcom/tcpdf/examples/lang/hun.php
A	vendor/tecnickcom/tcpdf/examples/lang/hye.php
A	vendor/tecnickcom/tcpdf/examples/lang/ind.php
A	vendor/tecnickcom/tcpdf/examples/lang/ita.php
A	vendor/tecnickcom/tcpdf/examples/lang/jpn.php
A	vendor/tecnickcom/tcpdf/examples/lang/kat.php
A	vendor/tecnickcom/tcpdf/examples/lang/kor.php
A	vendor/tecnickcom/tcpdf/examples/lang/mkd.php
A	vendor/tecnickcom/tcpdf/examples/lang/mlt.php
A	vendor/tecnickcom/tcpdf/examples/lang/msa.php
A	vendor/tecnickcom/tcpdf/examples/lang/nld.php
A	vendor/tecnickcom/tcpdf/examples/lang/nob.php
A	vendor/tecnickcom/tcpdf/examples/lang/pol.php
A	vendor/tecnickcom/tcpdf/examples/lang/por.php
A	vendor/tecnickcom/tcpdf/examples/lang/ron.php
A	vendor/tecnickcom/tcpdf/examples/lang/rus.php
A	vendor/tecnickcom/tcpdf/examples/lang/slv.php
A	vendor/tecnickcom/tcpdf/examples/lang/spa.php
A	vendor/tecnickcom/tcpdf/examples/lang/sqi.php
A	vendor/tecnickcom/tcpdf/examples/lang/srp.php
A	vendor/tecnickcom/tcpdf/examples/lang/swa.php
A	vendor/tecnickcom/tcpdf/examples/lang/swe.php
A	vendor/tecnickcom/tcpdf/examples/lang/ukr.php
A	vendor/tecnickcom/tcpdf/examples/lang/urd.php
A	vendor/tecnickcom/tcpdf/examples/lang/yid.php
A	vendor/tecnickcom/tcpdf/examples/lang/zho.php
A	vendor/tecnickcom/tcpdf/examples/tcpdf_include.php
A	vendor/tecnickcom/tcpdf/fonts/ae_fonts_2.0/COPYING
A	vendor/tecnickcom/tcpdf/fonts/ae_fonts_2.0/ChangeLog
A	vendor/tecnickcom/tcpdf/fonts/ae_fonts_2.0/ChangeLog.9745.BAK
A	vendor/tecnickcom/tcpdf/fonts/ae_fonts_2.0/README
A	vendor/tecnickcom/tcpdf/fonts/aealarabiya.ctg.z
A	vendor/tecnickcom/tcpdf/fonts/aealarabiya.php
A	vendor/tecnickcom/tcpdf/fonts/aealarabiya.z
A	vendor/tecnickcom/tcpdf/fonts/aefurat.ctg.z
A	vendor/tecnickcom/tcpdf/fonts/aefurat.php
A	vendor/tecnickcom/tcpdf/fonts/aefurat.z
A	vendor/tecnickcom/tcpdf/fonts/cid0cs.php
A	vendor/tecnickcom/tcpdf/fonts/cid0ct.php
A	vendor/tecnickcom/tcpdf/fonts/cid0jp.php
A	vendor/tecnickcom/tcpdf/fonts/cid0kr.php
A	vendor/tecnickcom/tcpdf/fonts/courier.php
A	vendor/tecnickcom/tcpdf/fonts/courierb.php
A	vendor/tecnickcom/tcpdf/fonts/courierbi.php
A	vendor/tecnickcom/tcpdf/fonts/courieri.php
A	vendor/tecnickcom/tcpdf/fonts/dejavu-fonts-ttf-2.33/AUTHORS
A	vendor/tecnickcom/tcpdf/fonts/dejavu-fonts-ttf-2.33/BUGS
A	vendor/tecnickcom/tcpdf/fonts/dejavu-fonts-ttf-2.33/LICENSE
A	vendor/tecnickcom/tcpdf/fonts/dejavu-fonts-ttf-2.33/NEWS
A	vendor/tecnickcom/tcpdf/fonts/dejavu-fonts-ttf-2.33/README
A	vendor/tecnickcom/tcpdf/fonts/dejavu-fonts-ttf-2.33/langcover.txt
A	vendor/tecnickcom/tcpdf/fonts/dejavu-fonts-ttf-2.33/status.txt
A	vendor/tecnickcom/tcpdf/fonts/dejavu-fonts-ttf-2.33/unicover.txt
A	vendor/tecnickcom/tcpdf/fonts/dejavu-fonts-ttf-2.34/AUTHORS
A	vendor/tecnickcom/tcpdf/fonts/dejavu-fonts-ttf-2.34/BUGS
A	vendor/tecnickcom/tcpdf/fonts/dejavu-fonts-ttf-2.34/LICENSE
A	vendor/tecnickcom/tcpdf/fonts/dejavu-fonts-ttf-2.34/NEWS
A	vendor/tecnickcom/tcpdf/fonts/dejavu-fonts-ttf-2.34/README
A	vendor/tecnickcom/tcpdf/fonts/dejavu-fonts-ttf-2.34/langcover.txt
A	vendor/tecnickcom/tcpdf/fonts/dejavu-fonts-ttf-2.34/status.txt
A	vendor/tecnickcom/tcpdf/fonts/dejavu-fonts-ttf-2.34/unicover.txt
A	vendor/tecnickcom/tcpdf/fonts/dejavusans.ctg.z
A	vendor/tecnickcom/tcpdf/fonts/dejavusans.php
A	vendor/tecnickcom/tcpdf/fonts/dejavusans.z
A	vendor/tecnickcom/tcpdf/fonts/dejavusansb.ctg.z
A	vendor/tecnickcom/tcpdf/fonts/dejavusansb.php
A	vendor/tecnickcom/tcpdf/fonts/dejavusansb.z
A	vendor/tecnickcom/tcpdf/fonts/dejavusansbi.ctg.z
A	vendor/tecnickcom/tcpdf/fonts/dejavusansbi.php
A	vendor/tecnickcom/tcpdf/fonts/dejavusansbi.z
A	vendor/tecnickcom/tcpdf/fonts/dejavusanscondensed.ctg.z
A	vendor/tecnickcom/tcpdf/fonts/dejavusanscondensed.php
A	vendor/tecnickcom/tcpdf/fonts/dejavusanscondensed.z
A	vendor/tecnickcom/tcpdf/fonts/dejavusanscondensedb.ctg.z
A	vendor/tecnickcom/tcpdf/fonts/dejavusanscondensedb.php
A	vendor/tecnickcom/tcpdf/fonts/dejavusanscondensedb.z
A	vendor/tecnickcom/tcpdf/fonts/dejavusanscondensedbi.ctg.z
A	vendor/tecnickcom/tcpdf/fonts/dejavusanscondensedbi.php
A	vendor/tecnickcom/tcpdf/fonts/dejavusanscondensedbi.z
A	vendor/tecnickcom/tcpdf/fonts/dejavusanscondensedi.ctg.z
A	vendor/tecnickcom/tcpdf/fonts/dejavusanscondensedi.php
A	vendor/tecnickcom/tcpdf/fonts/dejavusanscondensedi.z
A	vendor/tecnickcom/tcpdf/fonts/dejavusansextralight.ctg.z
A	vendor/tecnickcom/tcpdf/fonts/dejavusansextralight.php
A	vendor/tecnickcom/tcpdf/fonts/dejavusansextralight.z
A	vendor/tecnickcom/tcpdf/fonts/dejavusansi.ctg.z
A	vendor/tecnickcom/tcpdf/fonts/dejavusansi.php
A	vendor/tecnickcom/tcpdf/fonts/dejavusansi.z
A	vendor/tecnickcom/tcpdf/fonts/dejavusansmono.ctg.z
A	vendor/tecnickcom/tcpdf/fonts/dejavusansmono.php
A	vendor/tecnickcom/tcpdf/fonts/dejavusansmono.z
A	vendor/tecnickcom/tcpdf/fonts/dejavusansmonob.ctg.z
A	vendor/tecnickcom/tcpdf/fonts/dejavusansmonob.php
A	vendor/tecnickcom/tcpdf/fonts/dejavusansmonob.z
A	vendor/tecnickcom/tcpdf/fonts/dejavusansmonobi.ctg.z
A	vendor/tecnickcom/tcpdf/fonts/dejavusansmonobi.php
A	vendor/tecnickcom/tcpdf/fonts/dejavusansmonobi.z
A	vendor/tecnickcom/tcpdf/fonts/dejavusansmonoi.ctg.z
A	vendor/tecnickcom/tcpdf/fonts/dejavusansmonoi.php
A	vendor/tecnickcom/tcpdf/fonts/dejavusansmonoi.z
A	vendor/tecnickcom/tcpdf/fonts/dejavuserif.ctg.z
A	vendor/tecnickcom/tcpdf/fonts/dejavuserif.php
A	vendor/tecnickcom/tcpdf/fonts/dejavuserif.z
A	vendor/tecnickcom/tcpdf/fonts/dejavuserifb.ctg.z
A	vendor/tecnickcom/tcpdf/fonts/dejavuserifb.php
A	vendor/tecnickcom/tcpdf/fonts/dejavuserifb.z
A	vendor/tecnickcom/tcpdf/fonts/dejavuserifbi.ctg.z
A	vendor/tecnickcom/tcpdf/fonts/dejavuserifbi.php
A	vendor/tecnickcom/tcpdf/fonts/dejavuserifbi.z
A	vendor/tecnickcom/tcpdf/fonts/dejavuserifcondensed.ctg.z
A	vendor/tecnickcom/tcpdf/fonts/dejavuserifcondensed.php
A	vendor/tecnickcom/tcpdf/fonts/dejavuserifcondensed.z
A	vendor/tecnickcom/tcpdf/fonts/dejavuserifcondensedb.ctg.z
A	vendor/tecnickcom/tcpdf/fonts/dejavuserifcondensedb.php
A	vendor/tecnickcom/tcpdf/fonts/dejavuserifcondensedb.z
A	vendor/tecnickcom/tcpdf/fonts/dejavuserifcondensedbi.ctg.z
A	vendor/tecnickcom/tcpdf/fonts/dejavuserifcondensedbi.php
A	vendor/tecnickcom/tcpdf/fonts/dejavuserifcondensedbi.z
A	vendor/tecnickcom/tcpdf/fonts/dejavuserifcondensedi.ctg.z
A	vendor/tecnickcom/tcpdf/fonts/dejavuserifcondensedi.php
A	vendor/tecnickcom/tcpdf/fonts/dejavuserifcondensedi.z
A	vendor/tecnickcom/tcpdf/fonts/dejavuserifi.ctg.z
A	vendor/tecnickcom/tcpdf/fonts/dejavuserifi.php
A	vendor/tecnickcom/tcpdf/fonts/dejavuserifi.z
A	vendor/tecnickcom/tcpdf/fonts/freefont-20100919/AUTHORS
A	vendor/tecnickcom/tcpdf/fonts/freefont-20100919/COPYING
A	vendor/tecnickcom/tcpdf/fonts/freefont-20100919/CREDITS
A	vendor/tecnickcom/tcpdf/fonts/freefont-20100919/ChangeLog
A	vendor/tecnickcom/tcpdf/fonts/freefont-20100919/INSTALL
A	vendor/tecnickcom/tcpdf/fonts/freefont-20100919/README
A	vendor/tecnickcom/tcpdf/fonts/freefont-20120503/AUTHORS
A	vendor/tecnickcom/tcpdf/fonts/freefont-20120503/COPYING
A	vendor/tecnickcom/tcpdf/fonts/freefont-20120503/CREDITS
A	vendor/tecnickcom/tcpdf/fonts/freefont-20120503/ChangeLog
A	vendor/tecnickcom/tcpdf/fonts/freefont-20120503/ChangeLog.10070.BAK
A	vendor/tecnickcom/tcpdf/fonts/freefont-20120503/INSTALL
A	vendor/tecnickcom/tcpdf/fonts/freefont-20120503/README
A	vendor/tecnickcom/tcpdf/fonts/freefont-20120503/TROUBLESHOOTING
A	vendor/tecnickcom/tcpdf/fonts/freefont-20120503/USAGE
A	vendor/tecnickcom/tcpdf/fonts/freemono.ctg.z
A	vendor/tecnickcom/tcpdf/fonts/freemono.php
A	vendor/tecnickcom/tcpdf/fonts/freemono.z
A	vendor/tecnickcom/tcpdf/fonts/freemonob.ctg.z
A	vendor/tecnickcom/tcpdf/fonts/freemonob.php
A	vendor/tecnickcom/tcpdf/fonts/freemonob.z
A	vendor/tecnickcom/tcpdf/fonts/freemonobi.ctg.z
A	vendor/tecnickcom/tcpdf/fonts/freemonobi.php
A	vendor/tecnickcom/tcpdf/fonts/freemonobi.z
A	vendor/tecnickcom/tcpdf/fonts/freemonoi.ctg.z
A	vendor/tecnickcom/tcpdf/fonts/freemonoi.php
A	vendor/tecnickcom/tcpdf/fonts/freemonoi.z
A	vendor/tecnickcom/tcpdf/fonts/freesans.ctg.z
A	vendor/tecnickcom/tcpdf/fonts/freesans.php
A	vendor/tecnickcom/tcpdf/fonts/freesans.z
A	vendor/tecnickcom/tcpdf/fonts/freesansb.ctg.z
A	vendor/tecnickcom/tcpdf/fonts/freesansb.php
A	vendor/tecnickcom/tcpdf/fonts/freesansb.z
A	vendor/tecnickcom/tcpdf/fonts/freesansbi.ctg.z
A	vendor/tecnickcom/tcpdf/fonts/freesansbi.php
A	vendor/tecnickcom/tcpdf/fonts/freesansbi.z
A	vendor/tecnickcom/tcpdf/fonts/freesansi.ctg.z
A	vendor/tecnickcom/tcpdf/fonts/freesansi.php
A	vendor/tecnickcom/tcpdf/fonts/freesansi.z
A	vendor/tecnickcom/tcpdf/fonts/freeserif.ctg.z
A	vendor/tecnickcom/tcpdf/fonts/freeserif.php
A	vendor/tecnickcom/tcpdf/fonts/freeserif.z
A	vendor/tecnickcom/tcpdf/fonts/freeserifb.ctg.z
A	vendor/tecnickcom/tcpdf/fonts/freeserifb.php
A	vendor/tecnickcom/tcpdf/fonts/freeserifb.z
A	vendor/tecnickcom/tcpdf/fonts/freeserifbi.ctg.z
A	vendor/tecnickcom/tcpdf/fonts/freeserifbi.php
A	vendor/tecnickcom/tcpdf/fonts/freeserifbi.z
A	vendor/tecnickcom/tcpdf/fonts/freeserifi.ctg.z
A	vendor/tecnickcom/tcpdf/fonts/freeserifi.php
A	vendor/tecnickcom/tcpdf/fonts/freeserifi.z
A	vendor/tecnickcom/tcpdf/fonts/helvetica.php
A	vendor/tecnickcom/tcpdf/fonts/helveticab.php
A	vendor/tecnickcom/tcpdf/fonts/helveticabi.php
A	vendor/tecnickcom/tcpdf/fonts/helveticai.php
A	vendor/tecnickcom/tcpdf/fonts/hysmyeongjostdmedium.php
A	vendor/tecnickcom/tcpdf/fonts/kozgopromedium.php
A	vendor/tecnickcom/tcpdf/fonts/kozminproregular.php
A	vendor/tecnickcom/tcpdf/fonts/msungstdlight.php
A	vendor/tecnickcom/tcpdf/fonts/pdfacourier.php
A	vendor/tecnickcom/tcpdf/fonts/pdfacourier.z
A	vendor/tecnickcom/tcpdf/fonts/pdfacourierb.php
A	vendor/tecnickcom/tcpdf/fonts/pdfacourierb.z
A	vendor/tecnickcom/tcpdf/fonts/pdfacourierbi.php
A	vendor/tecnickcom/tcpdf/fonts/pdfacourierbi.z
A	vendor/tecnickcom/tcpdf/fonts/pdfacourieri.php
A	vendor/tecnickcom/tcpdf/fonts/pdfacourieri.z
A	vendor/tecnickcom/tcpdf/fonts/pdfahelvetica.php
A	vendor/tecnickcom/tcpdf/fonts/pdfahelvetica.z
A	vendor/tecnickcom/tcpdf/fonts/pdfahelveticab.php
A	vendor/tecnickcom/tcpdf/fonts/pdfahelveticab.z
A	vendor/tecnickcom/tcpdf/fonts/pdfahelveticabi.php
A	vendor/tecnickcom/tcpdf/fonts/pdfahelveticabi.z
A	vendor/tecnickcom/tcpdf/fonts/pdfahelveticai.php
A	vendor/tecnickcom/tcpdf/fonts/pdfahelveticai.z
A	vendor/tecnickcom/tcpdf/fonts/pdfasymbol.php
A	vendor/tecnickcom/tcpdf/fonts/pdfasymbol.z
A	vendor/tecnickcom/tcpdf/fonts/pdfatimes.php
A	vendor/tecnickcom/tcpdf/fonts/pdfatimes.z
A	vendor/tecnickcom/tcpdf/fonts/pdfatimesb.php
A	vendor/tecnickcom/tcpdf/fonts/pdfatimesb.z
A	vendor/tecnickcom/tcpdf/fonts/pdfatimesbi.php
A	vendor/tecnickcom/tcpdf/fonts/pdfatimesbi.z
A	vendor/tecnickcom/tcpdf/fonts/pdfatimesi.php
A	vendor/tecnickcom/tcpdf/fonts/pdfatimesi.z
A	vendor/tecnickcom/tcpdf/fonts/pdfazapfdingbats.php
A	vendor/tecnickcom/tcpdf/fonts/pdfazapfdingbats.z
A	vendor/tecnickcom/tcpdf/fonts/stsongstdlight.php
A	vendor/tecnickcom/tcpdf/fonts/symbol.php
A	vendor/tecnickcom/tcpdf/fonts/times.php
A	vendor/tecnickcom/tcpdf/fonts/timesb.php
A	vendor/tecnickcom/tcpdf/fonts/timesbi.php
A	vendor/tecnickcom/tcpdf/fonts/timesi.php
A	vendor/tecnickcom/tcpdf/fonts/uni2cid_ac15.php
A	vendor/tecnickcom/tcpdf/fonts/uni2cid_ag15.php
A	vendor/tecnickcom/tcpdf/fonts/uni2cid_aj16.php
A	vendor/tecnickcom/tcpdf/fonts/uni2cid_ak12.php
A	vendor/tecnickcom/tcpdf/fonts/zapfdingbats.php
A	vendor/tecnickcom/tcpdf/include/barcodes/datamatrix.php
A	vendor/tecnickcom/tcpdf/include/barcodes/pdf417.php
A	vendor/tecnickcom/tcpdf/include/barcodes/qrcode.php
A	vendor/tecnickcom/tcpdf/include/sRGB.icc
A	vendor/tecnickcom/tcpdf/include/tcpdf_colors.php
A	vendor/tecnickcom/tcpdf/include/tcpdf_filters.php
A	vendor/tecnickcom/tcpdf/include/tcpdf_font_data.php
A	vendor/tecnickcom/tcpdf/include/tcpdf_fonts.php
A	vendor/tecnickcom/tcpdf/include/tcpdf_images.php
A	vendor/tecnickcom/tcpdf/include/tcpdf_static.php
A	vendor/tecnickcom/tcpdf/tcpdf.php
A	vendor/tecnickcom/tcpdf/tcpdf_autoconfig.php
A	vendor/tecnickcom/tcpdf/tcpdf_barcodes_1d.php
A	vendor/tecnickcom/tcpdf/tcpdf_barcodes_2d.php
A	vendor/tecnickcom/tcpdf/tcpdf_import.php
A	vendor/tecnickcom/tcpdf/tcpdf_parser.php
A	vendor/tecnickcom/tcpdf/tools/.htaccess
A	vendor/tecnickcom/tcpdf/tools/convert_fonts_examples.txt
A	vendor/tecnickcom/tcpdf/tools/tcpdf_addfont.php
