M	bootstrap/classmap.php
M	bootstrap/compiled.php
M	content/apps/adsense/admin_position.php
D	content/apps/adsense/configs/merchant_ad.cfg.php
A	content/apps/adsense/configs/merchant_ad.php
D	content/apps/adsense/configs/merchant_adgroup.cfg.php
A	content/apps/adsense/configs/merchant_adgroup.php
D	content/apps/adsense/configs/merchant_cycleimage.cfg.php
A	content/apps/adsense/configs/merchant_cycleimage.php
D	content/apps/adsense/configs/merchant_shortcut.cfg.php
A	content/apps/adsense/configs/merchant_shortcut.php
M	content/apps/adsense/configs/package.cfg.php
D	content/apps/adsense/languages/zh-cn/adsense.lang.php
D	content/apps/adsense/languages/zh-cn/package.lang.php
M	content/apps/api/classes/EM_Api.class.php
M	content/apps/api/configs/package.cfg.php
D	content/apps/article/configs/article_type.cfg.php
A	content/apps/article/configs/article_type.php
D	content/apps/article/configs/cattype.cfg.php
A	content/apps/article/configs/cattype.php
M	content/apps/article/configs/package.cfg.php
D	content/apps/captcha/configs/constant.cfg.php
A	content/apps/captcha/configs/constant.php
M	content/apps/captcha/configs/package.cfg.php
M	content/apps/cart/apis/cart_cart_list_api.class.php
M	content/apps/cart/apis/cart_flow_done_api.class.php
M	content/apps/cart/classes/cart.class.php
M	content/apps/cart/classes/hooks/admin_cart.class.php
M	content/apps/cart/configs/package.cfg.php
M	content/apps/cart/functions/cart.func.php
A	content/apps/cart/functions/cashdesk.func.php
M	content/apps/cart/modules/admin/flow/checkOrder_module.class.php
M	content/apps/cart/modules/admin/flow/done_module.class.php
M	content/apps/cart/modules/flow/done_module.class.php
D	content/apps/mobile/languages/zh-cn/package.lang.php
A	content/apps/cart/modules/storebuy/cart/checked_module.class.php
A	content/apps/cart/modules/storebuy/cart/create_module.class.php
D	content/apps/sms/model/sms_user_rank_model.class.php
A	content/apps/cart/modules/storebuy/cart/delete_module.class.php
D	content/apps/sms/apis/sms_sms_send_api.class.php
A	content/apps/cart/modules/storebuy/cart/list_module.class.php
D	content/apps/connect/languages/zh-cn/package.lang.php
A	content/apps/cart/modules/storebuy/cart/update_module.class.php
A	content/apps/cart/modules/storebuy/flow/checkOrder_module.class.php
A	content/apps/cart/modules/storebuy/flow/done_module.class.php
M	content/apps/connect/configs/package.cfg.php
M	content/apps/express/configs/package.cfg.php
M	content/apps/express/modules/express/pickup_module.class.php
M	content/apps/goods/admin.php
M	content/apps/goods/apis/goods_goods_list_api.class.php
M	content/apps/goods/classes/goods_list.class.php
M	content/apps/goods/configs/package.cfg.php
M	content/apps/goods/merchant.php
M	content/apps/goods/modules/admin/goods/desc_module.class.php
M	content/apps/goods/modules/admin/goods/detail_module.class.php
M	content/apps/goods/statics/js/goods_list.js
M	content/apps/goods/statics/js/merchant_goods_list.js
M	content/apps/goods/statics/styles/goods.css
M	content/apps/goods/templates/admin/goods_info.dwt.php
M	content/apps/goods/templates/merchant/goods_info.dwt.php
M	content/apps/goods/templates/merchant/goods_list.dwt.php
D	content/apps/installer/configs/checking_dirs.cfg.php
A	content/apps/installer/configs/checking_dirs.php
M	content/apps/installer/configs/package.cfg.php
D	content/apps/installer/configs/timezones_zh_CN.cfg.php
A	content/apps/installer/configs/timezones_zh_CN.php
M	content/apps/merchant/apis/merchant_merchant_menu_api.class.php
M	content/apps/merchant/apis/merchant_merchant_purview_api.class.php
M	content/apps/merchant/classes/ecjia_merchant.class.php
M	content/apps/merchant/configs/package.cfg.php
M	content/apps/merchant/merchant.php
A	content/apps/merchant/modules/merchant/goods/storebuy/list_module.class.php
A	content/apps/merchant/modules/merchant/goods/storebuy/suggestlist_module.class.php
M	content/apps/merchant/modules/merchant/nearby_module.class.php
A	content/apps/merchant/statics/css/merchant_template.css
A	content/apps/merchant/statics/img/template/template_3.png
M	content/apps/merchant/templates/merchant/merchant_basic_info.dwt.php
M	content/apps/merchant/templates/merchant/merchant_template.dwt.php
D	content/apps/mobile/configs/group_code.cfg.php
A	content/apps/mobile/configs/group_code.php
M	content/apps/mobile/configs/package.cfg.php
M	content/apps/orders/admin.php
M	content/apps/orders/admin_order_delivery.php
M	content/apps/orders/apis/orders_buy_order_paid_api.class.php
M	content/apps/orders/classes/CustomizeOrderList.php
M	content/apps/orders/classes/Repositories/OrdersRepository.php
M	content/apps/orders/classes/order_operate.class.php
M	content/apps/orders/classes/order_query.class.php
M	content/apps/orders/configs/package.cfg.php
M	content/apps/orders/languages/zh_CN/order.lang.php
M	content/apps/orders/merchant.php
M	content/apps/orders/mh_delivery.php
M	content/apps/orders/modules/admin/orders/check_module.class.php
M	content/apps/orders/modules/admin/orders/detail_module.class.php
M	content/apps/orders/modules/admin/orders/express_module.class.php
M	content/apps/orders/modules/admin/orders/operate/delivery_module.class.php
M	content/apps/orders/modules/admin/orders/operate/shipping_module.class.php
M	content/apps/orders/modules/admin/orders/shipping/list_module.class.php
M	content/apps/orders/modules/order/affirmReceived_module.class.php
M	content/apps/orders/modules/order/detail_module.class.php
M	content/apps/orders/modules/order/express_module.class.php
M	content/apps/orders/statics/css/admin_orders.css
M	content/apps/orders/statics/music/new_order.mp3
M	content/apps/orders/templates/admin/order_info.dwt.php
A	content/apps/orders/templates/admin/storebuy_order_info.dwt.php
M	content/apps/orders/templates/merchant/mh_order_list.dwt.php
A	content/apps/orders/templates/merchant/order_storebuy_info.dwt.php
M	content/apps/payment/classes/Repositories/PaymentRecordRepository.php
M	content/apps/payment/configs/package.cfg.php
D	content/apps/payment/languages/zh-cn/package.lang.php
D	content/apps/payment/languages/zh-cn/payment.lang.php
M	content/apps/platform/admin_switch.php
M	content/apps/platform/configs/package.cfg.php
D	content/apps/platform/configs/platform_type.cfg.php
A	content/apps/platform/configs/platform_type.php
M	content/apps/platform/index.php
M	content/apps/promotion/admin.php
M	content/apps/promotion/configs/package.cfg.php
M	content/apps/promotion/merchant.php
M	content/apps/promotion/statics/js/promotion_merchant.js
M	content/apps/promotion/templates/admin/promotion_info.dwt.php
M	content/apps/push/configs/package.cfg.php
D	content/apps/push/languages/zh-cn/package.lang.php
D	content/apps/push/languages/zh-cn/push.lang.php
M	content/apps/quickpay/admin_order.php
M	content/apps/quickpay/admin_sale_general.php
M	content/apps/quickpay/admin_sale_list.php
M	content/apps/quickpay/apis/quickpay_quickpay_order_list_api.class.php
M	content/apps/quickpay/apis/quickpay_quickpay_user_account_paid_api.class.php
M	content/apps/quickpay/classes/Status.php
M	content/apps/quickpay/classes/quickpay_activity.class.php
M	content/apps/quickpay/configs/package.cfg.php
M	content/apps/quickpay/languages/zh_CN/order.lang.php
M	content/apps/quickpay/mh_order.php
M	content/apps/quickpay/mh_sale_general.php
M	content/apps/quickpay/mh_sale_list.php
M	content/apps/quickpay/modules/flow/done_module.class.php
A	content/apps/quickpay/modules/order/operate/cancel_module.class.php
A	content/apps/quickpay/modules/order/operate/delete_module.class.php
M	content/apps/quickpay/statics/js/admin_order.js
M	content/apps/quickpay/statics/js/mh_order.js
M	content/apps/quickpay/templates/admin/quickpay_order_list.dwt.php
M	content/apps/quickpay/templates/admin/quickpay_sale_general.dwt.php
M	content/apps/quickpay/templates/admin/quickpay_sale_list.dwt.php
M	content/apps/quickpay/templates/merchant/library/quickpay_order_step.lbi.php
M	content/apps/quickpay/templates/merchant/quickpay_order_info.dwt.php
M	content/apps/quickpay/templates/merchant/quickpay_order_list.dwt.php
M	content/apps/quickpay/templates/merchant/quickpay_sale_general.dwt.php
M	content/apps/quickpay/templates/merchant/quickpay_sale_list.dwt.php
M	content/apps/setting/admin_region.php
M	content/apps/setting/configs/package.cfg.php
M	content/apps/shipping/admin_store_shipping.php
M	content/apps/shipping/apis/shipping_store_menu_api.class.php
M	content/apps/shipping/configs/package.cfg.php
D	content/apps/shipping/configs/shipping_template_info.cfg.php
A	content/apps/shipping/configs/shipping_template_info.php
D	content/apps/shipping/languages/zh-cn/package.lang.php
D	content/apps/shipping/languages/zh-cn/shipping.lang.php
D	content/apps/shipping/languages/zh-cn/shipping_area.lang.php
M	content/apps/shipping/statics/css/merchant_express.css
M	content/apps/shipping/templates/admin/store_shipping.dwt.php
A	content/apps/shipping/templates/admin/store_shipping_info.dwt.php
M	content/apps/sms/admin.php
M	content/apps/sms/admin_config.php
M	content/apps/sms/admin_plugin.php
M	content/apps/sms/classes/SmsManager.php
M	content/apps/sms/classes/sms_installer.class.php
D	content/apps/sms/classes/sms_send.class.php
M	content/apps/sms/configs/package.cfg.php
D	content/apps/sms/languages/zh-cn/package.lang.php
D	content/apps/sms/languages/zh-cn/sms.lang.php
D	content/apps/sms/model/mail_templates_model.class.php
D	content/apps/sms/model/sms_config_model.class.php
D	content/apps/sms/model/sms_sendlist_model.class.php
D	content/apps/sms/model/sms_users_model.class.php
D	content/apps/sms/model/user_rank_model.class.php
D	content/apps/sms/model/users_model.class.php
D	content/apps/sms/templates/admin/sms_send.dwt.php
M	content/apps/staff/configs/package.cfg.php
D	content/apps/staff/configs/staff_internal_group.cfg.php
A	content/apps/staff/configs/staff_internal_group.php
M	content/apps/staff/merchant.php
M	content/apps/staff/mh_profile.php
M	content/apps/staff/privilege.php
M	content/apps/staff/templates/merchant/staff_customize.dwt.php
M	content/apps/store/admin_preaudit.php
M	content/apps/store/configs/package.cfg.php
M	content/apps/store/statics/js/admin_config.js
M	content/apps/store/templates/admin/store_config_info.dwt.php
M	content/apps/touch/classes/ecjia_touch_api.class.php
M	content/apps/touch/configs/package.cfg.php
M	content/apps/user/admin.php
M	content/apps/user/apis/user_address_manage_api.class.php
M	content/apps/user/classes/integrate_abstract.class.php
D	content/apps/user/configs/constant.cfg.php
A	content/apps/user/configs/constant.php
M	content/apps/user/configs/package.cfg.php
M	content/apps/weapp/admin_switch.php
M	content/apps/weapp/configs/package.cfg.php
D	content/apps/wechat/configs/api_limit.cfg.php
A	content/apps/wechat/configs/api_limit.php
M	content/apps/wechat/configs/package.cfg.php
M	content/configs/api.php
A	content/configs/coreservice.php
M	content/configs/facade.php
M	content/configs/namespaces.php
M	content/configs/provider.php
M	content/configs/release.php
M	content/configs/session.php
A	content/database/migrations/2018_01_11_095623_create_session_table.php
A	content/database/migrations/2018_01_12_150951_drop_sessions_table.php
A	content/database/migrations/2018_01_12_151009_drop_sessions_data_table.php
D	content/apps/sms/model/sms_sendlist_viewmodel.class.php
A	content/database/patchs/v1.12.0/Version_11200.php
A	content/database/patchs/v1.12.0/ecjia-daojia-patch-v1.12.0.log
A	content/database/patchs/v1.12.0/readme.txt
D	content/apps/sms/configs/template_code.cfg.php
A	content/plugins/ship_yunda/config.php
A	content/plugins/ship_yunda/images/dly_yunda.jpg
A	content/plugins/ship_yunda/languages/zh_CN/plugin.lang.php
A	content/plugins/ship_yunda/ship_yunda.class.php
D	content/apps/sms/classes/sms_method.class.php
A	content/plugins/ship_yunda/ship_yunda.php
M	content/plugins/ship_zto/languages/zh_CN/plugin.lang.php
M	content/plugins/ship_zto/ship_zto.class.php
M	content/plugins/ship_zto/ship_zto.php
D	content/system/classes/session/ecjia_session_interface.class.php
A	content/system/classes/Sessions/EcjiaSessionInterface.php
A	content/system/classes/Sessions/Handler/MemcacheSessionHandler.php
A	content/system/classes/Sessions/Handler/MysqlSessionHandler.php
A	content/system/classes/Sessions/Handler/RedisSessionHandler.php
M	content/system/classes/ecjia.class.php
M	content/system/classes/ecjia_admin.class.php
M	content/system/classes/ecjia_front.class.php
M	content/system/classes/ecjia_loader.class.php
D	content/system/classes/session/ecjia_session_base.class.php
D	content/system/classes/session/ecjia_session_memcache.class.php
D	content/system/classes/session/ecjia_session_mysql.class.php
D	content/system/configs/autoload_class.cfg.php
A	content/system/configs/autoload_class.php
D	content/system/configs/constant.cfg.php
A	content/system/configs/constant.php
M	content/system/functions/functions.func.php
M	content/system/privilege.php
M	content/system/start/bootstrap.php
M	content/system/start/global.php
A	content/system/statics/js/ecjia.chosen.js
M	content/system/statics/lib/chosen/chosen.jquery.js
M	content/system/statics/lib/chosen/chosen.jquery.min.js
A	content/system/statics/lib/chosen/chosen.proto.js
A	content/system/statics/lib/chosen/chosen.proto.min.js
A	content/system/statics/lib/chosen/readme.md
M	sites/m/content/themes/h5/css/ecjia_city.css
M	sites/m/content/themes/h5/extras/controller/article_controller.php
M	sites/m/content/themes/h5/extras/controller/cart_controller.php
M	sites/m/content/themes/h5/extras/controller/goods_controller.php
M	sites/m/content/themes/h5/extras/controller/quickpay_controller.php
M	sites/m/content/themes/h5/extras/controller/user_order_controller.php
M	sites/m/content/themes/h5/flow_checkout.dwt.php
A	sites/m/content/themes/h5/flow_pay_shipping.dwt.php
M	sites/m/content/themes/h5/functions.php
M	sites/m/content/themes/h5/goods_show.dwt.php
A	sites/m/content/themes/h5/images/icon/close.png
A	sites/m/content/themes/h5/images/icon/icon-pay.png
A	sites/m/content/themes/h5/images/icon/icon-shipping.png
A	sites/m/content/themes/h5/images/user_center/cancel.png
M	sites/m/content/themes/h5/js/ecjia.touch.flow.js
M	sites/m/content/themes/h5/js/ecjia.touch.goods.js
M	sites/m/content/themes/h5/js/ecjia.touch.quickpay.js
M	sites/m/content/themes/h5/js/ecjia.touch.user.js
M	sites/m/content/themes/h5/merchant.dwt.php
M	sites/m/content/themes/h5/quickpay_checkout.dwt.php
M	sites/m/content/themes/h5/quickpay_detail.dwt.php
M	sites/m/content/themes/h5/quickpay_list.dwt.php
M	sites/m/content/themes/h5/store_list.dwt.php
M	sites/m/content/themes/h5/user_order_detail.dwt.php
M	sites/m/content/themes/h5/user_order_list.dwt.php
A	sites/m/content/themes/h5/user_order_storebuy_detail.dwt.php
M	vendor/composer/autoload_namespaces.php
A	vendor/royalcms/framework/Royalcms/Component/Config/Resources/coreservice.php
M	vendor/royalcms/framework/Royalcms/Component/Config/Resources/system.php
M	vendor/royalcms/framework/Royalcms/Component/Foundation/Kses.php
M	vendor/royalcms/framework/Royalcms/Component/Foundation/Royalcms.php
M	vendor/royalcms/framework/Royalcms/Component/Foundation/Start.php
M	vendor/royalcms/framework/Royalcms/Component/Hook/HookServiceProvider.php
D	vendor/royalcms/framework/Royalcms/Component/HttpFoundation/ParameterBag.php
D	vendor/royalcms/framework/Royalcms/Component/HttpFoundation/Request.php
D	vendor/royalcms/framework/Royalcms/Component/HttpFoundation/Response.php
D	vendor/royalcms/framework/Royalcms/Component/HttpFoundation/ServerBag.php
M	vendor/royalcms/framework/Royalcms/Component/HttpKernel/RedirectResponse.php
M	vendor/royalcms/framework/Royalcms/Component/Package/FileLoader.php
D	vendor/royalcms/framework/Royalcms/Component/Redis/Database.php
D	vendor/royalcms/framework/Royalcms/Component/Redis/RedisServiceProvider.php
M	vendor/royalcms/framework/Royalcms/Component/Routing/Redirector.php
M	vendor/royalcms/framework/Royalcms/Component/Session/Console/stubs/database.stub
M	vendor/royalcms/framework/Royalcms/Component/Session/Store.php
A	vendor/royalcms/framework/Royalcms/Component/Session/StoreInterface.php
M	vendor/royalcms/framework/autoload/pluggable.php
M	vendor/royalcms/memcache/Royalcms/Component/Memcache/CommandInterface.php
M	vendor/royalcms/memcache/Royalcms/Component/Memcache/MemcacheHandler.php
M	vendor/royalcms/memcache/Royalcms/Component/Memcache/MemcachedHandler.php
M	vendor/royalcms/memcache/Royalcms/Component/Memcache/Repository.php
M	vendor/royalcms/memcache/Royalcms/Component/Memcache/ServerHandler.php
A	vendor/royalcms/native-session/Royalcms/Component/NativeSession/CompatibleTrait.php
A	vendor/royalcms/native-session/Royalcms/Component/NativeSession/NativeSessionServiceProvider.php
A	vendor/royalcms/native-session/Royalcms/Component/NativeSession/SessionManager.php
A	vendor/royalcms/native-session/Royalcms/Component/NativeSession/StartSession.php
A	vendor/royalcms/native-session/Royalcms/Component/NativeSession/Store.php
A	vendor/royalcms/redis/Royalcms/Component/Redis/Connections/Connection.php
A	vendor/royalcms/redis/Royalcms/Component/Redis/Connections/PhpRedisClusterConnection.php
A	vendor/royalcms/redis/Royalcms/Component/Redis/Connections/PhpRedisConnection.php
A	vendor/royalcms/redis/Royalcms/Component/Redis/Connections/PredisClusterConnection.php
A	vendor/royalcms/redis/Royalcms/Component/Redis/Connections/PredisConnection.php
A	vendor/royalcms/redis/Royalcms/Component/Redis/Connectors/PhpRedisConnector.php
A	vendor/royalcms/redis/Royalcms/Component/Redis/Connectors/PredisConnector.php
A	vendor/royalcms/redis/Royalcms/Component/Redis/Contracts/Factory.php
A	vendor/royalcms/redis/Royalcms/Component/Redis/Facades/Redis.php
A	vendor/royalcms/redis/Royalcms/Component/Redis/RedisManager.php
A	vendor/royalcms/redis/Royalcms/Component/Redis/RedisServiceProvider.php
