M	bootstrap/classmap.php
M	content/apps/affiliate/statics/js/affiliate.js
M	content/apps/article/admin_notice.php
M	content/apps/article/functions/admin_article.func.php
M	content/apps/article/templates/admin/shophelp_cat_list.dwt.php
M	content/apps/captcha/modules/captcha/admin/sms_module.class.php
M	content/apps/captcha/modules/captcha/sms_module.class.php
M	content/apps/cart/apis/cart_cart_list_api.class.php
M	content/apps/cart/apis/cart_flow_done_api.class.php
M	content/apps/cart/functions/cart.func.php
M	content/apps/cart/languages/zh-cn/shopping_flow.lang.php
M	content/apps/cart/languages/zh_CN/shopping_flow.lang.php
M	content/apps/connect/admin_plugin.php
M	content/apps/connect/apis/connect_connect_user_api.class.php
M	content/apps/connect/apis/connect_connect_user_bind_api.class.php
M	content/apps/connect/apis/connect_connect_user_info_api.class.php
M	content/apps/connect/apis/connect_connect_user_remove_api.class.php
M	content/apps/connect/callback.php
D	content/apps/connect/classes/connect_abstract.class.php
A	content/apps/connect/classes/ConnectAbstract.php
D	content/apps/connect/classes/connect_method.class.php
A	content/apps/connect/classes/ConnectPlugin.php
A	content/apps/connect/classes/ConnectUser.php
A	content/apps/connect/classes/Models/ConnectUserModel.php
D	content/apps/connect/classes/connect_user.class.php
M	content/apps/connect/index.php
M	content/apps/connect/modules/connect/bind_module.class.php
M	content/apps/connect/modules/connect/signin_module.class.php
M	content/apps/connect/modules/connect/signup_module.class.php
M	content/apps/connect/templates/admin/connect_edit.dwt.php
D	content/apps/cron/admin.php
A	content/apps/cron/admin_plugin.php
A	content/apps/cron/apis/cron_plugin_menu_api.class.php
M	content/apps/cron/apis/cron_tool_menu_api.class.php
M	content/apps/cron/templates/admin/cron_edit.dwt.php
M	content/apps/cron/templates/admin/cron_list.dwt.php
M	content/apps/express/modules/express/grab_module.class.php
M	content/apps/express/modules/express/pickup_module.class.php
M	content/apps/finance/admin_account.php
M	content/apps/finance/admin_account_log.php
A	content/apps/finance/apis/finance_account_change_log_api.class.php
M	content/apps/finance/apis/finance_admin_menu_api.class.php
A	content/apps/finance/apis/finance_surplus_order_paid_api.class.php
M	content/apps/finance/functions/admin_user.func.php
A	content/apps/finance/statics/css/admin_finance.css
A	content/apps/finance/statics/images/order-time-base-admin.png
A	content/apps/finance/statics/images/order-time-base.png
M	content/apps/finance/statics/js/admin_account.js
M	content/apps/finance/templates/admin/admin_account_check.dwt.php
M	content/apps/finance/templates/admin/admin_account_edit.dwt.php
D	content/apps/user/templates/admin/admin_account_check.dwt.php
A	content/apps/finance/templates/admin/admin_account_info.dwt.php
M	content/apps/finance/templates/admin/admin_account_list.dwt.php
M	content/apps/finance/templates/admin/admin_invoice_list.dwt.php
M	content/apps/franchisee/merchant.php
M	content/apps/franchisee/templates/merchant/franchisee.dwt.php
M	content/apps/goods/admin.php
M	content/apps/goods/admin_attribute.php
D	content/apps/goods/admin_goods_type.php
A	content/apps/goods/admin_goods_spec.php
M	content/apps/goods/apis/goods_admin_menu_api.class.php
M	content/apps/goods/apis/goods_merchant_menu_api.class.php
M	content/apps/goods/classes/goods_imageutils.class.php
M	content/apps/goods/functions/admin_goods.func.php
M	content/apps/goods/functions/global.func.php
M	content/apps/goods/functions/merchant_goods.func.php
M	content/apps/goods/languages/zh_CN/attribute.lang.php
M	content/apps/goods/languages/zh_CN/goods.lang.php
A	content/apps/goods/languages/zh_CN/goods_spec.lang.php
M	content/apps/goods/merchant.php
M	content/apps/goods/mh_attribute.php
D	content/apps/goods/mh_type.php
A	content/apps/goods/mh_spec.php
M	content/apps/goods/statics/js/goods_attribute.js
M	content/apps/goods/statics/js/merchant_goods_attribute.js
M	content/apps/goods/templates/admin/attribute_list.dwt.php
M	content/apps/goods/templates/admin/goods_attr.dwt.php
M	content/apps/goods/templates/admin/goods_type_info.dwt.php
M	content/apps/goods/templates/admin/goods_type_list.dwt.php
M	content/apps/goods/templates/merchant/attribute_list.dwt.php
M	content/apps/goods/templates/merchant/goods_attr.dwt.php
M	content/apps/goods/templates/merchant/goods_type_info.dwt.php
M	content/apps/goods/templates/merchant/goods_type_list.dwt.php
M	content/apps/installer/classes/install_utility.class.php
M	content/apps/installer/data/env.example
M	content/apps/installer/index.php
M	content/apps/installer/statics/front/images/logo_pic.png
M	content/apps/installer/templates/front/deploy.dwt.php
M	content/apps/installer/templates/front/detect.dwt.php
M	content/apps/installer/templates/front/finish.dwt.php
A	content/apps/installer/templates/front/library/footer.lbi.php
A	content/apps/installer/templates/front/library/header.lbi.php
M	content/apps/installer/templates/front/welcome.dwt.php
M	content/apps/main/classes/hooks/admin_main.class.php
M	content/apps/maintain/classes/Commands/SettingShopConfigSequence.php
A	content/apps/market/admin.php
A	content/apps/market/apis/market_admin_menu_api.class.php
A	content/apps/market/apis/market_admin_purview_api.class.php
A	content/apps/market/configs/package.cfg.php
A	content/apps/market/functions/global.func.php
A	content/apps/market/languages/en_US/market.lang.php
D	content/apps/connect/configs/alipayinc.cfg.php
A	content/apps/market/languages/en_US/package.lang.php
A	content/apps/market/languages/zh_CN/market.lang.php
D	content/apps/connect/configs/wechatinc.cfg.php
A	content/apps/market/languages/zh_CN/package.lang.php
A	content/apps/market/modules/activity/shake_module.class.php
A	content/apps/market/statics/css/activity.css
A	content/apps/market/statics/js/activity.js
A	content/apps/market/templates/admin/activity_edit.dwt.php
A	content/apps/market/templates/admin/activity_list.dwt.php
A	content/apps/market/templates/admin/activity_prize.dwt.php
A	content/apps/market/templates/admin/activity_record.dwt.php
M	content/apps/merchant/classes/ecjia_merchant.class.php
M	content/apps/merchant/merchant.php
M	content/apps/merchant/templates/merchant/library/common_header.lbi.php
M	content/apps/merchant/templates/merchant/library/common_nologin_header.lbi.php
M	content/apps/mobile/classes/ApplicationPlatform.php
M	content/apps/mobile/classes/Qrcode/AbstractQrcode.php
M	content/apps/mobile/statics/css/mobile_config.css
M	content/apps/orders/admin.php
M	content/apps/orders/admin_order_delivery.php
M	content/apps/orders/admin_order_stats.php
M	content/apps/orders/admin_sale_general.php
M	content/apps/orders/apis/orders_buy_order_paid_api.class.php
M	content/apps/orders/apis/orders_order_info_api.class.php
M	content/apps/orders/apis/orders_order_list_api.class.php
M	content/apps/orders/apis/orders_order_operable_list_api.class.php
M	content/apps/orders/apis/orders_order_paid_api.class.php
M	content/apps/orders/apis/orders_user_account_paid_api.class.php
M	content/apps/orders/functions/admin_order.func.php
M	content/apps/orders/functions/global.func.php
M	content/apps/orders/functions/merchant_order.func.php
M	content/apps/orders/languages/zh_CN/order.lang.php
M	content/apps/orders/mh_delivery.php
M	content/apps/orders/mh_order_stats.php
M	content/apps/orders/mh_sale_general.php
M	content/apps/orders/modules/admin/orders/detail_module.class.php
M	content/apps/orders/modules/admin/orders/express_module.class.php
M	content/apps/orders/modules/admin/orders/list_module.class.php
M	content/apps/orders/modules/admin/orders/operate/delivery_module.class.php
M	content/apps/orders/modules/admin/orders/operate/pay_module.class.php
M	content/apps/orders/modules/admin/orders/payConfirm_module.class.php
M	content/apps/orders/modules/admin/orders/quickpay_module.class.php
M	content/apps/orders/modules/admin/orders/refundConfirm_module.class.php
A	content/apps/orders/modules/admin/orders/today_module.class.php
M	content/apps/orders/modules/admin/orders/update_module.class.php
M	content/apps/orders/modules/order/affirmReceived_module.class.php
M	content/apps/orders/modules/order/detail_module.class.php
M	content/apps/orders/modules/order/pay_module.class.php
M	content/apps/orders/modules/order/update_module.class.php
M	content/apps/orders/statics/js/merchant_order_stats_chart.js
M	content/apps/orders/statics/js/order_stats_chart.js
M	content/apps/orders/statics/js/sale_general_chart.js
M	content/apps/orders/templates/admin/delivery_info.dwt.php
M	content/apps/orders/templates/admin/order_info.dwt.php
M	content/apps/orders/templates/admin/order_stats.dwt.php
M	content/apps/orders/templates/admin/sale_general.dwt.php
M	content/apps/orders/templates/merchant/delivery_info.dwt.php
M	content/apps/orders/templates/merchant/order_stats.dwt.php
M	content/apps/payment/admin.php
M	content/apps/payment/admin_payment_record.php
M	content/apps/payment/admin_plugin.php
M	content/apps/payment/apis/payment_pay_info_api.class.php
M	content/apps/payment/classes/PayConstant.php
M	content/apps/payment/classes/PaymentAbstract.php
M	content/apps/payment/classes/Repositories/PaymentRecordRepository.php
M	content/apps/payment/functions/global.func.php
M	content/apps/payment/languages/zh_CN/payment.lang.php
M	content/apps/payment/respond.php
M	content/apps/payment/statics/js/payment_admin.js
A	content/apps/payment/statics/js/payment_admin_record.js
M	content/apps/payment/templates/admin/payment_edit.dwt.php
M	content/apps/payment/templates/admin/payment_record_info.dwt.php
M	content/apps/payment/templates/admin/payment_record_list.dwt.php
M	content/apps/payment/templates/front/response.dwt.php
A	content/apps/payment/templates/front/response_default.dwt.php
M	content/apps/platform/admin_command.php
D	content/apps/platform/admin_extend.php
A	content/apps/platform/admin_plugin.php
M	content/apps/platform/apis/platform_admin_menu_api.class.php
A	content/apps/platform/apis/platform_plugin_menu_api.class.php
M	content/apps/platform/statics/js/platform.js
M	content/apps/platform/templates/admin/extend_list.dwt.php
A	content/apps/push/admin.php
A	content/apps/push/admin_events.php
A	content/apps/push/admin_template.php
A	content/apps/push/apis/push_admin_purview_api.class.php
D	content/apps/connect/classes/connect_factory.class.php
A	content/apps/push/apis/push_push_event_send_api.class.php
A	content/apps/push/apis/push_push_send_api.class.php
A	content/apps/push/apis/push_push_template_api.class.php
A	content/apps/push/apis/push_service_menu_api.class.php
A	content/apps/push/classes/Clients/AndroidNotification.php
A	content/apps/push/classes/Clients/IOSNotification.php
A	content/apps/push/classes/EventAbstract.php
A	content/apps/push/classes/EventFactory.php
A	content/apps/push/classes/Events/ExpressConfirm.php
A	content/apps/push/classes/Events/ExpressGrab.php
A	content/apps/push/classes/Events/ExpressPickup.php
A	content/apps/push/classes/Events/ExpressSystemAssign.php
A	content/apps/push/classes/Events/OrderPayed.php
A	content/apps/push/classes/Events/OrderPlaced.php
A	content/apps/push/classes/Events/OrderShipped.php
A	content/apps/push/classes/Models/PushEventModel.php
A	content/apps/push/classes/Models/PushMessageModel.php
A	content/apps/push/classes/Models/PushTemplateModel.php
A	content/apps/push/classes/NotificationAbstract.php
A	content/apps/push/classes/NotificationFactory.php
A	content/apps/push/classes/PushContent.php
A	content/apps/push/classes/PushManager.php
A	content/apps/push/classes/PushSend.php
A	content/apps/push/classes/Umeng/Notification/Android/AndroidBroadcast.php
A	content/apps/push/classes/Umeng/Notification/Android/AndroidCustomizedcast.php
A	content/apps/push/classes/Umeng/Notification/Android/AndroidFilecast.php
A	content/apps/push/classes/Umeng/Notification/Android/AndroidGroupcast.php
A	content/apps/push/classes/Umeng/Notification/Android/AndroidListcast.php
A	content/apps/push/classes/Umeng/Notification/Android/AndroidUnicast.php
A	content/apps/push/classes/Umeng/Notification/AndroidNotification.php
A	content/apps/push/classes/Umeng/Notification/IOS/IOSBroadcast.php
A	content/apps/push/classes/Umeng/Notification/IOS/IOSCustomizedcast.php
A	content/apps/push/classes/Umeng/Notification/IOS/IOSFilecast.php
A	content/apps/push/classes/Umeng/Notification/IOS/IOSGroupcast.php
A	content/apps/push/classes/Umeng/Notification/IOS/IOSListcast.php
A	content/apps/push/classes/Umeng/Notification/IOS/IOSUnicast.php
A	content/apps/push/classes/Umeng/Notification/IOSNotification.php
A	content/apps/push/classes/Umeng/Notification/UmengNotification.php
A	content/apps/push/classes/notification/AndroidNotification.class.php
A	content/apps/push/classes/notification/IOSNotification.class.php
A	content/apps/push/classes/notification/UmengNotification.class.php
A	content/apps/push/classes/notification/android/AndroidBroadcast.class.php
A	content/apps/push/classes/notification/android/AndroidCustomizedcast.class.php
A	content/apps/push/classes/notification/android/AndroidFilecast.class.php
A	content/apps/push/classes/notification/android/AndroidGroupcast.class.php
A	content/apps/push/classes/notification/android/AndroidUnicast.class.php
A	content/apps/push/classes/notification/ios/IOSBroadcast.class.php
A	content/apps/push/classes/notification/ios/IOSCustomizedcast.class.php
A	content/apps/push/classes/notification/ios/IOSFilecast.class.php
A	content/apps/push/classes/notification/ios/IOSGroupcast.class.php
A	content/apps/push/classes/notification/ios/IOSUnicast.class.php
A	content/apps/push/classes/push_event.class.php
A	content/apps/push/classes/push_installer.class.php
A	content/apps/push/classes/push_notification.class.php
A	content/apps/push/classes/push_send.class.php
A	content/apps/push/configs/package.cfg.php
A	content/apps/push/functions/global.func.php
A	content/apps/push/languages/en_US/package.lang.php
A	content/apps/push/languages/en_US/push.lang.php
A	content/apps/push/languages/zh-cn/package.lang.php
A	content/apps/push/languages/zh-cn/push.lang.php
A	content/apps/push/languages/zh_CN/package.lang.php
A	content/apps/push/languages/zh_CN/push.lang.php
A	content/apps/push/model/mail_templates_model.class.php
A	content/apps/push/model/push_event_model.class.php
A	content/apps/push/model/push_event_viewmodel.class.php
A	content/apps/push/model/push_message_model.class.php
A	content/apps/push/statics/css/push_action.css
A	content/apps/push/statics/css/push_event.css
A	content/apps/push/statics/images/android.png
A	content/apps/push/statics/images/h5.png
A	content/apps/push/statics/images/iphone.png
A	content/apps/push/statics/images/wechant.png
A	content/apps/push/statics/js/push.js
A	content/apps/push/statics/js/push_action.js
A	content/apps/push/statics/js/push_config.js
A	content/apps/push/statics/js/push_events.js
A	content/apps/push/statics/js/push_template.js
A	content/apps/push/templates/admin/push_event_info.dwt.php
A	content/apps/push/templates/admin/push_events_list.dwt.php
A	content/apps/push/templates/admin/push_send.dwt.php
A	content/apps/push/templates/admin/push_send_history.dwt.php
A	content/apps/push/templates/admin/push_template_info.dwt.php
A	content/apps/push/templates/admin/push_template_list.dwt.php
A	content/apps/push/templates/admin/push_template_test.dwt.php
M	content/apps/setting/admin_region.php
M	content/apps/setting/languages/zh_CN/shop_config.lang.php
M	content/apps/shopguide/templates/admin/shop_guide.dwt.php
M	content/apps/shopguide/templates/merchant/shop_guide.dwt.php
M	content/apps/sms/admin_config.php
M	content/apps/sms/admin_events.php
M	content/apps/sms/admin_plugin.php
M	content/apps/sms/admin_template.php
A	content/apps/sms/classes/Events/SmsExpressConfirm.php
A	content/apps/sms/classes/Events/SmsExpressGrab.php
A	content/apps/sms/classes/Events/SmsExpressPickup.php
A	content/apps/sms/classes/Events/SmsExpressSystemAssign.php
D	content/apps/sms/classes/Events/SmsJionMerchant.php
A	content/apps/sms/classes/Events/SmsJoinMerchant.php
A	content/apps/sms/classes/Events/SmsStaffResetPassword.php
A	content/apps/sms/classes/Events/SmsUserAccountChange.php
M	content/apps/sms/classes/SmsManager.php
M	content/apps/sms/configs/template_code.cfg.php
M	content/apps/sms/templates/admin/sms_channel_edit.dwt.php
M	content/apps/sms/templates/admin/sms_events_list.dwt.php
M	content/apps/sms/templates/admin/sms_template_list.dwt.php
M	content/apps/staff/get_password.php
M	content/apps/staff/merchant.php
M	content/apps/staff/mh_profile.php
M	content/apps/staff/privilege.php
M	content/apps/staff/statics/css/bar.css
A	content/apps/staff/templates/merchant/staff_auto_login_error.dwt.php
M	content/apps/store/admin.php
M	content/apps/store/admin_preaudit.php
M	content/apps/store/apis/store_admin_menu_api.class.php
M	content/apps/store/apis/store_admin_purview_api.class.php
M	content/apps/store/modules/admin/merchant/validate_module.class.php
M	content/apps/store/statics/js/store.js
M	content/apps/store/templates/admin/store_list.dwt.php
M	content/apps/store/templates/admin/store_preview.dwt.php
M	content/apps/store/templates/admin/store_staff.dwt.php
A	content/apps/store/templates/admin/store_staff_edit.dwt.php
A	content/apps/touch/classes/hooks/api_touch.class.php
M	content/apps/touch/languages/zh-cn/common.lang.php
M	content/apps/touch/languages/zh_CN/common.lang.php
M	content/apps/upgrade/statics/front/images/logo_pic.png
M	content/apps/upgrade/templates/front/library/footer.lbi.php
M	content/apps/upgrade/templates/front/library/head_meta.lbi.php
M	content/apps/upgrade/templates/front/library/header.lbi.php
D	content/apps/user/admin_account.php
D	content/apps/user/admin_account_log.php
D	content/apps/user/admin_account_manage.php
M	content/apps/user/apis/user_admin_menu_api.class.php
M	content/apps/user/apis/user_admin_purview_api.class.php
A	content/apps/user/apis/user_update_user_avatar_api.class.php
M	content/apps/user/classes/integrate_abstract.class.php
M	content/apps/user/get_password.php
M	content/apps/user/languages/zh_CN/user_account.lang.php
M	content/apps/user/modules/admin/user/account/validate_module.class.php
M	content/apps/user/modules/admin/validate/get_module.class.php
M	content/apps/user/modules/user/account/deposit_module.class.php
M	content/apps/user/modules/user/account/pay_module.class.php
M	content/apps/user/modules/user/account/record_module.class.php
M	content/apps/user/modules/user/forget_password_module.class.php
M	content/apps/user/modules/user/userbind_module.class.php
M	content/apps/user/modules/v2/admin/user/forget_request_module.class.php
M	content/apps/user/modules/validate/get_module.class.php
D	content/apps/user/statics/js/admin_account.js
M	content/apps/user/statics/js/user_info.js
D	content/apps/user/statics/js/user_surplus.js
D	content/apps/user/templates/admin/account_log_edit.dwt.php
D	content/apps/user/templates/admin/account_log_list.dwt.php
D	content/apps/user/templates/admin/admin_account_edit.dwt.php
D	content/apps/user/templates/admin/admin_account_list.dwt.php
D	content/apps/user/templates/admin/admin_account_manage.dwt.php
D	content/apps/user/templates/admin/user_surplus_list.dwt.php
A	content/apps/weapp/admin.php
A	content/apps/weapp/admin_switch.php
A	content/apps/weapp/apis/weapp_admin_menu_api.class.php
A	content/apps/weapp/apis/weapp_admin_purview_api.class.php
A	content/apps/weapp/apis/weapp_weapp_user_info_api.class.php
A	content/apps/weapp/classes/Decrypted/BizDataCrypt.php
A	content/apps/weapp/classes/Decrypted/ErrorCode.php
A	content/apps/weapp/classes/Decrypted/PKCS7Encoder.php
D	content/plugins/mp_userbind/bind_login.php
A	content/apps/weapp/classes/Decrypted/Prpcrypt.php
A	content/apps/weapp/classes/Exception.php
A	content/apps/weapp/classes/Models/WechatUserModel.php
D	content/plugins/mp_userbind/bind_password.php
A	content/apps/weapp/classes/Repositories/WechatUserRepository.php
A	content/apps/weapp/classes/WeappUUID.php
A	content/apps/weapp/classes/WeappUser.php
D	content/plugins/sns_qq/languages/zh-cn/plugin.lang.php
A	content/apps/weapp/configs/package.cfg.php
A	content/apps/weapp/functions/global.func.php
A	content/apps/weapp/languages/zh-cn/package.lang.php
A	content/apps/weapp/languages/zh-cn/weapp.lang.php
D	content/apps/connect/configs/qqinc.cfg.php
A	content/apps/weapp/languages/zh_CN/package.lang.php
A	content/apps/weapp/languages/zh_CN/weapp.lang.php
A	content/apps/weapp/modules/weapp/wxbind_module.class.php
A	content/apps/weapp/modules/weapp/wxlogin_module.class.php
A	content/apps/weapp/modules/weapp/wxpay_module.class.php
A	content/apps/weapp/statics/css/admin_subscribe.css
A	content/apps/weapp/statics/js/weapp.js
A	content/apps/weapp/templates/admin/weapp_edit.dwt.php
A	content/apps/weapp/templates/admin/weapp_list.dwt.php
A	content/apps/weapp/templates/admin/weapp_user_list.dwt.php
A	content/apps/weapp/templates/admin/weapp_userinfo.dwt.php
M	content/apps/wechat/admin_menus.php
D	content/apps/wechat/admin_oauth.php
M	content/apps/wechat/apis/wechat_admin_menu_api.class.php
M	content/apps/wechat/classes/wechat_action.class.php
M	content/apps/wechat/classes/wechat_user.class.php
M	content/apps/wechat/languages/zh_CN/wechat.lang.php
A	content/apps/wechat/mobile_profile.php
A	content/apps/wechat/mobile_userbind.php
A	content/apps/wechat/statics/front/css/style.css
A	content/apps/wechat/statics/front/css/touch.css
A	content/apps/wechat/statics/front/images/arrow-right.png
A	content/apps/wechat/statics/front/images/icon_wechat_user.png
A	content/apps/wechat/statics/front/images/wechat_lock.png
A	content/apps/wechat/statics/front/images/wechat_name.png
A	content/apps/wechat/statics/front/images/wechat_pwd.png
A	content/apps/wechat/statics/front/js/bind.js
M	content/apps/wechat/statics/js/wechat_menus.js
M	content/apps/wechat/templates/admin/wechat_menus_edit.dwt.php
D	content/apps/wechat/templates/admin/wechat_oauth_edit.dwt.php
A	content/apps/wechat/templates/front/bind.dwt.php
A	content/apps/wechat/templates/front/bind_mobile.dwt.php
A	content/apps/wechat/templates/front/bind_signin.dwt.php
A	content/apps/wechat/templates/front/bind_user_profile.dwt.php
A	content/apps/wechat/templates/front/reset_get_code.dwt.php
A	content/apps/wechat/templates/front/reset_pwd.dwt.php
M	content/configs/api.php
M	content/configs/app.php
M	content/configs/namespaces.php
A	content/configs/payment.php
M	content/configs/release.php
M	content/configs/system.php
A	content/database/migrations/2017_09_01_135217_create_market_activity_table.php
A	content/database/migrations/2017_09_01_135233_create_market_activity_log_table.php
A	content/database/migrations/2017_09_01_135256_create_market_activity_prize_table.php
A	content/database/migrations/2017_09_01_135329_create_express_track_record_table.php
A	content/database/migrations/2017_09_01_145518_alter_access_token_size_for_connect_user_table.php
A	content/database/migrations/2017_09_04_175915_alter_type_size_for_wechat_menu_table.php
M	content/database/patchs/v1.5.0/readme.txt
M	content/database/patchs/v1.5.2/readme.txt
M	content/database/patchs/v1.7.0/readme.txt
A	content/database/patchs/v1.8.0/Version_10800.php
A	content/database/patchs/v1.8.0/ecjia-daojia-patch-v1.8.0.log
A	content/database/patchs/v1.8.0/ecjia-daojia-sql-v1.8.0.sql
A	content/database/patchs/v1.8.0/readme.txt
M	content/database/seeds/DemoArticleTableSeeder.php
M	content/database/seeds/InitAdTableSeeder.php
M	content/plugins/mp_checkin/mp_checkin.class.php
M	content/plugins/mp_dzp/mp_dzp.class.php
M	content/plugins/mp_ggk/mp_ggk.class.php
M	content/plugins/mp_jfcx/mp_jfcx.class.php
M	content/plugins/mp_orders/mp_orders.class.php
D	content/plugins/mp_userbind/bind_auth.php
D	content/plugins/mp_userbind/bind_callback.php
D	content/plugins/mp_userbind/bind_init.php
D	content/plugins/mp_userbind/bind_signin.php
D	content/plugins/mp_userbind/bind_signup.php
M	content/plugins/mp_userbind/mp_userbind.class.php
D	content/plugins/mp_userbind/templates/wechat_bind_login.dwt.php
D	content/plugins/mp_userbind/templates/wechat_bind_success.dwt.php
D	content/plugins/mp_userbind/templates/wechat_redirect.dwt.php
M	content/plugins/mp_zjd/mp_zjd.class.php
M	content/plugins/pay_alipay/pay_alipay.class.php
M	content/plugins/ship_no_express/languages/zh-cn/plugin.lang.php
M	content/plugins/ship_no_express/ship_no_express.php
M	content/plugins/sms_ihuyi/IHuYiAgent.php
M	content/plugins/sns_qq/classes/ErrorCase.class.php
M	content/plugins/sns_qq/classes/QQConnect.class.php
M	content/plugins/sns_qq/classes/Recorder.class.php
M	content/plugins/sns_qq/classes/UrlUtils.class.php
M	content/plugins/sns_qq/config.php
A	content/plugins/sns_qq/languages/zh_CN/plugin.lang.php
M	content/plugins/sns_qq/sns_qq.class.php
M	content/plugins/sns_qq/sns_qq.php
M	content/system/classes/ecjia.class.php
M	content/system/classes/ecjia_base.class.php
M	content/system/classes/ecjia_cloud.class.php
M	content/system/classes/ecjia_utility.class.php
M	content/system/classes/session/ecjia_session_interface.class.php
M	content/system/classes/session/ecjia_session_memcache.class.php
M	content/system/classes/session/ecjia_session_mysql.class.php
M	content/system/functions/functions.func.php
M	content/system/languages/en_us/system.po
M	content/system/languages/zh_CN/shop_config.lang.php
M	content/system/privilege.php
M	content/system/templates/get_pwd.dwt.php
M	content/themes/ecjia-pc/extras/classes/utility/pc_function.class.php
M	content/themes/ecjia-pc/extras/controller/goods_controller.php
M	content/themes/ecjia-pc/goods_list.dwt.php
M	content/themes/ecjia-pc/js/ecjia.pc.js
M	content/themes/ecjia-pc/merchant_detail.dwt.php
M	index.php
M	info.php
M	sites/admincp/index.php
M	sites/api/content/configs/route.php
A	sites/api/content/configs/site.php
M	sites/api/content/configs/system.php
M	sites/api/index.php
D	sites/api/notify/callback_qq.php
D	sites/api/notify/callback_wechat.php
M	sites/api/notify/pay_alipay.php
A	sites/api/notify/pay_payease.php
A	sites/api/notify/pay_payease_callback.php
M	sites/api/notify/pay_upmp.php
M	sites/api/notify/pay_wxpay.php
M	sites/api/notify/pay_wxpay_app.php
M	sites/api/notify/pay_wxpay_shop.php
M	sites/api/notify/pay_wxpay_weapp.php
M	sites/app/content/configs/route.php
M	sites/app/content/configs/site.php
M	sites/app/content/configs/system.php
M	sites/app/index.php
M	sites/m/content/configs/route.php
M	sites/m/content/configs/site.php
M	sites/m/content/configs/system.php
M	sites/m/content/themes/h5/css/ecjia_city.css
M	sites/m/content/themes/h5/ecjia-touch.dwt.php
M	sites/m/content/themes/h5/extras/classes/user/user_front.class.php
M	sites/m/content/themes/h5/extras/classes/utility/user_function.class.php
M	sites/m/content/themes/h5/extras/classes/wechat/wechat.class.php
M	sites/m/content/themes/h5/extras/controller/article_controller.php
M	sites/m/content/themes/h5/extras/controller/connect_controller.php
M	sites/m/content/themes/h5/extras/controller/pay_controller.php
M	sites/m/content/themes/h5/extras/controller/touch_controller.php
M	sites/m/content/themes/h5/extras/controller/user_account_controller.php
M	sites/m/content/themes/h5/extras/controller/user_controller.php
M	sites/m/content/themes/h5/extras/controller/user_get_password_controller.php
M	sites/m/content/themes/h5/extras/controller/user_order_controller.php
M	sites/m/content/themes/h5/extras/controller/user_privilege_controller.php
M	sites/m/content/themes/h5/extras/controller/user_profile_controller.php
M	sites/m/content/themes/h5/functions.php
A	sites/m/content/themes/h5/images/icon/icon_description.png
M	sites/m/content/themes/h5/js/ecjia.touch.js
M	sites/m/content/themes/h5/js/ecjia.touch.spread.js
M	sites/m/content/themes/h5/js/ecjia.touch.user_account.js
M	sites/m/content/themes/h5/library/merchant_detail.lbi.php
M	sites/m/content/themes/h5/pay_notify.dwt.php
M	sites/m/content/themes/h5/spread.dwt.php
M	sites/m/content/themes/h5/user_account_balance.dwt.php
M	sites/m/content/themes/h5/user_account_recharge.dwt.php
M	sites/m/content/themes/h5/user_bind_login.dwt.php
M	sites/m/content/themes/h5/user_bind_signin.dwt.php
M	sites/m/content/themes/h5/user_login.dwt.php
M	sites/m/content/themes/h5/user_mobile_register.dwt.php
M	sites/m/content/themes/h5/user_profile.dwt.php
M	sites/m/content/themes/h5/user_record.dwt.php
M	sites/m/content/themes/h5/user_record_info.dwt.php
M	sites/m/index.php
D	sites/m/notify/callback_qq.php
D	sites/m/notify/callback_wechat.php
M	sites/m/notify/pay_alipay.php
M	sites/m/notify/pay_wxpay.php
M	sites/m/notify/pay_wxpay_wap.php
M	sites/merchant/content/configs/cookie.php
M	sites/merchant/content/configs/merchant.php
M	sites/merchant/content/configs/route.php
M	sites/merchant/content/configs/session.php
M	sites/merchant/content/configs/site.php
M	sites/merchant/content/configs/system.php
M	sites/merchant/index.php
M	sites/platform/content/configs/route.php
M	sites/platform/index.php
M	vendor/composer/autoload_namespaces.php
A	vendor/royalcms/curl/Royalcms/Component/Curl/ArrayUtil.php
A	vendor/royalcms/curl/Royalcms/Component/Curl/CaseInsensitiveArray.php
A	vendor/royalcms/curl/Royalcms/Component/Curl/Curl.php
A	vendor/royalcms/curl/Royalcms/Component/Curl/Decoder.php
A	vendor/royalcms/curl/Royalcms/Component/Curl/MultiCurl.php
M	vendor/royalcms/framework/Royalcms/Component/Foundation/Royalcms.php
A	vendor/royalcms/framework/Royalcms/Component/Support/Debug/Dumper.php
A	vendor/royalcms/framework/Royalcms/Component/Support/Debug/HtmlDumper.php
M	vendor/royalcms/framework/bootstrap/helpers.php
M	vendor/royalcms/sms/Royalcms/Component/Sms/Agents/IHuYiAgent.php
A	vendor/royalcms/sms/Royalcms/Component/Sms/BalanceResponse.php
M	vendor/royalcms/sms/Royalcms/Component/Sms/Contracts/SmsAgent.php
A	vendor/royalcms/sms/Royalcms/Component/Sms/SendResponse.php
M	vendor/royalcms/sms/Royalcms/Component/Sms/Sms.php
A	vendor/royalcms/sms/Royalcms/Component/Sms/SmsResponse.php
M	vendor/royalcms/storage/Royalcms/Component/Storage/Aliyunoss.php
M	vendor/royalcms/storage/Royalcms/Component/Storage/Direct.php
M	vendor/royalcms/storage/Royalcms/Component/Storage/FTPext.php
M	vendor/royalcms/storage/Royalcms/Component/Storage/FilesystemBase.php
M	vendor/royalcms/storage/Royalcms/Component/Storage/SSH2.php
