M	bootstrap/compiled.php
M	content/apps/adsense/admin_position.php
M	content/apps/article/admin.php
M	content/apps/article/admin_article_auto.php
M	content/apps/article/admin_articlecat.php
M	content/apps/article/admin_shophelp.php
M	content/apps/article/admin_shopinfo.php
M	content/apps/article/classes/article_list.class.php
M	content/apps/article/functions/admin_article.func.php
M	content/apps/article/model/article_cat_model.class.php
M	content/apps/article/model/article_model.class.php
M	content/apps/article/model/article_viewmodel.class.php
M	content/apps/article/model/auto_manage_model.class.php
M	content/apps/bonus/model/bonus_type_viewmodel.class.php
M	content/apps/cart/classes/cart.class.php
M	content/apps/cart/functions/cart.func.php
M	content/apps/cart/modules/admin/flow/checkOrder_module.class.php
M	content/apps/cart/modules/admin/flow/done_module.class.php
M	content/apps/cron/apis/cron_cron_info_api.class.php
M	content/apps/goods/apis/goods_get_goods_category_api.class.php
M	content/apps/goods/apis/goods_goods_filter_api.class.php
M	content/apps/goods/apis/goods_goods_info_api.class.php
M	content/apps/goods/apis/goods_seller_goods_category_api.class.php
M	content/apps/goods/classes/goods_category.class.php
M	content/apps/goods/functions/admin_category.func.php
M	content/apps/goods/functions/admin_goods.func.php
M	content/apps/goods/functions/global.func.php
M	content/apps/goods/functions/merchant_goods.func.php
M	content/apps/goods/model/auto_manage_model.class.php
M	content/apps/goods/model/merchants_category_viewmodel.class.php
M	content/apps/goods/modules/admin/goods/desc_module.class.php
M	content/apps/goods/modules/goods/desc_module.class.php
M	content/apps/goods/modules/goods/detail_module.class.php
M	content/apps/orders/apis/orders_buy_order_paid_api.class.php
M	content/apps/orders/apis/orders_order_list_api.class.php
A	content/apps/orders/classes/CustomizeOrderList.php
A	content/apps/orders/classes/GoodsAttr.php
A	content/apps/orders/classes/Models/CommentModel.php
A	content/apps/orders/classes/Models/GoodsModel.php
A	content/apps/orders/classes/Models/OrderGoodsModel.php
A	content/apps/orders/classes/Models/OrdersModel.php
A	content/apps/orders/classes/Models/StoreFranchiseeModel.php
A	content/apps/orders/classes/OrderStatus.php
A	content/apps/orders/classes/Repositories/OrdersRepository.php
M	content/apps/orders/classes/hooks/admin_orders.class.php
M	content/apps/orders/classes/hooks/merchant_orders.class.php
M	content/apps/orders/classes/order_operate.class.php
M	content/apps/orders/functions/admin_order.func.php
M	content/apps/orders/functions/global.func.php
M	content/apps/orders/mh_delivery.php
M	content/apps/orders/mh_order_stats.php
M	content/apps/orders/mh_sale_general.php
M	content/apps/orders/mh_sale_order.php
M	content/apps/orders/mh_validate_order.php
M	content/apps/orders/modules/admin/orders/cancel_module.class.php
M	content/apps/orders/modules/admin/orders/check_module.class.php
M	content/apps/orders/modules/admin/orders/operate/delivery_module.class.php
M	content/apps/orders/modules/admin/orders/payConfirm_module.class.php
M	content/apps/orders/modules/admin/orders/quickpay_module.class.php
M	content/apps/orders/modules/admin/orders/update_module.class.php
M	content/apps/orders/modules/order/detail_module.class.php
M	content/apps/orders/modules/order/list_module.class.php
M	content/apps/orders/templates/admin/order_info.dwt.php
M	content/apps/orders/templates/merchant/order_info.dwt.php
M	content/apps/payment/admin_payment_record.php
M	content/apps/payment/classes/PaymentAbstract.php
M	content/apps/payment/classes/Repositories/PaymentRecordRepository.php
M	content/apps/payment/functions/global.func.php
M	content/apps/payment/languages/zh_CN/payment.lang.php
M	content/apps/payment/modules/order/pay_module.class.php
M	content/apps/payment/templates/admin/payment_record_info.dwt.php
M	content/apps/quickpay/admin_order.php
M	content/apps/quickpay/languages/zh_CN/package.lang.php
M	content/apps/quickpay/mh_order.php
M	content/apps/quickpay/modules/flow/checkOrder_module.class.php
M	content/apps/quickpay/modules/flow/done_module.class.php
M	content/apps/quickpay/templates/admin/quickpay_order_list.dwt.php
M	content/apps/quickpay/templates/merchant/quickpay_order_list.dwt.php
A	content/apps/shipping/classes/ShippingAbstract.php
A	content/apps/shipping/classes/ShippingPlugin.php
M	content/apps/store/functions/admin_order.func.php
M	content/apps/store/functions/merchant_store.func.php
M	content/apps/store/functions/merchant_store_category.func.php
M	content/apps/user/functions/admin_user.func.php
M	content/apps/wechat/admin_message.php
M	content/apps/wechat/admin_record.php
M	content/apps/wechat/mobile_userbind.php
M	content/apps/wechat/statics/front/js/bind.js
M	content/apps/wechat/templates/front/bind.dwt.php
M	content/apps/wechat/templates/front/bind_signin.dwt.php
M	content/configs/namespaces.php
M	content/configs/release.php
A	content/database/patchs/v1.9.1/Version_10901.php
A	content/database/patchs/v1.9.1/ecjia-daojia-patch-v1.9.1.log
A	content/database/patchs/v1.9.1/readme.txt
A	content/plugins/ship_cac/languages/zh_CN/plugin.lang.php
M	content/plugins/ship_ems/config.php
A	content/plugins/ship_ems/languages/zh_CN/plugin.lang.php
A	content/plugins/ship_flat/languages/zh_CN/plugin.lang.php
A	content/plugins/ship_fpd/languages/zh_CN/plugin.lang.php
M	content/plugins/ship_no_express/config.php
A	content/plugins/ship_no_express/languages/zh_CN/plugin.lang.php
M	content/plugins/ship_o2o_express/config.php
A	content/plugins/ship_o2o_express/languages/zh_CN/plugin.lang.php
A	content/plugins/ship_sf_express/languages/zh_CN/plugin.lang.php
M	content/plugins/ship_sto_express/config.php
A	content/plugins/ship_sto_express/languages/zh_CN/plugin.lang.php
M	content/plugins/ship_yto/config.php
A	content/plugins/ship_yto/languages/zh_CN/plugin.lang.php
M	content/plugins/ship_zto/config.php
A	content/plugins/ship_zto/languages/zh_CN/plugin.lang.php
M	content/system/functions/global.func.php
M	content/system/start/global.php
M	sites/api/notify/pay_wxpay.php
M	sites/api/notify/pay_wxpay_app.php
M	sites/api/notify/pay_wxpay_shop.php
M	sites/api/notify/pay_wxpay_weapp.php
M	sites/m/content/themes/h5/extras/controller/connect_controller.php
M	sites/m/content/themes/h5/user_bind_signin.dwt.php
M	sites/m/notify/pay_wxpay.php
M	sites/m/notify/pay_wxpay_wap.php
M	vendor/royalcms/framework/Royalcms/Component/Database/Eloquent/Builder.php
