M	bootstrap/classmap.php
M	content/apps/cart/modules/flow/checkOrder_module.class.php
M	content/apps/express/modules/express/detail_module.class.php
M	content/apps/express/modules/express/grab_list_module.class.php
M	content/apps/express/modules/express/list_module.class.php
M	content/apps/merchant/modules/admin/merchant/info_module.class.php
M	content/apps/merchant/modules/admin/merchant/preaudit_module.class.php
M	content/apps/orders/admin.php
M	content/apps/orders/classes/order_query.class.php
M	content/apps/orders/functions/merchant_order.func.php
M	content/apps/orders/merchant.php
M	content/apps/orders/mh_order_stats.php
M	content/apps/orders/modules/admin/orders/consignee/list_module.class.php
M	content/apps/orders/modules/admin/orders/operate/consignee_module.class.php
M	content/apps/orders/modules/admin/orders/operate/shipping_detail_module.class.php
M	content/apps/orders/modules/admin/orders/shipping/list_module.class.php
M	content/apps/orders/modules/admin/orders/today_module.class.php
M	content/apps/orders/templates/admin/order_info.dwt.php
M	content/apps/orders/templates/merchant/order_info.dwt.php
M	content/configs/release.php
A	content/database/patchs/v1.10.1/Version_11001.php
A	content/database/patchs/v1.10.1/ecjia-daojia-patch-v1.10.1.log
A	content/database/patchs/v1.10.1/readme.txt
M	content/database/seeds/InitDatabaseSeeder.php
D	content/database/seeds/InitShippingTableSeeder.php
M	content/database/seeds/InitShopConfigTableSeeder.php
M	content/plugins/ship_o2o_express/config.php
M	content/plugins/ship_o2o_express/languages/zh_CN/plugin.lang.php