M	bootstrap/classmap.php
M	content/apps/adsense/admin_cycleimage.php
M	content/apps/adsense/admin_group.php
M	content/apps/adsense/admin_position.php
M	content/apps/adsense/admin_shortcut.php
D	content/apps/comment/functions/global.func.php
A	content/apps/adsense/classes/Helper.php
M	content/apps/adsense/configs/package.cfg.php
M	content/apps/affiliate/admin.php
M	content/apps/affiliate/admin_config.php
M	content/apps/affiliate/admin_separate.php
A	content/apps/affiliate/classes/Helper.php
M	content/apps/affiliate/configs/package.cfg.php
M	content/apps/affiliate/mobile.php
M	content/apps/affiliate/templates/front/affiliate.dwt.php
M	content/apps/article/admin.php
M	content/apps/article/admin_article_auto.php
M	content/apps/article/admin_notice.php
A	content/apps/article/classes/Helper.php
M	content/apps/article/configs/package.cfg.php
M	content/apps/article/merchant.php
M	content/apps/article/statics/js/article_list.js
M	content/apps/article/statics/js/comment_list.js
M	content/apps/cart/apis/cart_flow_done_api.class.php
M	content/apps/cart/configs/package.cfg.php
M	content/apps/cart/functions/cart.func.php
M	content/apps/cart/modules/admin/flow/done_module.class.php
M	content/apps/cart/modules/flow/checkOrder_module.class.php
M	content/apps/comment/admin.php
M	content/apps/comment/appeal.php
D	content/apps/user/functions/global.func.php
A	content/apps/comment/classes/Helper.php
M	content/apps/comment/configs/package.cfg.php
M	content/apps/comment/mh_appeal.php
M	content/apps/comment/mh_comment.php
D	content/apps/comment/model/comment_goods_model.class.php
D	content/apps/comment/model/comment_model.class.php
D	content/apps/comment/model/comment_viewmodel.class.php
M	content/apps/comment/modules/goods/create_module.class.php
M	content/apps/comment/statics/js/comment_manage.js
M	content/apps/commission/apis/commission_store_menu_api.class.php
M	content/apps/commission/configs/package.cfg.php
M	content/apps/commission/templates/admin/order_list.dwt.php
M	content/apps/commission/templates/merchant/bill_record.dwt.php
M	content/apps/cron/admin_plugin.php
M	content/apps/cron/apis/cron_plugin_install_api.class.php
M	content/apps/cron/apis/cron_plugin_uninstall_api.class.php
M	content/apps/cron/configs/package.cfg.php
M	content/apps/cron/statics/js/cron.js
M	content/apps/favourable/configs/package.cfg.php
M	content/apps/favourable/functions/admin_favourable.func.php
M	content/apps/finance/admin_account.php
M	content/apps/finance/admin_account_log.php
D	content/apps/push/functions/global.func.php
A	content/apps/finance/classes/Helper.php
M	content/apps/finance/configs/package.cfg.php
A	content/apps/franchisee/classes/Helper.php
M	content/apps/franchisee/configs/package.cfg.php
M	content/apps/franchisee/merchant.php
M	content/apps/goods/admin_category.php
M	content/apps/goods/admin_goods_auto.php
A	content/apps/goods/classes/Helper.php
M	content/apps/goods/configs/package.cfg.php
M	content/apps/goods/functions/global.func.php
M	content/apps/goods/mh_category.php
D	content/apps/goods/model/goods_comment_model.class.php
M	content/apps/goods/modules/goods/detail_module.class.php
M	content/apps/goods/modules/goods/search_module.class.php
A	content/apps/goods/statics/styles/goods_category.css
M	content/apps/goods/templates/admin/category_list.dwt.php
A	content/apps/logviewer/admin.php
D	content/apps/goods/model/comment_model.class.php
A	content/apps/logviewer/apis/logviewer_admin_purview_api.class.php
D	content/apps/adsense/model/ad_position_model.class.php
A	content/apps/logviewer/apis/logviewer_tool_menu_api.class.php
A	content/apps/logviewer/classes/logviewer_installer.class.php
A	content/apps/logviewer/configs/package.cfg.php
D	content/apps/market/functions/global.func.php
A	content/apps/logviewer/languages/en_US/logviewer.lang.php
D	content/apps/promotion/functions/global.func.php
A	content/apps/logviewer/languages/zh-cn/package.lang.php
A	content/apps/logviewer/languages/zh_CN/logviewer.lang.php
D	content/apps/shopguide/functions/global.func.php
A	content/apps/logviewer/languages/zh_CN/package.lang.php
A	content/apps/logviewer/statics/css/logviewer.css
A	content/apps/logviewer/statics/js/logviewer.js
A	content/apps/logviewer/statics/js/template.js
A	content/apps/logviewer/templates/admin/logviewer_list.dwt.php
M	content/apps/mail/admin.php
M	content/apps/mail/admin_email_list.php
M	content/apps/mail/admin_view_sendlist.php
D	content/apps/user/model/comment_viewmodel.class.php
A	content/apps/mail/classes/Helper.php
M	content/apps/mail/configs/package.cfg.php
M	content/apps/market/admin.php
A	content/apps/market/classes/Helper.php
M	content/apps/market/configs/package.cfg.php
M	content/apps/merchant/admin_store_setting.php
M	content/apps/merchant/apis/merchant_merchant_menu_api.class.php
M	content/apps/merchant/apis/merchant_merchant_purview_api.class.php
D	content/apps/franchisee/functions/global.func.php
A	content/apps/merchant/classes/Helper.php
M	content/apps/merchant/configs/package.cfg.php
M	content/apps/merchant/functions/merchant.func.php
M	content/apps/merchant/merchant.php
M	content/apps/merchant/mh_franchisee.php
M	content/apps/merchant/modules/admin/merchant/update_module.class.php
M	content/apps/merchant/modules/merchant/config_module.class.php
M	content/apps/merchant/modules/seller/search_module.class.php
M	content/apps/merchant/templates/merchant/library/common_header.lbi.php
M	content/apps/mobile/admin_config.php
M	content/apps/mobile/admin_device.php
M	content/apps/mobile/admin_discover.php
M	content/apps/mobile/admin_mobile_activity.php
M	content/apps/mobile/admin_mobile_config.php
M	content/apps/mobile/admin_mobile_manage.php
M	content/apps/mobile/admin_mobile_news.php
M	content/apps/mobile/admin_shortcut.php
A	content/apps/mobile/classes/Helper.php
M	content/apps/mobile/configs/package.cfg.php
D	content/apps/mobile/functions/global.func.php
M	content/apps/notification/admin.php
A	content/apps/notification/classes/Helper.php
M	content/apps/notification/configs/package.cfg.php
M	content/apps/notification/functions/global.func.php
M	content/apps/notification/mh_notification.php
M	content/apps/orders/admin.php
M	content/apps/orders/admin_guest_stats.php
M	content/apps/orders/admin_order_back.php
M	content/apps/orders/admin_order_delivery.php
M	content/apps/orders/apis/orders_buy_order_paid_api.class.php
M	content/apps/orders/apis/orders_merchant_purview_api.class.php
M	content/apps/orders/apis/orders_order_paid_api.class.php
M	content/apps/orders/apis/orders_user_account_paid_api.class.php
A	content/apps/orders/classes/Helper.php
A	content/apps/orders/classes/OrderPrint.php
M	content/apps/orders/classes/merchant_order_list.class.php
M	content/apps/orders/classes/order_query.class.php
M	content/apps/orders/configs/package.cfg.php
M	content/apps/orders/functions/admin_order.func.php
M	content/apps/orders/languages/en_US/order.lang.php
M	content/apps/orders/languages/zh_CN/order.lang.php
M	content/apps/orders/merchant.php
M	content/apps/orders/mh_back.php
M	content/apps/orders/mh_delivery.php
A	content/apps/orders/mh_print.php
M	content/apps/orders/modules/admin/orders/consignee/list_module.class.php
M	content/apps/orders/modules/admin/orders/detail_module.class.php
M	content/apps/orders/modules/admin/orders/operate/pay_module.class.php
M	content/apps/orders/modules/admin/orders/operate/shipping_detail_module.class.php
A	content/apps/orders/modules/admin/orders/pay_module.class.php
M	content/apps/orders/modules/admin/orders/today_module.class.php
M	content/apps/orders/modules/order/affirmReceived_module.class.php
M	content/apps/orders/statics/js/merchant_orders.js
M	content/apps/orders/templates/admin/order_info.dwt.php
M	content/apps/orders/templates/merchant/order_info.dwt.php
M	content/apps/payment/configs/package.cfg.php
M	content/apps/payment/modules/order/pay_module.class.php
M	content/apps/platform/admin.php
M	content/apps/platform/admin_command.php
M	content/apps/platform/admin_plugin.php
M	content/apps/platform/apis/platform_plugin_install_api.class.php
M	content/apps/platform/apis/platform_plugin_uninstall_api.class.php
D	content/apps/platform/functions/global.func.php
A	content/apps/platform/classes/Helper.php
M	content/apps/platform/configs/package.cfg.php
A	content/apps/printer/admin_config.php
A	content/apps/printer/admin_store_printer.php
A	content/apps/printer/apis/printer_admin_purview_api.class.php
A	content/apps/printer/apis/printer_merchant_printer_menu_api.class.php
D	content/apps/article/functions/global.func.php
A	content/apps/printer/apis/printer_merchant_purview_api.class.php
A	content/apps/printer/apis/printer_send_event_print_api.class.php
D	content/apps/adsense/functions/global.func.php
A	content/apps/printer/apis/printer_store_menu_api.class.php
A	content/apps/printer/callback.php
A	content/apps/printer/classes/EventAbstract.php
A	content/apps/printer/classes/EventFactory.php
A	content/apps/printer/classes/EventPrint.php
A	content/apps/printer/classes/Events/PrintBuyOrders.php
A	content/apps/printer/classes/Events/PrintQuickpayOrders.php
A	content/apps/printer/classes/Events/PrintStoreOrders.php
A	content/apps/printer/classes/Events/PrintTakeawayOrders.php
D	content/apps/favourable/functions/global.func.php
A	content/apps/printer/classes/Facades/Printer.php
A	content/apps/printer/classes/Helper.php
A	content/apps/printer/classes/Merchant/ConfigMenu.php
A	content/apps/printer/classes/Models/PrinterMachineModel.php
A	content/apps/printer/classes/Models/PrinterPrintlistModel.php
A	content/apps/printer/classes/Models/PrinterTemplateModel.php
A	content/apps/printer/classes/PrinterCallback.php
A	content/apps/printer/classes/PrinterManager.php
D	content/apps/mail/functions/global.func.php
A	content/apps/printer/classes/PrinterServiceProvider.php
A	content/apps/printer/classes/Royalcms/Component/Printer/App.php
A	content/apps/printer/classes/Royalcms/Component/Printer/Client.php
A	content/apps/printer/classes/Royalcms/Component/Printer/Commands/PrintIndex.php
A	content/apps/printer/classes/Royalcms/Component/Printer/Commands/PrintMenuAddPrintMenu.php
A	content/apps/printer/classes/Royalcms/Component/Printer/Commands/PrinterAddPrinter.php
A	content/apps/printer/classes/Royalcms/Component/Printer/Commands/PrinterBtnPrint.php
A	content/apps/printer/classes/Royalcms/Component/Printer/Commands/PrinterCancelAll.php
A	content/apps/printer/classes/Royalcms/Component/Printer/Commands/PrinterCancelOne.php
A	content/apps/printer/classes/Royalcms/Component/Printer/Commands/PrinterDeleteIcon.php
A	content/apps/printer/classes/Royalcms/Component/Printer/Commands/PrinterDeletePrinter.php
A	content/apps/printer/classes/Royalcms/Component/Printer/Commands/PrinterGetOrder.php
A	content/apps/printer/classes/Royalcms/Component/Printer/Commands/PrinterGetVersion.php
A	content/apps/printer/classes/Royalcms/Component/Printer/Commands/PrinterPrintInfo.php
A	content/apps/printer/classes/Royalcms/Component/Printer/Commands/PrinterPrintStatus.php
A	content/apps/printer/classes/Royalcms/Component/Printer/Commands/PrinterSetIcon.php
A	content/apps/printer/classes/Royalcms/Component/Printer/Commands/PrinterSetNotify.php
A	content/apps/printer/classes/Royalcms/Component/Printer/Commands/PrinterSetSound.php
A	content/apps/printer/classes/Royalcms/Component/Printer/Commands/PrinterShutdownRestart.php
A	content/apps/printer/classes/Royalcms/Component/Printer/Contracts/Command.php
A	content/apps/printer/classes/Royalcms/Component/Printer/Factory.php
A	content/apps/printer/classes/Royalcms/Component/Printer/HmacSign.php
A	content/apps/printer/classes/Royalcms/Component/Printer/PrinterServiceProvider.php
A	content/apps/printer/classes/Royalcms/Component/Printer/Request.php
D	content/apps/finance/functions/global.func.php
A	content/apps/printer/classes/hooks/admin_printer.class.php
A	content/apps/printer/classes/hooks/merchant_printer.class.php
A	content/apps/printer/configs/package.cfg.php
D	content/apps/adsense/model/ad_model.class.php
A	content/apps/printer/languages/zh_CN/package.lang.php
A	content/apps/printer/mh_print.php
A	content/apps/printer/statics/css/jquery.nouislider.css
A	content/apps/printer/statics/css/merchant_printer.css
A	content/apps/printer/statics/css/printer.css
A	content/apps/printer/statics/images/click_upload.png
A	content/apps/printer/statics/images/close.png
A	content/apps/printer/statics/images/edit.png
A	content/apps/printer/statics/images/merchant_logo.png
A	content/apps/printer/statics/images/printer_logo.png
A	content/apps/printer/statics/images/qrcode.png
A	content/apps/printer/statics/images/refresh.png
A	content/apps/printer/statics/images/status/abnormal.png
A	content/apps/printer/statics/images/status/normal.png
A	content/apps/printer/statics/images/status/not-no-line.png
A	content/apps/printer/statics/images/status/not-off-line.png
A	content/apps/printer/statics/images/status/off-line.png
A	content/apps/printer/statics/images/status/on-line.png
A	content/apps/printer/statics/images/today_print.png
A	content/apps/printer/statics/images/unprint.png
A	content/apps/printer/statics/images/week_print.png
A	content/apps/printer/statics/js/jquery.nouislider.min.js
A	content/apps/printer/statics/js/mh_printer.js
A	content/apps/printer/statics/js/printer.js
A	content/apps/printer/templates/admin/printer_edit.dwt.php
A	content/apps/printer/templates/admin/printer_list.dwt.php
A	content/apps/printer/templates/admin/printer_record_list.dwt.php
A	content/apps/printer/templates/admin/printer_setting.dwt.php
A	content/apps/printer/templates/admin/printer_view.dwt.php
A	content/apps/printer/templates/merchant/library/print_buy_orders.lbi.php
A	content/apps/printer/templates/merchant/library/print_quickpay_orders.lbi.php
A	content/apps/printer/templates/merchant/library/print_store_orders.lbi.php
A	content/apps/printer/templates/merchant/library/print_takeaway_orders.lbi.php
A	content/apps/printer/templates/merchant/printer_list.dwt.php
A	content/apps/printer/templates/merchant/printer_order_ticket.dwt.php
A	content/apps/printer/templates/merchant/printer_record_list.dwt.php
A	content/apps/printer/templates/merchant/printer_view.dwt.php
M	content/apps/promotion/admin.php
A	content/apps/promotion/classes/Helper.php
M	content/apps/promotion/configs/package.cfg.php
M	content/apps/promotion/merchant.php
M	content/apps/promotion/modules/admin/promotion/manage_module.class.php
M	content/apps/push/admin_events.php
M	content/apps/push/admin_template.php
D	content/apps/adsense/model/ad_viewmodel.class.php
A	content/apps/push/classes/Helper.php
M	content/apps/push/configs/package.cfg.php
M	content/apps/quickpay/admin_order.php
M	content/apps/quickpay/admin_sale_general.php
M	content/apps/quickpay/admin_sale_list.php
M	content/apps/quickpay/apis/quickpay_merchant_purview_api.class.php
M	content/apps/quickpay/apis/quickpay_quickpay_order_paid_api.class.php
M	content/apps/quickpay/apis/quickpay_quickpay_user_account_paid_api.class.php
A	content/apps/quickpay/classes/OrderPrint.php
M	content/apps/quickpay/configs/package.cfg.php
M	content/apps/quickpay/mh_order.php
D	content/apps/affiliate/functions/global.func.php
A	content/apps/quickpay/mh_print.php
M	content/apps/quickpay/mh_sale_general.php
M	content/apps/quickpay/mh_sale_list.php
M	content/apps/quickpay/statics/js/mh_order.js
M	content/apps/quickpay/templates/merchant/quickpay_order_info.dwt.php
M	content/apps/setting/classes/Region.php
M	content/apps/setting/configs/package.cfg.php
M	content/apps/setting/modules/shop/region/detail_module.class.php
M	content/apps/setting/statics/js/setting.js
M	content/apps/shipping/admin.php
M	content/apps/shipping/admin_area.php
M	content/apps/shipping/admin_area_plugin.php
M	content/apps/shipping/admin_config.php
M	content/apps/shipping/admin_plugin.php
M	content/apps/shipping/admin_store_shipping.php
A	content/apps/shipping/classes/Helper.php
M	content/apps/shipping/classes/ShippingPlugin.php
M	content/apps/shipping/configs/package.cfg.php
M	content/apps/shipping/functions/global.func.php
M	content/apps/shipping/mh_shipping.php
M	content/apps/shopguide/admin.php
M	content/apps/shopguide/apis/shopguide_admin_purview_api.class.php
M	content/apps/shopguide/apis/shopguide_merchant_purview_api.class.php
M	content/apps/shopguide/apis/shopguide_setting_menu_api.class.php
A	content/apps/shopguide/classes/Helper.php
M	content/apps/shopguide/classes/hooks/merchant_shopguide.class.php
M	content/apps/shopguide/configs/package.cfg.php
M	content/apps/shopguide/functions/merchant_shopguide.func.php
M	content/apps/shopguide/languages/zh_CN/shopguide.lang.php
M	content/apps/shopguide/merchant.php
M	content/apps/shopguide/statics/js/shopguide.js
M	content/apps/shopguide/templates/admin/shop_guide.dwt.php
M	content/apps/sms/admin.php
M	content/apps/sms/admin_config.php
M	content/apps/sms/admin_events.php
M	content/apps/sms/admin_plugin.php
M	content/apps/sms/admin_template.php
M	content/apps/sms/apis/sms_plugin_install_api.class.php
M	content/apps/sms/apis/sms_plugin_uninstall_api.class.php
A	content/apps/sms/classes/Helper.php
M	content/apps/sms/configs/package.cfg.php
D	content/apps/sms/functions/global.func.php
M	content/apps/staff/admin_store_staff.php
A	content/apps/staff/classes/Helper.php
M	content/apps/staff/classes/hooks/merchant_staff.class.php
M	content/apps/staff/configs/package.cfg.php
M	content/apps/staff/merchant.php
M	content/apps/staff/mh_group.php
M	content/apps/staff/mh_profile.php
M	content/apps/stats/configs/package.cfg.php
M	content/apps/store/admin.php
M	content/apps/store/admin_commission.php
M	content/apps/store/admin_config.php
M	content/apps/store/admin_mobileconfig.php
M	content/apps/store/admin_percent.php
M	content/apps/store/admin_store_category.php
A	content/apps/store/apis/store_store_info_api.class.php
D	content/apps/staff/functions/global.func.php
A	content/apps/store/classes/Helper.php
M	content/apps/store/configs/package.cfg.php
M	content/apps/store/functions/global.func.php
M	content/apps/store/functions/merchant_store_category.func.php
M	content/apps/store/statics/js/admin_config.js
M	content/apps/store/statics/js/store.js
M	content/apps/store/templates/admin/store_category_list.dwt.php
M	content/apps/store/templates/admin/store_preaudit_check.dwt.php
M	content/apps/touch/classes/ecjia_touch_api.class.php
M	content/apps/touch/classes/ecjia_touch_manager.class.php
M	content/apps/touch/configs/package.cfg.php
A	content/apps/user/classes/Helper.php
M	content/apps/user/configs/package.cfg.php
D	content/apps/user/model/comment_model.class.php
M	content/apps/weapp/admin.php
A	content/apps/weapp/classes/Helper.php
M	content/apps/weapp/configs/package.cfg.php
M	content/apps/wechat/admin_customer.php
M	content/apps/wechat/admin_mass_message.php
M	content/apps/wechat/admin_material.php
M	content/apps/wechat/admin_menus.php
M	content/apps/wechat/admin_message.php
M	content/apps/wechat/admin_prize.php
M	content/apps/wechat/admin_qrcode.php
M	content/apps/wechat/admin_record.php
M	content/apps/wechat/admin_request.php
M	content/apps/wechat/admin_response.php
M	content/apps/wechat/admin_share.php
M	content/apps/wechat/admin_subscribe.php
M	content/apps/wechat/admin_template.php
D	content/apps/weapp/functions/global.func.php
A	content/apps/wechat/classes/Helper.php
M	content/apps/wechat/configs/package.cfg.php
M	content/apps/wechat/functions/global.func.php
M	content/configs/api.php
M	content/configs/app.php
M	content/configs/namespaces.php
M	content/configs/provider.php
M	content/configs/release.php
A	content/database/migrations/2017_12_20_144122_create_printer_machine_table.php
A	content/database/migrations/2017_12_20_144140_create_printer_template_table.php
A	content/database/migrations/2017_12_20_144157_create_printer_printlist_table.php
A	content/database/migrations/2017_12_20_173947_drop_region_table.php
A	content/database/patchs/v1.11.0/Version_11100.php
A	content/database/patchs/v1.11.0/ecjia-daojia-patch-v1.11.0.log
A	content/database/patchs/v1.11.0/readme.txt
M	content/database/seeds/InitDatabaseSeeder.php
D	content/database/seeds/InitRegionTableSeeder.php
M	content/database/seeds/InitShopConfigTableSeeder.php
M	content/plugins/ship_o2o_express/ship_o2o_express.class.php
M	content/system/classes/Version/VersionUtility.php
M	content/system/classes/ecjia_error.class.php
M	content/system/functions/global.func.php
M	content/system/statics/ecjia/ecjia-admin.js
M	content/themes/ecjia-pc/css/style.css
M	content/themes/ecjia-pc/extras/classes/utility/pc_function.class.php
M	content/themes/ecjia-pc/extras/controller/goods_controller.php
M	content/themes/ecjia-pc/goods_list.dwt.php
M	sites/m/content/themes/h5/css/ecjia_city.css
M	sites/m/content/themes/h5/extras/classes/user/user_front.class.php
M	sites/m/content/themes/h5/extras/classes/utility/touch_function.class.php
M	sites/m/content/themes/h5/extras/controller/cart_controller.php
M	sites/m/content/themes/h5/extras/controller/goods_controller.php
M	sites/m/content/themes/h5/extras/controller/location_controller.php
M	sites/m/content/themes/h5/extras/controller/merchant_controller.php
M	sites/m/content/themes/h5/extras/controller/quickpay_controller.php
M	sites/m/content/themes/h5/extras/controller/user_address_controller.php
M	sites/m/content/themes/h5/extras/controller/user_controller.php
M	sites/m/content/themes/h5/extras/controller/user_order_controller.php
M	sites/m/content/themes/h5/flow_checkout.dwt.php
M	sites/m/content/themes/h5/functions.php
M	sites/m/content/themes/h5/goods_show.dwt.php
M	sites/m/content/themes/h5/js/ecjia.touch.flow.js
M	sites/m/content/themes/h5/js/ecjia.touch.franchisee.js
M	sites/m/content/themes/h5/js/ecjia.touch.js
M	sites/m/content/themes/h5/js/ecjia.touch.spread.js
M	sites/m/content/themes/h5/js/ecjia.touch.user.js
A	sites/m/content/themes/h5/js/framework7.min.js.map
M	sites/m/content/themes/h5/merchant.dwt.php
M	sites/m/content/themes/h5/user.dwt.php
M	sites/m/content/themes/h5/user_address_edit.dwt.php
M	sites/merchant/content/configs/merchant.php
M	vendor/composer/autoload_namespaces.php
M	vendor/royalcms/framework/Royalcms/Component/App/Bundle.php
M	vendor/royalcms/framework/Royalcms/Component/Config/Resources/system.php
M	vendor/royalcms/framework/Royalcms/Component/ImageEditor/Editor.php
M	vendor/royalcms/log-viewer/Royalcms/Component/LogViewer/LogViewer.php
M	vendor/royalcms/sms/Royalcms/Component/Sms/Agents/IHuYiAgent.php
M	vendor/royalcms/wechat-broadcast/Royalcms/Component/Broadcast/BroadcastServiceProvider.php
D	vendor/royalcms/wechat-js/Royalcms/Component/Js/Js.php
A	vendor/royalcms/wechat-js/Royalcms/Component/WeChat/Js/Js.php
D	vendor/royalcms/wechat-js/Royalcms/Component/Js/JsServiceProvider.php
A	vendor/royalcms/wechat-js/Royalcms/Component/WeChat/Js/JsServiceProvider.php
M	vendor/royalcms/wechat-material/Royalcms/Component/WeChat/Material/MaterialServiceProvider.php
M	vendor/royalcms/wechat-menu/Royalcms/Component/WeChat/Menu/MenuServiceProvider.php
M	vendor/royalcms/wechat-notice/Royalcms/Component/Notice/NoticeServiceProvider.php
M	vendor/royalcms/wechat-qrcode/Royalcms/Component/QrCode/QrCodeServiceProvider.php
M	vendor/royalcms/wechat-server/Royalcms/Component/Server/ServerServiceProvider.php
M	vendor/royalcms/wechat-staff/Royalcms/Component/WeChat/Staff/StaffServiceProvider.php
M	vendor/royalcms/wechat-url/Royalcms/Component/Url/UrlServiceProvider.php
M	vendor/royalcms/wechat-user/Royalcms/Component/WeChat/User/MiniAppUserServiceProvider.php
M	vendor/royalcms/wechat-user/Royalcms/Component/WeChat/User/UserServiceProvider.php
M	vendor/royalcms/wechat/Royalcms/Component/WeChat/Core/AccessToken.php
