M	bootstrap/compiled.php
A	content/apps/adsense/apis/adsense_get_category_ad_api.class.php
M	content/apps/captcha/classes/hooks/admin_captcha.class.php
M	content/apps/captcha/classes/hooks/merchant_captcha.class.php
M	content/apps/cart/apis/cart_cart_list_api.class.php
M	content/apps/cart/apis/cart_cart_manage_api.class.php
M	content/apps/cart/modules/cart/create_module.class.php
M	content/apps/cart/modules/flow/checkOrder_module.class.php
M	content/apps/connect/index.php
M	content/apps/connect/modules/connect/signup_module.class.php
M	content/apps/cron/classes/cron_run.class.php
M	content/apps/cron/classes/hooks/admin_cron.class.php
M	content/apps/cycleimage/classes/cycleimage_method.class.php
M	content/apps/franchisee/functions/merchant_franchisee.func.php
M	content/apps/goods/admin.php
M	content/apps/goods/admin_category.php
M	content/apps/goods/modules/admin/goods/detail_module.class.php
M	content/apps/goods/modules/goods/category_module.class.php
M	content/apps/goods/modules/goods/detail_module.class.php
M	content/apps/goods/statics/js/goods_category_list.js
M	content/apps/goods/templates/admin/category_info.dwt.php
M	content/apps/mobile/admin_config.php
M	content/apps/mobile/admin_street.php
M	content/apps/mobile/classes/mobile_method.class.php
M	content/apps/mobile/templates/admin/mobile_street.dwt.php
M	content/apps/orders/admin_order_delivery.php
M	content/apps/orders/apis/orders_order_delivery_ship_api.class.php
A	content/apps/orders/apis/orders_order_integral_api.class.php
M	content/apps/orders/mh_delivery.php
M	content/apps/push/apis/push_push_send_api.class.php
M	content/apps/setting/modules/admin/shop/config_module.class.php
M	content/apps/setting/modules/admin/shop/info_module.class.php
M	content/apps/setting/modules/shop/config_module.class.php
M	content/apps/shipping/admin_area.php
M	content/apps/shipping/mh_area.php
M	content/apps/shipping/templates/admin/shipping_area_info.dwt.php
M	content/apps/store/modules/admin/merchant/info_module.class.php
M	content/apps/store/modules/admin/merchant/preaudit_module.class.php
M	content/apps/store/modules/admin/merchant/resignup_module.class.php
M	content/apps/user/admin.php
M	content/apps/user/classes/integrate.class.php
M	content/apps/user/modules/user/signup_module.class.php
M	content/configs/release.php
A	content/database/patchs/v1.4.2/Version_10402.php
A	content/database/patchs/v1.4.2/ecjia-daojia-patch-v1.4.2.log
A	content/database/patchs/v1.4.2/readme.txt
M	content/system/apis/system_update_cache_api.class.php
M	content/system/classes/Config/CompatibleTrait.php
M	content/system/classes/Config/ConfigModel.php
M	content/system/classes/Config/DatabaseConfigRepository.php
M	content/system/classes/ecjia_front.class.php
M	content/system/functions/functions.func.php
M	sites/m/content/themes/h5/cart_list.dwt.php
M	sites/m/content/themes/h5/extras/controller/connect_controller.php
M	sites/m/content/themes/h5/extras/controller/franchisee_controller.php
M	sites/m/content/themes/h5/extras/controller/pay_controller.php
M	sites/m/content/themes/h5/franchisee_second.dwt.php
M	sites/m/content/themes/h5/goods_show.dwt.php
M	sites/m/content/themes/h5/js/ecjia.touch.franchisee.js
M	sites/m/content/themes/h5/merchant.dwt.php
M	sites/m/content/themes/h5/store_list.dwt.php
M	vendor/composer/autoload_files.php
M	vendor/composer/autoload_namespaces.php
A	vendor/ezyang/htmlpurifier/composer.json
A	vendor/ezyang/htmlpurifier/library/HTMLPurifier.auto.php
A	vendor/ezyang/htmlpurifier/library/HTMLPurifier.autoload.php
A	vendor/ezyang/htmlpurifier/library/HTMLPurifier.composer.php
A	vendor/ezyang/htmlpurifier/library/HTMLPurifier.func.php
A	vendor/ezyang/htmlpurifier/library/HTMLPurifier.includes.php
A	vendor/ezyang/htmlpurifier/library/HTMLPurifier.kses.php
A	vendor/ezyang/htmlpurifier/library/HTMLPurifier.path.php
A	vendor/ezyang/htmlpurifier/library/HTMLPurifier.php
A	vendor/ezyang/htmlpurifier/library/HTMLPurifier.safe-includes.php
A	vendor/ezyang/htmlpurifier/library/HTMLPurifier/Arborize.php
A	vendor/ezyang/htmlpurifier/library/HTMLPurifier/AttrCollections.php
A	vendor/ezyang/htmlpurifier/library/HTMLPurifier/AttrDef.php
A	vendor/ezyang/htmlpurifier/library/HTMLPurifier/AttrDef/CSS.php
A	vendor/ezyang/htmlpurifier/library/HTMLPurifier/AttrDef/CSS/AlphaValue.php
A	vendor/ezyang/htmlpurifier/library/HTMLPurifier/AttrDef/CSS/Background.php
A	vendor/ezyang/htmlpurifier/library/HTMLPurifier/AttrDef/CSS/BackgroundPosition.php
A	vendor/ezyang/htmlpurifier/library/HTMLPurifier/AttrDef/CSS/Border.php
A	vendor/ezyang/htmlpurifier/library/HTMLPurifier/AttrDef/CSS/Color.php
A	vendor/ezyang/htmlpurifier/library/HTMLPurifier/AttrDef/CSS/Composite.php
A	vendor/ezyang/htmlpurifier/library/HTMLPurifier/AttrDef/CSS/DenyElementDecorator.php
A	vendor/ezyang/htmlpurifier/library/HTMLPurifier/AttrDef/CSS/Filter.php
A	vendor/ezyang/htmlpurifier/library/HTMLPurifier/AttrDef/CSS/Font.php
A	vendor/ezyang/htmlpurifier/library/HTMLPurifier/AttrDef/CSS/FontFamily.php
A	vendor/ezyang/htmlpurifier/library/HTMLPurifier/AttrDef/CSS/Ident.php
A	vendor/ezyang/htmlpurifier/library/HTMLPurifier/AttrDef/CSS/ImportantDecorator.php
A	vendor/ezyang/htmlpurifier/library/HTMLPurifier/AttrDef/CSS/Length.php
A	vendor/ezyang/htmlpurifier/library/HTMLPurifier/AttrDef/CSS/ListStyle.php
A	vendor/ezyang/htmlpurifier/library/HTMLPurifier/AttrDef/CSS/Multiple.php
A	vendor/ezyang/htmlpurifier/library/HTMLPurifier/AttrDef/CSS/Number.php
A	vendor/ezyang/htmlpurifier/library/HTMLPurifier/AttrDef/CSS/Percentage.php
A	vendor/ezyang/htmlpurifier/library/HTMLPurifier/AttrDef/CSS/TextDecoration.php
A	vendor/ezyang/htmlpurifier/library/HTMLPurifier/AttrDef/CSS/URI.php
A	vendor/ezyang/htmlpurifier/library/HTMLPurifier/AttrDef/Clone.php
A	vendor/ezyang/htmlpurifier/library/HTMLPurifier/AttrDef/Enum.php
A	vendor/ezyang/htmlpurifier/library/HTMLPurifier/AttrDef/HTML/Bool.php
A	vendor/ezyang/htmlpurifier/library/HTMLPurifier/AttrDef/HTML/Class.php
A	vendor/ezyang/htmlpurifier/library/HTMLPurifier/AttrDef/HTML/Color.php
A	vendor/ezyang/htmlpurifier/library/HTMLPurifier/AttrDef/HTML/FrameTarget.php
A	vendor/ezyang/htmlpurifier/library/HTMLPurifier/AttrDef/HTML/ID.php
A	vendor/ezyang/htmlpurifier/library/HTMLPurifier/AttrDef/HTML/Length.php
A	vendor/ezyang/htmlpurifier/library/HTMLPurifier/AttrDef/HTML/LinkTypes.php
A	vendor/ezyang/htmlpurifier/library/HTMLPurifier/AttrDef/HTML/MultiLength.php
A	vendor/ezyang/htmlpurifier/library/HTMLPurifier/AttrDef/HTML/Nmtokens.php
A	vendor/ezyang/htmlpurifier/library/HTMLPurifier/AttrDef/HTML/Pixels.php
A	vendor/ezyang/htmlpurifier/library/HTMLPurifier/AttrDef/Integer.php
A	vendor/ezyang/htmlpurifier/library/HTMLPurifier/AttrDef/Lang.php
A	vendor/ezyang/htmlpurifier/library/HTMLPurifier/AttrDef/Switch.php
A	vendor/ezyang/htmlpurifier/library/HTMLPurifier/AttrDef/Text.php
A	vendor/ezyang/htmlpurifier/library/HTMLPurifier/AttrDef/URI.php
A	vendor/ezyang/htmlpurifier/library/HTMLPurifier/AttrDef/URI/Email.php
A	vendor/ezyang/htmlpurifier/library/HTMLPurifier/AttrDef/URI/Email/SimpleCheck.php
A	vendor/ezyang/htmlpurifier/library/HTMLPurifier/AttrDef/URI/Host.php
A	vendor/ezyang/htmlpurifier/library/HTMLPurifier/AttrDef/URI/IPv4.php
A	vendor/ezyang/htmlpurifier/library/HTMLPurifier/AttrDef/URI/IPv6.php
A	vendor/ezyang/htmlpurifier/library/HTMLPurifier/AttrTransform.php
A	vendor/ezyang/htmlpurifier/library/HTMLPurifier/AttrTransform/Background.php
A	vendor/ezyang/htmlpurifier/library/HTMLPurifier/AttrTransform/BdoDir.php
A	vendor/ezyang/htmlpurifier/library/HTMLPurifier/AttrTransform/BgColor.php
A	vendor/ezyang/htmlpurifier/library/HTMLPurifier/AttrTransform/BoolToCSS.php
A	vendor/ezyang/htmlpurifier/library/HTMLPurifier/AttrTransform/Border.php
A	vendor/ezyang/htmlpurifier/library/HTMLPurifier/AttrTransform/EnumToCSS.php
A	vendor/ezyang/htmlpurifier/library/HTMLPurifier/AttrTransform/ImgRequired.php
A	vendor/ezyang/htmlpurifier/library/HTMLPurifier/AttrTransform/ImgSpace.php
A	vendor/ezyang/htmlpurifier/library/HTMLPurifier/AttrTransform/Input.php
A	vendor/ezyang/htmlpurifier/library/HTMLPurifier/AttrTransform/Lang.php
A	vendor/ezyang/htmlpurifier/library/HTMLPurifier/AttrTransform/Length.php
A	vendor/ezyang/htmlpurifier/library/HTMLPurifier/AttrTransform/Name.php
A	vendor/ezyang/htmlpurifier/library/HTMLPurifier/AttrTransform/NameSync.php
A	vendor/ezyang/htmlpurifier/library/HTMLPurifier/AttrTransform/Nofollow.php
A	vendor/ezyang/htmlpurifier/library/HTMLPurifier/AttrTransform/SafeEmbed.php
A	vendor/ezyang/htmlpurifier/library/HTMLPurifier/AttrTransform/SafeObject.php
A	vendor/ezyang/htmlpurifier/library/HTMLPurifier/AttrTransform/SafeParam.php
A	vendor/ezyang/htmlpurifier/library/HTMLPurifier/AttrTransform/ScriptRequired.php
A	vendor/ezyang/htmlpurifier/library/HTMLPurifier/AttrTransform/TargetBlank.php
A	vendor/ezyang/htmlpurifier/library/HTMLPurifier/AttrTransform/TargetNoopener.php
A	vendor/ezyang/htmlpurifier/library/HTMLPurifier/AttrTransform/TargetNoreferrer.php
A	vendor/ezyang/htmlpurifier/library/HTMLPurifier/AttrTransform/Textarea.php
A	vendor/ezyang/htmlpurifier/library/HTMLPurifier/AttrTypes.php
A	vendor/ezyang/htmlpurifier/library/HTMLPurifier/AttrValidator.php
A	vendor/ezyang/htmlpurifier/library/HTMLPurifier/Bootstrap.php
A	vendor/ezyang/htmlpurifier/library/HTMLPurifier/CSSDefinition.php
A	vendor/ezyang/htmlpurifier/library/HTMLPurifier/ChildDef.php
A	vendor/ezyang/htmlpurifier/library/HTMLPurifier/ChildDef/Chameleon.php
A	vendor/ezyang/htmlpurifier/library/HTMLPurifier/ChildDef/Custom.php
A	vendor/ezyang/htmlpurifier/library/HTMLPurifier/ChildDef/Empty.php
A	vendor/ezyang/htmlpurifier/library/HTMLPurifier/ChildDef/List.php
A	vendor/ezyang/htmlpurifier/library/HTMLPurifier/ChildDef/Optional.php
A	vendor/ezyang/htmlpurifier/library/HTMLPurifier/ChildDef/Required.php
A	vendor/ezyang/htmlpurifier/library/HTMLPurifier/ChildDef/StrictBlockquote.php
A	vendor/ezyang/htmlpurifier/library/HTMLPurifier/ChildDef/Table.php
A	vendor/ezyang/htmlpurifier/library/HTMLPurifier/Config.php
A	vendor/ezyang/htmlpurifier/library/HTMLPurifier/ConfigSchema.php
A	vendor/ezyang/htmlpurifier/library/HTMLPurifier/ConfigSchema/Builder/ConfigSchema.php
A	vendor/ezyang/htmlpurifier/library/HTMLPurifier/ConfigSchema/Builder/Xml.php
A	vendor/ezyang/htmlpurifier/library/HTMLPurifier/ConfigSchema/Exception.php
A	vendor/ezyang/htmlpurifier/library/HTMLPurifier/ConfigSchema/Interchange.php
A	vendor/ezyang/htmlpurifier/library/HTMLPurifier/ConfigSchema/Interchange/Directive.php
A	vendor/ezyang/htmlpurifier/library/HTMLPurifier/ConfigSchema/Interchange/Id.php
A	vendor/ezyang/htmlpurifier/library/HTMLPurifier/ConfigSchema/InterchangeBuilder.php
A	vendor/ezyang/htmlpurifier/library/HTMLPurifier/ConfigSchema/Validator.php
A	vendor/ezyang/htmlpurifier/library/HTMLPurifier/ConfigSchema/ValidatorAtom.php
A	vendor/ezyang/htmlpurifier/library/HTMLPurifier/ConfigSchema/schema.ser
A	vendor/ezyang/htmlpurifier/library/HTMLPurifier/ConfigSchema/schema/Attr.AllowedClasses.txt
A	vendor/ezyang/htmlpurifier/library/HTMLPurifier/ConfigSchema/schema/Attr.AllowedFrameTargets.txt
A	vendor/ezyang/htmlpurifier/library/HTMLPurifier/ConfigSchema/schema/Attr.AllowedRel.txt
A	vendor/ezyang/htmlpurifier/library/HTMLPurifier/ConfigSchema/schema/Attr.AllowedRev.txt
A	vendor/ezyang/htmlpurifier/library/HTMLPurifier/ConfigSchema/schema/Attr.ClassUseCDATA.txt
A	vendor/ezyang/htmlpurifier/library/HTMLPurifier/ConfigSchema/schema/Attr.DefaultImageAlt.txt
A	vendor/ezyang/htmlpurifier/library/HTMLPurifier/ConfigSchema/schema/Attr.DefaultInvalidImage.txt
A	vendor/ezyang/htmlpurifier/library/HTMLPurifier/ConfigSchema/schema/Attr.DefaultInvalidImageAlt.txt
A	vendor/ezyang/htmlpurifier/library/HTMLPurifier/ConfigSchema/schema/Attr.DefaultTextDir.txt
A	vendor/ezyang/htmlpurifier/library/HTMLPurifier/ConfigSchema/schema/Attr.EnableID.txt
A	vendor/ezyang/htmlpurifier/library/HTMLPurifier/ConfigSchema/schema/Attr.ForbiddenClasses.txt
A	vendor/ezyang/htmlpurifier/library/HTMLPurifier/ConfigSchema/schema/Attr.ID.HTML5.txt
A	vendor/ezyang/htmlpurifier/library/HTMLPurifier/ConfigSchema/schema/Attr.IDBlacklist.txt
A	vendor/ezyang/htmlpurifier/library/HTMLPurifier/ConfigSchema/schema/Attr.IDBlacklistRegexp.txt
A	vendor/ezyang/htmlpurifier/library/HTMLPurifier/ConfigSchema/schema/Attr.IDPrefix.txt
A	vendor/ezyang/htmlpurifier/library/HTMLPurifier/ConfigSchema/schema/Attr.IDPrefixLocal.txt
A	vendor/ezyang/htmlpurifier/library/HTMLPurifier/ConfigSchema/schema/AutoFormat.AutoParagraph.txt
A	vendor/ezyang/htmlpurifier/library/HTMLPurifier/ConfigSchema/schema/AutoFormat.Custom.txt
A	vendor/ezyang/htmlpurifier/library/HTMLPurifier/ConfigSchema/schema/AutoFormat.DisplayLinkURI.txt
A	vendor/ezyang/htmlpurifier/library/HTMLPurifier/ConfigSchema/schema/AutoFormat.Linkify.txt
A	vendor/ezyang/htmlpurifier/library/HTMLPurifier/ConfigSchema/schema/AutoFormat.PurifierLinkify.DocURL.txt
A	vendor/ezyang/htmlpurifier/library/HTMLPurifier/ConfigSchema/schema/AutoFormat.PurifierLinkify.txt
A	vendor/ezyang/htmlpurifier/library/HTMLPurifier/ConfigSchema/schema/AutoFormat.RemoveEmpty.Predicate.txt
A	vendor/ezyang/htmlpurifier/library/HTMLPurifier/ConfigSchema/schema/AutoFormat.RemoveEmpty.RemoveNbsp.Exceptions.txt
A	vendor/ezyang/htmlpurifier/library/HTMLPurifier/ConfigSchema/schema/AutoFormat.RemoveEmpty.RemoveNbsp.txt
A	vendor/ezyang/htmlpurifier/library/HTMLPurifier/ConfigSchema/schema/AutoFormat.RemoveEmpty.txt
A	vendor/ezyang/htmlpurifier/library/HTMLPurifier/ConfigSchema/schema/AutoFormat.RemoveSpansWithoutAttributes.txt
A	vendor/ezyang/htmlpurifier/library/HTMLPurifier/ConfigSchema/schema/CSS.AllowDuplicates.txt
A	vendor/ezyang/htmlpurifier/library/HTMLPurifier/ConfigSchema/schema/CSS.AllowImportant.txt
A	vendor/ezyang/htmlpurifier/library/HTMLPurifier/ConfigSchema/schema/CSS.AllowTricky.txt
A	vendor/ezyang/htmlpurifier/library/HTMLPurifier/ConfigSchema/schema/CSS.AllowedFonts.txt
A	vendor/ezyang/htmlpurifier/library/HTMLPurifier/ConfigSchema/schema/CSS.AllowedProperties.txt
A	vendor/ezyang/htmlpurifier/library/HTMLPurifier/ConfigSchema/schema/CSS.DefinitionRev.txt
A	vendor/ezyang/htmlpurifier/library/HTMLPurifier/ConfigSchema/schema/CSS.ForbiddenProperties.txt
A	vendor/ezyang/htmlpurifier/library/HTMLPurifier/ConfigSchema/schema/CSS.MaxImgLength.txt
A	vendor/ezyang/htmlpurifier/library/HTMLPurifier/ConfigSchema/schema/CSS.Proprietary.txt
A	vendor/ezyang/htmlpurifier/library/HTMLPurifier/ConfigSchema/schema/CSS.Trusted.txt
A	vendor/ezyang/htmlpurifier/library/HTMLPurifier/ConfigSchema/schema/Cache.DefinitionImpl.txt
A	vendor/ezyang/htmlpurifier/library/HTMLPurifier/ConfigSchema/schema/Cache.SerializerPath.txt
A	vendor/ezyang/htmlpurifier/library/HTMLPurifier/ConfigSchema/schema/Cache.SerializerPermissions.txt
A	vendor/ezyang/htmlpurifier/library/HTMLPurifier/ConfigSchema/schema/Core.AggressivelyFixLt.txt
A	vendor/ezyang/htmlpurifier/library/HTMLPurifier/ConfigSchema/schema/Core.AggressivelyRemoveScript.txt
A	vendor/ezyang/htmlpurifier/library/HTMLPurifier/ConfigSchema/schema/Core.AllowHostnameUnderscore.txt
A	vendor/ezyang/htmlpurifier/library/HTMLPurifier/ConfigSchema/schema/Core.CollectErrors.txt
A	vendor/ezyang/htmlpurifier/library/HTMLPurifier/ConfigSchema/schema/Core.ColorKeywords.txt
A	vendor/ezyang/htmlpurifier/library/HTMLPurifier/ConfigSchema/schema/Core.ConvertDocumentToFragment.txt
A	vendor/ezyang/htmlpurifier/library/HTMLPurifier/ConfigSchema/schema/Core.DirectLexLineNumberSyncInterval.txt
A	vendor/ezyang/htmlpurifier/library/HTMLPurifier/ConfigSchema/schema/Core.DisableExcludes.txt
A	vendor/ezyang/htmlpurifier/library/HTMLPurifier/ConfigSchema/schema/Core.EnableIDNA.txt
A	vendor/ezyang/htmlpurifier/library/HTMLPurifier/ConfigSchema/schema/Core.Encoding.txt
A	vendor/ezyang/htmlpurifier/library/HTMLPurifier/ConfigSchema/schema/Core.EscapeInvalidChildren.txt
A	vendor/ezyang/htmlpurifier/library/HTMLPurifier/ConfigSchema/schema/Core.EscapeInvalidTags.txt
A	vendor/ezyang/htmlpurifier/library/HTMLPurifier/ConfigSchema/schema/Core.EscapeNonASCIICharacters.txt
A	vendor/ezyang/htmlpurifier/library/HTMLPurifier/ConfigSchema/schema/Core.HiddenElements.txt
A	vendor/ezyang/htmlpurifier/library/HTMLPurifier/ConfigSchema/schema/Core.Language.txt
A	vendor/ezyang/htmlpurifier/library/HTMLPurifier/ConfigSchema/schema/Core.LegacyEntityDecoder.txt
A	vendor/ezyang/htmlpurifier/library/HTMLPurifier/ConfigSchema/schema/Core.LexerImpl.txt
A	vendor/ezyang/htmlpurifier/library/HTMLPurifier/ConfigSchema/schema/Core.MaintainLineNumbers.txt
A	vendor/ezyang/htmlpurifier/library/HTMLPurifier/ConfigSchema/schema/Core.NormalizeNewlines.txt
A	vendor/ezyang/htmlpurifier/library/HTMLPurifier/ConfigSchema/schema/Core.RemoveInvalidImg.txt
A	vendor/ezyang/htmlpurifier/library/HTMLPurifier/ConfigSchema/schema/Core.RemoveProcessingInstructions.txt
A	vendor/ezyang/htmlpurifier/library/HTMLPurifier/ConfigSchema/schema/Core.RemoveScriptContents.txt
A	vendor/ezyang/htmlpurifier/library/HTMLPurifier/ConfigSchema/schema/Filter.Custom.txt
A	vendor/ezyang/htmlpurifier/library/HTMLPurifier/ConfigSchema/schema/Filter.ExtractStyleBlocks.Escaping.txt
A	vendor/ezyang/htmlpurifier/library/HTMLPurifier/ConfigSchema/schema/Filter.ExtractStyleBlocks.Scope.txt
A	vendor/ezyang/htmlpurifier/library/HTMLPurifier/ConfigSchema/schema/Filter.ExtractStyleBlocks.TidyImpl.txt
A	vendor/ezyang/htmlpurifier/library/HTMLPurifier/ConfigSchema/schema/Filter.ExtractStyleBlocks.txt
A	vendor/ezyang/htmlpurifier/library/HTMLPurifier/ConfigSchema/schema/Filter.YouTube.txt
A	vendor/ezyang/htmlpurifier/library/HTMLPurifier/ConfigSchema/schema/HTML.Allowed.txt
A	vendor/ezyang/htmlpurifier/library/HTMLPurifier/ConfigSchema/schema/HTML.AllowedAttributes.txt
A	vendor/ezyang/htmlpurifier/library/HTMLPurifier/ConfigSchema/schema/HTML.AllowedComments.txt
A	vendor/ezyang/htmlpurifier/library/HTMLPurifier/ConfigSchema/schema/HTML.AllowedCommentsRegexp.txt
A	vendor/ezyang/htmlpurifier/library/HTMLPurifier/ConfigSchema/schema/HTML.AllowedElements.txt
A	vendor/ezyang/htmlpurifier/library/HTMLPurifier/ConfigSchema/schema/HTML.AllowedModules.txt
A	vendor/ezyang/htmlpurifier/library/HTMLPurifier/ConfigSchema/schema/HTML.Attr.Name.UseCDATA.txt
A	vendor/ezyang/htmlpurifier/library/HTMLPurifier/ConfigSchema/schema/HTML.BlockWrapper.txt
A	vendor/ezyang/htmlpurifier/library/HTMLPurifier/ConfigSchema/schema/HTML.CoreModules.txt
A	vendor/ezyang/htmlpurifier/library/HTMLPurifier/ConfigSchema/schema/HTML.CustomDoctype.txt
A	vendor/ezyang/htmlpurifier/library/HTMLPurifier/ConfigSchema/schema/HTML.DefinitionID.txt
A	vendor/ezyang/htmlpurifier/library/HTMLPurifier/ConfigSchema/schema/HTML.DefinitionRev.txt
A	vendor/ezyang/htmlpurifier/library/HTMLPurifier/ConfigSchema/schema/HTML.Doctype.txt
A	vendor/ezyang/htmlpurifier/library/HTMLPurifier/ConfigSchema/schema/HTML.FlashAllowFullScreen.txt
A	vendor/ezyang/htmlpurifier/library/HTMLPurifier/ConfigSchema/schema/HTML.ForbiddenAttributes.txt
A	vendor/ezyang/htmlpurifier/library/HTMLPurifier/ConfigSchema/schema/HTML.ForbiddenElements.txt
A	vendor/ezyang/htmlpurifier/library/HTMLPurifier/ConfigSchema/schema/HTML.MaxImgLength.txt
A	vendor/ezyang/htmlpurifier/library/HTMLPurifier/ConfigSchema/schema/HTML.Nofollow.txt
A	vendor/ezyang/htmlpurifier/library/HTMLPurifier/ConfigSchema/schema/HTML.Parent.txt
A	vendor/ezyang/htmlpurifier/library/HTMLPurifier/ConfigSchema/schema/HTML.Proprietary.txt
A	vendor/ezyang/htmlpurifier/library/HTMLPurifier/ConfigSchema/schema/HTML.SafeEmbed.txt
A	vendor/ezyang/htmlpurifier/library/HTMLPurifier/ConfigSchema/schema/HTML.SafeIframe.txt
A	vendor/ezyang/htmlpurifier/library/HTMLPurifier/ConfigSchema/schema/HTML.SafeObject.txt
A	vendor/ezyang/htmlpurifier/library/HTMLPurifier/ConfigSchema/schema/HTML.SafeScripting.txt
A	vendor/ezyang/htmlpurifier/library/HTMLPurifier/ConfigSchema/schema/HTML.Strict.txt
A	vendor/ezyang/htmlpurifier/library/HTMLPurifier/ConfigSchema/schema/HTML.TargetBlank.txt
A	vendor/ezyang/htmlpurifier/library/HTMLPurifier/ConfigSchema/schema/HTML.TargetNoopener.txt
A	vendor/ezyang/htmlpurifier/library/HTMLPurifier/ConfigSchema/schema/HTML.TargetNoreferrer.txt
A	vendor/ezyang/htmlpurifier/library/HTMLPurifier/ConfigSchema/schema/HTML.TidyAdd.txt
A	vendor/ezyang/htmlpurifier/library/HTMLPurifier/ConfigSchema/schema/HTML.TidyLevel.txt
A	vendor/ezyang/htmlpurifier/library/HTMLPurifier/ConfigSchema/schema/HTML.TidyRemove.txt
A	vendor/ezyang/htmlpurifier/library/HTMLPurifier/ConfigSchema/schema/HTML.Trusted.txt
A	vendor/ezyang/htmlpurifier/library/HTMLPurifier/ConfigSchema/schema/HTML.XHTML.txt
A	vendor/ezyang/htmlpurifier/library/HTMLPurifier/ConfigSchema/schema/Output.CommentScriptContents.txt
A	vendor/ezyang/htmlpurifier/library/HTMLPurifier/ConfigSchema/schema/Output.FixInnerHTML.txt
A	vendor/ezyang/htmlpurifier/library/HTMLPurifier/ConfigSchema/schema/Output.FlashCompat.txt
A	vendor/ezyang/htmlpurifier/library/HTMLPurifier/ConfigSchema/schema/Output.Newline.txt
A	vendor/ezyang/htmlpurifier/library/HTMLPurifier/ConfigSchema/schema/Output.SortAttr.txt
A	vendor/ezyang/htmlpurifier/library/HTMLPurifier/ConfigSchema/schema/Output.TidyFormat.txt
A	vendor/ezyang/htmlpurifier/library/HTMLPurifier/ConfigSchema/schema/Test.ForceNoIconv.txt
A	vendor/ezyang/htmlpurifier/library/HTMLPurifier/ConfigSchema/schema/URI.AllowedSchemes.txt
A	vendor/ezyang/htmlpurifier/library/HTMLPurifier/ConfigSchema/schema/URI.Base.txt
A	vendor/ezyang/htmlpurifier/library/HTMLPurifier/ConfigSchema/schema/URI.DefaultScheme.txt
A	vendor/ezyang/htmlpurifier/library/HTMLPurifier/ConfigSchema/schema/URI.DefinitionID.txt
A	vendor/ezyang/htmlpurifier/library/HTMLPurifier/ConfigSchema/schema/URI.DefinitionRev.txt
A	vendor/ezyang/htmlpurifier/library/HTMLPurifier/ConfigSchema/schema/URI.Disable.txt
A	vendor/ezyang/htmlpurifier/library/HTMLPurifier/ConfigSchema/schema/URI.DisableExternal.txt
A	vendor/ezyang/htmlpurifier/library/HTMLPurifier/ConfigSchema/schema/URI.DisableExternalResources.txt
A	vendor/ezyang/htmlpurifier/library/HTMLPurifier/ConfigSchema/schema/URI.DisableResources.txt
A	vendor/ezyang/htmlpurifier/library/HTMLPurifier/ConfigSchema/schema/URI.Host.txt
A	vendor/ezyang/htmlpurifier/library/HTMLPurifier/ConfigSchema/schema/URI.HostBlacklist.txt
A	vendor/ezyang/htmlpurifier/library/HTMLPurifier/ConfigSchema/schema/URI.MakeAbsolute.txt
A	vendor/ezyang/htmlpurifier/library/HTMLPurifier/ConfigSchema/schema/URI.Munge.txt
A	vendor/ezyang/htmlpurifier/library/HTMLPurifier/ConfigSchema/schema/URI.MungeResources.txt
A	vendor/ezyang/htmlpurifier/library/HTMLPurifier/ConfigSchema/schema/URI.MungeSecretKey.txt
A	vendor/ezyang/htmlpurifier/library/HTMLPurifier/ConfigSchema/schema/URI.OverrideAllowedSchemes.txt
A	vendor/ezyang/htmlpurifier/library/HTMLPurifier/ConfigSchema/schema/URI.SafeIframeRegexp.txt
A	vendor/ezyang/htmlpurifier/library/HTMLPurifier/ConfigSchema/schema/info.ini
A	vendor/ezyang/htmlpurifier/library/HTMLPurifier/ContentSets.php
A	vendor/ezyang/htmlpurifier/library/HTMLPurifier/Context.php
A	vendor/ezyang/htmlpurifier/library/HTMLPurifier/Definition.php
A	vendor/ezyang/htmlpurifier/library/HTMLPurifier/DefinitionCache.php
A	vendor/ezyang/htmlpurifier/library/HTMLPurifier/DefinitionCache/Decorator.php
A	vendor/ezyang/htmlpurifier/library/HTMLPurifier/DefinitionCache/Decorator/Cleanup.php
A	vendor/ezyang/htmlpurifier/library/HTMLPurifier/DefinitionCache/Decorator/Memory.php
A	vendor/ezyang/htmlpurifier/library/HTMLPurifier/DefinitionCache/Decorator/Template.php.in
A	vendor/ezyang/htmlpurifier/library/HTMLPurifier/DefinitionCache/Null.php
A	vendor/ezyang/htmlpurifier/library/HTMLPurifier/DefinitionCache/Serializer.php
A	vendor/ezyang/htmlpurifier/library/HTMLPurifier/DefinitionCache/Serializer/README
A	vendor/ezyang/htmlpurifier/library/HTMLPurifier/DefinitionCacheFactory.php
A	vendor/ezyang/htmlpurifier/library/HTMLPurifier/Doctype.php
A	vendor/ezyang/htmlpurifier/library/HTMLPurifier/DoctypeRegistry.php
A	vendor/ezyang/htmlpurifier/library/HTMLPurifier/ElementDef.php
A	vendor/ezyang/htmlpurifier/library/HTMLPurifier/Encoder.php
A	vendor/ezyang/htmlpurifier/library/HTMLPurifier/EntityLookup.php
A	vendor/ezyang/htmlpurifier/library/HTMLPurifier/EntityLookup/entities.ser
A	vendor/ezyang/htmlpurifier/library/HTMLPurifier/EntityParser.php
A	vendor/ezyang/htmlpurifier/library/HTMLPurifier/ErrorCollector.php
A	vendor/ezyang/htmlpurifier/library/HTMLPurifier/ErrorStruct.php
A	vendor/ezyang/htmlpurifier/library/HTMLPurifier/Exception.php
A	vendor/ezyang/htmlpurifier/library/HTMLPurifier/Filter.php
A	vendor/ezyang/htmlpurifier/library/HTMLPurifier/Filter/ExtractStyleBlocks.php
A	vendor/ezyang/htmlpurifier/library/HTMLPurifier/Filter/YouTube.php
A	vendor/ezyang/htmlpurifier/library/HTMLPurifier/Generator.php
A	vendor/ezyang/htmlpurifier/library/HTMLPurifier/HTMLDefinition.php
A	vendor/ezyang/htmlpurifier/library/HTMLPurifier/HTMLModule.php
A	vendor/ezyang/htmlpurifier/library/HTMLPurifier/HTMLModule/Bdo.php
A	vendor/ezyang/htmlpurifier/library/HTMLPurifier/HTMLModule/CommonAttributes.php
A	vendor/ezyang/htmlpurifier/library/HTMLPurifier/HTMLModule/Edit.php
A	vendor/ezyang/htmlpurifier/library/HTMLPurifier/HTMLModule/Forms.php
A	vendor/ezyang/htmlpurifier/library/HTMLPurifier/HTMLModule/Hypertext.php
A	vendor/ezyang/htmlpurifier/library/HTMLPurifier/HTMLModule/Iframe.php
A	vendor/ezyang/htmlpurifier/library/HTMLPurifier/HTMLModule/Image.php
A	vendor/ezyang/htmlpurifier/library/HTMLPurifier/HTMLModule/Legacy.php
A	vendor/ezyang/htmlpurifier/library/HTMLPurifier/HTMLModule/List.php
A	vendor/ezyang/htmlpurifier/library/HTMLPurifier/HTMLModule/Name.php
A	vendor/ezyang/htmlpurifier/library/HTMLPurifier/HTMLModule/Nofollow.php
A	vendor/ezyang/htmlpurifier/library/HTMLPurifier/HTMLModule/NonXMLCommonAttributes.php
A	vendor/ezyang/htmlpurifier/library/HTMLPurifier/HTMLModule/Object.php
A	vendor/ezyang/htmlpurifier/library/HTMLPurifier/HTMLModule/Presentation.php
A	vendor/ezyang/htmlpurifier/library/HTMLPurifier/HTMLModule/Proprietary.php
A	vendor/ezyang/htmlpurifier/library/HTMLPurifier/HTMLModule/Ruby.php
A	vendor/ezyang/htmlpurifier/library/HTMLPurifier/HTMLModule/SafeEmbed.php
A	vendor/ezyang/htmlpurifier/library/HTMLPurifier/HTMLModule/SafeObject.php
A	vendor/ezyang/htmlpurifier/library/HTMLPurifier/HTMLModule/SafeScripting.php
A	vendor/ezyang/htmlpurifier/library/HTMLPurifier/HTMLModule/Scripting.php
A	vendor/ezyang/htmlpurifier/library/HTMLPurifier/HTMLModule/StyleAttribute.php
A	vendor/ezyang/htmlpurifier/library/HTMLPurifier/HTMLModule/Tables.php
A	vendor/ezyang/htmlpurifier/library/HTMLPurifier/HTMLModule/Target.php
A	vendor/ezyang/htmlpurifier/library/HTMLPurifier/HTMLModule/TargetBlank.php
A	vendor/ezyang/htmlpurifier/library/HTMLPurifier/HTMLModule/TargetNoopener.php
A	vendor/ezyang/htmlpurifier/library/HTMLPurifier/HTMLModule/TargetNoreferrer.php
A	vendor/ezyang/htmlpurifier/library/HTMLPurifier/HTMLModule/Text.php
A	vendor/ezyang/htmlpurifier/library/HTMLPurifier/HTMLModule/Tidy.php
A	vendor/ezyang/htmlpurifier/library/HTMLPurifier/HTMLModule/Tidy/Name.php
A	vendor/ezyang/htmlpurifier/library/HTMLPurifier/HTMLModule/Tidy/Proprietary.php
A	vendor/ezyang/htmlpurifier/library/HTMLPurifier/HTMLModule/Tidy/Strict.php
A	vendor/ezyang/htmlpurifier/library/HTMLPurifier/HTMLModule/Tidy/Transitional.php
A	vendor/ezyang/htmlpurifier/library/HTMLPurifier/HTMLModule/Tidy/XHTML.php
A	vendor/ezyang/htmlpurifier/library/HTMLPurifier/HTMLModule/Tidy/XHTMLAndHTML4.php
A	vendor/ezyang/htmlpurifier/library/HTMLPurifier/HTMLModule/XMLCommonAttributes.php
A	vendor/ezyang/htmlpurifier/library/HTMLPurifier/HTMLModuleManager.php
A	vendor/ezyang/htmlpurifier/library/HTMLPurifier/IDAccumulator.php
A	vendor/ezyang/htmlpurifier/library/HTMLPurifier/Injector.php
A	vendor/ezyang/htmlpurifier/library/HTMLPurifier/Injector/AutoParagraph.php
A	vendor/ezyang/htmlpurifier/library/HTMLPurifier/Injector/DisplayLinkURI.php
A	vendor/ezyang/htmlpurifier/library/HTMLPurifier/Injector/Linkify.php
A	vendor/ezyang/htmlpurifier/library/HTMLPurifier/Injector/PurifierLinkify.php
A	vendor/ezyang/htmlpurifier/library/HTMLPurifier/Injector/RemoveEmpty.php
A	vendor/ezyang/htmlpurifier/library/HTMLPurifier/Injector/RemoveSpansWithoutAttributes.php
A	vendor/ezyang/htmlpurifier/library/HTMLPurifier/Injector/SafeObject.php
A	vendor/ezyang/htmlpurifier/library/HTMLPurifier/Language.php
A	vendor/ezyang/htmlpurifier/library/HTMLPurifier/Language/classes/en-x-test.php
A	vendor/ezyang/htmlpurifier/library/HTMLPurifier/Language/messages/en-x-test.php
A	vendor/ezyang/htmlpurifier/library/HTMLPurifier/Language/messages/en-x-testmini.php
A	vendor/ezyang/htmlpurifier/library/HTMLPurifier/Language/messages/en.php
A	vendor/ezyang/htmlpurifier/library/HTMLPurifier/LanguageFactory.php
A	vendor/ezyang/htmlpurifier/library/HTMLPurifier/Length.php
A	vendor/ezyang/htmlpurifier/library/HTMLPurifier/Lexer.php
A	vendor/ezyang/htmlpurifier/library/HTMLPurifier/Lexer/DOMLex.php
A	vendor/ezyang/htmlpurifier/library/HTMLPurifier/Lexer/DirectLex.php
A	vendor/ezyang/htmlpurifier/library/HTMLPurifier/Lexer/PH5P.php
A	vendor/ezyang/htmlpurifier/library/HTMLPurifier/Node.php
A	vendor/ezyang/htmlpurifier/library/HTMLPurifier/Node/Comment.php
A	vendor/ezyang/htmlpurifier/library/HTMLPurifier/Node/Element.php
A	vendor/ezyang/htmlpurifier/library/HTMLPurifier/Node/Text.php
A	vendor/ezyang/htmlpurifier/library/HTMLPurifier/PercentEncoder.php
A	vendor/ezyang/htmlpurifier/library/HTMLPurifier/Printer.php
A	vendor/ezyang/htmlpurifier/library/HTMLPurifier/Printer/CSSDefinition.php
A	vendor/ezyang/htmlpurifier/library/HTMLPurifier/Printer/ConfigForm.css
A	vendor/ezyang/htmlpurifier/library/HTMLPurifier/Printer/ConfigForm.js
A	vendor/ezyang/htmlpurifier/library/HTMLPurifier/Printer/ConfigForm.php
A	vendor/ezyang/htmlpurifier/library/HTMLPurifier/Printer/HTMLDefinition.php
A	vendor/ezyang/htmlpurifier/library/HTMLPurifier/PropertyList.php
A	vendor/ezyang/htmlpurifier/library/HTMLPurifier/PropertyListIterator.php
A	vendor/ezyang/htmlpurifier/library/HTMLPurifier/Queue.php
A	vendor/ezyang/htmlpurifier/library/HTMLPurifier/Strategy.php
A	vendor/ezyang/htmlpurifier/library/HTMLPurifier/Strategy/Composite.php
A	vendor/ezyang/htmlpurifier/library/HTMLPurifier/Strategy/Core.php
A	vendor/ezyang/htmlpurifier/library/HTMLPurifier/Strategy/FixNesting.php
A	vendor/ezyang/htmlpurifier/library/HTMLPurifier/Strategy/MakeWellFormed.php
A	vendor/ezyang/htmlpurifier/library/HTMLPurifier/Strategy/RemoveForeignElements.php
A	vendor/ezyang/htmlpurifier/library/HTMLPurifier/Strategy/ValidateAttributes.php
A	vendor/ezyang/htmlpurifier/library/HTMLPurifier/StringHash.php
A	vendor/ezyang/htmlpurifier/library/HTMLPurifier/StringHashParser.php
A	vendor/ezyang/htmlpurifier/library/HTMLPurifier/TagTransform.php
A	vendor/ezyang/htmlpurifier/library/HTMLPurifier/TagTransform/Font.php
A	vendor/ezyang/htmlpurifier/library/HTMLPurifier/TagTransform/Simple.php
A	vendor/ezyang/htmlpurifier/library/HTMLPurifier/Token.php
A	vendor/ezyang/htmlpurifier/library/HTMLPurifier/Token/Comment.php
A	vendor/ezyang/htmlpurifier/library/HTMLPurifier/Token/Empty.php
A	vendor/ezyang/htmlpurifier/library/HTMLPurifier/Token/End.php
A	vendor/ezyang/htmlpurifier/library/HTMLPurifier/Token/Start.php
A	vendor/ezyang/htmlpurifier/library/HTMLPurifier/Token/Tag.php
A	vendor/ezyang/htmlpurifier/library/HTMLPurifier/Token/Text.php
A	vendor/ezyang/htmlpurifier/library/HTMLPurifier/TokenFactory.php
A	vendor/ezyang/htmlpurifier/library/HTMLPurifier/URI.php
A	vendor/ezyang/htmlpurifier/library/HTMLPurifier/URIDefinition.php
A	vendor/ezyang/htmlpurifier/library/HTMLPurifier/URIFilter.php
A	vendor/ezyang/htmlpurifier/library/HTMLPurifier/URIFilter/DisableExternal.php
A	vendor/ezyang/htmlpurifier/library/HTMLPurifier/URIFilter/DisableExternalResources.php
A	vendor/ezyang/htmlpurifier/library/HTMLPurifier/URIFilter/DisableResources.php
A	vendor/ezyang/htmlpurifier/library/HTMLPurifier/URIFilter/HostBlacklist.php
A	vendor/ezyang/htmlpurifier/library/HTMLPurifier/URIFilter/MakeAbsolute.php
A	vendor/ezyang/htmlpurifier/library/HTMLPurifier/URIFilter/Munge.php
A	vendor/ezyang/htmlpurifier/library/HTMLPurifier/URIFilter/SafeIframe.php
A	vendor/ezyang/htmlpurifier/library/HTMLPurifier/URIParser.php
A	vendor/ezyang/htmlpurifier/library/HTMLPurifier/URIScheme.php
A	vendor/ezyang/htmlpurifier/library/HTMLPurifier/URIScheme/data.php
A	vendor/ezyang/htmlpurifier/library/HTMLPurifier/URIScheme/file.php
A	vendor/ezyang/htmlpurifier/library/HTMLPurifier/URIScheme/ftp.php
A	vendor/ezyang/htmlpurifier/library/HTMLPurifier/URIScheme/http.php
A	vendor/ezyang/htmlpurifier/library/HTMLPurifier/URIScheme/https.php
A	vendor/ezyang/htmlpurifier/library/HTMLPurifier/URIScheme/mailto.php
A	vendor/ezyang/htmlpurifier/library/HTMLPurifier/URIScheme/news.php
A	vendor/ezyang/htmlpurifier/library/HTMLPurifier/URIScheme/nntp.php
A	vendor/ezyang/htmlpurifier/library/HTMLPurifier/URIScheme/tel.php
A	vendor/ezyang/htmlpurifier/library/HTMLPurifier/URISchemeRegistry.php
A	vendor/ezyang/htmlpurifier/library/HTMLPurifier/UnitConverter.php
A	vendor/ezyang/htmlpurifier/library/HTMLPurifier/VarParser.php
A	vendor/ezyang/htmlpurifier/library/HTMLPurifier/VarParser/Flexible.php
A	vendor/ezyang/htmlpurifier/library/HTMLPurifier/VarParser/Native.php
A	vendor/ezyang/htmlpurifier/library/HTMLPurifier/VarParserException.php
A	vendor/ezyang/htmlpurifier/library/HTMLPurifier/Zipper.php
M	vendor/royalcms/framework/Royalcms/Component/Config/Resources/system.php
M	vendor/royalcms/framework/Royalcms/Component/Exception/resources/pretty-template.php
M	vendor/royalcms/framework/Royalcms/Component/Foundation/Console/Optimize/config.php
M	vendor/royalcms/framework/Royalcms/Component/Foundation/Providers/PhpinfoServiceProvider.php
M	vendor/royalcms/framework/Royalcms/Component/Foundation/Start.php
M	vendor/royalcms/framework/Royalcms/Component/Notifications/NotificationServiceProvider.php
A	vendor/royalcms/log-viewer/Royalcms/Component/LogViewer/Facades/LogViewer.php
M	vendor/royalcms/log-viewer/Royalcms/Component/LogViewer/LogViewer.php
M	vendor/royalcms/log-viewer/Royalcms/Component/LogViewer/LogViewerServiceProvider.php
A	vendor/royalcms/purifier/Royalcms/Component/Purifier/Facades/Purifier.php
A	vendor/royalcms/purifier/Royalcms/Component/Purifier/Purifier.php
A	vendor/royalcms/purifier/Royalcms/Component/Purifier/PurifierServiceProvider.php
A	vendor/royalcms/purifier/Royalcms/Component/Purifier/helpers.php
A	vendor/royalcms/purifier/config/purifier.php
M	vendor/royalcms/smarty-view/Royalcms/Component/SmartyView/SmartyServiceProvider.php
D	vendor/royalcms/framework/Royalcms/Component/Timer/Facades/Timer.php
A	vendor/royalcms/timer/Royalcms/Component/Timer/Facades/Timer.php
D	vendor/royalcms/framework/Royalcms/Component/Timer/Timer.php
A	vendor/royalcms/timer/Royalcms/Component/Timer/Timer.php
D	vendor/royalcms/framework/Royalcms/Component/Timer/TimerServiceProvider.php
A	vendor/royalcms/timer/Royalcms/Component/Timer/TimerServiceProvider.php
