M	bootstrap/classmap.php
M	content/apps/comment/admin.php
M	content/apps/comment/appeal.php
M	content/apps/comment/statics/css/comment.css
M	content/apps/comment/templates/admin/appeal_detail.dwt.php
M	content/apps/comment/templates/admin/comment_info.dwt.php
M	content/apps/express/model/orm_staff_user_model.class.php
M	content/apps/goods/classes/goods_list.class.php
M	content/apps/goods/functions/global.func.php
M	content/apps/goods/languages/zh_CN/goods.lang.php
M	content/apps/goods/merchant.php
M	content/apps/goods/templates/merchant/goods_cat_select.dwt.php
M	content/apps/goods/templates/merchant/goods_info.dwt.php
M	content/apps/installer/classes/install_utility.class.php
M	content/apps/installer/data/env.example
M	content/apps/installer/index.php
D	content/apps/mail/apis/mail_admin_menu_api.class.php
A	content/apps/mail/apis/mail_service_menu_api.class.php
M	content/apps/main/index.php
A	content/apps/mobile/admin_street.php
M	content/apps/mobile/apis/mobile_admin_purview_api.class.php
D	content/system/classes/Config/LoaderInterface.php
A	content/apps/mobile/apis/mobile_service_menu_api.class.php
A	content/apps/mobile/classes/mobile_qrcode.class.php
M	content/apps/mobile/modules/home/data_module.class.php
A	content/apps/mobile/statics/css/mobile_street.css
A	content/apps/mobile/statics/images/android_icon.png
A	content/apps/mobile/statics/images/apple_icon.png
A	content/apps/mobile/statics/images/daojia_qrcode.png
A	content/apps/mobile/statics/images/dianpujie.png
A	content/apps/mobile/statics/images/download.png
A	content/apps/mobile/statics/images/ec_icon.png
A	content/apps/mobile/statics/images/mobile_img.png
A	content/apps/mobile/statics/images/street_qrcode.png
A	content/apps/mobile/statics/images/warning.png
A	content/apps/mobile/templates/admin/mobile_street.dwt.php
M	content/apps/notification/model/orm_staff_user_model.class.php
M	content/apps/orders/apis/orders_order_list_api.class.php
M	content/apps/orders/classes/hooks/admin_orders.class.php
M	content/apps/orders/classes/hooks/merchant_orders.class.php
M	content/apps/orders/model/orm_staff_user_model.class.php
M	content/apps/orders/model/orm_users_model.class.php
D	content/apps/payment/apis/payment_admin_menu_api.class.php
A	content/apps/payment/apis/payment_tool_menu_api.class.php
D	content/apps/push/apis/push_admin_menu_api.class.php
A	content/apps/push/apis/push_service_menu_api.class.php
D	content/apps/shipping/apis/shipping_admin_menu_api.class.php
A	content/apps/shipping/apis/shipping_tool_menu_api.class.php
D	content/apps/sms/apis/sms_admin_menu_api.class.php
A	content/apps/sms/apis/sms_service_menu_api.class.php
M	content/apps/store/admin.php
M	content/apps/store/admin_store_category.php
M	content/apps/store/templates/admin/store_list.dwt.php
M	content/apps/touch/classes/ecjia_touch_user.class.php
M	content/apps/user/modules/user/signout_module.class.php
M	content/configs/app.php
M	content/configs/provider.php
M	content/configs/release.php
D	content/database/migrations/2017_03_21_121822_insert_config_structure_to_shop_config_table.php
D	content/database/migrations/2017_03_22_162623_insert_config_structure_to_shop_config_table_2.php
M	content/database/patchs/v1.4.0/Version_10400.php
A	content/database/patchs/v1.4.1/Version_10401.php
A	content/database/patchs/v1.4.1/ecjia-daojia-patch-v1.4.1.log
A	content/database/patchs/v1.4.1/readme.txt
D	content/database/seeds/InitShopConfigTableSeeder2.php
A	content/database/seeds/FixShopConfigTableSeeder.php
M	content/database/seeds/InitShopConfigTableSeeder.php
M	content/system/classes/Api/ResolveBody.php
A	content/system/classes/Config/CompatibleTrait.php
A	content/system/classes/Config/Config.php
M	content/system/classes/Config/ConfigModel.php
A	content/system/classes/Config/ConfigRepositoryInterface.php
A	content/system/classes/Config/DatabaseConfigRepository.php
A	content/system/classes/Config/Exceptions/ConfigGroupRepeatException.php
D	content/system/classes/Config/Repository.php
A	content/system/classes/Facades/Config.php
M	content/system/classes/Notifications/ExpressAssign.php
M	content/system/classes/Notifications/ExpressFinished.php
M	content/system/classes/Notifications/ExpressGrab.php
M	content/system/classes/Notifications/ExpressPickup.php
M	content/system/classes/Notifications/NewOrdersRemind.php
M	content/system/classes/Notifications/OrderPay.php
M	content/system/classes/Notifications/OrderPlaced.php
M	content/system/classes/Notifications/OrderShipped.php
M	content/system/classes/Providers/SystemServiceProvider.php
M	content/system/classes/admin/ecjia_admin_menu.class.php
M	content/system/classes/admin/ecjia_admin_notifiable.class.php
D	content/system/classes/ecjia_config.class.php
M	sites/m/content/configs/site.php
M	sites/m/content/themes/h5/cart_list.dwt.php
M	sites/m/content/themes/h5/css/ecjia_city.css
M	sites/m/content/themes/h5/ecjia-touch.dwt.php
M	sites/m/content/themes/h5/extras/classes/utility/touch_function.class.php
M	sites/m/content/themes/h5/extras/controller/article_controller.php
M	sites/m/content/themes/h5/extras/controller/cart_controller.php
M	sites/m/content/themes/h5/extras/controller/connect_controller.php
M	sites/m/content/themes/h5/extras/controller/franchisee_controller.php
M	sites/m/content/themes/h5/extras/controller/goods_controller.php
M	sites/m/content/themes/h5/extras/controller/location_controller.php
M	sites/m/content/themes/h5/extras/controller/merchant_controller.php
M	sites/m/content/themes/h5/extras/controller/pay_controller.php
M	sites/m/content/themes/h5/extras/controller/touch_controller.php
M	sites/m/content/themes/h5/extras/controller/user_account_controller.php
M	sites/m/content/themes/h5/extras/controller/user_address_controller.php
M	sites/m/content/themes/h5/extras/controller/user_bonus_controller.php
M	sites/m/content/themes/h5/extras/controller/user_controller.php
M	sites/m/content/themes/h5/extras/controller/user_get_password_controller.php
M	sites/m/content/themes/h5/extras/controller/user_order_controller.php
M	sites/m/content/themes/h5/extras/controller/user_privilege_controller.php
M	sites/m/content/themes/h5/extras/controller/user_profile_controller.php
M	sites/m/content/themes/h5/flow_bonus.dwt.php
M	sites/m/content/themes/h5/flow_checkout.dwt.php
M	sites/m/content/themes/h5/flow_goodslist.dwt.php
M	sites/m/content/themes/h5/flow_integral.dwt.php
M	sites/m/content/themes/h5/flow_invoice.dwt.php
M	sites/m/content/themes/h5/flow_note.dwt.php
M	sites/m/content/themes/h5/flow_pay.dwt.php
M	sites/m/content/themes/h5/flow_shipping.dwt.php
M	sites/m/content/themes/h5/flow_shipping_date.dwt.php
M	sites/m/content/themes/h5/franchisee_first.dwt.php
M	sites/m/content/themes/h5/franchisee_get_location.dwt.php
M	sites/m/content/themes/h5/franchisee_process.dwt.php
M	sites/m/content/themes/h5/franchisee_search.dwt.php
M	sites/m/content/themes/h5/functions.php
M	sites/m/content/themes/h5/goods_new.dwt.php
M	sites/m/content/themes/h5/goods_promotion.dwt.php
M	sites/m/content/themes/h5/goods_show.dwt.php
M	sites/m/content/themes/h5/index.dwt.php
M	sites/m/content/themes/h5/js/ecjia.touch.goods.js
M	sites/m/content/themes/h5/js/ecjia.touch.js
M	sites/m/content/themes/h5/js/ecjia.touch.spread.js
M	sites/m/content/themes/h5/library/model_newgoods.lbi.php
M	sites/m/content/themes/h5/library/model_promotions.lbi.php
M	sites/m/content/themes/h5/library/model_store.lbi.php
M	sites/m/content/themes/h5/library/store_list.lbi.php
M	sites/m/content/themes/h5/library/suggest_store.lbi.php
M	sites/m/content/themes/h5/merchant.dwt.php
M	sites/m/content/themes/h5/merchant_comment.dwt.php
D	sites/m/content/themes/h5/merchant_detail.dwt.php
M	sites/m/content/themes/h5/seller_list.dwt.php
M	sites/m/content/themes/h5/store_list.dwt.php
M	sites/m/content/themes/h5/user.dwt.php
M	sites/m/content/themes/h5/user_address_edit.dwt.php
M	sites/m/content/themes/h5/user_address_list.dwt.php
M	sites/m/content/themes/h5/user_bind_login.dwt.php
M	sites/m/content/themes/h5/user_bind_signin.dwt.php
M	sites/m/content/themes/h5/user_bind_signup.dwt.php
M	sites/m/content/themes/h5/user_bonus.dwt.php
M	sites/m/content/themes/h5/user_goods_comment.dwt.php
M	sites/m/content/themes/h5/user_login.dwt.php
M	sites/m/content/themes/h5/user_mobile_register.dwt.php
M	sites/m/content/themes/h5/user_near_location.dwt.php
M	sites/m/content/themes/h5/user_order_list.dwt.php
M	sites/m/content/themes/h5/user_record.dwt.php
M	sites/m/content/themes/h5/user_reset_password.dwt.php
M	sites/m/content/themes/h5/user_reward_detail.dwt.php
M	sites/m/content/themes/h5/user_set_password.dwt.php
M	vendor/composer/autoload_namespaces.php
M	vendor/guzzlehttp/guzzle/CHANGELOG.md
M	vendor/guzzlehttp/guzzle/README.md
M	vendor/guzzlehttp/guzzle/UPGRADING.md
M	vendor/guzzlehttp/guzzle/composer.json
M	vendor/guzzlehttp/guzzle/src/Client.php
M	vendor/guzzlehttp/guzzle/src/ClientInterface.php
M	vendor/guzzlehttp/guzzle/src/Cookie/CookieJar.php
M	vendor/guzzlehttp/guzzle/src/Cookie/CookieJarInterface.php
M	vendor/guzzlehttp/guzzle/src/Cookie/FileCookieJar.php
M	vendor/guzzlehttp/guzzle/src/Cookie/SessionCookieJar.php
M	vendor/guzzlehttp/guzzle/src/Cookie/SetCookie.php
M	vendor/guzzlehttp/guzzle/src/Exception/BadResponseException.php
M	vendor/guzzlehttp/guzzle/src/Exception/ClientException.php
M	vendor/guzzlehttp/guzzle/src/Exception/ConnectException.php
M	vendor/guzzlehttp/guzzle/src/Exception/GuzzleException.php
M	vendor/guzzlehttp/guzzle/src/Exception/RequestException.php
M	vendor/guzzlehttp/guzzle/src/Exception/SeekException.php
M	vendor/guzzlehttp/guzzle/src/Exception/ServerException.php
M	vendor/guzzlehttp/guzzle/src/Exception/TooManyRedirectsException.php
M	vendor/guzzlehttp/guzzle/src/Exception/TransferException.php
M	vendor/guzzlehttp/guzzle/src/Handler/CurlFactory.php
M	vendor/guzzlehttp/guzzle/src/Handler/CurlFactoryInterface.php
M	vendor/guzzlehttp/guzzle/src/Handler/CurlHandler.php
M	vendor/guzzlehttp/guzzle/src/Handler/CurlMultiHandler.php
M	vendor/guzzlehttp/guzzle/src/Handler/EasyHandle.php
M	vendor/guzzlehttp/guzzle/src/Handler/MockHandler.php
M	vendor/guzzlehttp/guzzle/src/Handler/Proxy.php
M	vendor/guzzlehttp/guzzle/src/Handler/StreamHandler.php
M	vendor/guzzlehttp/guzzle/src/HandlerStack.php
M	vendor/guzzlehttp/guzzle/src/MessageFormatter.php
M	vendor/guzzlehttp/guzzle/src/Middleware.php
M	vendor/guzzlehttp/guzzle/src/Pool.php
M	vendor/guzzlehttp/guzzle/src/PrepareBodyMiddleware.php
M	vendor/guzzlehttp/guzzle/src/RedirectMiddleware.php
M	vendor/guzzlehttp/guzzle/src/RequestOptions.php
M	vendor/guzzlehttp/guzzle/src/RetryMiddleware.php
M	vendor/guzzlehttp/guzzle/src/TransferStats.php
M	vendor/guzzlehttp/guzzle/src/UriTemplate.php
M	vendor/guzzlehttp/guzzle/src/functions.php
M	vendor/guzzlehttp/guzzle/src/functions_include.php
M	vendor/guzzlehttp/promises/CHANGELOG.md
M	vendor/guzzlehttp/promises/README.md
M	vendor/guzzlehttp/promises/composer.json
M	vendor/guzzlehttp/promises/src/AggregateException.php
M	vendor/guzzlehttp/promises/src/CancellationException.php
M	vendor/guzzlehttp/promises/src/Coroutine.php
M	vendor/guzzlehttp/promises/src/EachPromise.php
M	vendor/guzzlehttp/promises/src/FulfilledPromise.php
M	vendor/guzzlehttp/promises/src/Promise.php
M	vendor/guzzlehttp/promises/src/PromiseInterface.php
M	vendor/guzzlehttp/promises/src/PromisorInterface.php
M	vendor/guzzlehttp/promises/src/RejectedPromise.php
M	vendor/guzzlehttp/promises/src/RejectionException.php
M	vendor/guzzlehttp/promises/src/TaskQueue.php
M	vendor/guzzlehttp/promises/src/TaskQueueInterface.php
M	vendor/guzzlehttp/promises/src/functions.php
M	vendor/guzzlehttp/promises/src/functions_include.php
M	vendor/guzzlehttp/psr7/CHANGELOG.md
M	vendor/guzzlehttp/psr7/README.md
M	vendor/guzzlehttp/psr7/composer.json
M	vendor/guzzlehttp/psr7/src/AppendStream.php
M	vendor/guzzlehttp/psr7/src/BufferStream.php
M	vendor/guzzlehttp/psr7/src/CachingStream.php
M	vendor/guzzlehttp/psr7/src/DroppingStream.php
M	vendor/guzzlehttp/psr7/src/FnStream.php
M	vendor/guzzlehttp/psr7/src/InflateStream.php
M	vendor/guzzlehttp/psr7/src/LazyOpenStream.php
M	vendor/guzzlehttp/psr7/src/LimitStream.php
M	vendor/guzzlehttp/psr7/src/MessageTrait.php
M	vendor/guzzlehttp/psr7/src/MultipartStream.php
M	vendor/guzzlehttp/psr7/src/NoSeekStream.php
M	vendor/guzzlehttp/psr7/src/PumpStream.php
M	vendor/guzzlehttp/psr7/src/Request.php
M	vendor/guzzlehttp/psr7/src/Response.php
M	vendor/guzzlehttp/psr7/src/ServerRequest.php
M	vendor/guzzlehttp/psr7/src/Stream.php
M	vendor/guzzlehttp/psr7/src/StreamDecoratorTrait.php
M	vendor/guzzlehttp/psr7/src/StreamWrapper.php
M	vendor/guzzlehttp/psr7/src/UploadedFile.php
M	vendor/guzzlehttp/psr7/src/Uri.php
M	vendor/guzzlehttp/psr7/src/functions.php
M	vendor/guzzlehttp/psr7/src/functions_include.php
M	vendor/predis/predis/CHANGELOG.md
M	vendor/predis/predis/CONTRIBUTING.md
M	vendor/predis/predis/FAQ.md
M	vendor/predis/predis/LICENSE
M	vendor/predis/predis/README.md
M	vendor/predis/predis/VERSION
M	vendor/predis/predis/autoload.php
M	vendor/predis/predis/bin/create-command-test
M	vendor/predis/predis/bin/create-pear
M	vendor/predis/predis/bin/create-phar
M	vendor/predis/predis/bin/create-single-file
M	vendor/predis/predis/composer.json
M	vendor/predis/predis/examples/custom_cluster_distributor.php
M	vendor/predis/predis/examples/debuggable_connection.php
M	vendor/predis/predis/examples/dispatcher_loop.php
M	vendor/predis/predis/examples/executing_redis_commands.php
M	vendor/predis/predis/examples/key_prefixing.php
M	vendor/predis/predis/examples/lua_scripting_abstraction.php
M	vendor/predis/predis/examples/monitor_consumer.php
M	vendor/predis/predis/examples/pipelining_commands.php
M	vendor/predis/predis/examples/pubsub_consumer.php
M	vendor/predis/predis/examples/redis_collections_iterators.php
M	vendor/predis/predis/examples/replication_complex.php
M	vendor/predis/predis/examples/replication_simple.php
M	vendor/predis/predis/examples/session_handler.php
M	vendor/predis/predis/examples/shared.php
M	vendor/predis/predis/examples/transaction_using_cas.php
M	vendor/predis/predis/package.ini
M	vendor/predis/predis/src/Autoloader.php
M	vendor/predis/predis/src/Client.php
M	vendor/predis/predis/src/ClientContextInterface.php
M	vendor/predis/predis/src/ClientException.php
M	vendor/predis/predis/src/ClientInterface.php
M	vendor/predis/predis/src/Cluster/ClusterStrategy.php
M	vendor/predis/predis/src/Cluster/Distributor/DistributorInterface.php
M	vendor/predis/predis/src/Cluster/Distributor/EmptyRingException.php
M	vendor/predis/predis/src/Cluster/Distributor/HashRing.php
M	vendor/predis/predis/src/Cluster/Distributor/KetamaRing.php
M	vendor/predis/predis/src/Cluster/Hash/CRC16.php
M	vendor/predis/predis/src/Cluster/Hash/HashGeneratorInterface.php
M	vendor/predis/predis/src/Cluster/PredisStrategy.php
M	vendor/predis/predis/src/Cluster/RedisStrategy.php
M	vendor/predis/predis/src/Cluster/StrategyInterface.php
M	vendor/predis/predis/src/Collection/Iterator/CursorBasedIterator.php
M	vendor/predis/predis/src/Collection/Iterator/HashKey.php
M	vendor/predis/predis/src/Collection/Iterator/Keyspace.php
M	vendor/predis/predis/src/Collection/Iterator/ListKey.php
M	vendor/predis/predis/src/Collection/Iterator/SetKey.php
M	vendor/predis/predis/src/Collection/Iterator/SortedSetKey.php
M	vendor/predis/predis/src/Command/Command.php
M	vendor/predis/predis/src/Command/CommandInterface.php
M	vendor/predis/predis/src/Command/ConnectionAuth.php
M	vendor/predis/predis/src/Command/ConnectionEcho.php
M	vendor/predis/predis/src/Command/ConnectionPing.php
M	vendor/predis/predis/src/Command/ConnectionQuit.php
M	vendor/predis/predis/src/Command/ConnectionSelect.php
M	vendor/predis/predis/src/Command/GeospatialGeoAdd.php
M	vendor/predis/predis/src/Command/GeospatialGeoDist.php
M	vendor/predis/predis/src/Command/GeospatialGeoHash.php
M	vendor/predis/predis/src/Command/GeospatialGeoPos.php
M	vendor/predis/predis/src/Command/GeospatialGeoRadius.php
M	vendor/predis/predis/src/Command/GeospatialGeoRadiusByMember.php
M	vendor/predis/predis/src/Command/HashDelete.php
M	vendor/predis/predis/src/Command/HashExists.php
M	vendor/predis/predis/src/Command/HashGet.php
M	vendor/predis/predis/src/Command/HashGetAll.php
M	vendor/predis/predis/src/Command/HashGetMultiple.php
M	vendor/predis/predis/src/Command/HashIncrementBy.php
M	vendor/predis/predis/src/Command/HashIncrementByFloat.php
M	vendor/predis/predis/src/Command/HashKeys.php
M	vendor/predis/predis/src/Command/HashLength.php
M	vendor/predis/predis/src/Command/HashScan.php
M	vendor/predis/predis/src/Command/HashSet.php
M	vendor/predis/predis/src/Command/HashSetMultiple.php
M	vendor/predis/predis/src/Command/HashSetPreserve.php
M	vendor/predis/predis/src/Command/HashStringLength.php
M	vendor/predis/predis/src/Command/HashValues.php
M	vendor/predis/predis/src/Command/HyperLogLogAdd.php
M	vendor/predis/predis/src/Command/HyperLogLogCount.php
M	vendor/predis/predis/src/Command/HyperLogLogMerge.php
M	vendor/predis/predis/src/Command/KeyDelete.php
M	vendor/predis/predis/src/Command/KeyDump.php
M	vendor/predis/predis/src/Command/KeyExists.php
M	vendor/predis/predis/src/Command/KeyExpire.php
M	vendor/predis/predis/src/Command/KeyExpireAt.php
M	vendor/predis/predis/src/Command/KeyKeys.php
M	vendor/predis/predis/src/Command/KeyMigrate.php
M	vendor/predis/predis/src/Command/KeyMove.php
M	vendor/predis/predis/src/Command/KeyPersist.php
M	vendor/predis/predis/src/Command/KeyPreciseExpire.php
M	vendor/predis/predis/src/Command/KeyPreciseExpireAt.php
M	vendor/predis/predis/src/Command/KeyPreciseTimeToLive.php
M	vendor/predis/predis/src/Command/KeyRandom.php
M	vendor/predis/predis/src/Command/KeyRename.php
M	vendor/predis/predis/src/Command/KeyRenamePreserve.php
M	vendor/predis/predis/src/Command/KeyRestore.php
M	vendor/predis/predis/src/Command/KeyScan.php
M	vendor/predis/predis/src/Command/KeySort.php
M	vendor/predis/predis/src/Command/KeyTimeToLive.php
M	vendor/predis/predis/src/Command/KeyType.php
M	vendor/predis/predis/src/Command/ListIndex.php
M	vendor/predis/predis/src/Command/ListInsert.php
M	vendor/predis/predis/src/Command/ListLength.php
M	vendor/predis/predis/src/Command/ListPopFirst.php
M	vendor/predis/predis/src/Command/ListPopFirstBlocking.php
M	vendor/predis/predis/src/Command/ListPopLast.php
M	vendor/predis/predis/src/Command/ListPopLastBlocking.php
M	vendor/predis/predis/src/Command/ListPopLastPushHead.php
M	vendor/predis/predis/src/Command/ListPopLastPushHeadBlocking.php
M	vendor/predis/predis/src/Command/ListPushHead.php
M	vendor/predis/predis/src/Command/ListPushHeadX.php
M	vendor/predis/predis/src/Command/ListPushTail.php
M	vendor/predis/predis/src/Command/ListPushTailX.php
M	vendor/predis/predis/src/Command/ListRange.php
M	vendor/predis/predis/src/Command/ListRemove.php
M	vendor/predis/predis/src/Command/ListSet.php
M	vendor/predis/predis/src/Command/ListTrim.php
M	vendor/predis/predis/src/Command/PrefixableCommandInterface.php
M	vendor/predis/predis/src/Command/Processor/KeyPrefixProcessor.php
M	vendor/predis/predis/src/Command/Processor/ProcessorChain.php
M	vendor/predis/predis/src/Command/Processor/ProcessorInterface.php
M	vendor/predis/predis/src/Command/PubSubPublish.php
M	vendor/predis/predis/src/Command/PubSubPubsub.php
M	vendor/predis/predis/src/Command/PubSubSubscribe.php
M	vendor/predis/predis/src/Command/PubSubSubscribeByPattern.php
M	vendor/predis/predis/src/Command/PubSubUnsubscribe.php
M	vendor/predis/predis/src/Command/PubSubUnsubscribeByPattern.php
M	vendor/predis/predis/src/Command/RawCommand.php
M	vendor/predis/predis/src/Command/ScriptCommand.php
M	vendor/predis/predis/src/Command/ServerBackgroundRewriteAOF.php
M	vendor/predis/predis/src/Command/ServerBackgroundSave.php
M	vendor/predis/predis/src/Command/ServerClient.php
M	vendor/predis/predis/src/Command/ServerCommand.php
M	vendor/predis/predis/src/Command/ServerConfig.php
M	vendor/predis/predis/src/Command/ServerDatabaseSize.php
M	vendor/predis/predis/src/Command/ServerEval.php
M	vendor/predis/predis/src/Command/ServerEvalSHA.php
M	vendor/predis/predis/src/Command/ServerFlushAll.php
M	vendor/predis/predis/src/Command/ServerFlushDatabase.php
M	vendor/predis/predis/src/Command/ServerInfo.php
M	vendor/predis/predis/src/Command/ServerInfoV26x.php
M	vendor/predis/predis/src/Command/ServerLastSave.php
M	vendor/predis/predis/src/Command/ServerMonitor.php
M	vendor/predis/predis/src/Command/ServerObject.php
M	vendor/predis/predis/src/Command/ServerSave.php
M	vendor/predis/predis/src/Command/ServerScript.php
M	vendor/predis/predis/src/Command/ServerSentinel.php
M	vendor/predis/predis/src/Command/ServerShutdown.php
M	vendor/predis/predis/src/Command/ServerSlaveOf.php
M	vendor/predis/predis/src/Command/ServerSlowlog.php
M	vendor/predis/predis/src/Command/ServerTime.php
M	vendor/predis/predis/src/Command/SetAdd.php
M	vendor/predis/predis/src/Command/SetCardinality.php
M	vendor/predis/predis/src/Command/SetDifference.php
M	vendor/predis/predis/src/Command/SetDifferenceStore.php
M	vendor/predis/predis/src/Command/SetIntersection.php
M	vendor/predis/predis/src/Command/SetIntersectionStore.php
M	vendor/predis/predis/src/Command/SetIsMember.php
M	vendor/predis/predis/src/Command/SetMembers.php
M	vendor/predis/predis/src/Command/SetMove.php
M	vendor/predis/predis/src/Command/SetPop.php
M	vendor/predis/predis/src/Command/SetRandomMember.php
M	vendor/predis/predis/src/Command/SetRemove.php
M	vendor/predis/predis/src/Command/SetScan.php
M	vendor/predis/predis/src/Command/SetUnion.php
M	vendor/predis/predis/src/Command/SetUnionStore.php
M	vendor/predis/predis/src/Command/StringAppend.php
M	vendor/predis/predis/src/Command/StringBitCount.php
M	vendor/predis/predis/src/Command/StringBitField.php
M	vendor/predis/predis/src/Command/StringBitOp.php
M	vendor/predis/predis/src/Command/StringBitPos.php
M	vendor/predis/predis/src/Command/StringDecrement.php
M	vendor/predis/predis/src/Command/StringDecrementBy.php
M	vendor/predis/predis/src/Command/StringGet.php
M	vendor/predis/predis/src/Command/StringGetBit.php
M	vendor/predis/predis/src/Command/StringGetMultiple.php
M	vendor/predis/predis/src/Command/StringGetRange.php
M	vendor/predis/predis/src/Command/StringGetSet.php
M	vendor/predis/predis/src/Command/StringIncrement.php
M	vendor/predis/predis/src/Command/StringIncrementBy.php
M	vendor/predis/predis/src/Command/StringIncrementByFloat.php
M	vendor/predis/predis/src/Command/StringPreciseSetExpire.php
M	vendor/predis/predis/src/Command/StringSet.php
M	vendor/predis/predis/src/Command/StringSetBit.php
M	vendor/predis/predis/src/Command/StringSetExpire.php
M	vendor/predis/predis/src/Command/StringSetMultiple.php
M	vendor/predis/predis/src/Command/StringSetMultiplePreserve.php
M	vendor/predis/predis/src/Command/StringSetPreserve.php
M	vendor/predis/predis/src/Command/StringSetRange.php
M	vendor/predis/predis/src/Command/StringStrlen.php
M	vendor/predis/predis/src/Command/StringSubstr.php
M	vendor/predis/predis/src/Command/TransactionDiscard.php
M	vendor/predis/predis/src/Command/TransactionExec.php
M	vendor/predis/predis/src/Command/TransactionMulti.php
M	vendor/predis/predis/src/Command/TransactionUnwatch.php
M	vendor/predis/predis/src/Command/TransactionWatch.php
M	vendor/predis/predis/src/Command/ZSetAdd.php
M	vendor/predis/predis/src/Command/ZSetCardinality.php
M	vendor/predis/predis/src/Command/ZSetCount.php
M	vendor/predis/predis/src/Command/ZSetIncrementBy.php
M	vendor/predis/predis/src/Command/ZSetIntersectionStore.php
M	vendor/predis/predis/src/Command/ZSetLexCount.php
M	vendor/predis/predis/src/Command/ZSetRange.php
M	vendor/predis/predis/src/Command/ZSetRangeByLex.php
M	vendor/predis/predis/src/Command/ZSetRangeByScore.php
M	vendor/predis/predis/src/Command/ZSetRank.php
M	vendor/predis/predis/src/Command/ZSetRemove.php
M	vendor/predis/predis/src/Command/ZSetRemoveRangeByLex.php
M	vendor/predis/predis/src/Command/ZSetRemoveRangeByRank.php
M	vendor/predis/predis/src/Command/ZSetRemoveRangeByScore.php
M	vendor/predis/predis/src/Command/ZSetReverseRange.php
M	vendor/predis/predis/src/Command/ZSetReverseRangeByLex.php
M	vendor/predis/predis/src/Command/ZSetReverseRangeByScore.php
M	vendor/predis/predis/src/Command/ZSetReverseRank.php
M	vendor/predis/predis/src/Command/ZSetScan.php
M	vendor/predis/predis/src/Command/ZSetScore.php
M	vendor/predis/predis/src/Command/ZSetUnionStore.php
M	vendor/predis/predis/src/CommunicationException.php
M	vendor/predis/predis/src/Configuration/ClusterOption.php
M	vendor/predis/predis/src/Configuration/ConnectionFactoryOption.php
M	vendor/predis/predis/src/Configuration/ExceptionsOption.php
M	vendor/predis/predis/src/Configuration/OptionInterface.php
M	vendor/predis/predis/src/Configuration/Options.php
M	vendor/predis/predis/src/Configuration/OptionsInterface.php
M	vendor/predis/predis/src/Configuration/PrefixOption.php
M	vendor/predis/predis/src/Configuration/ProfileOption.php
M	vendor/predis/predis/src/Configuration/ReplicationOption.php
M	vendor/predis/predis/src/Connection/AbstractConnection.php
M	vendor/predis/predis/src/Connection/Aggregate/ClusterInterface.php
M	vendor/predis/predis/src/Connection/Aggregate/MasterSlaveReplication.php
M	vendor/predis/predis/src/Connection/Aggregate/PredisCluster.php
M	vendor/predis/predis/src/Connection/Aggregate/RedisCluster.php
M	vendor/predis/predis/src/Connection/Aggregate/ReplicationInterface.php
M	vendor/predis/predis/src/Connection/AggregateConnectionInterface.php
M	vendor/predis/predis/src/Connection/CompositeConnectionInterface.php
M	vendor/predis/predis/src/Connection/CompositeStreamConnection.php
M	vendor/predis/predis/src/Connection/ConnectionException.php
M	vendor/predis/predis/src/Connection/ConnectionInterface.php
M	vendor/predis/predis/src/Connection/Factory.php
M	vendor/predis/predis/src/Connection/FactoryInterface.php
M	vendor/predis/predis/src/Connection/NodeConnectionInterface.php
M	vendor/predis/predis/src/Connection/Parameters.php
M	vendor/predis/predis/src/Connection/ParametersInterface.php
M	vendor/predis/predis/src/Connection/PhpiredisSocketConnection.php
M	vendor/predis/predis/src/Connection/PhpiredisStreamConnection.php
M	vendor/predis/predis/src/Connection/StreamConnection.php
M	vendor/predis/predis/src/Connection/WebdisConnection.php
M	vendor/predis/predis/src/Monitor/Consumer.php
M	vendor/predis/predis/src/NotSupportedException.php
M	vendor/predis/predis/src/Pipeline/Atomic.php
M	vendor/predis/predis/src/Pipeline/ConnectionErrorProof.php
M	vendor/predis/predis/src/Pipeline/FireAndForget.php
M	vendor/predis/predis/src/Pipeline/Pipeline.php
M	vendor/predis/predis/src/PredisException.php
M	vendor/predis/predis/src/Profile/Factory.php
M	vendor/predis/predis/src/Profile/ProfileInterface.php
M	vendor/predis/predis/src/Profile/RedisProfile.php
M	vendor/predis/predis/src/Profile/RedisUnstable.php
M	vendor/predis/predis/src/Profile/RedisVersion200.php
M	vendor/predis/predis/src/Profile/RedisVersion220.php
M	vendor/predis/predis/src/Profile/RedisVersion240.php
M	vendor/predis/predis/src/Profile/RedisVersion260.php
M	vendor/predis/predis/src/Profile/RedisVersion280.php
M	vendor/predis/predis/src/Profile/RedisVersion300.php
M	vendor/predis/predis/src/Profile/RedisVersion320.php
M	vendor/predis/predis/src/Protocol/ProtocolException.php
M	vendor/predis/predis/src/Protocol/ProtocolProcessorInterface.php
M	vendor/predis/predis/src/Protocol/RequestSerializerInterface.php
M	vendor/predis/predis/src/Protocol/ResponseReaderInterface.php
M	vendor/predis/predis/src/Protocol/Text/CompositeProtocolProcessor.php
M	vendor/predis/predis/src/Protocol/Text/Handler/BulkResponse.php
M	vendor/predis/predis/src/Protocol/Text/Handler/ErrorResponse.php
M	vendor/predis/predis/src/Protocol/Text/Handler/IntegerResponse.php
M	vendor/predis/predis/src/Protocol/Text/Handler/MultiBulkResponse.php
M	vendor/predis/predis/src/Protocol/Text/Handler/ResponseHandlerInterface.php
M	vendor/predis/predis/src/Protocol/Text/Handler/StatusResponse.php
M	vendor/predis/predis/src/Protocol/Text/Handler/StreamableMultiBulkResponse.php
M	vendor/predis/predis/src/Protocol/Text/ProtocolProcessor.php
M	vendor/predis/predis/src/Protocol/Text/RequestSerializer.php
M	vendor/predis/predis/src/Protocol/Text/ResponseReader.php
M	vendor/predis/predis/src/PubSub/AbstractConsumer.php
M	vendor/predis/predis/src/PubSub/Consumer.php
M	vendor/predis/predis/src/PubSub/DispatcherLoop.php
M	vendor/predis/predis/src/Replication/ReplicationStrategy.php
M	vendor/predis/predis/src/Response/Error.php
M	vendor/predis/predis/src/Response/ErrorInterface.php
M	vendor/predis/predis/src/Response/Iterator/MultiBulk.php
M	vendor/predis/predis/src/Response/Iterator/MultiBulkIterator.php
M	vendor/predis/predis/src/Response/Iterator/MultiBulkTuple.php
M	vendor/predis/predis/src/Response/ResponseInterface.php
M	vendor/predis/predis/src/Response/ServerException.php
M	vendor/predis/predis/src/Response/Status.php
M	vendor/predis/predis/src/Session/Handler.php
M	vendor/predis/predis/src/Transaction/AbortedMultiExecException.php
M	vendor/predis/predis/src/Transaction/MultiExec.php
M	vendor/predis/predis/src/Transaction/MultiExecState.php
M	vendor/psr/http-message/LICENSE
M	vendor/psr/http-message/README.md
M	vendor/psr/http-message/composer.json
M	vendor/psr/http-message/src/MessageInterface.php
M	vendor/psr/http-message/src/RequestInterface.php
M	vendor/psr/http-message/src/ResponseInterface.php
M	vendor/psr/http-message/src/ServerRequestInterface.php
M	vendor/psr/http-message/src/StreamInterface.php
M	vendor/psr/http-message/src/UploadedFileInterface.php
M	vendor/psr/http-message/src/UriInterface.php
M	vendor/royalcms/auth/Royalcms/Component/Auth/AuthManager.php
M	vendor/royalcms/auth/Royalcms/Component/Auth/AuthServiceProvider.php
M	vendor/royalcms/auth/Royalcms/Component/Auth/Console/stubs/reminders.stub
M	vendor/royalcms/auth/Royalcms/Component/Auth/DatabaseUserProvider.php
M	vendor/royalcms/auth/Royalcms/Component/Auth/EloquentUserProvider.php
M	vendor/royalcms/auth/Royalcms/Component/Auth/GenericUser.php
M	vendor/royalcms/auth/Royalcms/Component/Auth/Guard.php
M	vendor/royalcms/auth/Royalcms/Component/Auth/Reminders/DatabaseReminderRepository.php
M	vendor/royalcms/auth/Royalcms/Component/Auth/Reminders/PasswordBroker.php
M	vendor/royalcms/auth/Royalcms/Component/Auth/Reminders/RemindableInterface.php
M	vendor/royalcms/auth/Royalcms/Component/Auth/Reminders/ReminderRepositoryInterface.php
M	vendor/royalcms/auth/Royalcms/Component/Auth/Reminders/ReminderServiceProvider.php
M	vendor/royalcms/auth/Royalcms/Component/Auth/UserInterface.php
M	vendor/royalcms/auth/Royalcms/Component/Auth/UserProviderInterface.php
M	vendor/royalcms/framework/Royalcms/Component/Bus/Queueable.php
M	vendor/royalcms/framework/Royalcms/Component/Config/Resources/system.php
M	vendor/royalcms/framework/Royalcms/Component/Database/Eloquent/Collection.php
M	vendor/royalcms/framework/Royalcms/Component/FilesystemKernel/FilesystemServiceProvider.php
M	vendor/royalcms/framework/Royalcms/Component/Foundation/AliasLoader.php
M	vendor/royalcms/framework/Royalcms/Component/Foundation/App.php
M	vendor/royalcms/framework/Royalcms/Component/Foundation/Composer.php
M	vendor/royalcms/framework/Royalcms/Component/Foundation/Console/AssetPublishCommand.php
M	vendor/royalcms/framework/Royalcms/Component/Foundation/Console/AutoloadCommand.php
M	vendor/royalcms/framework/Royalcms/Component/Foundation/Console/ChangesCommand.php
M	vendor/royalcms/framework/Royalcms/Component/Foundation/Console/ClearCompiledCommand.php
M	vendor/royalcms/framework/Royalcms/Component/Foundation/Console/CommandMakeCommand.php
M	vendor/royalcms/framework/Royalcms/Component/Foundation/Console/ConfigPublishCommand.php
M	vendor/royalcms/framework/Royalcms/Component/Foundation/Console/DownCommand.php
M	vendor/royalcms/framework/Royalcms/Component/Foundation/Console/EnvironmentCommand.php
M	vendor/royalcms/framework/Royalcms/Component/Foundation/Console/KeyGenerateCommand.php
M	vendor/royalcms/framework/Royalcms/Component/Foundation/Console/Optimize/config.php
M	vendor/royalcms/framework/Royalcms/Component/Foundation/Console/RoutesCommand.php
M	vendor/royalcms/framework/Royalcms/Component/Foundation/Console/ServeCommand.php
M	vendor/royalcms/framework/Royalcms/Component/Foundation/Console/TinkerCommand.php
M	vendor/royalcms/framework/Royalcms/Component/Foundation/Console/UpCommand.php
M	vendor/royalcms/framework/Royalcms/Component/Foundation/Console/ViewPublishCommand.php
M	vendor/royalcms/framework/Royalcms/Component/Foundation/Console/changes/changes.json
M	vendor/royalcms/framework/Royalcms/Component/Foundation/Console/stubs/command.stub
M	vendor/royalcms/framework/Royalcms/Component/Foundation/ProviderRepository.php
M	vendor/royalcms/framework/Royalcms/Component/Foundation/Providers/CommandCreatorServiceProvider.php
M	vendor/royalcms/framework/Royalcms/Component/Foundation/Providers/ComposerServiceProvider.php
M	vendor/royalcms/framework/Royalcms/Component/Foundation/Providers/KeyGeneratorServiceProvider.php
M	vendor/royalcms/framework/Royalcms/Component/Foundation/Providers/MaintenanceServiceProvider.php
M	vendor/royalcms/framework/Royalcms/Component/Foundation/Providers/OptimizeServiceProvider.php
M	vendor/royalcms/framework/Royalcms/Component/Foundation/Providers/PublisherServiceProvider.php
M	vendor/royalcms/framework/Royalcms/Component/Foundation/Providers/RouteListServiceProvider.php
M	vendor/royalcms/framework/Royalcms/Component/Foundation/Providers/RoyalcmdServiceProvider.php
M	vendor/royalcms/framework/Royalcms/Component/Foundation/Providers/ServerServiceProvider.php
M	vendor/royalcms/framework/Royalcms/Component/Foundation/Providers/TinkerServiceProvider.php
M	vendor/royalcms/framework/Royalcms/Component/Foundation/Publisher/AssetPublisher.php
M	vendor/royalcms/framework/Royalcms/Component/Foundation/Publisher/ConfigPublisher.php
M	vendor/royalcms/framework/Royalcms/Component/Foundation/Publisher/ViewPublisher.php
M	vendor/royalcms/framework/Royalcms/Component/Foundation/Royalcmd.php
M	vendor/royalcms/framework/Royalcms/Component/Foundation/Royalcms.php
M	vendor/royalcms/framework/Royalcms/Component/Foundation/Start.php
M	vendor/royalcms/framework/Royalcms/Component/Foundation/Testing/Client.php
M	vendor/royalcms/framework/Royalcms/Component/Foundation/Testing/TestCase.php
M	vendor/royalcms/framework/Royalcms/Component/Foundation/Token.php
M	vendor/royalcms/framework/Royalcms/Component/Foundation/Validate.php
M	vendor/royalcms/framework/Royalcms/Component/Foundation/Xml.php
M	vendor/royalcms/framework/Royalcms/Component/Gearman/Daemon.php
M	vendor/royalcms/framework/Royalcms/Component/Gearman/Worker.php
M	vendor/royalcms/framework/Royalcms/Component/Hook/HookServiceProvider.php
M	vendor/royalcms/framework/Royalcms/Component/Hook/Hooks.php
M	vendor/royalcms/framework/Royalcms/Component/HttpFoundation/ParameterBag.php
M	vendor/royalcms/framework/Royalcms/Component/HttpFoundation/Request.php
M	vendor/royalcms/framework/Royalcms/Component/HttpFoundation/Response.php
M	vendor/royalcms/framework/Royalcms/Component/HttpFoundation/ServerBag.php
M	vendor/royalcms/framework/Royalcms/Component/HttpKernel/JsonResponse.php
M	vendor/royalcms/framework/Royalcms/Component/HttpKernel/RedirectResponse.php
M	vendor/royalcms/framework/Royalcms/Component/HttpKernel/Request.php
M	vendor/royalcms/framework/Royalcms/Component/HttpKernel/Response.php
M	vendor/royalcms/framework/Royalcms/Component/Log/LogServiceProvider.php
M	vendor/royalcms/framework/Royalcms/Component/Log/Writer.php
M	vendor/royalcms/framework/Royalcms/Component/Mail/MailServiceProvider.php
M	vendor/royalcms/framework/Royalcms/Component/Mail/Mailer.php
M	vendor/royalcms/framework/Royalcms/Component/Mail/Message.php
M	vendor/royalcms/framework/Royalcms/Component/Model/Database/Database.php
M	vendor/royalcms/framework/Royalcms/Component/Model/Database/DatabaseFactory.php
M	vendor/royalcms/framework/Royalcms/Component/Model/Database/DatabaseInterface.php
M	vendor/royalcms/framework/Royalcms/Component/Model/Database/Mysql.php
M	vendor/royalcms/framework/Royalcms/Component/Model/Database/Pdo.php
M	vendor/royalcms/framework/Royalcms/Component/Model/Model.php
M	vendor/royalcms/framework/Royalcms/Component/Model/RelationModel.php
M	vendor/royalcms/framework/Royalcms/Component/Model/ViewModel.php
M	vendor/royalcms/framework/Royalcms/Component/Notifications/ChannelManager.php
M	vendor/royalcms/framework/Royalcms/Component/Notifications/Channels/SlackWebhookChannel.php
A	vendor/royalcms/framework/Royalcms/Component/Notifications/HasDatabaseNotifications.php
M	vendor/royalcms/framework/Royalcms/Component/Notifications/Notifiable.php
M	vendor/royalcms/framework/Royalcms/Component/Notifications/Notification.php
D	vendor/royalcms/framework/Royalcms/Component/Notifications/Queueable.php
A	vendor/royalcms/framework/Royalcms/Component/Notifications/RoutesNotifications.php
M	vendor/royalcms/framework/Royalcms/Component/Notifications/SendQueuedNotifications.php
M	vendor/royalcms/framework/Royalcms/Component/Page/Page.php
M	vendor/royalcms/framework/Royalcms/Component/Pagination/Environment.php
M	vendor/royalcms/framework/Royalcms/Component/Pagination/PaginationServiceProvider.php
M	vendor/royalcms/framework/Royalcms/Component/Pagination/Paginator.php
M	vendor/royalcms/framework/Royalcms/Component/Pagination/Presenter.php
M	vendor/royalcms/framework/Royalcms/Component/Pagination/views/simple.php
M	vendor/royalcms/framework/Royalcms/Component/Pagination/views/slider-3.php
M	vendor/royalcms/framework/Royalcms/Component/Pagination/views/slider.php
M	vendor/royalcms/framework/Royalcms/Component/Password/Password.php
M	vendor/royalcms/framework/Royalcms/Component/Queue/BeanstalkdQueue.php
M	vendor/royalcms/framework/Royalcms/Component/Queue/Connectors/BeanstalkdConnector.php
M	vendor/royalcms/framework/Royalcms/Component/Queue/Connectors/ConnectorInterface.php
M	vendor/royalcms/framework/Royalcms/Component/Queue/Connectors/IronConnector.php
M	vendor/royalcms/framework/Royalcms/Component/Queue/Connectors/SqsConnector.php
M	vendor/royalcms/framework/Royalcms/Component/Queue/Connectors/SyncConnector.php
M	vendor/royalcms/framework/Royalcms/Component/Queue/Console/ListenCommand.php
M	vendor/royalcms/framework/Royalcms/Component/Queue/Console/SubscribeCommand.php
M	vendor/royalcms/framework/Royalcms/Component/Queue/Console/WorkCommand.php
M	vendor/royalcms/framework/Royalcms/Component/Queue/IronQueue.php
M	vendor/royalcms/framework/Royalcms/Component/Queue/Jobs/BeanstalkdJob.php
M	vendor/royalcms/framework/Royalcms/Component/Queue/Jobs/IronJob.php
M	vendor/royalcms/framework/Royalcms/Component/Queue/Jobs/Job.php
M	vendor/royalcms/framework/Royalcms/Component/Queue/Jobs/SqsJob.php
M	vendor/royalcms/framework/Royalcms/Component/Queue/Jobs/SyncJob.php
M	vendor/royalcms/framework/Royalcms/Component/Queue/Listener.php
M	vendor/royalcms/framework/Royalcms/Component/Queue/Queue.php
M	vendor/royalcms/framework/Royalcms/Component/Queue/QueueInterface.php
M	vendor/royalcms/framework/Royalcms/Component/Queue/QueueManager.php
M	vendor/royalcms/framework/Royalcms/Component/Queue/QueueServiceProvider.php
M	vendor/royalcms/framework/Royalcms/Component/Queue/RoyalcmsQueueClosure.php
D	vendor/royalcms/framework/Royalcms/Component/Notifications/SerializesAndRestoresModelIdentifiers.php
A	vendor/royalcms/framework/Royalcms/Component/Queue/SerializesAndRestoresModelIdentifiers.php
D	vendor/royalcms/framework/Royalcms/Component/Notifications/SerializesModels.php
A	vendor/royalcms/framework/Royalcms/Component/Queue/SerializesModels.php
M	vendor/royalcms/framework/Royalcms/Component/Queue/SqsQueue.php
M	vendor/royalcms/framework/Royalcms/Component/Queue/SyncQueue.php
M	vendor/royalcms/framework/Royalcms/Component/Queue/Worker.php
M	vendor/royalcms/framework/Royalcms/Component/Redis/Database.php
M	vendor/royalcms/framework/Royalcms/Component/Redis/RedisServiceProvider.php
M	vendor/royalcms/framework/Royalcms/Component/Routing/Console/MakeControllerCommand.php
M	vendor/royalcms/framework/Royalcms/Component/Routing/Generators/ControllerGenerator.php
M	vendor/royalcms/framework/Royalcms/Component/Routing/Generators/stubs/controller.stub
M	vendor/royalcms/framework/Royalcms/Component/Routing/Generators/stubs/create.stub
M	vendor/royalcms/framework/Royalcms/Component/Routing/Generators/stubs/destroy.stub
M	vendor/royalcms/framework/Royalcms/Component/Routing/Generators/stubs/edit.stub
M	vendor/royalcms/framework/Royalcms/Component/Routing/Generators/stubs/index.stub
M	vendor/royalcms/framework/Royalcms/Component/Routing/Generators/stubs/show.stub
M	vendor/royalcms/framework/Royalcms/Component/Routing/Generators/stubs/store.stub
M	vendor/royalcms/framework/Royalcms/Component/Routing/Generators/stubs/update.stub
M	vendor/royalcms/framework/Royalcms/Component/Routing/Matching/HostValidator.php
M	vendor/royalcms/framework/Royalcms/Component/Routing/Matching/MethodValidator.php
M	vendor/royalcms/framework/Royalcms/Component/Routing/Matching/SchemeValidator.php
M	vendor/royalcms/framework/Royalcms/Component/Routing/Matching/UriValidator.php
M	vendor/royalcms/framework/Royalcms/Component/Routing/Matching/ValidatorInterface.php
M	vendor/royalcms/framework/Royalcms/Component/Routing/Redirector.php
M	vendor/royalcms/framework/Royalcms/Component/Routing/Route.php
M	vendor/royalcms/framework/Royalcms/Component/Routing/RouteCollection.php
M	vendor/royalcms/framework/Royalcms/Component/Routing/Router.php
M	vendor/royalcms/framework/Royalcms/Component/Routing/RoutingServiceProvider.php
M	vendor/royalcms/framework/Royalcms/Component/Routing/UrlGenerator.php
M	vendor/royalcms/framework/Royalcms/Component/Session/CacheBasedSessionHandler.php
M	vendor/royalcms/framework/Royalcms/Component/Session/CommandsServiceProvider.php
M	vendor/royalcms/framework/Royalcms/Component/Session/Console/stubs/database.stub
M	vendor/royalcms/framework/Royalcms/Component/Session/CookieSessionHandler.php
M	vendor/royalcms/framework/Royalcms/Component/Session/SessionManager.php
M	vendor/royalcms/framework/Royalcms/Component/Session/SessionServiceProvider.php
M	vendor/royalcms/framework/Royalcms/Component/Session/Store.php
M	vendor/royalcms/framework/Royalcms/Component/Session/TokenMismatchException.php
M	vendor/royalcms/framework/Royalcms/Component/Support/ClassLoader.php
M	vendor/royalcms/framework/Royalcms/Component/Support/Collection.php
M	vendor/royalcms/framework/Royalcms/Component/Support/Contracts/ArrayableInterface.php
M	vendor/royalcms/framework/Royalcms/Component/Support/Contracts/JsonableInterface.php
M	vendor/royalcms/framework/Royalcms/Component/Support/Contracts/MessageProviderInterface.php
M	vendor/royalcms/framework/Royalcms/Component/Support/Contracts/RenderableInterface.php
M	vendor/royalcms/framework/Royalcms/Component/Support/Contracts/ResponsePreparerInterface.php
A	vendor/royalcms/framework/Royalcms/Component/Support/Facades/Agent.php
M	vendor/royalcms/framework/Royalcms/Component/Support/Facades/Auth.php
M	vendor/royalcms/framework/Royalcms/Component/Support/Facades/Blade.php
M	vendor/royalcms/framework/Royalcms/Component/Support/Facades/Cache.php
M	vendor/royalcms/framework/Royalcms/Component/Support/Facades/Config.php
M	vendor/royalcms/framework/Royalcms/Component/Support/Facades/Cookie.php
M	vendor/royalcms/framework/Royalcms/Component/Support/Facades/Crypt.php
M	vendor/royalcms/framework/Royalcms/Component/Support/Facades/DB.php
M	vendor/royalcms/framework/Royalcms/Component/Support/Facades/Error.php
M	vendor/royalcms/framework/Royalcms/Component/Support/Facades/Event.php
M	vendor/royalcms/framework/Royalcms/Component/Support/Facades/Facade.php
M	vendor/royalcms/framework/Royalcms/Component/Support/Facades/Form.php
M	vendor/royalcms/framework/Royalcms/Component/Support/Facades/HTML.php
M	vendor/royalcms/framework/Royalcms/Component/Support/Facades/Hash.php
M	vendor/royalcms/framework/Royalcms/Component/Support/Facades/Hook.php
M	vendor/royalcms/framework/Royalcms/Component/Support/Facades/Lang.php
M	vendor/royalcms/framework/Royalcms/Component/Support/Facades/Log.php
M	vendor/royalcms/framework/Royalcms/Component/Support/Facades/Mail.php
M	vendor/royalcms/framework/Royalcms/Component/Support/Facades/Package.php
M	vendor/royalcms/framework/Royalcms/Component/Support/Facades/Paginator.php
M	vendor/royalcms/framework/Royalcms/Component/Support/Facades/Password.php
M	vendor/royalcms/framework/Royalcms/Component/Support/Facades/Queue.php
M	vendor/royalcms/framework/Royalcms/Component/Support/Facades/Redirect.php
M	vendor/royalcms/framework/Royalcms/Component/Support/Facades/Redis.php
M	vendor/royalcms/framework/Royalcms/Component/Support/Facades/Request.php
M	vendor/royalcms/framework/Royalcms/Component/Support/Facades/Response.php
M	vendor/royalcms/framework/Royalcms/Component/Support/Facades/Route.php
M	vendor/royalcms/framework/Royalcms/Component/Support/Facades/Royalcmd.php
M	vendor/royalcms/framework/Royalcms/Component/Support/Facades/Royalcms.php
M	vendor/royalcms/framework/Royalcms/Component/Support/Facades/Schema.php
M	vendor/royalcms/framework/Royalcms/Component/Support/Facades/Session.php
M	vendor/royalcms/framework/Royalcms/Component/Support/Facades/URL.php
M	vendor/royalcms/framework/Royalcms/Component/Support/Facades/Validator.php
M	vendor/royalcms/framework/Royalcms/Component/Support/Facades/Variable.php
M	vendor/royalcms/framework/Royalcms/Component/Support/Facades/View.php
M	vendor/royalcms/framework/Royalcms/Component/Support/Fluent.php
M	vendor/royalcms/framework/Royalcms/Component/Support/Format.php
M	vendor/royalcms/framework/Royalcms/Component/Support/Manager.php
M	vendor/royalcms/framework/Royalcms/Component/Support/MessageBag.php
M	vendor/royalcms/framework/Royalcms/Component/Support/NamespacedItemResolver.php
M	vendor/royalcms/framework/Royalcms/Component/Support/SerializableClosure.php
M	vendor/royalcms/framework/Royalcms/Component/Support/ServiceProvider.php
M	vendor/royalcms/framework/Royalcms/Component/Support/Str.php
M	vendor/royalcms/framework/Royalcms/Component/Translation/FileLoader.php
M	vendor/royalcms/framework/Royalcms/Component/Translation/LoaderInterface.php
M	vendor/royalcms/framework/Royalcms/Component/Translation/TranslationServiceProvider.php
M	vendor/royalcms/framework/Royalcms/Component/Translation/Translator.php
M	vendor/royalcms/framework/Royalcms/Component/Validation/DatabasePresenceVerifier.php
M	vendor/royalcms/framework/Royalcms/Component/Validation/Factory.php
M	vendor/royalcms/framework/Royalcms/Component/Validation/PresenceVerifierInterface.php
M	vendor/royalcms/framework/Royalcms/Component/Validation/ValidationServiceProvider.php
M	vendor/royalcms/framework/Royalcms/Component/Validation/Validator.php
M	vendor/royalcms/framework/Royalcms/Component/View/Engines/Engine.php
M	vendor/royalcms/framework/Royalcms/Component/View/Engines/EngineInterface.php
M	vendor/royalcms/framework/Royalcms/Component/View/Engines/EngineResolver.php
M	vendor/royalcms/framework/Royalcms/Component/View/Engines/PhpEngine.php
M	vendor/royalcms/framework/Royalcms/Component/View/Environment.php
M	vendor/royalcms/framework/Royalcms/Component/View/FileViewFinder.php
M	vendor/royalcms/framework/Royalcms/Component/View/View.php
M	vendor/royalcms/framework/Royalcms/Component/View/ViewFinderInterface.php
M	vendor/royalcms/framework/Royalcms/Component/View/ViewServiceProvider.php
A	vendor/royalcms/framework/bootstrap/compatible.php
M	vendor/royalcms/framework/bootstrap/helpers.php
M	vendor/royalcms/framework/bootstrap/start.php
M	vendor/royalcms/html/Royalcms/Component/Html/FormBuilder.php
M	vendor/royalcms/html/Royalcms/Component/Html/HtmlBuilder.php
M	vendor/royalcms/html/Royalcms/Component/Html/HtmlServiceProvider.php
M	vendor/royalcms/html/composer.json
A	vendor/royalcms/image/Royalcms/Component/Image/AbstractColor.php
A	vendor/royalcms/image/Royalcms/Component/Image/AbstractDecoder.php
A	vendor/royalcms/image/Royalcms/Component/Image/AbstractDriver.php
A	vendor/royalcms/image/Royalcms/Component/Image/AbstractEncoder.php
A	vendor/royalcms/image/Royalcms/Component/Image/AbstractFont.php
A	vendor/royalcms/image/Royalcms/Component/Image/AbstractShape.php
A	vendor/royalcms/image/Royalcms/Component/Image/Commands/AbstractCommand.php
A	vendor/royalcms/image/Royalcms/Component/Image/Commands/Argument.php
A	vendor/royalcms/image/Royalcms/Component/Image/Commands/ChecksumCommand.php
A	vendor/royalcms/image/Royalcms/Component/Image/Commands/CircleCommand.php
A	vendor/royalcms/image/Royalcms/Component/Image/Commands/EllipseCommand.php
A	vendor/royalcms/image/Royalcms/Component/Image/Commands/ExifCommand.php
A	vendor/royalcms/image/Royalcms/Component/Image/Commands/IptcCommand.php
A	vendor/royalcms/image/Royalcms/Component/Image/Commands/LineCommand.php
A	vendor/royalcms/image/Royalcms/Component/Image/Commands/OrientateCommand.php
A	vendor/royalcms/image/Royalcms/Component/Image/Commands/PolygonCommand.php
A	vendor/royalcms/image/Royalcms/Component/Image/Commands/PsrResponseCommand.php
A	vendor/royalcms/image/Royalcms/Component/Image/Commands/RectangleCommand.php
A	vendor/royalcms/image/Royalcms/Component/Image/Commands/ResponseCommand.php
A	vendor/royalcms/image/Royalcms/Component/Image/Commands/StreamCommand.php
A	vendor/royalcms/image/Royalcms/Component/Image/Commands/TextCommand.php
A	vendor/royalcms/image/Royalcms/Component/Image/Constraint.php
A	vendor/royalcms/image/Royalcms/Component/Image/Exception/ImageException.php
A	vendor/royalcms/image/Royalcms/Component/Image/Exception/InvalidArgumentException.php
A	vendor/royalcms/image/Royalcms/Component/Image/Exception/MissingDependencyException.php
A	vendor/royalcms/image/Royalcms/Component/Image/Exception/NotFoundException.php
A	vendor/royalcms/image/Royalcms/Component/Image/Exception/NotReadableException.php
A	vendor/royalcms/image/Royalcms/Component/Image/Exception/NotSupportedException.php
A	vendor/royalcms/image/Royalcms/Component/Image/Exception/NotWritableException.php
A	vendor/royalcms/image/Royalcms/Component/Image/Exception/RuntimeException.php
A	vendor/royalcms/image/Royalcms/Component/Image/Facades/Image.php
A	vendor/royalcms/image/Royalcms/Component/Image/File.php
A	vendor/royalcms/image/Royalcms/Component/Image/Filters/DemoFilter.php
A	vendor/royalcms/image/Royalcms/Component/Image/Filters/FilterInterface.php
A	vendor/royalcms/image/Royalcms/Component/Image/Gd/Color.php
A	vendor/royalcms/image/Royalcms/Component/Image/Gd/Commands/BackupCommand.php
A	vendor/royalcms/image/Royalcms/Component/Image/Gd/Commands/BlurCommand.php
A	vendor/royalcms/image/Royalcms/Component/Image/Gd/Commands/BrightnessCommand.php
A	vendor/royalcms/image/Royalcms/Component/Image/Gd/Commands/ColorizeCommand.php
A	vendor/royalcms/image/Royalcms/Component/Image/Gd/Commands/ContrastCommand.php
A	vendor/royalcms/image/Royalcms/Component/Image/Gd/Commands/CropCommand.php
A	vendor/royalcms/image/Royalcms/Component/Image/Gd/Commands/DestroyCommand.php
A	vendor/royalcms/image/Royalcms/Component/Image/Gd/Commands/FillCommand.php
A	vendor/royalcms/image/Royalcms/Component/Image/Gd/Commands/FitCommand.php
A	vendor/royalcms/image/Royalcms/Component/Image/Gd/Commands/FlipCommand.php
A	vendor/royalcms/image/Royalcms/Component/Image/Gd/Commands/GammaCommand.php
A	vendor/royalcms/image/Royalcms/Component/Image/Gd/Commands/GetSizeCommand.php
A	vendor/royalcms/image/Royalcms/Component/Image/Gd/Commands/GreyscaleCommand.php
A	vendor/royalcms/image/Royalcms/Component/Image/Gd/Commands/HeightenCommand.php
A	vendor/royalcms/image/Royalcms/Component/Image/Gd/Commands/InsertCommand.php
A	vendor/royalcms/image/Royalcms/Component/Image/Gd/Commands/InterlaceCommand.php
A	vendor/royalcms/image/Royalcms/Component/Image/Gd/Commands/InvertCommand.php
A	vendor/royalcms/image/Royalcms/Component/Image/Gd/Commands/LimitColorsCommand.php
A	vendor/royalcms/image/Royalcms/Component/Image/Gd/Commands/MaskCommand.php
A	vendor/royalcms/image/Royalcms/Component/Image/Gd/Commands/OpacityCommand.php
A	vendor/royalcms/image/Royalcms/Component/Image/Gd/Commands/PickColorCommand.php
A	vendor/royalcms/image/Royalcms/Component/Image/Gd/Commands/PixelCommand.php
A	vendor/royalcms/image/Royalcms/Component/Image/Gd/Commands/PixelateCommand.php
A	vendor/royalcms/image/Royalcms/Component/Image/Gd/Commands/ResetCommand.php
A	vendor/royalcms/image/Royalcms/Component/Image/Gd/Commands/ResizeCanvasCommand.php
A	vendor/royalcms/image/Royalcms/Component/Image/Gd/Commands/ResizeCommand.php
A	vendor/royalcms/image/Royalcms/Component/Image/Gd/Commands/RotateCommand.php
A	vendor/royalcms/image/Royalcms/Component/Image/Gd/Commands/SharpenCommand.php
A	vendor/royalcms/image/Royalcms/Component/Image/Gd/Commands/TrimCommand.php
A	vendor/royalcms/image/Royalcms/Component/Image/Gd/Commands/WidenCommand.php
A	vendor/royalcms/image/Royalcms/Component/Image/Gd/Decoder.php
A	vendor/royalcms/image/Royalcms/Component/Image/Gd/Driver.php
A	vendor/royalcms/image/Royalcms/Component/Image/Gd/Encoder.php
A	vendor/royalcms/image/Royalcms/Component/Image/Gd/Font.php
A	vendor/royalcms/image/Royalcms/Component/Image/Gd/Shapes/CircleShape.php
A	vendor/royalcms/image/Royalcms/Component/Image/Gd/Shapes/EllipseShape.php
A	vendor/royalcms/image/Royalcms/Component/Image/Gd/Shapes/LineShape.php
A	vendor/royalcms/image/Royalcms/Component/Image/Gd/Shapes/PolygonShape.php
A	vendor/royalcms/image/Royalcms/Component/Image/Gd/Shapes/RectangleShape.php
A	vendor/royalcms/image/Royalcms/Component/Image/Image.php
A	vendor/royalcms/image/Royalcms/Component/Image/ImageManager.php
A	vendor/royalcms/image/Royalcms/Component/Image/ImageManagerStatic.php
A	vendor/royalcms/image/Royalcms/Component/Image/ImageServiceProvider.php
A	vendor/royalcms/image/Royalcms/Component/Image/Imagick/Color.php
A	vendor/royalcms/image/Royalcms/Component/Image/Imagick/Commands/BackupCommand.php
A	vendor/royalcms/image/Royalcms/Component/Image/Imagick/Commands/BlurCommand.php
A	vendor/royalcms/image/Royalcms/Component/Image/Imagick/Commands/BrightnessCommand.php
A	vendor/royalcms/image/Royalcms/Component/Image/Imagick/Commands/ColorizeCommand.php
A	vendor/royalcms/image/Royalcms/Component/Image/Imagick/Commands/ContrastCommand.php
A	vendor/royalcms/image/Royalcms/Component/Image/Imagick/Commands/CropCommand.php
A	vendor/royalcms/image/Royalcms/Component/Image/Imagick/Commands/DestroyCommand.php
A	vendor/royalcms/image/Royalcms/Component/Image/Imagick/Commands/ExifCommand.php
A	vendor/royalcms/image/Royalcms/Component/Image/Imagick/Commands/FillCommand.php
A	vendor/royalcms/image/Royalcms/Component/Image/Imagick/Commands/FitCommand.php
A	vendor/royalcms/image/Royalcms/Component/Image/Imagick/Commands/FlipCommand.php
A	vendor/royalcms/image/Royalcms/Component/Image/Imagick/Commands/GammaCommand.php
A	vendor/royalcms/image/Royalcms/Component/Image/Imagick/Commands/GetSizeCommand.php
A	vendor/royalcms/image/Royalcms/Component/Image/Imagick/Commands/GreyscaleCommand.php
A	vendor/royalcms/image/Royalcms/Component/Image/Imagick/Commands/HeightenCommand.php
A	vendor/royalcms/image/Royalcms/Component/Image/Imagick/Commands/InsertCommand.php
A	vendor/royalcms/image/Royalcms/Component/Image/Imagick/Commands/InterlaceCommand.php
A	vendor/royalcms/image/Royalcms/Component/Image/Imagick/Commands/InvertCommand.php
A	vendor/royalcms/image/Royalcms/Component/Image/Imagick/Commands/LimitColorsCommand.php
A	vendor/royalcms/image/Royalcms/Component/Image/Imagick/Commands/MaskCommand.php
A	vendor/royalcms/image/Royalcms/Component/Image/Imagick/Commands/OpacityCommand.php
A	vendor/royalcms/image/Royalcms/Component/Image/Imagick/Commands/PickColorCommand.php
A	vendor/royalcms/image/Royalcms/Component/Image/Imagick/Commands/PixelCommand.php
A	vendor/royalcms/image/Royalcms/Component/Image/Imagick/Commands/PixelateCommand.php
A	vendor/royalcms/image/Royalcms/Component/Image/Imagick/Commands/ResetCommand.php
A	vendor/royalcms/image/Royalcms/Component/Image/Imagick/Commands/ResizeCanvasCommand.php
A	vendor/royalcms/image/Royalcms/Component/Image/Imagick/Commands/ResizeCommand.php
A	vendor/royalcms/image/Royalcms/Component/Image/Imagick/Commands/RotateCommand.php
A	vendor/royalcms/image/Royalcms/Component/Image/Imagick/Commands/SharpenCommand.php
A	vendor/royalcms/image/Royalcms/Component/Image/Imagick/Commands/TrimCommand.php
A	vendor/royalcms/image/Royalcms/Component/Image/Imagick/Commands/WidenCommand.php
A	vendor/royalcms/image/Royalcms/Component/Image/Imagick/Decoder.php
A	vendor/royalcms/image/Royalcms/Component/Image/Imagick/Driver.php
A	vendor/royalcms/image/Royalcms/Component/Image/Imagick/Encoder.php
A	vendor/royalcms/image/Royalcms/Component/Image/Imagick/Font.php
A	vendor/royalcms/image/Royalcms/Component/Image/Imagick/Shapes/CircleShape.php
A	vendor/royalcms/image/Royalcms/Component/Image/Imagick/Shapes/EllipseShape.php
A	vendor/royalcms/image/Royalcms/Component/Image/Imagick/Shapes/LineShape.php
A	vendor/royalcms/image/Royalcms/Component/Image/Imagick/Shapes/PolygonShape.php
A	vendor/royalcms/image/Royalcms/Component/Image/Imagick/Shapes/RectangleShape.php
A	vendor/royalcms/image/Royalcms/Component/Image/Point.php
A	vendor/royalcms/image/Royalcms/Component/Image/Response.php
A	vendor/royalcms/image/Royalcms/Component/Image/Size.php
A	vendor/royalcms/image/config/config.php
M	vendor/royalcms/ip-address/Royalcms/Component/IpAddress/IpAddress.php
M	vendor/royalcms/memcache/Royalcms/Component/Memcache/CommandFactory.php
M	vendor/royalcms/memcache/Royalcms/Component/Memcache/CommandInterface.php
M	vendor/royalcms/memcache/Royalcms/Component/Memcache/Facades/Memcache.php
M	vendor/royalcms/memcache/Royalcms/Component/Memcache/MemcacheHandler.php
M	vendor/royalcms/memcache/Royalcms/Component/Memcache/MemcacheServiceProvider.php
M	vendor/royalcms/memcache/Royalcms/Component/Memcache/MemcachedHandler.php
M	vendor/royalcms/memcache/Royalcms/Component/Memcache/Repository.php
M	vendor/royalcms/memcache/Royalcms/Component/Memcache/ServerHandler.php
M	vendor/royalcms/qrcode/Royalcms/Component/QrCode/BaconQrCodeGenerator.php
A	vendor/royalcms/qrcode/Royalcms/Component/QrCode/CornerImage.php
M	vendor/royalcms/qrcode/Royalcms/Component/QrCode/DataTypes/DataTypeInterface.php
M	vendor/royalcms/qrcode/Royalcms/Component/QrCode/DataTypes/Email.php
M	vendor/royalcms/qrcode/Royalcms/Component/QrCode/DataTypes/Geo.php
M	vendor/royalcms/qrcode/Royalcms/Component/QrCode/DataTypes/PhoneNumber.php
M	vendor/royalcms/qrcode/Royalcms/Component/QrCode/DataTypes/SMS.php
M	vendor/royalcms/qrcode/Royalcms/Component/QrCode/DataTypes/WiFi.php
M	vendor/royalcms/qrcode/Royalcms/Component/QrCode/Facades/QrCode.php
M	vendor/royalcms/qrcode/Royalcms/Component/QrCode/Image.php
M	vendor/royalcms/qrcode/Royalcms/Component/QrCode/ImageInterface.php
M	vendor/royalcms/qrcode/Royalcms/Component/QrCode/ImageMerge.php
M	vendor/royalcms/qrcode/Royalcms/Component/QrCode/ImageMergeInterface.php
M	vendor/royalcms/qrcode/Royalcms/Component/QrCode/QrCodeInterface.php
M	vendor/royalcms/qrcode/Royalcms/Component/QrCode/QrCodeServiceProvider.php
A	vendor/royalcms/qrcode/resources/corner.png
M	vendor/royalcms/rewrite/Royalcms/Component/Rewrite/Facades/Rewrite.php
M	vendor/royalcms/script/Royalcms/Component/Script/ScriptServiceProvider.php
M	vendor/royalcms/smarty-view/Royalcms/Component/SmartyView/FileViewFinder.php
M	vendor/royalcms/storage/Royalcms/Component/Storage/FilesystemServiceProvider.php
M	vendor/royalcms/variable/Royalcms/Component/Variable/VariableServiceProvider.php
M	vendor/royalcms/wechat/Royalcms/Component/WeChat/CURLFile.php
M	vendor/royalcms/wechat/Royalcms/Component/WeChat/Coupon.php
M	vendor/royalcms/wechat/Royalcms/Component/WeChat/ErrorCode.php
M	vendor/royalcms/wechat/Royalcms/Component/WeChat/ParameterBag.php
M	vendor/royalcms/wechat/Royalcms/Component/WeChat/Prpcrypt.php
M	vendor/royalcms/wechat/Royalcms/Component/WeChat/Request.php
M	vendor/royalcms/wechat/Royalcms/Component/WeChat/Response.php
M	vendor/royalcms/wechat/Royalcms/Component/WeChat/WeChat.php
M	vendor/royalcms/wechat/Royalcms/Component/WeChat/WeChatAPI.php
M	vendor/royalcms/wechat/Royalcms/Component/WeChat/WeChatCorp.php
M	vendor/royalcms/wechat/Royalcms/Component/WeChat/WeChatCorpAPI.php
M	vendor/royalcms/wechat/Royalcms/Component/WeChat/WeChatServiceProvider.php
M	vendor/royalcms/zipper/Royalcms/Component/Zipper/Facades/Zipper.php
M	vendor/royalcms/zipper/Royalcms/Component/Zipper/Repositories/RepositoryInterface.php
M	vendor/royalcms/zipper/Royalcms/Component/Zipper/Repositories/ZipRepository.php
M	vendor/royalcms/zipper/Royalcms/Component/Zipper/Zipper.php
M	vendor/royalcms/zipper/Royalcms/Component/Zipper/ZipperServiceProvider.php
M	vendor/swiftmailer/swiftmailer/lib/swiftmailer_generate_mimes_config.php
M	vendor/tinymce/jquery.tinymce.min.js
M	vendor/tinymce/langs/readme.md
M	vendor/tinymce/langs/zh_TW.js
M	vendor/tinymce/license.txt
M	vendor/tinymce/plugins/advlist/plugin.min.js
M	vendor/tinymce/plugins/anchor/plugin.min.js
M	vendor/tinymce/plugins/autolink/plugin.min.js
M	vendor/tinymce/plugins/autoresize/plugin.min.js
M	vendor/tinymce/plugins/autosave/plugin.min.js
M	vendor/tinymce/plugins/bbcode/plugin.min.js
M	vendor/tinymce/plugins/charmap/plugin.min.js
M	vendor/tinymce/plugins/code/plugin.min.js
M	vendor/tinymce/plugins/contextmenu/plugin.min.js
M	vendor/tinymce/plugins/directionality/plugin.min.js
M	vendor/tinymce/plugins/emoticons/img/smiley-cool.gif
M	vendor/tinymce/plugins/emoticons/img/smiley-cry.gif
M	vendor/tinymce/plugins/emoticons/img/smiley-embarassed.gif
M	vendor/tinymce/plugins/emoticons/img/smiley-foot-in-mouth.gif
M	vendor/tinymce/plugins/emoticons/img/smiley-frown.gif
M	vendor/tinymce/plugins/emoticons/img/smiley-innocent.gif
M	vendor/tinymce/plugins/emoticons/img/smiley-kiss.gif
M	vendor/tinymce/plugins/emoticons/img/smiley-laughing.gif
M	vendor/tinymce/plugins/emoticons/img/smiley-money-mouth.gif
M	vendor/tinymce/plugins/emoticons/img/smiley-sealed.gif
M	vendor/tinymce/plugins/emoticons/img/smiley-smile.gif
M	vendor/tinymce/plugins/emoticons/img/smiley-surprised.gif
M	vendor/tinymce/plugins/emoticons/img/smiley-tongue-out.gif
M	vendor/tinymce/plugins/emoticons/img/smiley-undecided.gif
M	vendor/tinymce/plugins/emoticons/img/smiley-wink.gif
M	vendor/tinymce/plugins/emoticons/img/smiley-yell.gif
M	vendor/tinymce/plugins/emoticons/plugin.min.js
M	vendor/tinymce/plugins/example/plugin.min.js
M	vendor/tinymce/plugins/example_dependency/plugin.min.js
M	vendor/tinymce/plugins/fullpage/plugin.min.js
M	vendor/tinymce/plugins/fullscreen/plugin.min.js
M	vendor/tinymce/plugins/hr/plugin.min.js
M	vendor/tinymce/plugins/image/plugin.min.js
M	vendor/tinymce/plugins/importcss/plugin.min.js
M	vendor/tinymce/plugins/insertdatetime/plugin.min.js
M	vendor/tinymce/plugins/layer/plugin.min.js
M	vendor/tinymce/plugins/legacyoutput/plugin.min.js
M	vendor/tinymce/plugins/link/plugin.min.js
M	vendor/tinymce/plugins/lists/plugin.min.js
M	vendor/tinymce/plugins/media/moxieplayer.swf
M	vendor/tinymce/plugins/media/plugin.min.js
M	vendor/tinymce/plugins/nonbreaking/plugin.min.js
M	vendor/tinymce/plugins/noneditable/plugin.min.js
M	vendor/tinymce/plugins/pagebreak/plugin.min.js
M	vendor/tinymce/plugins/paste/plugin.min.js
M	vendor/tinymce/plugins/preview/plugin.min.js
M	vendor/tinymce/plugins/print/plugin.min.js
M	vendor/tinymce/plugins/save/plugin.min.js
M	vendor/tinymce/plugins/searchreplace/plugin.min.js
M	vendor/tinymce/plugins/spellchecker/plugin.min.js
M	vendor/tinymce/plugins/tabfocus/plugin.min.js
M	vendor/tinymce/plugins/table/plugin.min.js
M	vendor/tinymce/plugins/template/plugin.min.js
M	vendor/tinymce/plugins/textcolor/plugin.min.js
M	vendor/tinymce/plugins/visualblocks/css/visualblocks.css
M	vendor/tinymce/plugins/visualblocks/plugin.min.js
M	vendor/tinymce/plugins/visualchars/plugin.min.js
M	vendor/tinymce/plugins/wordcount/plugin.min.js
M	vendor/tinymce/skins/ecjia/content.inline.min.css
M	vendor/tinymce/skins/ecjia/content.min.css
M	vendor/tinymce/skins/ecjia/fonts/readme.md
M	vendor/tinymce/skins/ecjia/fonts/tinymce-small.dev.svg
M	vendor/tinymce/skins/ecjia/fonts/tinymce-small.eot
M	vendor/tinymce/skins/ecjia/fonts/tinymce-small.svg
M	vendor/tinymce/skins/ecjia/fonts/tinymce-small.ttf
M	vendor/tinymce/skins/ecjia/fonts/tinymce-small.woff
M	vendor/tinymce/skins/ecjia/fonts/tinymce.dev.svg
M	vendor/tinymce/skins/ecjia/fonts/tinymce.eot
M	vendor/tinymce/skins/ecjia/fonts/tinymce.svg
M	vendor/tinymce/skins/ecjia/fonts/tinymce.ttf
M	vendor/tinymce/skins/ecjia/fonts/tinymce.woff
M	vendor/tinymce/skins/ecjia/img/anchor.gif
M	vendor/tinymce/skins/ecjia/img/loader.gif
M	vendor/tinymce/skins/ecjia/img/object.gif
M	vendor/tinymce/skins/ecjia/img/trans.gif
M	vendor/tinymce/skins/ecjia/skin.ie7.min.css
M	vendor/tinymce/skins/lightgray/content.inline.min.css
M	vendor/tinymce/skins/lightgray/content.min.css
M	vendor/tinymce/skins/lightgray/fonts/readme.md
M	vendor/tinymce/skins/lightgray/fonts/tinymce-small.eot
M	vendor/tinymce/skins/lightgray/fonts/tinymce-small.svg
M	vendor/tinymce/skins/lightgray/fonts/tinymce-small.ttf
M	vendor/tinymce/skins/lightgray/fonts/tinymce-small.woff
M	vendor/tinymce/skins/lightgray/fonts/tinymce.eot
M	vendor/tinymce/skins/lightgray/fonts/tinymce.svg
M	vendor/tinymce/skins/lightgray/fonts/tinymce.ttf
M	vendor/tinymce/skins/lightgray/fonts/tinymce.woff
M	vendor/tinymce/skins/lightgray/img/anchor.gif
M	vendor/tinymce/skins/lightgray/img/loader.gif
M	vendor/tinymce/skins/lightgray/img/object.gif
M	vendor/tinymce/skins/lightgray/img/trans.gif
M	vendor/tinymce/skins/lightgray/skin.ie7.min.css
M	vendor/tinymce/skins/lightgray/skin.min.css
M	vendor/tinymce/themes/modern/theme.min.js
M	vendor/tinymce/tinymce.min.js
