A	bootstrap/classmap.php
M	content/apps/affiliate/statics/front/css/affiliate.css
A	content/apps/affiliate/statics/front/images/wx_affiliate.png
M	content/apps/affiliate/statics/front/js/affiliate.js
M	content/apps/affiliate/statics/js/affiliate.js
M	content/apps/affiliate/templates/front/affiliate.dwt.php
M	content/apps/bonus/apis/bonus_bonus_type_list_api.class.php
M	content/apps/bonus/apis/bonus_send_bonus_api.class.php
M	content/apps/bonus/model/bonus_type_viewmodel.class.php
M	content/apps/cart/apis/cart_cart_list_api.class.php
M	content/apps/cart/apis/cart_cart_manage_api.class.php
M	content/apps/cart/functions/cart.func.php
M	content/apps/cart/modules/cart/create_module.class.php
M	content/apps/cart/modules/cart/list_module.class.php
M	content/apps/cart/modules/flow/checkOrder_module.class.php
A	content/apps/comment/admin.php
A	content/apps/comment/admin_config.php
A	content/apps/comment/apis/comment_admin_menu_api.class.php
A	content/apps/comment/apis/comment_admin_purview_api.class.php
A	content/apps/comment/apis/comment_merchant_menu_api.class.php
A	content/apps/comment/apis/comment_merchant_purview_api.class.php
A	content/apps/comment/appeal.php
A	content/apps/comment/classes/comment_installer.class.php
A	content/apps/comment/classes/hooks/admin_comment.class.php
A	content/apps/comment/configs/package.cfg.php
A	content/apps/comment/functions/global.func.php
A	content/apps/comment/languages/en_US/comment_manage.lang.php
A	content/apps/comment/languages/en_US/package.lang.php
A	content/apps/comment/languages/zh_CN/comment_manage.lang.php
A	content/apps/comment/languages/zh_CN/package.lang.php
A	content/apps/comment/mh_appeal.php
A	content/apps/comment/mh_comment.php
A	content/apps/comment/model/comment_goods_model.class.php
A	content/apps/comment/model/comment_model.class.php
A	content/apps/comment/model/comment_viewmodel.class.php
A	content/apps/comment/modules/goods/comments_module.class.php
A	content/apps/comment/modules/goods/create_module.class.php
A	content/apps/comment/modules/store/comments_module.class.php
A	content/apps/comment/statics/bootstrap-fileupload/bootstrap-fileupload.css
A	content/apps/comment/statics/bootstrap-fileupload/bootstrap-fileupload.js
A	content/apps/comment/statics/css/appeal.css
A	content/apps/comment/statics/css/comment.css
A	content/apps/comment/statics/css/mh_appeal.css
A	content/apps/comment/statics/css/mh_comment.css
A	content/apps/comment/statics/css/start.css
A	content/apps/comment/statics/images/admin_pic.jpg
A	content/apps/comment/statics/images/appeal_pic.png
A	content/apps/comment/statics/images/order-time-base-admin.png
A	content/apps/comment/statics/images/order-time-base-red-admin.png
A	content/apps/comment/statics/images/order-time-base-red.png
A	content/apps/comment/statics/images/order-time-base.png
A	content/apps/comment/statics/images/star_v2.png
A	content/apps/comment/statics/images/x_alt.png
A	content/apps/comment/statics/js/appeal.js
A	content/apps/comment/statics/js/comment_manage.js
A	content/apps/comment/statics/js/mh_appeal.js
A	content/apps/comment/statics/js/mh_comment.js
A	content/apps/comment/templates/admin/appeal_detail.dwt.php
A	content/apps/comment/templates/admin/appeal_list.dwt.php
A	content/apps/comment/templates/admin/comment_add_article.dwt.php
A	content/apps/comment/templates/admin/comment_add_goods.dwt.php
A	content/apps/comment/templates/admin/comment_config.dwt.php
A	content/apps/comment/templates/admin/comment_info.dwt.php
A	content/apps/comment/templates/admin/comment_list.dwt.php
A	content/apps/comment/templates/admin/comment_trash.dwt.php
A	content/apps/comment/templates/admin/library/appeal_step.lbi.php
A	content/apps/comment/templates/admin/store_goods_comment_list.dwt.php
A	content/apps/comment/templates/merchant/library/appeal_step.lbi.php
A	content/apps/comment/templates/merchant/mh_appeal_detail.dwt.php
A	content/apps/comment/templates/merchant/mh_appeal_info.dwt.php
A	content/apps/comment/templates/merchant/mh_appeal_list.dwt.php
A	content/apps/comment/templates/merchant/mh_comment_detail.dwt.php
A	content/apps/comment/templates/merchant/mh_comment_list.dwt.php
M	content/apps/goods/admin.php
M	content/apps/goods/classes/goods_info.class.php
M	content/apps/goods/classes/goods_list.class.php
M	content/apps/goods/functions/admin_goods.func.php
M	content/apps/goods/model/goods_member_viewmodel.class.php
M	content/apps/goods/modules/goods/detail_module.class.php
M	content/apps/goods/modules/seller/list_module.class.php
M	content/apps/goods/statics/styles/goodsapi.css
M	content/apps/installer/classes/install_utility.class.php
D	content/apps/installer/data/data_demo_zh_CN.sql
D	content/apps/installer/data/data_zh_CN.sql
D	content/apps/installer/data/structure.sql
M	content/apps/installer/index.php
M	content/apps/installer/templates/front/welcome.dwt.php
M	content/apps/main/index.php
M	content/apps/merchant/apis/merchant_merchant_menu_api.class.php
M	content/apps/merchant/mh_franchisee.php
A	content/apps/merchant/statics/img/appeal_pic.png
A	content/apps/merchant/statics/img/x_alt.png
M	content/apps/merchant/statics/mh-css/ecjia-merchant.ui.css
M	content/apps/mobile/admin_config.php
M	content/apps/mobile/templates/admin/mobile_config.dwt.php
M	content/apps/orders/apis/orders_order_list_api.class.php
M	content/apps/orders/functions/admin_order.func.php
A	content/apps/orders/modules/order/comment/detail_module.class.php
A	content/apps/orders/modules/order/comment_module.class.php
M	content/apps/orders/modules/order/detail_module.class.php
M	content/apps/promotion/apis/promotion_merchant_menu_api.class.php
M	content/apps/setting/languages/zh_CN/shop_config.lang.php
M	content/apps/shipping/apis/shipping_merchant_menu_api.class.php
M	content/apps/staff/apis/staff_merchant_menu_api.class.php
M	content/apps/staff/classes/hooks/merchant_staff.class.php
M	content/apps/stats/apis/stats_merchant_menu_api.class.php
M	content/apps/store/admin.php
M	content/apps/store/admin_preaudit.php
M	content/apps/store/apis/store_store_list_api.class.php
M	content/apps/store/languages/zh_CN/store.lang.php
M	content/apps/store/modules/merchant/goods/list_module.class.php
M	content/apps/store/modules/merchant/goods/suggestlist_module.class.php
M	content/apps/store/modules/seller/list_module.class.php
M	content/apps/store/templates/admin/store_preaudit_list.dwt.php
M	content/apps/store/templates/admin/store_staff.dwt.php
M	content/apps/touch/classes/ecjia_touch_api.class.php
A	content/apps/upgrade/classes/hooks/admin_upgrade.class.php
A	content/apps/upgrade/classes/upgrade_utility.class.php
A	content/apps/upgrade/configs/package.cfg.php
A	content/apps/upgrade/index.php
D	content/apps/installer/apis/installer_insert_demo_data_api.class.php	
A 	content/apps/upgrade/languages/zh_CN/package.lang.php
D	content/system/model/template_model.class.php	
A 	content/apps/upgrade/languages/zh_CN/upgrade.lang.php
A	content/apps/upgrade/statics/front/css/bootstrap.min.css
A	content/apps/upgrade/statics/front/css/grid.css
A	content/apps/upgrade/statics/front/css/normalize.css
A	content/apps/upgrade/statics/front/css/style.css
A	content/apps/upgrade/statics/front/images/correct.png
A	content/apps/upgrade/statics/front/images/error.png
A	content/apps/upgrade/statics/front/images/logo_pic.png
A	content/apps/upgrade/statics/front/js/ecjia-front.js
A	content/apps/upgrade/statics/front/js/upgrade.js
A	content/apps/upgrade/templates/front/finish.dwt.php
A	content/apps/upgrade/templates/front/intro.dwt.php
A	content/apps/upgrade/templates/front/library/footer.lbi.php
A	content/apps/upgrade/templates/front/library/head_meta.lbi.php
A	content/apps/upgrade/templates/front/library/header.lbi.php
A	content/apps/user/mobile_reward.php
M	content/apps/user/modules/user/info_module.class.php
M	content/apps/user/modules/user/signup_module.class.php
A	content/apps/user/statics/front/css/mobile_reward.css
A	content/apps/user/statics/front/images/receive-success.png
A	content/apps/user/statics/front/images/reward_background.png
A	content/apps/user/statics/front/images/reward_header.png
A	content/apps/user/statics/front/images/reward_title.png
A	content/apps/user/statics/front/js/ecjia-front.js
A	content/apps/user/statics/front/js/ecjia.js
A	content/apps/user/statics/front/js/jquery.min.js
A	content/apps/user/statics/front/js/mobile_reward.js
A	content/apps/user/templates/front/reward.dwt.php
M	content/configs/api.php
M	content/configs/app.php
M	content/configs/provider.php
M	content/configs/release.php
A	content/database/migrations/2017_03_03_170201_create_account_log_table.php
A	content/database/migrations/2017_03_06_163732_create_ad_table.php
A	content/database/migrations/2017_03_06_164930_create_ad_position_table.php
A	content/database/migrations/2017_03_06_181301_create_admin_log_table.php
A	content/database/migrations/2017_03_06_184226_create_admin_message_table.php
A	content/database/migrations/2017_03_07_094740_create_admin_user_table.php
A	content/database/migrations/2017_03_07_095103_create_adsense_table.php
A	content/database/migrations/2017_03_07_100204_create_affiliate_log_table.php
A	content/database/migrations/2017_03_07_100507_create_area_region_table.php
A	content/database/migrations/2017_03_07_101656_create_article_table.php
A	content/database/migrations/2017_03_07_102324_create_article_cat_table.php
A	content/database/migrations/2017_03_07_105929_create_attribute_table.php
A	content/database/migrations/2017_03_07_132654_create_auto_manage_table.php
A	content/database/migrations/2017_03_07_133247_create_back_goods_table.php
A	content/database/migrations/2017_03_07_135415_create_back_order_table.php
A	content/database/migrations/2017_03_07_140959_create_bonus_type_table.php
A	content/database/migrations/2017_03_07_141439_create_brand_table.php
A	content/database/migrations/2017_03_07_150504_create_cart_table.php
A	content/database/migrations/2017_03_07_150733_create_cat_recommend_table.php
A	content/database/migrations/2017_03_07_153658_create_category_table.php
A	content/database/migrations/2017_03_07_154651_create_collect_goods_table.php
A	content/database/migrations/2017_03_07_154827_create_collect_store_table.php
A	content/database/migrations/2017_03_07_155734_create_connect_table.php
A	content/database/migrations/2017_03_07_160637_create_connect_user_table.php
A	content/database/migrations/2017_03_07_163442_create_crons_table.php
A	content/database/migrations/2017_03_07_164223_create_delivery_goods_table.php
A	content/database/migrations/2017_03_07_170004_create_delivery_order_table.php
A	content/database/migrations/2017_03_07_170342_create_email_list_table.php
A	content/database/migrations/2017_03_07_170810_create_email_sendlist_table.php
A	content/database/migrations/2017_03_07_173755_create_express_checkin_table.php
A	content/database/migrations/2017_03_08_103525_create_express_order_table.php
A	content/database/migrations/2017_03_08_110156_create_express_user_table.php
A	content/database/migrations/2017_03_08_112200_create_favourable_activity_table.php
A	content/database/migrations/2017_03_08_121311_create_goods_table.php
A	content/database/migrations/2017_03_08_132245_create_goods_activity_table.php
A	content/database/migrations/2017_03_08_133109_create_goods_article_table.php
A	content/database/migrations/2017_03_08_134814_create_goods_attr_table.php
A	content/database/migrations/2017_03_08_135053_create_goods_cat_table.php
A	content/database/migrations/2017_03_08_135417_create_goods_gallery_table.php
A	content/database/migrations/2017_03_08_140420_create_goods_type_table.php
A	content/database/migrations/2017_03_08_140933_create_group_goods_table.php
A	content/database/migrations/2017_03_08_142221_create_invite_reward_table.php
A	content/database/migrations/2017_03_08_143001_create_invitee_record_table.php
A	content/database/migrations/2017_03_08_150840_create_keywords_table.php
A	content/database/migrations/2017_03_08_155236_create_link_goods_table.php
A	content/database/migrations/2017_03_09_144926_create_mail_templates_table.php
A	content/database/migrations/2017_03_09_145521_create_member_price_table.php
A	content/database/migrations/2017_03_09_152328_create_merchants_category_table.php
A	content/database/migrations/2017_03_09_153012_create_merchants_config_table.php
A	content/database/migrations/2017_03_09_153423_create_mobile_checkin_table.php
A	content/database/migrations/2017_03_09_154426_create_mobile_device_table.php
A	content/database/migrations/2017_03_09_155522_create_mobile_manage_table.php
A	content/database/migrations/2017_03_09_161915_create_mobile_news_table.php
A	content/database/migrations/2017_03_09_162545_create_mobile_screenshots_table.php
A	content/database/migrations/2017_03_09_163255_create_nav_table.php
A	content/database/migrations/2017_03_09_163349_create_notifications_table.php
A	content/database/migrations/2017_03_09_175359_create_order_action_table.php
A	content/database/migrations/2017_03_09_180443_create_order_goods_table.php
A	content/database/migrations/2017_03_10_132131_create_order_info_table.php
A	content/database/migrations/2017_03_10_132941_create_order_reminder_table.php
A	content/database/migrations/2017_03_10_133246_create_order_status_log_table.php
A	content/database/migrations/2017_03_10_133827_create_package_goods_table.php
A	content/database/migrations/2017_03_10_134146_create_pay_log_table.php
A	content/database/migrations/2017_03_10_135231_create_payment_table.php
A	content/database/migrations/2017_03_10_135908_create_payment_record_table.php
A	content/database/migrations/2017_03_10_141007_create_platform_account_table.php
A	content/database/migrations/2017_03_10_141416_create_platform_command_table.php
A	content/database/migrations/2017_03_10_141749_create_platform_config_table.php
A	content/database/migrations/2017_03_10_142207_create_platform_extend_table.php
A	content/database/migrations/2017_03_10_142529_create_products_table.php
A	content/database/migrations/2017_03_10_143928_create_push_event_table.php
A	content/database/migrations/2017_03_10_144455_create_push_message_table.php
A	content/database/migrations/2017_03_10_150625_create_reg_extend_info_table.php
A	content/database/migrations/2017_03_10_151013_create_reg_fields_table.php
A	content/database/migrations/2017_03_10_151513_create_region_table.php
A	content/database/migrations/2017_03_10_151734_create_role_table.php
A	content/database/migrations/2017_03_10_165327_create_searchengine_table.php
A	content/database/migrations/2017_03_10_170133_create_sessions_table.php
A	content/database/migrations/2017_03_10_170350_create_sessions_data_table.php
A	content/database/migrations/2017_03_10_171203_create_shipping_table.php
A	content/database/migrations/2017_03_10_171445_create_shipping_area_table.php
A	content/database/migrations/2017_03_10_171943_create_shop_config_table.php
A	content/database/migrations/2017_03_10_173004_create_site_options_table.php
A	content/database/migrations/2017_03_10_174331_create_sites_table.php
A	content/database/migrations/2017_03_13_114959_create_sms_sendlist_table.php
A	content/database/migrations/2017_03_13_115918_create_staff_group_table.php
A	content/database/migrations/2017_03_13_120621_create_staff_log_table.php
A	content/database/migrations/2017_03_13_133250_create_staff_user_table.php
A	content/database/migrations/2017_03_13_165231_create_stats_table.php
A	content/database/migrations/2017_03_13_170309_create_store_bill_table.php
A	content/database/migrations/2017_03_13_171456_create_store_bill_day_table.php
A	content/database/migrations/2017_03_13_172202_create_store_bill_detail_table.php
A	content/database/migrations/2017_03_13_172800_create_store_bill_paylog_table.php
A	content/database/migrations/2017_03_14_102148_create_store_category_table.php
A	content/database/migrations/2017_03_14_102638_create_store_check_log_table.php
A	content/database/migrations/2017_03_14_105627_create_store_franchisee_table.php
A	content/database/migrations/2017_03_14_105939_create_store_keywords_table.php
A	content/database/migrations/2017_03_14_110227_create_store_percent_table.php
A	content/database/migrations/2017_03_14_115842_create_store_preaudit_table.php
A	content/database/migrations/2017_03_14_131256_create_template_widget_table.php
A	content/database/migrations/2017_03_14_133615_create_term_meta_table.php
A	content/database/migrations/2017_03_14_134129_create_term_relationship_table.php
A	content/database/migrations/2017_03_14_134848_create_topic_table.php
A	content/database/migrations/2017_03_14_135654_create_user_account_table.php
A	content/database/migrations/2017_03_14_141935_create_user_address_table.php
A	content/database/migrations/2017_03_14_142413_create_user_bonus_table.php
A	content/database/migrations/2017_03_14_142918_create_user_rank_table.php
A	content/database/migrations/2017_03_14_150031_create_users_table.php
A	content/database/migrations/2017_03_14_150318_create_volume_price_table.php
A	content/database/migrations/2017_03_14_150646_create_wechat_custom_message_table.php
A	content/database/migrations/2017_03_14_152231_create_wechat_customer_table.php
A	content/database/migrations/2017_03_14_152644_create_wechat_customer_session_table.php
A	content/database/migrations/2017_03_14_153258_create_wechat_mass_history_table.php
A	content/database/migrations/2017_03_14_155318_create_wechat_media_table.php
A	content/database/migrations/2017_03_15_161251_create_wechat_menu_table.php
A	content/database/migrations/2017_03_15_161822_create_wechat_oauth_table.php
A	content/database/migrations/2017_03_15_162248_create_wechat_point_table.php
A	content/database/migrations/2017_03_15_164056_create_wechat_prize_table.php
A	content/database/migrations/2017_03_15_165156_create_wechat_qrcode_table.php
A	content/database/migrations/2017_03_15_170058_create_wechat_reply_table.php
A	content/database/migrations/2017_03_15_170511_create_wechat_request_times_table.php
A	content/database/migrations/2017_03_15_170746_create_wechat_rule_keywords_table.php
A	content/database/migrations/2017_03_15_171111_create_wechat_tag_table.php
A	content/database/migrations/2017_03_15_173235_create_wechat_user_table.php
A	content/database/migrations/2017_03_15_173743_create_wechat_user_tag_table.php
A	content/database/migrations/2017_03_21_121822_insert_config_structure_to_shop_config_table.php
A	content/database/migrations/2017_03_22_133140_create_term_attachment_table.php
A	content/database/migrations/2017_03_22_162623_insert_config_structure_to_shop_config_table_2.php
A	content/database/migrations/2017_03_22_164152_add_goods_rank_to_goods_table.php
A	content/database/migrations/2017_03_22_170346_create_comment_table.php
A	content/database/migrations/2017_03_22_170435_create_comment_appeal_table.php
A	content/database/migrations/2017_03_22_170459_create_comment_reply_table.php
A	content/database/patchs/v1.3.3/Version_10303.php
A	content/database/patchs/v1.3.3/ecjia-daojia-patch-v1.3.3.log
A	content/database/patchs/v1.3.3/readme.txt
A	content/database/patchs/v1.3.4/Version_10304.php
A	content/database/patchs/v1.3.4/ecjia-daojia-patch-v1.3.4.log
A	content/database/patchs/v1.3.4/readme.txt
A	content/database/patchs/v1.4.0/Version_10400.php
A	content/database/patchs/v1.4.0/ecjia-daojia-patch-v1.4.0.log
A	content/database/patchs/v1.4.0/readme.txt
A	content/database/seeds/DatabaseSeeder.php
A	content/database/seeds/DemoCategoryTableSeeder.php
A	content/database/seeds/DemoDatabaseSeeder.php
A	content/database/seeds/DemoGoodsAttrTableSeeder.php
A	content/database/seeds/DemoGoodsCatTableSeeder.php
A	content/database/seeds/DemoGoodsGalleryTableSeeder.php
A	content/database/seeds/DemoGoodsTableSeeder.php
A	content/database/seeds/DemoMerchantsCategoryTableSeeder.php
A	content/database/seeds/DemoMerchantsConfigTableSeeder.php
A	content/database/seeds/DemoStaffUserTableSeeder.php
A	content/database/seeds/DemoStoreFranchiseeTableSeeder.php
A	content/database/seeds/InitAdPositionTableSeeder.php
A	content/database/seeds/InitAdTableSeeder.php
A	content/database/seeds/InitArticleCatTableSeeder.php
A	content/database/seeds/InitArticleTableSeeder.php
A	content/database/seeds/InitConnectTableSeeder.php
A	content/database/seeds/InitMailTemplatesTableSeeder.php
A	content/database/seeds/InitMobileScreenshotsTableSeeder.php
A	content/database/seeds/InitPaymentTableSeeder.php
A	content/database/seeds/InitPlatformCommandTableSeeder.php
A	content/database/seeds/InitPlatformConfigTableSeeder.php
A	content/database/seeds/InitPlatformExtendTableSeeder.php
A	content/database/seeds/InitPushEventTableSeeder.php
A	content/database/seeds/InitRegFieldsTableSeeder.php
A	content/database/seeds/InitRegionTableSeeder.php
A	content/database/seeds/InitShippingTableSeeder.php
A	content/database/seeds/InitShopConfigTableSeeder.php
A	content/database/seeds/InitShopConfigTableSeeder2.php
A	content/database/seeds/InitStoreCategoryTableSeeder.php
A	content/database/seeds/InitStorePercentTableSeeder.php
A	content/database/seeds/InitUserRankTableSeeder.php
A	content/database/seeds/InitWechatMediaTableSeeder.php
A	content/database/seeds/InitWechatReplyTableSeeder.php
A	content/system/classes/Database/Migrate.php
A	content/system/classes/Database/Seeder.php
D	content/apps/installer/classes/sql_parse.class.php
A	content/system/classes/Database/Sql/Parse.class.php
D	content/apps/installer/classes/sql_query.class.php
A	content/system/classes/Database/Sql/Query.class.php
A	content/system/classes/Facades/VersionManager.php
M	content/system/classes/Providers/SystemServiceProvider.php
M	content/system/classes/Theme/ThemeManager.php
A	content/system/classes/Version/UpgradeInterface.php
A	content/system/classes/Version/Version.php
A	content/system/classes/Version/VersionManager.php
A	content/system/classes/Version/VersionUtility.php
D	content/system/classes/admin_library.php
M	content/system/classes/ecjia_config.class.php
D	content/system/classes/ecjia_theme.class.php
M	content/system/smarty/prefilter.library_item.php
M	sites/m/content/themes/h5/cart_list.dwt.php
M	sites/m/content/themes/h5/category_list.dwt.php
M	sites/m/content/themes/h5/css/ecjia_city.css
M	sites/m/content/themes/h5/ecjia-touch.dwt.php
M	sites/m/content/themes/h5/extras/classes/user/user_front.class.php
M	sites/m/content/themes/h5/extras/classes/utility/merchant_function.class.php
M	sites/m/content/themes/h5/extras/classes/utility/touch_function.class.php
M	sites/m/content/themes/h5/extras/controller/cart_controller.php
M	sites/m/content/themes/h5/extras/controller/connect_controller.php
M	sites/m/content/themes/h5/extras/controller/franchisee_controller.php
M	sites/m/content/themes/h5/extras/controller/goods_controller.php
M	sites/m/content/themes/h5/extras/controller/location_controller.php
M	sites/m/content/themes/h5/extras/controller/merchant_controller.php
M	sites/m/content/themes/h5/extras/controller/pay_controller.php
M	sites/m/content/themes/h5/extras/controller/touch_controller.php
M	sites/m/content/themes/h5/extras/controller/user_account_controller.php
M	sites/m/content/themes/h5/extras/controller/user_address_controller.php
M	sites/m/content/themes/h5/extras/controller/user_bonus_controller.php
M	sites/m/content/themes/h5/extras/controller/user_controller.php
M	sites/m/content/themes/h5/extras/controller/user_order_controller.php
M	sites/m/content/themes/h5/extras/controller/user_privilege_controller.php
M	sites/m/content/themes/h5/flow_checkout.dwt.php
M	sites/m/content/themes/h5/flow_goodslist.dwt.php
M	sites/m/content/themes/h5/flow_integral.dwt.php
M	sites/m/content/themes/h5/flow_note.dwt.php
M	sites/m/content/themes/h5/franchisee_process.dwt.php
M	sites/m/content/themes/h5/functions.php
M	sites/m/content/themes/h5/goods_show.dwt.php
A	sites/m/content/themes/h5/images/comment-star.png
M	sites/m/content/themes/h5/images/icon/addNumSprite.png
A	sites/m/content/themes/h5/images/icon/business_hours.png
A	sites/m/content/themes/h5/images/icon/business_hours_white.png
A	sites/m/content/themes/h5/images/icon/icon_buliding.png
A	sites/m/content/themes/h5/images/icon/icon_phone.png
A	sites/m/content/themes/h5/images/icon/icon_phone_green.png
A	sites/m/content/themes/h5/images/icon/icon_position.png
A	sites/m/content/themes/h5/images/icon/icon_position_white.png
A	sites/m/content/themes/h5/images/icon/icon_search_white.png
A	sites/m/content/themes/h5/images/icon/location.png
A	sites/m/content/themes/h5/images/icon/shop_notice.png
A	sites/m/content/themes/h5/images/icon/shop_notice_white.png
A	sites/m/content/themes/h5/images/icon/store.png
A	sites/m/content/themes/h5/images/no_comment.png
A	sites/m/content/themes/h5/images/photograph.png
A	sites/m/content/themes/h5/images/star/star-half-big.png
A	sites/m/content/themes/h5/images/star/star-half.png
A	sites/m/content/themes/h5/images/star/star-off-big.png
A	sites/m/content/themes/h5/images/star/star-off.png
A	sites/m/content/themes/h5/images/star/star-on-big.png
A	sites/m/content/themes/h5/images/star/star-on.png
A	sites/m/content/themes/h5/images/user_center/newbie_gift75_1.png
A	sites/m/content/themes/h5/images/wallet/540x200_5.png
M	sites/m/content/themes/h5/index.dwt.php
A	sites/m/content/themes/h5/js/ecjia.touch.comment.js
M	sites/m/content/themes/h5/js/ecjia.touch.goods.js
M	sites/m/content/themes/h5/js/ecjia.touch.goods_detail.js
M	sites/m/content/themes/h5/js/ecjia.touch.js
A	sites/m/content/themes/h5/js/ecjia.touch.photoswipe.js
A	sites/m/content/themes/h5/js/ecjia.touch.raty.js
A	sites/m/content/themes/h5/lib/photoswipe/css/default-skin/default-skin.css
A	sites/m/content/themes/h5/lib/photoswipe/css/default-skin/default-skin.png
A	sites/m/content/themes/h5/lib/photoswipe/css/default-skin/default-skin.svg
A	sites/m/content/themes/h5/lib/photoswipe/css/default-skin/preloader.gif
A	sites/m/content/themes/h5/lib/photoswipe/css/photoswipe.css
A	sites/m/content/themes/h5/lib/photoswipe/js/photoswipe-ui-default.min.js
A	sites/m/content/themes/h5/lib/photoswipe/js/photoswipe.js
A	sites/m/content/themes/h5/lib/photoswipe/js/photoswipe.min.js
D	sites/m/content/themes/h5/library/choose_address_modal.lbi.php
A	sites/m/content/themes/h5/library/address_modal.lbi.php
A	sites/m/content/themes/h5/library/goods_attr_modal.lbi.php
A	sites/m/content/themes/h5/library/goods_attr_static_modal.lbi.php
A	sites/m/content/themes/h5/library/goods_comment.lbi.php
A	sites/m/content/themes/h5/library/merchant_detail.lbi.php
M	sites/m/content/themes/h5/library/merchant_goods.lbi.php
A	sites/m/content/themes/h5/library/merchant_head.lbi.php
M	sites/m/content/themes/h5/library/model_hotgoods.lbi.php
M	sites/m/content/themes/h5/library/model_newgoods.lbi.php
M	sites/m/content/themes/h5/library/model_promotions.lbi.php
A	sites/m/content/themes/h5/library/model_store.lbi.php
A	sites/m/content/themes/h5/library/preview_image.lbi.php
M	sites/m/content/themes/h5/library/store_list.lbi.php
A	sites/m/content/themes/h5/library/store_notice_modal.lbi.php
A	sites/m/content/themes/h5/library/suggest_store.lbi.php
M	sites/m/content/themes/h5/merchant.dwt.php
A	sites/m/content/themes/h5/merchant_comment.dwt.php
M	sites/m/content/themes/h5/seller_list.dwt.php
M	sites/m/content/themes/h5/store_list.dwt.php
M	sites/m/content/themes/h5/user.dwt.php
M	sites/m/content/themes/h5/user_address_edit.dwt.php
M	sites/m/content/themes/h5/user_address_list.dwt.php
M	sites/m/content/themes/h5/user_bind_login.dwt.php
M	sites/m/content/themes/h5/user_bind_signin.dwt.php
M	sites/m/content/themes/h5/user_bonus.dwt.php
A	sites/m/content/themes/h5/user_comment_list.dwt.php
M	sites/m/content/themes/h5/user_get_integral.dwt.php
A	sites/m/content/themes/h5/user_goods_comment.dwt.php
M	sites/m/content/themes/h5/user_order_detail.dwt.php
M	sites/m/content/themes/h5/user_order_list.dwt.php
D	sites/m/notify/callback_wechat_platform.php
M	sites/merchant/content/configs/merchant.php
M	vendor/composer/autoload_namespaces.php
M	vendor/royalcms/agent/Royalcms/Component/Agent/AgentServiceProvider.php
D	vendor/royalcms/framework/Royalcms/Component/Support/Facades/Agent.php
A	vendor/royalcms/agent/Royalcms/Component/Agent/Facades/Agent.php
M	vendor/royalcms/framework/Royalcms/Component/Config/Resources/system.php
M	vendor/royalcms/framework/Royalcms/Component/Database/Console/Migrations/MigrateMakeCommand.php
M	vendor/royalcms/framework/Royalcms/Component/Database/Console/SeedCommand.php
M	vendor/royalcms/framework/Royalcms/Component/Database/Migrations/stubs/create.stub
M	vendor/royalcms/framework/Royalcms/Component/Database/Migrations/stubs/update.stub
M	vendor/royalcms/framework/Royalcms/Component/Database/Schema/Blueprint.php
M	vendor/royalcms/framework/Royalcms/Component/Database/Schema/Grammars/MySqlGrammar.php
M	vendor/royalcms/framework/Royalcms/Component/Database/Schema/Grammars/PostgresGrammar.php
M	vendor/royalcms/framework/Royalcms/Component/Database/Schema/Grammars/SQLiteGrammar.php
M	vendor/royalcms/framework/Royalcms/Component/Database/Schema/Grammars/SqlServerGrammar.php
M	vendor/royalcms/framework/Royalcms/Component/Database/SeedServiceProvider.php
D	vendor/royalcms/framework/Royalcms/Component/Foundation/File.php
M	vendor/royalcms/framework/Royalcms/Component/Foundation/Plugin.php
M	vendor/royalcms/framework/Royalcms/Component/Support/Collection.php
M	vendor/royalcms/framework/Royalcms/Component/Support/Facades/File.php
M	vendor/royalcms/framework/bootstrap/helpers.php
M	vendor/royalcms/framework/bootstrap/start.php
