M	bootstrap/classmap.php
M	bootstrap/compiled.php
M	content/apps/adsense/admin.php
A	content/apps/adsense/admin_cycleimage.php
A	content/apps/adsense/admin_group.php
M	content/apps/adsense/admin_position.php
A	content/apps/adsense/admin_shortcut.php
M	content/apps/adsense/apis/adsense_admin_purview_api.class.php
A	content/apps/adsense/apis/adsense_adsense_api.class.php
A	content/apps/adsense/apis/adsense_adsense_group_api.class.php
M	content/apps/adsense/apis/adsense_adsense_position_list_api.class.php
A	content/apps/adsense/apis/adsense_cycleimage_api.class.php
A	content/apps/adsense/apis/adsense_shortcut_api.class.php
D	content/apps/adsense/apis/adsense_admin_menu_api.class.php
A	content/apps/adsense/apis/adsense_tool_menu_api.class.php
A	content/apps/adsense/classes/CityManage.php
D	content/apps/cycleimage/apis/cycleimage_admin_purview_api.class.php
A	content/apps/adsense/classes/Client.php
D	content/apps/cycleimage/functions/global.func.php
A	content/apps/adsense/classes/Models/AdGroupModel.php
A	content/apps/adsense/classes/Models/AdModel.php
A	content/apps/adsense/classes/Models/AdPositionModel.php
A	content/apps/adsense/classes/PositionGroup.php
A	content/apps/adsense/classes/PositionManage.php
A	content/apps/adsense/classes/Repositories/AdGroupRepository.php
A	content/apps/adsense/classes/Repositories/AdPositionRepository.php
A	content/apps/adsense/classes/Repositories/AdRepository.php
A	content/apps/adsense/classes/Repositories/CycleImageRepository.php
A	content/apps/adsense/classes/Repositories/ShortcutMenuRepository.php
A	content/apps/adsense/classes/Utility.php
D	content/apps/cycleimage/index.php
A	content/apps/adsense/functions/global.func.php
M	content/apps/adsense/modules/home/adsense_module.class.php
M	content/apps/adsense/statics/js/ad_position.js
M	content/apps/adsense/statics/js/adsense.js
A	content/apps/adsense/statics/js/cycleimage.js
A	content/apps/adsense/statics/js/group.js
A	content/apps/adsense/statics/js/shortcut.js
A	content/apps/adsense/statics/styles/adsense.css
A	content/apps/adsense/statics/styles/group.css
A	content/apps/adsense/templates/admin/adsense_group_constitute.dwt.php
A	content/apps/adsense/templates/admin/adsense_group_info.dwt.php
A	content/apps/adsense/templates/admin/adsense_group_list.dwt.php
A	content/apps/adsense/templates/admin/adsense_group_position_list.dwt.php
M	content/apps/adsense/templates/admin/adsense_info.dwt.php
M	content/apps/adsense/templates/admin/adsense_list.dwt.php
M	content/apps/adsense/templates/admin/adsense_position_info.dwt.php
M	content/apps/adsense/templates/admin/adsense_position_list.dwt.php
A	content/apps/adsense/templates/admin/cycleimage_group_info.dwt.php
A	content/apps/adsense/templates/admin/cycleimage_info.dwt.php
A	content/apps/adsense/templates/admin/cycleimage_list.dwt.php
A	content/apps/adsense/templates/admin/shortcut_group_info.dwt.php
A	content/apps/adsense/templates/admin/shortcut_info.dwt.php
A	content/apps/adsense/templates/admin/shortcut_list.dwt.php
M	content/apps/api/classes/api_admin.class.php
M	content/apps/api/classes/api_front.class.php
M	content/apps/cart/apis/cart_cart_list_api.class.php
M	content/apps/cart/apis/cart_cart_manage_api.class.php
M	content/apps/cart/apis/cart_flow_done_api.class.php
M	content/apps/cart/classes/cart.class.php
M	content/apps/cart/functions/cart.func.php
M	content/apps/cart/modules/cart/checked_module.class.php
M	content/apps/cart/modules/cart/create_module.class.php
M	content/apps/cart/modules/cart/delete_module.class.php
M	content/apps/cart/modules/cart/list_module.class.php
M	content/apps/cart/modules/cart/update_module.class.php
M	content/apps/cart/modules/flow/checkOrder_module.class.php
M	content/apps/comment/admin.php
M	content/apps/comment/statics/css/comment.css
D	content/apps/cycleimage/admin.php
D	content/apps/cycleimage/admins.php
D	content/apps/cycleimage/languages/en_US/flashplay.lang.php
D	content/apps/cycleimage/languages/zh-cn/cycleimage.lang.php
D	content/apps/cycleimage/languages/zh-cn/flashplay.lang.php
D	content/apps/cycleimage/languages/zh-cn/package.lang.php
D	content/apps/cycleimage/languages/zh_CN/flashplay.lang.php
D	content/apps/cycleimage/statics/js/cycleimage.js
D	content/apps/cycleimage/templates/admin/cycleimage_edit.dwt.php
D	content/apps/cycleimage/templates/admin/cycleimage_group.dwt.php
D	content/apps/cycleimage/templates/admin/cycleimage_list.dwt.php
D	content/apps/cycleimage/templates/admin/cycleimages_edit.dwt.php
M	content/apps/franchisee/templates/merchant/franchisee.dwt.php
M	content/apps/franchisee/templates/merchant/franchisee_view.dwt.php
M	content/apps/goods/admin.php
M	content/apps/goods/admin_category.php
M	content/apps/goods/apis/goods_seller_goods_category_api.class.php
A	content/apps/goods/apis/goods_update_goods_sales_api.class.php
M	content/apps/goods/classes/goods_info.class.php
M	content/apps/goods/classes/goods_list.class.php
M	content/apps/goods/functions/admin_category.func.php
M	content/apps/goods/functions/admin_goods.func.php
M	content/apps/goods/functions/global.func.php
M	content/apps/goods/functions/merchant_goods.func.php
M	content/apps/goods/merchant.php
D	content/apps/cycleimage/model/mobile_cycleimage_model.class.php
A	content/apps/goods/model/merchants_category_model.class.php
A	content/apps/goods/modules/admin/goods/add_module.class.php
A	content/apps/goods/modules/admin/goods/category/add_module.class.php
A	content/apps/goods/modules/admin/goods/category/delete_module.class.php
A	content/apps/goods/modules/admin/goods/category/detail_module.class.php
A	content/apps/goods/modules/admin/goods/category/show_module.class.php
A	content/apps/goods/modules/admin/goods/category/update_module.class.php
M	content/apps/goods/modules/admin/goods/category_module.class.php
M	content/apps/goods/modules/admin/goods/desc_module.class.php
M	content/apps/goods/modules/admin/goods/detail_module.class.php
A	content/apps/goods/modules/admin/goods/gallery/add_module.class.php
A	content/apps/goods/modules/admin/goods/gallery/delete_module.class.php
M	content/apps/goods/modules/admin/goods/list_module.class.php
A	content/apps/goods/modules/admin/goods/merchant/category/add_module.class.php
A	content/apps/goods/modules/admin/goods/merchant/category/delete_module.class.php
A	content/apps/goods/modules/admin/goods/merchant/category/detail_module.class.php
D	content/apps/cycleimage/languages/en_US/package.lang.php
A	content/apps/goods/modules/admin/goods/merchant/category/list_module.class.php
A	content/apps/goods/modules/admin/goods/merchant/category/show_module.class.php
A	content/apps/goods/modules/admin/goods/merchant/category/update_module.class.php
A	content/apps/goods/modules/admin/goods/move/category_module.class.php
A	content/apps/goods/modules/admin/goods/promote/add_module.class.php
D	content/apps/cycleimage/languages/zh_CN/package.lang.php
A	content/apps/goods/modules/admin/goods/promote/delete_module.class.php
A	content/apps/goods/modules/admin/goods/promote/update_module.class.php
A	content/apps/goods/modules/admin/goods/restore_module.class.php
A	content/apps/goods/modules/admin/goods/toggle/free_shipping_module.class.php
A	content/apps/goods/modules/admin/goods/toggle/gifts_module.class.php
A	content/apps/goods/modules/admin/goods/toggle/sale_module.class.php
A	content/apps/goods/modules/admin/goods/toggle/suggest_module.class.php
M	content/apps/goods/modules/admin/goods/togglesale_module.class.php
A	content/apps/goods/modules/admin/goods/trash/list_module.class.php
A	content/apps/goods/modules/admin/goods/update_module.class.php
A	content/apps/goods/modules/admin/goods/updatedesc_module.class.php
M	content/apps/goods/modules/admin/goods/updateprice_module.class.php
M	content/apps/goods/modules/goods/category_module.class.php
M	content/apps/goods/modules/goods/detail_module.class.php
M	content/apps/installer/classes/install_utility.class.php
M	content/apps/installer/index.php
A	content/apps/intro/configs/package.cfg.php
A	content/apps/intro/functions/functions.func.php
D	content/apps/cycleimage/configs/package.cfg.php
A	content/apps/intro/languages/zh_CN/package.lang.php
M	content/apps/main/classes/hooks/admin_main.class.php
D	content/apps/main/index.php
M	content/apps/merchant/classes/ecjia_merchant.class.php
M	content/apps/merchant/merchant.php
M	content/apps/merchant/templates/merchant/library/common_header.lbi.php
M	content/apps/merchant/templates/merchant/library/common_nologin_header.lbi.php
M	content/apps/mobile/admin_street.php
M	content/apps/mobile/apis/mobile_admin_purview_api.class.php
D	content/apps/mobile/apis/mobile_admin_menu_api.class.php
A	content/apps/mobile/apis/mobile_tool_menu_api.class.php
A	content/apps/mobile/classes/Qrcode/AbstractQrcode.php
A	content/apps/mobile/classes/Qrcode/GenerateGoods.php
A	content/apps/mobile/classes/Qrcode/GenerateMerchant.php
M	content/apps/mobile/classes/hooks/admin_mobile.class.php
M	content/apps/mobile/classes/mobile_qrcode.class.php
D	content/apps/cycleimage/classes/cycleimage_installer.class.php
A	content/apps/mobile/model/term_attachment_model.class.php
A	content/apps/mobile/modules/admin/shop/attach/add_module.class.php
M	content/apps/mobile/modules/home/data_module.class.php
M	content/apps/mobile/modules/home/discover_module.class.php
A	content/apps/mobile/redirect.php
M	content/apps/mobile/templates/admin/mobile_config.dwt.php
M	content/apps/notification/admin.php
M	content/apps/notification/mh_notification.php
M	content/apps/notification/modules/admin/merchant/notification_module.class.php
M	content/apps/orders/admin.php
M	content/apps/orders/apis/orders_order_delivery_ship_api.class.php
M	content/apps/orders/apis/orders_order_info_api.class.php
M	content/apps/orders/classes/order_operate.class.php
M	content/apps/orders/classes/order_query.class.php
M	content/apps/orders/functions/admin_order.func.php
M	content/apps/orders/functions/global.func.php
M	content/apps/orders/mh_delivery.php
A	content/apps/orders/model/delivery_order_viewmodel.class.php
M	content/apps/orders/modules/admin/orders/cancel_module.class.php
A	content/apps/orders/modules/admin/orders/consignee/list_module.class.php
M	content/apps/orders/modules/admin/orders/delivery_module.class.php
M	content/apps/orders/modules/admin/orders/detail_module.class.php
A	content/apps/orders/modules/admin/orders/express_module.class.php
M	content/apps/orders/modules/admin/orders/list_module.class.php
A	content/apps/orders/modules/admin/orders/operate/cancel_module.class.php
A	content/apps/orders/modules/admin/orders/operate/cancelgrab_module.class.php
A	content/apps/orders/modules/admin/orders/operate/consignee_module.class.php
A	content/apps/orders/modules/admin/orders/operate/delivery_module.class.php
A	content/apps/orders/modules/admin/orders/operate/money_module.class.php
A	content/apps/orders/modules/admin/orders/operate/pay_module.class.php
A	content/apps/orders/modules/admin/orders/operate/shipping_detail_module.class.php
A	content/apps/orders/modules/admin/orders/operate/shipping_module.class.php
A	content/apps/orders/modules/admin/orders/operate/unused-setgrab_module.class.php
A	content/apps/orders/modules/admin/orders/payConfirm_module.class.php
A	content/apps/orders/modules/admin/orders/quickpay_module.class.php
D	content/apps/cycleimage/apis/cycleimage_plugin_install_api.class.php
A	content/apps/orders/modules/admin/orders/receive_module.class.php
A	content/apps/orders/modules/admin/orders/refundConfirm_module.class.php
A	content/apps/orders/modules/admin/orders/shipping/list_module.class.php
D	content/apps/cycleimage/apis/cycleimage_plugin_list_api.class.php
A	content/apps/orders/modules/admin/orders/split_module.class.php
A	content/apps/orders/modules/admin/orders/unused-check_module.class.php
A	content/apps/orders/modules/admin/orders/update_module.class.php
M	content/apps/orders/modules/order/affirmReceived_module.class.php
M	content/apps/setting/modules/admin/shop/config_module.class.php
M	content/apps/shipping/admin_area.php
A	content/apps/shipping/admin_config.php
M	content/apps/shipping/apis/shipping_admin_purview_api.class.php
A	content/apps/shipping/classes/hooks/admin_shipping.class.php
M	content/apps/shipping/classes/shipping_method.class.php
A	content/apps/shipping/statics/js/shipping_config.js
A	content/apps/shipping/templates/admin/shipping_config.dwt.php
M	content/apps/shipping/templates/merchant/shipping_area_info.dwt.php
M	content/apps/staff/privilege.php
M	content/apps/staff/templates/merchant/login.dwt.php
M	content/apps/store/admin.php
M	content/apps/store/modules/admin/merchant/info_module.class.php
M	content/apps/store/modules/admin/merchant/signup_module.class.php
M	content/apps/store/modules/admin/merchant/update_module.class.php
M	content/apps/store/modules/admin/merchant/validate_module.class.php
M	content/apps/store/modules/merchant/home/data_module.class.php
M	content/apps/touch/classes/ecjia_touch_api.class.php
M	content/apps/touch/classes/ecjia_touch_manager.class.php
M	content/apps/upgrade/classes/hooks/admin_upgrade.class.php
M	content/apps/upgrade/classes/upgrade_utility.class.php
M	content/apps/upgrade/index.php
M	content/apps/upgrade/languages/zh_CN/package.lang.php
M	content/apps/upgrade/templates/front/intro.dwt.php
M	content/apps/user/admin.php
M	content/apps/user/apis/user_admin_purview_api.class.php
A	content/apps/user/apis/user_neighbors_address_api.class.php
D	content/apps/cycleimage/apis/cycleimage_plugin_uninstall_api.class.php
A	content/apps/user/apis/user_neighbors_address_store_api.class.php
M	content/apps/user/functions/admin_user.func.php
M	content/apps/user/modules/address/info_module.class.php
M	content/apps/user/modules/address/list_module.class.php
A	content/apps/user/modules/admin/user/bind_module.class.php
A	content/apps/user/modules/admin/user/info_module.class.php
M	content/apps/user/modules/admin/user/userinfo_module.class.php
D	content/apps/cycleimage/classes/cycleimage_method.class.php
A	content/apps/user/modules/user/bind_module.class.php
M	content/apps/user/modules/user/password_module.class.php
M	content/apps/user/modules/v2/admin/user/signin_module.class.php
M	content/apps/user/modules/v2/admin/user/update_module.class.php
M	content/apps/user/modules/v2/admin/user/userinfo_module.class.php
A	content/apps/user/modules/validate/get_module.class.php
M	content/apps/wechat/admin_menus.php
M	content/apps/wechat/admin_request.php
M	content/apps/wechat/admin_subscribe.php
A	content/apps/wechat/classes/ErrorCodes.php
A	content/apps/wechat/classes/WechatUUID.php
M	content/apps/wechat/templates/admin/wechat_menus_list.dwt.php
M	content/configs/api.php
M	content/configs/app.php
D	content/apps/cycleimage/apis/cycleimage_tool_menu_api.class.php
A	content/configs/namespaces.php
M	content/configs/provider.php
M	content/configs/release.php
M	content/database/migrations/2017_03_07_150504_create_cart_table.php
A	content/database/migrations/2017_04_20_095558_alert_staff_user_by_group_id_table.php
A	content/database/migrations/2017_05_05_101947_add_city_code_to_ad_position_table.php
A	content/database/migrations/2017_05_05_104042_add_show_client_to_ad_table.php
M	content/database/patchs/v1.4.0/Version_10400.php
M	content/database/patchs/v1.4.1/Version_10401.php
M	content/database/patchs/v1.4.2/Version_10402.php
A	content/database/patchs/v1.5.0/Version_10500.php
A	content/database/patchs/v1.5.0/ecjia-daojia-patch-v1.5.0.log
A	content/database/patchs/v1.5.0/readme.txt
M	content/database/seeds/DatabaseSeeder.php
M	content/database/seeds/DemoCategoryTableSeeder.php
M	content/database/seeds/DemoMerchantsConfigTableSeeder.php
M	content/database/seeds/FixShopConfigTableSeeder.php
M	content/database/seeds/InitAdPositionTableSeeder.php
M	content/database/seeds/InitAdTableSeeder.php
A	content/database/seeds/InitDatabaseSeeder.php
M	content/database/seeds/InitShopConfigTableSeeder.php
M	content/database/seeds/InitStoreCategoryTableSeeder.php
A	content/database/seeds/InitTermMetaTableSeeder.php
M	content/system/admin_template.php
M	content/system/classes/BaseController/SimpleController.php
M	content/system/classes/Theme/ThemeManager.php
M	content/system/classes/Version/VersionUtility.php
M	content/system/classes/ecjia_admin.class.php
M	content/system/classes/ecjia_front.class.php
M	content/system/classes/ecjia_user.class.php
M	content/system/classes/ecjia_utility.class.php
M	content/system/classes/ecjia_view.class.php
M	content/system/statics/lib/ecjia-js/ecjia.ui.js
M	content/themes/ecjia-intro/css/style.css
A	content/themes/ecjia-intro/functions.php
M	content/themes/ecjia-intro/images/screenshot.png
M	content/themes/ecjia-intro/index.dwt.php
M	content/themes/ecjia-intro/style.css
A	content/themes/ecjia-pc/category_list.dwt.php
A	content/themes/ecjia-pc/css/style.css
A	content/themes/ecjia-pc/ecjia-pc.dwt.php
A	content/themes/ecjia-pc/extras/classes/utility/merchant_function.class.php
A	content/themes/ecjia-pc/extras/classes/utility/pc_function.class.php
A	content/themes/ecjia-pc/extras/controller/goods_controller.php
A	content/themes/ecjia-pc/extras/controller/merchant_controller.php
A	content/themes/ecjia-pc/extras/controller/pc_controller.php
A	content/themes/ecjia-pc/fonts/demo.css
A	content/themes/ecjia-pc/fonts/demo.html
A	content/themes/ecjia-pc/fonts/glyphicons-halflings-regular.eot
A	content/themes/ecjia-pc/fonts/glyphicons-halflings-regular.svg
A	content/themes/ecjia-pc/fonts/glyphicons-halflings-regular.ttf
A	content/themes/ecjia-pc/fonts/glyphicons-halflings-regular.woff
A	content/themes/ecjia-pc/fonts/glyphicons-halflings-regular.woff2
A	content/themes/ecjia-pc/fonts/iconfont.css
A	content/themes/ecjia-pc/fonts/iconfont.eot
A	content/themes/ecjia-pc/fonts/iconfont.min.css
A	content/themes/ecjia-pc/fonts/iconfont.svg
A	content/themes/ecjia-pc/fonts/iconfont.ttf
A	content/themes/ecjia-pc/fonts/iconfont.woff
A	content/themes/ecjia-pc/functions.php
A	content/themes/ecjia-pc/goods_list.dwt.php
A	content/themes/ecjia-pc/goods_show.dwt.php
A	content/themes/ecjia-pc/images/blog.png
A	content/themes/ecjia-pc/images/blog_hover.png
A	content/themes/ecjia-pc/images/bugle_50.png
A	content/themes/ecjia-pc/images/category/category_all_off.png
A	content/themes/ecjia-pc/images/category/category_all_on.png
A	content/themes/ecjia-pc/images/category/category_list.png
A	content/themes/ecjia-pc/images/clock_50.png
A	content/themes/ecjia-pc/images/default/bolang.png
A	content/themes/ecjia-pc/images/default/cut_off.png
A	content/themes/ecjia-pc/images/default/default800.png
A	content/themes/ecjia-pc/images/default/default_banner_pic.png
A	content/themes/ecjia-pc/images/default/default_goods.png
A	content/themes/ecjia-pc/images/default/no_content.png
A	content/themes/ecjia-pc/images/default/phone.png
A	content/themes/ecjia-pc/images/default/saoyisao.png
A	content/themes/ecjia-pc/images/default/store_list_line.png
A	content/themes/ecjia-pc/images/default255.png
A	content/themes/ecjia-pc/images/default_avatar.png
A	content/themes/ecjia-pc/images/default_store.png
A	content/themes/ecjia-pc/images/icon/icon-foot-1.png
A	content/themes/ecjia-pc/images/icon/icon-foot-2.png
A	content/themes/ecjia-pc/images/icon/icon-foot-3.png
A	content/themes/ecjia-pc/images/icon/icon-foot-4.png
A	content/themes/ecjia-pc/images/icon_search_white.png
A	content/themes/ecjia-pc/images/icons.png
A	content/themes/ecjia-pc/images/logo.png
A	content/themes/ecjia-pc/images/mobile_app_icon.png
A	content/themes/ecjia-pc/images/mouse.png
A	content/themes/ecjia-pc/images/nav/circle-tencent.png
A	content/themes/ecjia-pc/images/nav/qq-tencent.png
A	content/themes/ecjia-pc/images/nav/suspension-bg.png
A	content/themes/ecjia-pc/images/nav/suspension-code.png
A	content/themes/ecjia-pc/images/nav/trangle-right-suspension.png
A	content/themes/ecjia-pc/images/pc_position.png
A	content/themes/ecjia-pc/images/pc_position_gray.png
A	content/themes/ecjia-pc/images/screenshot.png
A	content/themes/ecjia-pc/images/shop_logo.png
A	content/themes/ecjia-pc/images/star/star-half-big.png
A	content/themes/ecjia-pc/images/star/star-half.png
A	content/themes/ecjia-pc/images/star/star-off-big.png
A	content/themes/ecjia-pc/images/star/star-off.png
A	content/themes/ecjia-pc/images/star/star-on-big.png
A	content/themes/ecjia-pc/images/star/star-on.png
A	content/themes/ecjia-pc/images/store.png
A	content/themes/ecjia-pc/images/wechat.png
A	content/themes/ecjia-pc/images/wechat_hover.png
A	content/themes/ecjia-pc/index.dwt.php
A	content/themes/ecjia-pc/js/ecjia.pc.js
A	content/themes/ecjia-pc/js/ecjia.pc.koala.js
A	content/themes/ecjia-pc/js/ecjia.pc.raty.js
A	content/themes/ecjia-pc/lib/bootstrap/css/bootstrap-responsive.min.css
A	content/themes/ecjia-pc/lib/bootstrap/css/bootstrap.min.css
A	content/themes/ecjia-pc/lib/bootstrap/img/glyphicons-halflings-white.png
A	content/themes/ecjia-pc/lib/bootstrap/img/glyphicons-halflings.png
A	content/themes/ecjia-pc/lib/bootstrap/js/bootstrap.min.js
A	content/themes/ecjia-pc/lib/ecjiaUI/ecjia.js
A	content/themes/ecjia-pc/lib/jquery/jquery.cookie.js
A	content/themes/ecjia-pc/lib/jquery/jquery.js
A	content/themes/ecjia-pc/lib/jquery/jquery.min.js
A	content/themes/ecjia-pc/lib/jquery/jquery.min.map
A	content/themes/ecjia-pc/lib/jquery/jquery.pjax.js
A	content/themes/ecjia-pc/lib/swiper/css/swiper.css
A	content/themes/ecjia-pc/lib/swiper/css/swiper.min.css
A	content/themes/ecjia-pc/lib/swiper/js/maps/swiper.jquery.min.js.map
A	content/themes/ecjia-pc/lib/swiper/js/maps/swiper.min.js.map
A	content/themes/ecjia-pc/lib/swiper/js/swiper.jquery.js
A	content/themes/ecjia-pc/lib/swiper/js/swiper.jquery.min.js
A	content/themes/ecjia-pc/lib/swiper/js/swiper.js
A	content/themes/ecjia-pc/lib/swiper/js/swiper.min.js
A	content/themes/ecjia-pc/library/choose_city.lbi.php
A	content/themes/ecjia-pc/library/merchant_header.lbi.php
A	content/themes/ecjia-pc/library/nav.lbi.php
A	content/themes/ecjia-pc/library/no_content.lbi.php
A	content/themes/ecjia-pc/library/page_footer.lbi.php
A	content/themes/ecjia-pc/library/page_header.lbi.php
A	content/themes/ecjia-pc/merchant_comment.dwt.php
A	content/themes/ecjia-pc/merchant_detail.dwt.php
A	content/themes/ecjia-pc/merchant_goods.dwt.php
A	content/themes/ecjia-pc/style.css
A	content/uploads/data/category/1492125035871675478.png
A	content/uploads/data/category/1492125055252298317.png
A	content/uploads/data/category/1492125066281066326.png
A	content/uploads/data/category/1492125077631268427.png
A	content/uploads/data/category/1492125087226450167.png
A	content/uploads/data/category/1492125103050371872.png
A	content/uploads/data/category/1492125114152464142.png
A	content/uploads/data/category/1492125129755365685.png
A	content/uploads/data/category/1492125141810181044.png
A	content/uploads/data/category/1492125187874490674.png
A	content/uploads/data/category/1492544130404920454.png
A	content/uploads/data/category/1492544292666510685.png
A	content/uploads/data/category/1492544304078010576.png
A	content/uploads/data/category/1492544324860507201.png
A	content/uploads/data/category/1492544336420812446.png
A	content/uploads/data/category/1492544349452153817.png
A	content/uploads/data/category/1492544362636255524.png
A	content/uploads/data/category/1492544372710848948.png
A	content/uploads/data/category/1492544383324835917.png
A	content/uploads/data/category/1492544395052605614.png
A	content/uploads/data/cycleimage/1492650692097234468.png
A	content/uploads/data/cycleimage/1492650806593974463.png
A	content/uploads/data/cycleimage/1492651290525993731.png
A	content/uploads/data/cycleimage/1492651307128656813.png
A	content/uploads/data/cycleimage/1492651334051472978.png
A	content/uploads/data/cycleimage/1492651353919196607.png
A	content/uploads/data/shortcut/1493937297749128340.png
A	content/uploads/data/shortcut/1493937331496110512.png
A	content/uploads/data/shortcut/1493937361474592575.png
A	content/uploads/data/shortcut/1493937538760841476.png
A	content/uploads/data/shortcut/1493938174856633281.png
M	index.php
A	sites/app/content/configs/route.php
A	sites/app/content/configs/site.php
A	sites/app/content/configs/system.php
A	sites/app/content/themes/ecjia-app/css/style.css
A	sites/app/content/themes/ecjia-app/functions.php
A	sites/app/content/themes/ecjia-app/images/Android-code.png
A	sites/app/content/themes/ecjia-app/images/blog.png
A	sites/app/content/themes/ecjia-app/images/blog_hover.png
A	sites/app/content/themes/ecjia-app/images/goods-category.jpg
A	sites/app/content/themes/ecjia-app/images/goods-desc.jpg
A	sites/app/content/themes/ecjia-app/images/goods-index.jpg
A	sites/app/content/themes/ecjia-app/images/goods-list.jpg
A	sites/app/content/themes/ecjia-app/images/goods-merchant.jpg
A	sites/app/content/themes/ecjia-app/images/goods-slide.jpg
A	sites/app/content/themes/ecjia-app/images/iPhone-code.png
A	sites/app/content/themes/ecjia-app/images/icon.png
A	sites/app/content/themes/ecjia-app/images/icons.png
A	sites/app/content/themes/ecjia-app/images/logo.png
A	sites/app/content/themes/ecjia-app/images/mouse.png
A	sites/app/content/themes/ecjia-app/images/phone.png
A	sites/app/content/themes/ecjia-app/images/screenshot.png
A	sites/app/content/themes/ecjia-app/images/wechart.png
A	sites/app/content/themes/ecjia-app/images/wechart_hover.png
A	sites/app/content/themes/ecjia-app/index.dwt.php
A	sites/app/content/themes/ecjia-app/js/jquery.min.js
A	sites/app/content/themes/ecjia-app/js/swiper/swiper.css
A	sites/app/content/themes/ecjia-app/js/swiper/swiper.js
A	sites/app/content/themes/ecjia-app/library/brief_intro.lbi.php
A	sites/app/content/themes/ecjia-app/library/shop_subtitle.lbi.php
A	sites/app/content/themes/ecjia-app/style.css
A	sites/app/index.php
M	sites/m/content/themes/h5/cart_list.dwt.php
M	sites/m/content/themes/h5/category_list.dwt.php
A	sites/m/content/themes/h5/choose_address_list.dwt.php
M	sites/m/content/themes/h5/css/ecjia.touch.css
M	sites/m/content/themes/h5/css/ecjia_city.css
M	sites/m/content/themes/h5/ecjia-touch.dwt.php
M	sites/m/content/themes/h5/extras/classes/utility/touch_function.class.php
M	sites/m/content/themes/h5/extras/classes/utility/user_function.class.php
M	sites/m/content/themes/h5/extras/controller/cart_controller.php
M	sites/m/content/themes/h5/extras/controller/connect_controller.php
M	sites/m/content/themes/h5/extras/controller/goods_controller.php
M	sites/m/content/themes/h5/extras/controller/location_controller.php
M	sites/m/content/themes/h5/extras/controller/merchant_controller.php
M	sites/m/content/themes/h5/extras/controller/touch_controller.php
M	sites/m/content/themes/h5/extras/controller/user_address_controller.php
M	sites/m/content/themes/h5/extras/controller/user_bonus_controller.php
M	sites/m/content/themes/h5/extras/controller/user_controller.php
M	sites/m/content/themes/h5/extras/controller/user_get_password_controller.php
M	sites/m/content/themes/h5/extras/controller/user_privilege_controller.php
M	sites/m/content/themes/h5/extras/controller/user_profile_controller.php
M	sites/m/content/themes/h5/flow_bonus.dwt.php
M	sites/m/content/themes/h5/flow_checkout.dwt.php
M	sites/m/content/themes/h5/flow_integral.dwt.php
M	sites/m/content/themes/h5/flow_invoice.dwt.php
M	sites/m/content/themes/h5/flow_note.dwt.php
M	sites/m/content/themes/h5/flow_pay.dwt.php
M	sites/m/content/themes/h5/flow_shipping.dwt.php
M	sites/m/content/themes/h5/flow_shipping_date.dwt.php
M	sites/m/content/themes/h5/franchisee_get_location.dwt.php
M	sites/m/content/themes/h5/functions.php
M	sites/m/content/themes/h5/goods_show.dwt.php
A	sites/m/content/themes/h5/images/address_list/50x50_7.png
A	sites/m/content/themes/h5/images/cart/ddd.png
A	sites/m/content/themes/h5/images/cart/gc.png
A	sites/m/content/themes/h5/images/cart/jiantou-right.png
A	sites/m/content/themes/h5/images/cart/loc2.png
A	sites/m/content/themes/h5/images/cart/tan.png
A	sites/m/content/themes/h5/images/user_center/75x75_15.png
M	sites/m/content/themes/h5/js/ecjia.touch.b2b2c.js
M	sites/m/content/themes/h5/js/ecjia.touch.comment.js
M	sites/m/content/themes/h5/js/ecjia.touch.flow.js
M	sites/m/content/themes/h5/js/ecjia.touch.franchisee.js
M	sites/m/content/themes/h5/js/ecjia.touch.goods.js
M	sites/m/content/themes/h5/js/ecjia.touch.goods_detail.js
A	sites/m/content/themes/h5/js/ecjia.touch.intro.min.js
M	sites/m/content/themes/h5/js/ecjia.touch.js
A	sites/m/content/themes/h5/js/ecjia.touch.koala.js
M	sites/m/content/themes/h5/js/ecjia.touch.merchant.js
M	sites/m/content/themes/h5/js/ecjia.touch.others.js
M	sites/m/content/themes/h5/js/ecjia.touch.user.js
M	sites/m/content/themes/h5/js/ecjia.touch.user_account.js
M	sites/m/content/themes/h5/js/greenCheck.js
A	sites/m/content/themes/h5/lib/iOSOverlay/css/iosOverlay.css
A	sites/m/content/themes/h5/lib/iOSOverlay/js/iosOverlay.js
A	sites/m/content/themes/h5/lib/iOSOverlay/js/prettify.js
A	sites/m/content/themes/h5/lib/jquery-localstorage/jquery.localstorage.js
M	sites/m/content/themes/h5/lib/jquery/jquery.pjax.js
M	sites/m/content/themes/h5/library/index_header.lbi.php
M	sites/m/content/themes/h5/library/merchant_detail.lbi.php
M	sites/m/content/themes/h5/library/merchant_head.lbi.php
M	sites/m/content/themes/h5/library/model_banner.lbi.php
M	sites/m/content/themes/h5/library/model_download.lbi.php
M	sites/m/content/themes/h5/library/page_header.lbi.php
M	sites/m/content/themes/h5/merchant.dwt.php
M	sites/m/content/themes/h5/search_location.dwt.php
M	sites/m/content/themes/h5/select_location.dwt.php
M	sites/m/content/themes/h5/select_location_city.dwt.php
M	sites/m/content/themes/h5/store_list.dwt.php
M	sites/m/content/themes/h5/user.dwt.php
A	sites/m/content/themes/h5/user_account_bind.dwt.php
M	sites/m/content/themes/h5/user_address_edit.dwt.php
M	sites/m/content/themes/h5/user_address_list.dwt.php
A	sites/m/content/themes/h5/user_bind_info.dwt.php
M	sites/m/content/themes/h5/user_bonus.dwt.php
M	sites/m/content/themes/h5/user_edit_password.dwt.php
M	sites/m/content/themes/h5/user_modify_username.dwt.php
M	sites/m/content/themes/h5/user_near_location.dwt.php
M	sites/m/content/themes/h5/user_order_detail.dwt.php
M	sites/m/content/themes/h5/user_profile.dwt.php
M	sites/m/content/themes/h5/user_register.dwt.php
M	vendor/composer/autoload_namespaces.php
M	vendor/royalcms/framework/Royalcms/Component/Container/BindingResolutionException.php
M	vendor/royalcms/framework/Royalcms/Component/Container/ContextualBindingBuilder.php
A	vendor/royalcms/framework/Royalcms/Component/Container/Contracts/Container.php
A	vendor/royalcms/framework/Royalcms/Component/Container/Contracts/ContextualBindingBuilder.php
M	vendor/royalcms/framework/Royalcms/Component/Database/Schema/Blueprint.php
M	vendor/royalcms/framework/Royalcms/Component/Database/Schema/Grammars/Grammar.php
M	vendor/royalcms/framework/Royalcms/Component/Exception/Handler.php
M	vendor/royalcms/framework/Royalcms/Component/Foundation/Royalcms.php
M	vendor/royalcms/framework/Royalcms/Component/Log/FileStore.php
A	vendor/royalcms/framework/Royalcms/Component/Support/Arr.php
M	vendor/royalcms/framework/Royalcms/Component/Support/Collection.php
M	vendor/royalcms/framework/Royalcms/Component/Support/Facades/Cookie.php
A	vendor/royalcms/framework/Royalcms/Component/Support/Traits/CapsuleManagerTrait.php
A	vendor/royalcms/framework/Royalcms/Component/Support/Traits/Macroable.php
M	vendor/royalcms/framework/bootstrap/helpers.php
A	vendor/royalcms/repository/Royalcms/Component/Repository/Contracts/RepositoryContract.php
A	vendor/royalcms/repository/Royalcms/Component/Repository/Exceptions/RepositoryException.php
A	vendor/royalcms/repository/Royalcms/Component/Repository/Repositories/AbstractRepository.php
A	vendor/royalcms/repository/Royalcms/Component/Repository/RepositoryServiceProvider.php
A	vendor/royalcms/repository/Royalcms/Component/Repository/Traits/Cacheable.php
A	vendor/royalcms/repository/config/repositories.php
M	vendor/royalcms/wechat-menu/Royalcms/Component/WeChat/Menu/Menu.php
A	vendor/royalcms/wechat-user/README.md
A	vendor/royalcms/wechat-user/Royalcms/Component/WeChat/User/Group.php
A	vendor/royalcms/wechat-user/Royalcms/Component/WeChat/User/MiniAppUser.php
A	vendor/royalcms/wechat-user/Royalcms/Component/WeChat/User/MiniAppUserServiceProvider.php
A	vendor/royalcms/wechat-user/Royalcms/Component/WeChat/User/Tag.php
A	vendor/royalcms/wechat-user/Royalcms/Component/WeChat/User/User.php
A	vendor/royalcms/wechat-user/Royalcms/Component/WeChat/User/UserServiceProvider.php
M	vendor/royalcms/wechat/Royalcms/Component/WeChat/Config/config.php
M	vendor/royalcms/wechat/Royalcms/Component/WeChat/Core/AbstractAPI.php
M	vendor/royalcms/wechat/Royalcms/Component/WeChat/Foundation/WeChat.php
M	vendor/royalcms/wechat/Royalcms/Component/WeChat/Utility.php
M	vendor/royalcms/wechat/Royalcms/Component/WeChat/WeChatAPI.php
A	vendor/royalcms/wechat/certificates/cacert.pem
