M	bootstrap/classmap.php
M	bootstrap/compiled.php
M	content/apps/bonus/classes/hooks/admin_bonus.class.php
M	content/apps/bonus/classes/hooks/merchant_bonus.class.php
M	content/apps/bonus/configs/package.cfg.php
M	content/apps/captcha/admin_captcha.php
M	content/apps/captcha/classes/captcha_method.class.php
M	content/apps/captcha/classes/hooks/admin_captcha.class.php
M	content/apps/captcha/classes/hooks/merchant_captcha.class.php
M	content/apps/captcha/configs/package.cfg.php
M	content/apps/captcha/index.php
M	content/apps/captcha/merchant_captcha.php
M	content/apps/captcha/modules/captcha/admin/mail_module.class.php
M	content/apps/captcha/modules/captcha/admin/sms_module.class.php
A	content/apps/captcha/modules/captcha/image_module.class.php
M	content/apps/captcha/modules/captcha/mail_module.class.php
M	content/apps/captcha/modules/captcha/sms_module.class.php
M	content/apps/cart/classes/cart.class.php
M	content/apps/cart/configs/package.cfg.php
M	content/apps/cart/functions/cart.func.php
M	content/apps/cart/functions/cashdesk.func.php
M	content/apps/cart/modules/admin/bonus/validate_module.class.php
M	content/apps/cart/modules/admin/flow/checkOrder_module.class.php
M	content/apps/cart/modules/admin/flow/done_module.class.php
M	content/apps/cart/modules/storebuy/flow/checkOrder_module.class.php
M	content/apps/comment/configs/package.cfg.php
M	content/apps/comment/modules/goods/comments_module.class.php
M	content/apps/comment/modules/store/comments_module.class.php
M	content/apps/comment/templates/admin/comment_info.dwt.php
M	content/apps/comment/templates/admin/comment_trash.dwt.php
M	content/apps/commission/classes/store_bill.class.php
M	content/apps/commission/configs/package.cfg.php
M	content/apps/connect/classes/hooks/admin_connect.class.php
M	content/apps/connect/configs/package.cfg.php
M	content/apps/express/configs/package.cfg.php
M	content/apps/express/modules/express/detail_module.class.php
M	content/apps/express/modules/express/grab_module.class.php
M	content/apps/express/modules/express/list_module.class.php
M	content/apps/express/modules/express/pickup_module.class.php
M	content/apps/favourable/admin.php
M	content/apps/favourable/classes/hooks/admin_favourable.class.php
M	content/apps/favourable/classes/hooks/merchant_favourable.class.php
M	content/apps/favourable/configs/package.cfg.php
A	content/apps/friendlink/admin.php
A	content/apps/friendlink/apis/friendlink_admin_purview_api.class.php
A	content/apps/friendlink/apis/friendlink_tool_menu_api.class.php
A	content/apps/friendlink/classes/friendlink_installer.class.php
A	content/apps/friendlink/configs/package.cfg.php
A	content/apps/friendlink/languages/en_US/friend_link.lang.php
A	content/apps/friendlink/languages/en_US/package.lang.php
A	content/apps/friendlink/languages/zh-cn/friend_link.lang.php
A	content/apps/friendlink/languages/zh-cn/package.lang.php
A	content/apps/friendlink/languages/zh_CN/friend_link.lang.php
A	content/apps/friendlink/languages/zh_CN/package.lang.php
A	content/apps/friendlink/statics/js/friendlink.js
A	content/apps/friendlink/templates/admin/link_edit.dwt.php
A	content/apps/friendlink/templates/admin/link_list.dwt.php
M	content/apps/goods/admin_attribute.php
M	content/apps/goods/configs/package.cfg.php
M	content/apps/goods/functions/admin_goods.func.php
M	content/apps/goods/modules/seller/list_module.class.php
M	content/apps/goods/templates/admin/attribute_list.dwt.php
M	content/apps/market/configs/package.cfg.php
M	content/apps/market/modules/activity/shake_module.class.php
M	content/apps/merchant/configs/package.cfg.php
M	content/apps/merchant/modules/admin/merchant/validate_module.class.php
M	content/apps/merchant/modules/seller/list_module.class.php
M	content/apps/merchant/statics/img/template/template_3.png
A	content/apps/merchant/statics/img/template/template_4.png
M	content/apps/merchant/templates/merchant/library/common_header.lbi.php
M	content/apps/merchant/templates/merchant/merchant_basic_info.dwt.php
M	content/apps/merchant/templates/merchant/merchant_template.dwt.php
M	content/apps/mobile/configs/package.cfg.php
M	content/apps/mobile/modules/admin/shop/attach/add_module.class.php
M	content/apps/orders/classes/OrderStatus.php
M	content/apps/orders/classes/hooks/admin_orders.class.php
M	content/apps/orders/classes/hooks/merchant_orders.class.php
M	content/apps/orders/configs/package.cfg.php
M	content/apps/orders/mh_delivery.php
M	content/apps/orders/modules/admin/orders/check_module.class.php
M	content/apps/orders/modules/admin/orders/express_module.class.php
M	content/apps/orders/modules/admin/orders/today_module.class.php
M	content/apps/orders/modules/admin/stats/payment_module.class.php
M	content/apps/orders/modules/order/affirmReceived_module.class.php
A	content/apps/payment/classes/Facades/Payment.php
A	content/apps/payment/classes/PaymentServiceProvider.php
M	content/apps/payment/classes/hooks/admin_payment.class.php
D	content/apps/payment/classes/payment_abstract.class.php
M	content/apps/payment/configs/package.cfg.php
M	content/apps/platform/admin.php
M	content/apps/platform/configs/package.cfg.php
M	content/apps/platform/languages/zh_CN/platform.lang.php
M	content/apps/platform/statics/js/platform.js
M	content/apps/platform/templates/admin/wechat_edit.dwt.php
M	content/apps/printer/admin_store_printer.php
M	content/apps/printer/configs/package.cfg.php
M	content/apps/printer/mh_print.php
M	content/apps/quickpay/classes/quickpay_activity.class.php
M	content/apps/quickpay/configs/package.cfg.php
M	content/apps/setting/admin_region.php
M	content/apps/setting/classes/Region.php
M	content/apps/setting/configs/package.cfg.php
M	content/apps/setting/modules/shop/config_module.class.php
M	content/apps/setting/modules/shop/region/detail_module.class.php
M	content/apps/shopguide/admin.php
M	content/apps/shopguide/configs/package.cfg.php
A	content/apps/sms/classes/Events/SmsJoinMerchantFail.php
M	content/apps/sms/configs/package.cfg.php
M	content/apps/staff/configs/package.cfg.php
D	content/apps/user/modules/admin/user/account/update_module.class.php
A	content/apps/staff/modules/admin/user/account/update_module.class.php
D	content/apps/user/modules/admin/user/account/validate_module.class.php
A	content/apps/staff/modules/admin/user/account/validate_module.class.php
D	content/apps/user/modules/admin/user/bind_module.class.php
A	content/apps/staff/modules/admin/user/bind_module.class.php
D	content/apps/user/modules/admin/user/info_module.class.php
A	content/apps/staff/modules/admin/user/info_module.class.php
D	content/apps/user/modules/admin/user/password_module.class.php
A	content/apps/staff/modules/admin/user/password_module.class.php
D	content/apps/user/modules/admin/user/rank_module.class.php
A	content/apps/staff/modules/admin/user/rank_module.class.php
D	content/apps/user/modules/admin/user/search_module.class.php
A	content/apps/staff/modules/admin/user/search_module.class.php
D	content/apps/user/modules/admin/user/signout_module.class.php
A	content/apps/staff/modules/admin/user/signout_module.class.php
D	content/apps/user/modules/v2/admin/user/forget_request_module.class.php
A	content/apps/staff/modules/v2/admin/user/forget_request_module.class.php
D	content/apps/user/modules/v2/admin/user/forget_validate_module.class.php
A	content/apps/staff/modules/v2/admin/user/forget_validate_module.class.php
D	content/apps/user/modules/v2/admin/user/signin_module.class.php
A	content/apps/staff/modules/v2/admin/user/signin_module.class.php
D	content/apps/user/modules/v2/admin/user/update_module.class.php
A	content/apps/staff/modules/v2/admin/user/update_module.class.php
D	content/apps/user/modules/v2/admin/user/userinfo_module.class.php
A	content/apps/staff/modules/v2/admin/user/userinfo_module.class.php
M	content/apps/store/admin_preaudit.php
M	content/apps/store/configs/package.cfg.php
M	content/apps/touch/classes/ecjia_touch_api.class.php
M	content/apps/user/configs/package.cfg.php
M	content/apps/user/modules/user/account/cancel_module.class.php
M	content/apps/user/modules/user/account/pay_module.class.php
A	content/apps/user/modules/user/account/switchPayment_module.class.php
M	content/apps/user/modules/user/forget_password_module.class.php
M	content/apps/user/modules/user/userbind_module.class.php
M	content/apps/user/statics/front/images/receive-success.png
M	content/apps/user/statics/front/images/reward_header.png
M	content/apps/wechat/classes/hooks/admin_wechat.class.php
M	content/apps/wechat/configs/package.cfg.php
M	content/configs/api.php
A	content/configs/packages/royalcms/memcache/config.php
M	content/configs/release.php
A	content/database/migrations/2018_02_02_112721_create_friend_link_table.php
A	content/database/patchs/v1.13.0/Version_11300.php
D	vendor/royalcms/framework/Royalcms/Component/Convert/encoding/gb-big5.table
A	content/database/patchs/v1.13.0/ecjia-daojia-patch-v1.13.0.log
A	content/database/patchs/v1.13.0/readme.txt
M	content/database/seeds/DemoDatabaseSeeder.php
A	content/database/seeds/DemoFriendLinkTableSeeder.php
M	content/database/seeds/InitShopConfigTableSeeder.php
M	content/plugins/mp_orders/mp_orders.class.php
M	content/plugins/ueditor/Royalcms/Component/UEditor/FileManager.php
M	content/plugins/ueditor/Royalcms/Component/UEditor/UEditorController.php
M	content/plugins/ueditor/Royalcms/Component/UEditor/UEditorServiceProvider.php
M	content/plugins/ueditor/Royalcms/Component/UEditor/Uploader/UploadBase.php
M	content/plugins/ueditor/Royalcms/Component/UEditor/Uploader/UploadCatch.php
M	content/plugins/ueditor/Royalcms/Component/UEditor/Uploader/UploadFile.php
M	content/plugins/ueditor/Royalcms/Component/UEditor/Uploader/UploadScrawl.php
M	content/plugins/ueditor/ueditor.php
M	content/system/admin_message.php
M	content/system/classes/Plugin/PluginManager.php
M	content/system/classes/ecjia.class.php
M	content/system/classes/hooks/admin_system.class.php
M	content/system/start/global.php
M	content/themes/ecjia-pc/css/style.css
M	content/themes/ecjia-pc/extras/classes/utility/pc_function.class.php
M	content/themes/ecjia-pc/extras/controller/merchant_controller.php
M	content/themes/ecjia-pc/library/page_footer.lbi.php
A	content/uploads/data/friendlink/1516064370074434971.png
A	content/uploads/data/friendlink/1516064398084199921.png
A	content/uploads/data/friendlink/1516064416107998015.png
A	content/uploads/data/friendlink/1516064454522712258.png
A	content/uploads/data/friendlink/1516064461322168913.png
A	content/uploads/data/friendlink/1516064468293462321.png
A	content/uploads/data/friendlink/1516064475491192193.png
A	content/uploads/data/friendlink/1516065080563470058.png
A	content/uploads/data/friendlink/1516065143412858667.png
M	sites/m/content/themes/h5/css/ecjia_city.css
M	sites/m/content/themes/h5/extras/controller/pay_controller.php
M	sites/m/content/themes/h5/extras/controller/user_account_controller.php
M	sites/m/content/themes/h5/flow_invoice.dwt.php
M	sites/m/content/themes/h5/functions.php
M	sites/m/content/themes/h5/js/ecjia.touch.user.js
M	sites/m/content/themes/h5/js/ecjia.touch.user_account.js
M	sites/m/content/themes/h5/user_account_recharge.dwt.php
A	sites/m/content/themes/h5/user_account_recharge_again.dwt.php
M	sites/m/content/themes/h5/user_record_info.dwt.php
M	vendor/composer/autoload_namespaces.php
D	vendor/royalcms/framework/Royalcms/Component/Convert/Charset.php
A	vendor/royalcms/convert/Royalcms/Component/Convert/Charset.php
D	vendor/royalcms/framework/Royalcms/Component/Convert/encoding/big5-gb.table
A	vendor/royalcms/convert/Royalcms/Component/Convert/encoding/big5-gb.table
D	vendor/royalcms/framework/Royalcms/Component/Convert/encoding/big5-unicode.table
A	vendor/royalcms/convert/Royalcms/Component/Convert/encoding/big5-unicode.table
D	vendor/royalcms/framework/Royalcms/Component/Convert/encoding/big5_utf8.php
A	vendor/royalcms/convert/Royalcms/Component/Convert/encoding/big5_utf8.php
A	vendor/royalcms/convert/Royalcms/Component/Convert/encoding/gb-big5.table
D	vendor/royalcms/framework/Royalcms/Component/Convert/encoding/gb-unicode.table
A	vendor/royalcms/convert/Royalcms/Component/Convert/encoding/gb-unicode.table
D	vendor/royalcms/framework/Royalcms/Component/Convert/encoding/gb_utf8.php
A	vendor/royalcms/convert/Royalcms/Component/Convert/encoding/gb_utf8.php
M	vendor/royalcms/framework/Royalcms/Component/Config/Resources/coreservice.php
D	vendor/royalcms/framework/Royalcms/Component/Convert/Pinyin.php
D	vendor/royalcms/framework/Royalcms/Component/Convert/encoding/gb-pinyin.table
D	vendor/royalcms/framework/Royalcms/Component/FilesystemKernel/Aliyunoss.php
D	vendor/royalcms/framework/Royalcms/Component/FilesystemKernel/Direct.php
D	vendor/royalcms/framework/Royalcms/Component/FilesystemKernel/FTPext.php
D	vendor/royalcms/framework/Royalcms/Component/FilesystemKernel/Filesystem.php
D	vendor/royalcms/framework/Royalcms/Component/FilesystemKernel/FilesystemAdapter.php
D	vendor/royalcms/framework/Royalcms/Component/FilesystemKernel/FilesystemBase.php
D	vendor/royalcms/framework/Royalcms/Component/FilesystemKernel/FilesystemManager.php
D	vendor/royalcms/framework/Royalcms/Component/FilesystemKernel/FilesystemServiceProvider.php
D	vendor/royalcms/framework/Royalcms/Component/FilesystemKernel/Local.php
D	vendor/royalcms/framework/Royalcms/Component/FilesystemKernel/SSH2.php
D	vendor/royalcms/framework/Royalcms/Component/FilesystemKernel/ftpsockets.php
M	vendor/royalcms/framework/Royalcms/Component/Foundation/Console/Optimize/config.php
D	vendor/royalcms/framework/Royalcms/Component/Foundation/Locale.php
M	vendor/royalcms/framework/Royalcms/Component/Foundation/Royalcms.php
D	vendor/royalcms/framework/Royalcms/Component/Gearman/Client.php
D	vendor/royalcms/framework/Royalcms/Component/Gearman/Daemon.php
D	vendor/royalcms/framework/Royalcms/Component/Gearman/Job.php
D	vendor/royalcms/framework/Royalcms/Component/Gearman/Request.php
D	vendor/royalcms/framework/Royalcms/Component/Gearman/Response.php
D	vendor/royalcms/framework/Royalcms/Component/Gearman/Task.php
D	vendor/royalcms/framework/Royalcms/Component/Gearman/Worker.php
M	vendor/royalcms/framework/Royalcms/Component/Package/PackageManager.php
D	vendor/royalcms/framework/Royalcms/Component/PemFTP/Base.php
D	vendor/royalcms/framework/Royalcms/Component/PemFTP/Pure.php
D	vendor/royalcms/framework/Royalcms/Component/PemFTP/Sockets.php
D	vendor/royalcms/framework/Royalcms/Component/Pomo/CachedFileReader.php
D	vendor/royalcms/framework/Royalcms/Component/Pomo/CachedIntFileReader.php
D	vendor/royalcms/framework/Royalcms/Component/Support/Facades/Filesystem.php
M	vendor/royalcms/framework/Royalcms/Component/Support/Facades/Storage.php
D	vendor/royalcms/framework/Royalcms/Component/Translation/Entry.php
D	vendor/royalcms/framework/Royalcms/Component/Translation/MO.php
M	vendor/royalcms/framework/bootstrap/const.php
A	vendor/royalcms/ftp/Royalcms/Component/Ftp/Facades/Ftp.php
A	vendor/royalcms/ftp/Royalcms/Component/Ftp/Ftp.php
A	vendor/royalcms/ftp/Royalcms/Component/Ftp/FtpManager.php
A	vendor/royalcms/ftp/Royalcms/Component/Ftp/FtpServiceProvider.php
A	vendor/royalcms/ftp/config/config.php
A	vendor/royalcms/gearman/README.md
A	vendor/royalcms/gearman/Royalcms/Component/Gearman/Connectors/GearmanConnector.php
A	vendor/royalcms/gearman/Royalcms/Component/Gearman/GearmanQueue.php
A	vendor/royalcms/gearman/Royalcms/Component/Gearman/GearmanServiceProvider.php
A	vendor/royalcms/gearman/Royalcms/Component/Gearman/Jobs/GearmanJob.php
A	vendor/royalcms/gearman/config/config.php
M	vendor/royalcms/gettext/Royalcms/Component/Gettext/Entry.php
A	vendor/royalcms/gettext/Royalcms/Component/Gettext/Facades/Gettext.php
A	vendor/royalcms/gettext/Royalcms/Component/Gettext/Gettext.php
A	vendor/royalcms/gettext/Royalcms/Component/Gettext/GettextServiceProvider.php
D	vendor/royalcms/gettext/Royalcms/Component/Gettext/GettextTranslations.php
A	vendor/royalcms/gettext/Royalcms/Component/Gettext/Locale.php
D	vendor/royalcms/gettext/Royalcms/Component/Gettext/MO.php
A	vendor/royalcms/gettext/Royalcms/Component/Gettext/MachineObject.php
D	vendor/royalcms/gettext/Royalcms/Component/Gettext/NoopTranslations.php
D	vendor/royalcms/gettext/Royalcms/Component/Gettext/PO.php
D	vendor/royalcms/gettext/Royalcms/Component/Gettext/Pomo/FileReader.php
D	vendor/royalcms/gettext/Royalcms/Component/Gettext/Pomo/Reader.php
D	vendor/royalcms/gettext/Royalcms/Component/Gettext/Pomo/StringReader.php
D	vendor/royalcms/framework/Royalcms/Component/Translation/PO.php
A	vendor/royalcms/gettext/Royalcms/Component/Gettext/PortableObject.php
D	vendor/royalcms/gettext/Royalcms/Component/Gettext/Pomo/CachedFileReader.php
A	vendor/royalcms/gettext/Royalcms/Component/Gettext/Reader/CachedFileReader.php
D	vendor/royalcms/gettext/Royalcms/Component/Gettext/Pomo/CachedIntFileReader.php
A	vendor/royalcms/gettext/Royalcms/Component/Gettext/Reader/CachedIntFileReader.php
D	vendor/royalcms/framework/Royalcms/Component/Pomo/FileReader.php
A	vendor/royalcms/gettext/Royalcms/Component/Gettext/Reader/FileReader.php
D	vendor/royalcms/framework/Royalcms/Component/Pomo/Reader.php
A	vendor/royalcms/gettext/Royalcms/Component/Gettext/Reader/Reader.php
D	vendor/royalcms/framework/Royalcms/Component/Pomo/StringReader.php
A	vendor/royalcms/gettext/Royalcms/Component/Gettext/Reader/StringReader.php
A	vendor/royalcms/gettext/Royalcms/Component/Gettext/TextdomainManager.php
D	vendor/royalcms/gettext/Royalcms/Component/Gettext/Translations.php
D	vendor/royalcms/framework/Royalcms/Component/Translation/GettextTranslations.php
A	vendor/royalcms/gettext/Royalcms/Component/Gettext/Translations/GettextTranslations.php
D	vendor/royalcms/framework/Royalcms/Component/Translation/NoopTranslations.php
A	vendor/royalcms/gettext/Royalcms/Component/Gettext/Translations/NoopTranslations.php
D	vendor/royalcms/framework/Royalcms/Component/Translation/Translations.php
A	vendor/royalcms/gettext/Royalcms/Component/Gettext/Translations/Translations.php
M	vendor/royalcms/memcache/Royalcms/Component/Memcache/AnalysisUtils.php
M	vendor/royalcms/memcache/Royalcms/Component/Memcache/CommandFactory.php
M	vendor/royalcms/memcache/Royalcms/Component/Memcache/CommandInterface.php
M	vendor/royalcms/memcache/Royalcms/Component/Memcache/MemcacheHandler.php
M	vendor/royalcms/memcache/Royalcms/Component/Memcache/MemcacheServiceProvider.php
M	vendor/royalcms/memcache/Royalcms/Component/Memcache/MemcachedHandler.php
M	vendor/royalcms/memcache/Royalcms/Component/Memcache/Repository.php
M	vendor/royalcms/memcache/Royalcms/Component/Memcache/ServerHandler.php
D	vendor/royalcms/memcache/Royalcms/Component/Memcache/Config/config.php
A	vendor/royalcms/memcache/config/config.php
D	vendor/royalcms/framework/Royalcms/Component/Model/Database/Database.php
A	vendor/royalcms/model/Royalcms/Component/Model/Database/Database.php
D	vendor/royalcms/framework/Royalcms/Component/Model/Database/DatabaseFactory.php
A	vendor/royalcms/model/Royalcms/Component/Model/Database/DatabaseFactory.php
D	vendor/royalcms/framework/Royalcms/Component/Model/Database/DatabaseInterface.php
A	vendor/royalcms/model/Royalcms/Component/Model/Database/DatabaseInterface.php
D	vendor/royalcms/framework/Royalcms/Component/Model/Database/Mysql.php
A	vendor/royalcms/model/Royalcms/Component/Model/Database/Mysql.php
D	vendor/royalcms/framework/Royalcms/Component/Model/Database/Mysqli.php
A	vendor/royalcms/model/Royalcms/Component/Model/Database/Mysqli.php
D	vendor/royalcms/framework/Royalcms/Component/Model/Database/Pdo.php
A	vendor/royalcms/model/Royalcms/Component/Model/Database/Pdo.php
D	vendor/royalcms/framework/Royalcms/Component/Model/Model.php
A	vendor/royalcms/model/Royalcms/Component/Model/Model.php
D	vendor/royalcms/framework/Royalcms/Component/Model/ModelManage.php
A	vendor/royalcms/model/Royalcms/Component/Model/ModelManage.php
D	vendor/royalcms/framework/Royalcms/Component/Model/NullModel.php
A	vendor/royalcms/model/Royalcms/Component/Model/NullModel.php
D	vendor/royalcms/framework/Royalcms/Component/Model/RelationModel.php
A	vendor/royalcms/model/Royalcms/Component/Model/RelationModel.php
D	vendor/royalcms/framework/Royalcms/Component/Model/ViewModel.php
A	vendor/royalcms/model/Royalcms/Component/Model/ViewModel.php
D	vendor/royalcms/framework/Royalcms/Component/Reflection/ApiHelper.php
A	vendor/royalcms/reflection/Royalcms/Component/Reflection/ApiHelper.php
D	vendor/royalcms/framework/Royalcms/Component/Reflection/Reflection.php
A	vendor/royalcms/reflection/Royalcms/Component/Reflection/Reflection.php
D	vendor/royalcms/framework/Royalcms/Component/Reflection/ReflectionClass.php
A	vendor/royalcms/reflection/Royalcms/Component/Reflection/ReflectionClass.php
M	vendor/royalcms/storage/Royalcms/Component/Storage/FilesystemBase.php
D	vendor/royalcms/framework/Royalcms/Component/Upload/Upload.php
A	vendor/royalcms/upload/Royalcms/Component/Upload/Upload.php
D	vendor/royalcms/framework/Royalcms/Component/Upload/Uploader.php
A	vendor/royalcms/upload/Royalcms/Component/Upload/Uploader.php
A	vendor/royalcms/uploader/README.md
A	vendor/royalcms/uploader/Royalcms/Component/Uploader/Contracts/Factory.php
A	vendor/royalcms/uploader/Royalcms/Component/Uploader/Contracts/Provider.php
A	vendor/royalcms/uploader/Royalcms/Component/Uploader/Contracts/Uploader.php
A	vendor/royalcms/uploader/Royalcms/Component/Uploader/Facades/Uploader.php
A	vendor/royalcms/uploader/Royalcms/Component/Uploader/InvalidFileException.php
A	vendor/royalcms/uploader/Royalcms/Component/Uploader/Providers/HttpRequestProvider.php
A	vendor/royalcms/uploader/Royalcms/Component/Uploader/Providers/LocalProvider.php
A	vendor/royalcms/uploader/Royalcms/Component/Uploader/Support/FileSetter.php
A	vendor/royalcms/uploader/Royalcms/Component/Uploader/Uploader.php
A	vendor/royalcms/uploader/Royalcms/Component/Uploader/UploaderManager.php
A	vendor/royalcms/uploader/Royalcms/Component/Uploader/UploaderServiceProvider.php
A	vendor/royalcms/uploader/config/uploader.php
