M	bootstrap/classmap.php
M	content/apps/adsense/admin.php
M	content/apps/adsense/statics/js/ad_position.js
M	content/apps/adsense/statics/js/cycleimage.js
M	content/apps/adsense/statics/js/shortcut.js
M	content/apps/adsense/templates/admin/adsense_info.dwt.php
M	content/apps/adsense/templates/admin/adsense_list.dwt.php
M	content/apps/api/classes/api_admin.class.php
M	content/apps/article/admin.php
M	content/apps/article/admin_articlecat.php
A	content/apps/article/classes/Models/ArticleCatModel.php
A	content/apps/article/classes/Models/ArticleModel.php
M	content/apps/article/classes/article_cat.class.php
A	content/apps/article/configs/cattype.cfg.php
A	content/apps/captcha/modules/captcha/admin/mail_module.class.php
A	content/apps/captcha/modules/captcha/admin/sms_module.class.php
A	content/apps/captcha/modules/captcha/mail_module.class.php
A	content/apps/captcha/modules/captcha/sms_module.class.php
M	content/apps/cart/apis/cart_flow_done_api.class.php
M	content/apps/cart/classes/cart.class.php
M	content/apps/cart/modules/flow/checkOrder_module.class.php
M	content/apps/comment/apis/comment_merchant_menu_api.class.php
M	content/apps/express/modules/express/list_module.class.php
M	content/apps/express/modules/express/user/info_module.class.php
M	content/apps/goods/apis/goods_merchant_menu_api.class.php
M	content/apps/goods/functions/admin_goods.func.php
M	content/apps/goods/modules/admin/goods/add_module.class.php
M	content/apps/goods/modules/admin/goods/detail_module.class.php
M	content/apps/goods/modules/admin/goods/gallery/add_module.class.php
A	content/apps/goods/modules/admin/goods/gallery/delete_batch_module.class.php
A	content/apps/goods/modules/admin/goods/gallery/sort_module.class.php
M	content/apps/goods/modules/admin/goods/list_module.class.php
M	content/apps/goods/modules/admin/goods/merchant/category/show_module.class.php
M	content/apps/goods/modules/admin/goods/merchant/category/update_module.class.php
M	content/apps/goods/modules/admin/goods/update_module.class.php
M	content/apps/merchant/apis/merchant_merchant_menu_api.class.php
M	content/apps/merchant/statics/mh-css/ecjia-merchant.ui.css
A	content/apps/notification/modules/admin/merchant/unread_count_module.class.php
M	content/apps/orders/admin_order_delivery.php
M	content/apps/orders/merchant.php
M	content/apps/orders/mh_delivery.php
M	content/apps/orders/modules/admin/orders/express_module.class.php
M	content/apps/orders/modules/admin/orders/operate/shipping_module.class.php
M	content/apps/orders/modules/admin/orders/payConfirm_module.class.php
M	content/apps/orders/modules/order/affirmReceived_module.class.php
M	content/apps/promotion/apis/promotion_merchant_menu_api.class.php
M	content/apps/shipping/apis/shipping_merchant_menu_api.class.php
M	content/apps/shipping/classes/shipping_method.class.php
M	content/apps/touch/classes/ecjia_touch_api.class.php
D	content/apps/touch/configs/convention.cfg.php
M	content/apps/user/apis/user_address_manage_api.class.php
M	content/apps/user/modules/admin/user/bind_module.class.php
A	content/apps/user/modules/admin/validate/get_module.class.php
M	content/apps/user/modules/user/bind_module.class.php
M	content/apps/user/modules/v2/admin/user/update_module.class.php
M	content/configs/api.php
M	content/configs/namespaces.php
M	content/configs/release.php
M	content/database/patchs/v1.5.0/readme.txt
D	content/apps/touch/configs/constant.cfg.php
A	content/database/patchs/v1.5.1/Version_10501.php
A	content/database/patchs/v1.5.1/ecjia-daojia-patch-v1.5.1.log
A	content/database/patchs/v1.5.1/readme.txt
A	content/database/seeds/DemoAttributeTableSeeder.php
M	content/database/seeds/DemoDatabaseSeeder.php
A	content/plugins/ship_no_express/config.php
A	content/plugins/ship_no_express/languages/zh-cn/plugin.lang.php
A	content/plugins/ship_no_express/ship_no_express.class.php
A	content/plugins/ship_no_express/ship_no_express.php
M	content/themes/ecjia-intro/functions.php
M	content/themes/ecjia-pc/css/style.css
M	content/themes/ecjia-pc/ecjia-pc.dwt.php
M	content/themes/ecjia-pc/extras/classes/utility/pc_function.class.php
M	content/themes/ecjia-pc/extras/controller/goods_controller.php
M	content/themes/ecjia-pc/extras/controller/merchant_controller.php
M	content/themes/ecjia-pc/extras/controller/pc_controller.php
M	content/themes/ecjia-pc/js/ecjia.pc.js
M	content/themes/ecjia-pc/library/choose_city.lbi.php
M	sites/app/content/themes/ecjia-app/functions.php
M	sites/m/content/themes/h5/css/ecjia_city.css
M	sites/m/content/themes/h5/extras/controller/user_address_controller.php
M	sites/m/content/themes/h5/extras/controller/user_controller.php
M	sites/m/content/themes/h5/extras/controller/user_profile_controller.php
M	sites/m/content/themes/h5/franchisee_first.dwt.php
M	sites/m/content/themes/h5/franchisee_get_location.dwt.php
M	sites/m/content/themes/h5/franchisee_second.dwt.php
A	sites/m/content/themes/h5/images/icon/icon_new_mark.png
M	sites/m/content/themes/h5/js/ecjia.touch.js
M	sites/m/content/themes/h5/spread.dwt.php
M	sites/m/content/themes/h5/user.dwt.php
M	sites/m/content/themes/h5/user_address_edit.dwt.php
M	sites/m/content/themes/h5/user_address_list.dwt.php
M	sites/m/content/themes/h5/user_bind_info.dwt.php
M	sites/m/content/themes/h5/user_history.dwt.php
M	sites/m/content/themes/h5/user_modify_username.dwt.php
M	sites/m/content/themes/h5/user_profile.dwt.php
M	vendor/royalcms/framework/Royalcms/Component/Support/Facades/File.php
A	vendor/royalcms/wechat-broadcast/README.md
A	vendor/royalcms/wechat-broadcast/Royalcms/Component/Broadcast/Broadcast.php
A	vendor/royalcms/wechat-broadcast/Royalcms/Component/Broadcast/BroadcastServiceProvider.php
A	vendor/royalcms/wechat-broadcast/Royalcms/Component/Broadcast/MessageBuilder.php
A	vendor/royalcms/wechat-broadcast/Royalcms/Component/Broadcast/Transformer.php
A	vendor/royalcms/wechat-js/README.md
A	vendor/royalcms/wechat-js/Royalcms/Component/Js/Js.php
A	vendor/royalcms/wechat-js/Royalcms/Component/Js/JsServiceProvider.php
A	vendor/royalcms/wechat-material/Royalcms/Component/WeChat/Material/MaterialServiceProvider.php
M	vendor/royalcms/wechat-material/Royalcms/Component/WeChat/Material/Temporary.php
M	vendor/royalcms/wechat-menu/Royalcms/Component/WeChat/Menu/MenuServiceProvider.php
A	vendor/royalcms/wechat-notice/README.md
A	vendor/royalcms/wechat-notice/Royalcms/Component/Notice/Notice.php
A	vendor/royalcms/wechat-notice/Royalcms/Component/Notice/NoticeServiceProvider.php
A	vendor/royalcms/wechat-qrcode/README.md
A	vendor/royalcms/wechat-qrcode/Royalcms/Component/QrCode/QrCode.php
A	vendor/royalcms/wechat-qrcode/Royalcms/Component/QrCode/QrCodeServiceProvider.php
A	vendor/royalcms/wechat-server/README.md
A	vendor/royalcms/wechat-server/Royalcms/Component/Server/BadRequestException.php
A	vendor/royalcms/wechat-server/Royalcms/Component/Server/Guard.php
A	vendor/royalcms/wechat-server/Royalcms/Component/Server/ServerServiceProvider.php
A	vendor/royalcms/wechat-server/Royalcms/Component/Server/Transformer.php
A	vendor/royalcms/wechat-staff/README.md
A	vendor/royalcms/wechat-staff/Royalcms/Component/WeChat/Staff/MessageBuilder.php
A	vendor/royalcms/wechat-staff/Royalcms/Component/WeChat/Staff/Session.php
A	vendor/royalcms/wechat-staff/Royalcms/Component/WeChat/Staff/Staff.php
A	vendor/royalcms/wechat-staff/Royalcms/Component/WeChat/Staff/StaffServiceProvider.php
A	vendor/royalcms/wechat-staff/Royalcms/Component/WeChat/Staff/Transformer.php
A	vendor/royalcms/wechat-url/README.md
A	vendor/royalcms/wechat-url/Royalcms/Component/Url/Url.php
A	vendor/royalcms/wechat-url/Royalcms/Component/Url/UrlServiceProvider.php
M	vendor/royalcms/wechat/Royalcms/Component/WeChat/Core/AccessToken.php
