M	content/apps/affiliate/templates/admin/affiliate_config.dwt.php
M	content/apps/goods/modules/goods/list_module.class.php
M	content/apps/goods/modules/goods/suggestlist_module.class.php
M	content/apps/goods/modules/seller/list_module.class.php
M	content/apps/installer/data/data_zh_CN.sql
M	content/apps/installer/data/structure.sql
M	content/apps/mail/apis/mail_mail_template_api.class.php
M	content/apps/mobile/classes/mobile_installer.class.php
M	content/apps/mobile/modules/home/data_module.class.php
D	content/apps/wechat/model/wechat_user_group_model.class.php	
A   content/apps/setting/modules/shop/region/detail_module.class.php
M	content/apps/sms/apis/sms_sms_template_api.class.php
M	content/apps/store/admin_config.php
M	content/apps/store/apis/store_neighbors_store_id_api.class.php
M	content/apps/store/apis/store_store_list_api.class.php
M	content/apps/store/modules/seller/list_module.class.php
M	content/apps/touch/classes/ecjia_touch_api.class.php
M	content/apps/wechat/admin_record.php
M	content/apps/wechat/admin_subscribe.php
M	content/apps/wechat/classes/wechat_installer.class.php
M	content/configs/api.php
M	content/configs/release.php
M	sites/m/content/themes/h5/extras/controller/cart_controller.php
M	sites/m/content/themes/h5/extras/controller/connect_controller.php
M	sites/m/content/themes/h5/extras/controller/franchisee_controller.php
M	sites/m/content/themes/h5/extras/controller/goods_controller.php
M	sites/m/content/themes/h5/extras/controller/location_controller.php
M	sites/m/content/themes/h5/extras/controller/merchant_controller.php
M	sites/m/content/themes/h5/extras/controller/touch_controller.php
M	sites/m/content/themes/h5/extras/controller/user_order_controller.php
M	sites/m/content/themes/h5/franchisee_first.dwt.php
M	sites/m/content/themes/h5/franchisee_second.dwt.php
M	sites/m/content/themes/h5/js/ecjia.touch.franchisee.js
