M	content/apps/connect/apis/connect_update_user_avatar_api.class.php
M	content/apps/merchant/functions/merchant.func.php
M	content/apps/merchant/merchant.php
M	content/apps/merchant/statics/js/merchant_info.js
D	content/apps/orders/modules/admin/orders/unused-check_module.class.php
M	content/apps/setting/shop_config.php
M	content/apps/shopguide/merchant.php
M	content/apps/shopguide/statics/mh-js/shopguide.js
M	content/apps/store/admin.php
M	content/apps/store/apis/store_store_list_api.class.php
M	content/apps/store/functions/merchant_store.func.php
M	content/apps/store/modules/admin/merchant/info_module.class.php
M	content/apps/store/modules/merchant/home/data_module.class.php
M	content/apps/store/statics/js/store_log.js
M	content/apps/user/mobile_reward.php
M	content/configs/release.php
A	content/database/patchs/v1.5.3/Version_10503.php
A	content/database/patchs/v1.5.3/ecjia-daojia-patch-v1.5.3.log
A	content/database/patchs/v1.5.3/readme.txt
M	content/themes/ecjia-intro/functions.php
M	sites/m/content/themes/h5/css/ecjia_city.css
M	sites/m/content/themes/h5/extras/controller/location_controller.php
M	sites/m/content/themes/h5/extras/controller/user_controller.php
M	sites/m/content/themes/h5/functions.php
M	sites/m/content/themes/h5/js/ecjia.touch.comment.js
M	sites/m/content/themes/h5/js/ecjia.touch.js
M	sites/m/content/themes/h5/library/model_adsense.lbi.php
M	sites/m/content/themes/h5/library/model_newgoods.lbi.php
M	sites/m/content/themes/h5/library/model_promotions.lbi.php
M	sites/m/content/themes/h5/library/model_store.lbi.php
D	sites/m/content/themes/h5/search_location.dwt.php
M	sites/m/content/themes/h5/select_location.dwt.php
M	sites/m/content/themes/h5/select_location_city.dwt.php
M	sites/m/content/themes/h5/user.dwt.php